                              1 ;--------------------------------------------------------
                              2 ; File Created by SDCC : free open source ISO C Compiler 
                              3 ; Version 4.2.2 #13350 (Mac OS X x86_64)
                              4 ;--------------------------------------------------------
                              5 	.module GBDK_2020_logo
                              6 	.optsdcc -mmos6502
                              7 	
                              8 ;--------------------------------------------------------
                              9 ; Public variables in this module
                             10 ;--------------------------------------------------------
                             11 	.globl _GBDK_2020_logo_map_attributes
                             12 	.globl _GBDK_2020_logo_map
                             13 	.globl _GBDK_2020_logo_tiles
                             14 	.globl _GBDK_2020_logo_palettes
                             15 ;--------------------------------------------------------
                             16 ; ZP ram data
                             17 ;--------------------------------------------------------
                             18 	.area ZP      (PAG)
                             19 ;--------------------------------------------------------
                             20 ; overlayable items in ram
                             21 ;--------------------------------------------------------
                             22 ;--------------------------------------------------------
                             23 ; uninitialized external ram data
                             24 ;--------------------------------------------------------
                             25 	.area BSS
                             26 ;--------------------------------------------------------
                             27 ; absolute external ram data
                             28 ;--------------------------------------------------------
                             29 	.area DABS    (ABS)
                             30 ;--------------------------------------------------------
                             31 ; initialized external ram data
                             32 ;--------------------------------------------------------
                             33 	.area DATA
                             34 ;--------------------------------------------------------
                             35 ; global & static initialisations
                             36 ;--------------------------------------------------------
                             37 	.area _CODE
                             38 	.area GSINIT
                             39 	.area GSFINAL
                             40 	.area GSINIT
                             41 ;--------------------------------------------------------
                             42 ; Home
                             43 ;--------------------------------------------------------
                             44 	.area _CODE
                             45 	.area _CODE
                             46 ;--------------------------------------------------------
                             47 ; code
                             48 ;--------------------------------------------------------
                             49 	.area CODE
                             50 	.area CODE
                             51 	.area RODATA
   0000                      52 _GBDK_2020_logo_palettes:
   0000 20                   53 	.db #0x20	; 32
   0001 00                   54 	.db #0x00	; 0
   0002 17                   55 	.db #0x17	; 23
   0003 1D                   56 	.db #0x1d	; 29
   0004 20                   57 	.db #0x20	; 32
   0005 3D                   58 	.db #0x3d	; 61
   0006 22                   59 	.db #0x22	; 34
   0007 13                   60 	.db #0x13	; 19
   0008 20                   61 	.db #0x20	; 32
   0009 3C                   62 	.db #0x3c	; 60
   000A 21                   63 	.db #0x21	; 33
   000B 1D                   64 	.db #0x1d	; 29
   000C                      65 _GBDK_2020_logo_tiles:
   000C 00                   66 	.db #0x00	; 0
   000D 00                   67 	.db #0x00	; 0
   000E 00                   68 	.db #0x00	; 0
   000F 00                   69 	.db #0x00	; 0
   0010 00                   70 	.db #0x00	; 0
   0011 00                   71 	.db #0x00	; 0
   0012 00                   72 	.db #0x00	; 0
   0013 00                   73 	.db #0x00	; 0
   0014 00                   74 	.db #0x00	; 0
   0015 00                   75 	.db #0x00	; 0
   0016 00                   76 	.db #0x00	; 0
   0017 00                   77 	.db #0x00	; 0
   0018 00                   78 	.db #0x00	; 0
   0019 00                   79 	.db #0x00	; 0
   001A 00                   80 	.db #0x00	; 0
   001B 00                   81 	.db #0x00	; 0
   001C 00                   82 	.db #0x00	; 0
   001D 00                   83 	.db #0x00	; 0
   001E 00                   84 	.db #0x00	; 0
   001F 50                   85 	.db #0x50	; 80	'P'
   0020 00                   86 	.db #0x00	; 0
   0021 A8                   87 	.db #0xa8	; 168
   0022 00                   88 	.db #0x00	; 0
   0023 A9                   89 	.db #0xa9	; 169
   0024 00                   90 	.db #0x00	; 0
   0025 8A                   91 	.db #0x8a	; 138
   0026 00                   92 	.db #0x00	; 0
   0027 8B                   93 	.db #0x8b	; 139
   0028 00                   94 	.db #0x00	; 0
   0029 00                   95 	.db #0x00	; 0
   002A 00                   96 	.db #0x00	; 0
   002B 00                   97 	.db #0x00	; 0
   002C 00                   98 	.db #0x00	; 0
   002D 00                   99 	.db #0x00	; 0
   002E 00                  100 	.db #0x00	; 0
   002F 08                  101 	.db #0x08	; 8
   0030 00                  102 	.db #0x00	; 0
   0031 08                  103 	.db #0x08	; 8
   0032 00                  104 	.db #0x00	; 0
   0033 9B                  105 	.db #0x9b	; 155
   0034 00                  106 	.db #0x00	; 0
   0035 AA                  107 	.db #0xaa	; 170
   0036 00                  108 	.db #0x00	; 0
   0037 BB                  109 	.db #0xbb	; 187
   0038 00                  110 	.db #0x00	; 0
   0039 00                  111 	.db #0x00	; 0
   003A 00                  112 	.db #0x00	; 0
   003B 00                  113 	.db #0x00	; 0
   003C 00                  114 	.db #0x00	; 0
   003D 00                  115 	.db #0x00	; 0
   003E 00                  116 	.db #0x00	; 0
   003F 00                  117 	.db #0x00	; 0
   0040 00                  118 	.db #0x00	; 0
   0041 00                  119 	.db #0x00	; 0
   0042 00                  120 	.db #0x00	; 0
   0043 92                  121 	.db #0x92	; 146
   0044 00                  122 	.db #0x00	; 0
   0045 96                  123 	.db #0x96	; 150
   0046 00                  124 	.db #0x00	; 0
   0047 0C                  125 	.db #0x0c	; 12
   0048 00                  126 	.db #0x00	; 0
   0049 00                  127 	.db #0x00	; 0
   004A 00                  128 	.db #0x00	; 0
   004B 00                  129 	.db #0x00	; 0
   004C 00                  130 	.db #0x00	; 0
   004D 00                  131 	.db #0x00	; 0
   004E 00                  132 	.db #0x00	; 0
   004F A4                  133 	.db #0xa4	; 164
   0050 00                  134 	.db #0x00	; 0
   0051 24                  135 	.db #0x24	; 36
   0052 00                  136 	.db #0x00	; 0
   0053 B7                  137 	.db #0xb7	; 183
   0054 00                  138 	.db #0x00	; 0
   0055 A5                  139 	.db #0xa5	; 165
   0056 00                  140 	.db #0x00	; 0
   0057 B5                  141 	.db #0xb5	; 181
   0058 00                  142 	.db #0x00	; 0
   0059 00                  143 	.db #0x00	; 0
   005A 00                  144 	.db #0x00	; 0
   005B 00                  145 	.db #0x00	; 0
   005C 00                  146 	.db #0x00	; 0
   005D 00                  147 	.db #0x00	; 0
   005E 1F                  148 	.db #0x1f	; 31
   005F 1F                  149 	.db #0x1f	; 31
   0060 23                  150 	.db #0x23	; 35
   0061 3F                  151 	.db #0x3f	; 63
   0062 5F                  152 	.db #0x5f	; 95
   0063 7F                  153 	.db #0x7f	; 127
   0064 FF                  154 	.db #0xff	; 255
   0065 7F                  155 	.db #0x7f	; 127
   0066 FF                  156 	.db #0xff	; 255
   0067 78                  157 	.db #0x78	; 120	'x'
   0068 FB                  158 	.db #0xfb	; 251
   0069 7B                  159 	.db #0x7b	; 123
   006A FE                  160 	.db #0xfe	; 254
   006B 7B                  161 	.db #0x7b	; 123
   006C 00                  162 	.db #0x00	; 0
   006D 00                  163 	.db #0x00	; 0
   006E E1                  164 	.db #0xe1	; 225
   006F E1                  165 	.db #0xe1	; 225
   0070 F3                  166 	.db #0xf3	; 243
   0071 F3                  167 	.db #0xf3	; 243
   0072 F6                  168 	.db #0xf6	; 246
   0073 F3                  169 	.db #0xf3	; 243
   0074 F7                  170 	.db #0xf7	; 247
   0075 F3                  171 	.db #0xf3	; 243
   0076 E7                  172 	.db #0xe7	; 231
   0077 03                  173 	.db #0x03	; 3
   0078 F7                  174 	.db #0xf7	; 247
   0079 F3                  175 	.db #0xf3	; 243
   007A 77                  176 	.db #0x77	; 119	'w'
   007B F3                  177 	.db #0xf3	; 243
   007C 00                  178 	.db #0x00	; 0
   007D 00                  179 	.db #0x00	; 0
   007E FE                  180 	.db #0xfe	; 254
   007F FE                  181 	.db #0xfe	; 254
   0080 3F                  182 	.db #0x3f	; 63
   0081 FF                  183 	.db #0xff	; 255
   0082 FF                  184 	.db #0xff	; 255
   0083 FF                  185 	.db #0xff	; 255
   0084 FF                  186 	.db #0xff	; 255
   0085 87                  187 	.db #0x87	; 135
   0086 8F                  188 	.db #0x8f	; 143
   0087 8F                  189 	.db #0x8f	; 143
   0088 FA                  190 	.db #0xfa	; 250
   0089 FE                  191 	.db #0xfe	; 254
   008A E4                  192 	.db #0xe4	; 228
   008B FC                  193 	.db #0xfc	; 252
   008C 00                  194 	.db #0x00	; 0
   008D 00                  195 	.db #0x00	; 0
   008E 3F                  196 	.db #0x3f	; 63
   008F 3F                  197 	.db #0x3f	; 63
   0090 63                  198 	.db #0x63	; 99	'c'
   0091 3F                  199 	.db #0x3f	; 63
   0092 7F                  200 	.db #0x7f	; 127
   0093 3F                  201 	.db #0x3f	; 63
   0094 7F                  202 	.db #0x7f	; 127
   0095 38                  203 	.db #0x38	; 56	'8'
   0096 79                  204 	.db #0x79	; 121	'y'
   0097 38                  205 	.db #0x38	; 56	'8'
   0098 78                  206 	.db #0x78	; 120	'x'
   0099 38                  207 	.db #0x38	; 56	'8'
   009A 78                  208 	.db #0x78	; 120	'x'
   009B 38                  209 	.db #0x38	; 56	'8'
   009C 00                  210 	.db #0x00	; 0
   009D 00                  211 	.db #0x00	; 0
   009E C1                  212 	.db #0xc1	; 193
   009F C1                  213 	.db #0xc1	; 193
   00A0 E2                  214 	.db #0xe2	; 226
   00A1 E3                  215 	.db #0xe3	; 227
   00A2 E6                  216 	.db #0xe6	; 230
   00A3 E3                  217 	.db #0xe3	; 227
   00A4 F7                  218 	.db #0xf7	; 247
   00A5 F3                  219 	.db #0xf3	; 243
   00A6 F7                  220 	.db #0xf7	; 247
   00A7 73                  221 	.db #0x73	; 115	's'
   00A8 F7                  222 	.db #0xf7	; 247
   00A9 73                  223 	.db #0x73	; 115	's'
   00AA F7                  224 	.db #0xf7	; 247
   00AB 73                  225 	.db #0x73	; 115	's'
   00AC 00                  226 	.db #0x00	; 0
   00AD 00                  227 	.db #0x00	; 0
   00AE 82                  228 	.db #0x82	; 130
   00AF 82                  229 	.db #0x82	; 130
   00B0 C5                  230 	.db #0xc5	; 197
   00B1 C7                  231 	.db #0xc7	; 199
   00B2 CB                  232 	.db #0xcb	; 203
   00B3 CF                  233 	.db #0xcf	; 207
   00B4 D6                  234 	.db #0xd6	; 214
   00B5 DE                  235 	.db #0xde	; 222
   00B6 EC                  236 	.db #0xec	; 236
   00B7 FC                  237 	.db #0xfc	; 252
   00B8 D8                  238 	.db #0xd8	; 216
   00B9 F8                  239 	.db #0xf8	; 248
   00BA F0                  240 	.db #0xf0	; 240
   00BB F0                  241 	.db #0xf0	; 240
   00BC FF                  242 	.db #0xff	; 255
   00BD 7B                  243 	.db #0x7b	; 123
   00BE FF                  244 	.db #0xff	; 255
   00BF 78                  245 	.db #0x78	; 120	'x'
   00C0 FF                  246 	.db #0xff	; 255
   00C1 7F                  247 	.db #0x7f	; 127
   00C2 FE                  248 	.db #0xfe	; 254
   00C3 7F                  249 	.db #0x7f	; 127
   00C4 FF                  250 	.db #0xff	; 255
   00C5 3F                  251 	.db #0x3f	; 63
   00C6 7F                  252 	.db #0x7f	; 127
   00C7 1F                  253 	.db #0x1f	; 31
   00C8 3F                  254 	.db #0x3f	; 63
   00C9 00                  255 	.db #0x00	; 0
   00CA 00                  256 	.db #0x00	; 0
   00CB 00                  257 	.db #0x00	; 0
   00CC F7                  258 	.db #0xf7	; 247
   00CD F3                  259 	.db #0xf3	; 243
   00CE F7                  260 	.db #0xf7	; 247
   00CF 73                  261 	.db #0x73	; 115	's'
   00D0 D7                  262 	.db #0xd7	; 215
   00D1 F3                  263 	.db #0xf3	; 243
   00D2 37                  264 	.db #0x37	; 55	'7'
   00D3 F3                  265 	.db #0xf3	; 243
   00D4 F7                  266 	.db #0xf7	; 247
   00D5 F3                  267 	.db #0xf3	; 243
   00D6 E7                  268 	.db #0xe7	; 231
   00D7 E1                  269 	.db #0xe1	; 225
   00D8 C3                  270 	.db #0xc3	; 195
   00D9 00                  271 	.db #0x00	; 0
   00DA 00                  272 	.db #0x00	; 0
   00DB 00                  273 	.db #0x00	; 0
   00DC FE                  274 	.db #0xfe	; 254
   00DD FE                  275 	.db #0xfe	; 254
   00DE FF                  276 	.db #0xff	; 255
   00DF 8F                  277 	.db #0x8f	; 143
   00E0 9F                  278 	.db #0x9f	; 159
   00E1 87                  279 	.db #0x87	; 135
   00E2 FD                  280 	.db #0xfd	; 253
   00E3 FF                  281 	.db #0xff	; 255
   00E4 F3                  282 	.db #0xf3	; 243
   00E5 FF                  283 	.db #0xff	; 255
   00E6 FE                  284 	.db #0xfe	; 254
   00E7 FE                  285 	.db #0xfe	; 254
   00E8 FC                  286 	.db #0xfc	; 252
   00E9 00                  287 	.db #0x00	; 0
   00EA 00                  288 	.db #0x00	; 0
   00EB 00                  289 	.db #0x00	; 0
   00EC 78                  290 	.db #0x78	; 120	'x'
   00ED 38                  291 	.db #0x38	; 56	'8'
   00EE 78                  292 	.db #0x78	; 120	'x'
   00EF 38                  293 	.db #0x38	; 56	'8'
   00F0 78                  294 	.db #0x78	; 120	'x'
   00F1 38                  295 	.db #0x38	; 56	'8'
   00F2 7F                  296 	.db #0x7f	; 127
   00F3 3F                  297 	.db #0x3f	; 63
   00F4 7E                  298 	.db #0x7e	; 126
   00F5 3F                  299 	.db #0x3f	; 63
   00F6 7F                  300 	.db #0x7f	; 127
   00F7 3F                  301 	.db #0x3f	; 63
   00F8 7F                  302 	.db #0x7f	; 127
   00F9 00                  303 	.db #0x00	; 0
   00FA 00                  304 	.db #0x00	; 0
   00FB 00                  305 	.db #0x00	; 0
   00FC F7                  306 	.db #0xf7	; 247
   00FD 73                  307 	.db #0x73	; 115	's'
   00FE F7                  308 	.db #0xf7	; 247
   00FF 73                  309 	.db #0x73	; 115	's'
   0100 F6                  310 	.db #0xf6	; 246
   0101 F3                  311 	.db #0xf3	; 243
   0102 A6                  312 	.db #0xa6	; 166
   0103 E3                  313 	.db #0xe3	; 227
   0104 67                  314 	.db #0x67	; 103	'g'
   0105 E3                  315 	.db #0xe3	; 227
   0106 C7                  316 	.db #0xc7	; 199
   0107 C1                  317 	.db #0xc1	; 193
   0108 83                  318 	.db #0x83	; 131
   0109 00                  319 	.db #0x00	; 0
   010A 00                  320 	.db #0x00	; 0
   010B 00                  321 	.db #0x00	; 0
   010C F8                  322 	.db #0xf8	; 248
   010D F8                  323 	.db #0xf8	; 248
   010E FC                  324 	.db #0xfc	; 252
   010F FC                  325 	.db #0xfc	; 252
   0110 FE                  326 	.db #0xfe	; 254
   0111 DE                  327 	.db #0xde	; 222
   0112 FF                  328 	.db #0xff	; 255
   0113 CF                  329 	.db #0xcf	; 207
   0114 DF                  330 	.db #0xdf	; 223
   0115 C7                  331 	.db #0xc7	; 199
   0116 8E                  332 	.db #0x8e	; 142
   0117 82                  333 	.db #0x82	; 130
   0118 04                  334 	.db #0x04	; 4
   0119 00                  335 	.db #0x00	; 0
   011A 00                  336 	.db #0x00	; 0
   011B 00                  337 	.db #0x00	; 0
   011C 00                  338 	.db #0x00	; 0
   011D 00                  339 	.db #0x00	; 0
   011E 00                  340 	.db #0x00	; 0
   011F 00                  341 	.db #0x00	; 0
   0120 7F                  342 	.db #0x7f	; 127
   0121 7F                  343 	.db #0x7f	; 127
   0122 FF                  344 	.db #0xff	; 255
   0123 FF                  345 	.db #0xff	; 255
   0124 CF                  346 	.db #0xcf	; 207
   0125 F3                  347 	.db #0xf3	; 243
   0126 DF                  348 	.db #0xdf	; 223
   0127 E7                  349 	.db #0xe7	; 231
   0128 FE                  350 	.db #0xfe	; 254
   0129 CF                  351 	.db #0xcf	; 207
   012A FD                  352 	.db #0xfd	; 253
   012B CE                  353 	.db #0xce	; 206
   012C 00                  354 	.db #0x00	; 0
   012D 00                  355 	.db #0x00	; 0
   012E 00                  356 	.db #0x00	; 0
   012F 00                  357 	.db #0x00	; 0
   0130 FE                  358 	.db #0xfe	; 254
   0131 FE                  359 	.db #0xfe	; 254
   0132 FF                  360 	.db #0xff	; 255
   0133 FF                  361 	.db #0xff	; 255
   0134 F3                  362 	.db #0xf3	; 243
   0135 CF                  363 	.db #0xcf	; 207
   0136 FB                  364 	.db #0xfb	; 251
   0137 E7                  365 	.db #0xe7	; 231
   0138 7F                  366 	.db #0x7f	; 127
   0139 E3                  367 	.db #0xe3	; 227
   013A 9F                  368 	.db #0x9f	; 159
   013B 63                  369 	.db #0x63	; 99	'c'
   013C 00                  370 	.db #0x00	; 0
   013D 00                  371 	.db #0x00	; 0
   013E 00                  372 	.db #0x00	; 0
   013F 00                  373 	.db #0x00	; 0
   0140 00                  374 	.db #0x00	; 0
   0141 00                  375 	.db #0x00	; 0
   0142 00                  376 	.db #0x00	; 0
   0143 00                  377 	.db #0x00	; 0
   0144 00                  378 	.db #0x00	; 0
   0145 00                  379 	.db #0x00	; 0
   0146 FF                  380 	.db #0xff	; 255
   0147 06                  381 	.db #0x06	; 6
   0148 FF                  382 	.db #0xff	; 255
   0149 06                  383 	.db #0x06	; 6
   014A FF                  384 	.db #0xff	; 255
   014B 06                  385 	.db #0x06	; 6
   014C FF                  386 	.db #0xff	; 255
   014D CC                  387 	.db #0xcc	; 204
   014E FF                  388 	.db #0xff	; 255
   014F CC                  389 	.db #0xcc	; 204
   0150 FF                  390 	.db #0xff	; 255
   0151 CE                  391 	.db #0xce	; 206
   0152 F7                  392 	.db #0xf7	; 247
   0153 CF                  393 	.db #0xcf	; 207
   0154 FB                  394 	.db #0xfb	; 251
   0155 C7                  395 	.db #0xc7	; 199
   0156 DC                  396 	.db #0xdc	; 220
   0157 E3                  397 	.db #0xe3	; 227
   0158 CF                  398 	.db #0xcf	; 207
   0159 F0                  399 	.db #0xf0	; 240
   015A FF                  400 	.db #0xff	; 255
   015B FF                  401 	.db #0xff	; 255
   015C FF                  402 	.db #0xff	; 255
   015D 03                  403 	.db #0x03	; 3
   015E FF                  404 	.db #0xff	; 255
   015F 03                  405 	.db #0x03	; 3
   0160 FF                  406 	.db #0xff	; 255
   0161 63                  407 	.db #0x63	; 99	'c'
   0162 FF                  408 	.db #0xff	; 255
   0163 E3                  409 	.db #0xe3	; 227
   0164 DF                  410 	.db #0xdf	; 223
   0165 E3                  411 	.db #0xe3	; 227
   0166 3B                  412 	.db #0x3b	; 59
   0167 C7                  413 	.db #0xc7	; 199
   0168 F3                  414 	.db #0xf3	; 243
   0169 0F                  415 	.db #0x0f	; 15
   016A FF                  416 	.db #0xff	; 255
   016B FF                  417 	.db #0xff	; 255
   016C 00                  418 	.db #0x00	; 0
   016D 00                  419 	.db #0x00	; 0
   016E 00                  420 	.db #0x00	; 0
   016F 00                  421 	.db #0x00	; 0
   0170 00                  422 	.db #0x00	; 0
   0171 00                  423 	.db #0x00	; 0
   0172 00                  424 	.db #0x00	; 0
   0173 00                  425 	.db #0x00	; 0
   0174 0C                  426 	.db #0x0c	; 12
   0175 CC                  427 	.db #0xcc	; 204
   0176 1E                  428 	.db #0x1e	; 30
   0177 CD                  429 	.db #0xcd	; 205
   0178 3E                  430 	.db #0x3e	; 62
   0179 CD                  431 	.db #0xcd	; 205
   017A 3E                  432 	.db #0x3e	; 62
   017B CD                  433 	.db #0xcd	; 205
   017C FF                  434 	.db #0xff	; 255
   017D 06                  435 	.db #0x06	; 6
   017E FF                  436 	.db #0xff	; 255
   017F FF                  437 	.db #0xff	; 255
   0180 FF                  438 	.db #0xff	; 255
   0181 00                  439 	.db #0x00	; 0
   0182 80                  440 	.db #0x80	; 128
   0183 00                  441 	.db #0x00	; 0
   0184 BF                  442 	.db #0xbf	; 191
   0185 3F                  443 	.db #0x3f	; 63
   0186 BF                  444 	.db #0xbf	; 191
   0187 3F                  445 	.db #0x3f	; 63
   0188 BF                  446 	.db #0xbf	; 191
   0189 3F                  447 	.db #0x3f	; 63
   018A B8                  448 	.db #0xb8	; 184
   018B 38                  449 	.db #0x38	; 56	'8'
   018C FF                  450 	.db #0xff	; 255
   018D CF                  451 	.db #0xcf	; 207
   018E FF                  452 	.db #0xff	; 255
   018F FF                  453 	.db #0xff	; 255
   0190 FF                  454 	.db #0xff	; 255
   0191 00                  455 	.db #0x00	; 0
   0192 00                  456 	.db #0x00	; 0
   0193 00                  457 	.db #0x00	; 0
   0194 FF                  458 	.db #0xff	; 255
   0195 F0                  459 	.db #0xf0	; 240
   0196 FF                  460 	.db #0xff	; 255
   0197 F0                  461 	.db #0xf0	; 240
   0198 FF                  462 	.db #0xff	; 255
   0199 FF                  463 	.db #0xff	; 255
   019A 7F                  464 	.db #0x7f	; 127
   019B 70                  465 	.db #0x70	; 112	'p'
   019C FF                  466 	.db #0xff	; 255
   019D B7                  467 	.db #0xb7	; 183
   019E FF                  468 	.db #0xff	; 255
   019F FF                  469 	.db #0xff	; 255
   01A0 FF                  470 	.db #0xff	; 255
   01A1 00                  471 	.db #0x00	; 0
   01A2 00                  472 	.db #0x00	; 0
   01A3 00                  473 	.db #0x00	; 0
   01A4 FF                  474 	.db #0xff	; 255
   01A5 0F                  475 	.db #0x0f	; 15
   01A6 FF                  476 	.db #0xff	; 255
   01A7 0F                  477 	.db #0x0f	; 15
   01A8 FC                  478 	.db #0xfc	; 252
   01A9 FF                  479 	.db #0xff	; 255
   01AA FC                  480 	.db #0xfc	; 252
   01AB 0F                  481 	.db #0x0f	; 15
   01AC FF                  482 	.db #0xff	; 255
   01AD 0C                  483 	.db #0x0c	; 12
   01AE FF                  484 	.db #0xff	; 255
   01AF FF                  485 	.db #0xff	; 255
   01B0 FF                  486 	.db #0xff	; 255
   01B1 00                  487 	.db #0x00	; 0
   01B2 01                  488 	.db #0x01	; 1
   01B3 00                  489 	.db #0x00	; 0
   01B4 FD                  490 	.db #0xfd	; 253
   01B5 FC                  491 	.db #0xfc	; 252
   01B6 FD                  492 	.db #0xfd	; 253
   01B7 FC                  493 	.db #0xfc	; 252
   01B8 0D                  494 	.db #0x0d	; 13
   01B9 FC                  495 	.db #0xfc	; 252
   01BA 0D                  496 	.db #0x0d	; 13
   01BB FC                  497 	.db #0xfc	; 252
   01BC BB                  498 	.db #0xbb	; 187
   01BD 3B                  499 	.db #0x3b	; 59
   01BE A3                  500 	.db #0xa3	; 163
   01BF 23                  501 	.db #0x23	; 35
   01C0 AF                  502 	.db #0xaf	; 175
   01C1 2F                  503 	.db #0x2f	; 47
   01C2 AF                  504 	.db #0xaf	; 175
   01C3 2F                  505 	.db #0x2f	; 47
   01C4 A3                  506 	.db #0xa3	; 163
   01C5 23                  507 	.db #0x23	; 35
   01C6 BB                  508 	.db #0xbb	; 187
   01C7 3B                  509 	.db #0x3b	; 59
   01C8 B8                  510 	.db #0xb8	; 184
   01C9 38                  511 	.db #0x38	; 56	'8'
   01CA BF                  512 	.db #0xbf	; 191
   01CB 3F                  513 	.db #0x3f	; 63
   01CC 7F                  514 	.db #0x7f	; 127
   01CD 70                  515 	.db #0x70	; 112	'p'
   01CE 1F                  516 	.db #0x1f	; 31
   01CF 1F                  517 	.db #0x1f	; 31
   01D0 DF                  518 	.db #0xdf	; 223
   01D1 D0                  519 	.db #0xd0	; 208
   01D2 D9                  520 	.db #0xd9	; 217
   01D3 D6                  521 	.db #0xd6	; 214
   01D4 10                  522 	.db #0x10	; 16
   01D5 10                  523 	.db #0x10	; 16
   01D6 76                  524 	.db #0x76	; 118	'v'
   01D7 76                  525 	.db #0x76	; 118	'v'
   01D8 70                  526 	.db #0x70	; 112	'p'
   01D9 70                  527 	.db #0x70	; 112	'p'
   01DA FF                  528 	.db #0xff	; 255
   01DB F0                  529 	.db #0xf0	; 240
   01DC FF                  530 	.db #0xff	; 255
   01DD 0F                  531 	.db #0x0f	; 15
   01DE FF                  532 	.db #0xff	; 255
   01DF FF                  533 	.db #0xff	; 255
   01E0 FF                  534 	.db #0xff	; 255
   01E1 0F                  535 	.db #0x0f	; 15
   01E2 98                  536 	.db #0x98	; 152
   01E3 68                  537 	.db #0x68	; 104	'h'
   01E4 08                  538 	.db #0x08	; 8
   01E5 0B                  539 	.db #0x0b	; 11
   01E6 68                  540 	.db #0x68	; 104	'h'
   01E7 6B                  541 	.db #0x6b	; 107	'k'
   01E8 08                  542 	.db #0x08	; 8
   01E9 08                  543 	.db #0x08	; 8
   01EA FF                  544 	.db #0xff	; 255
   01EB 0F                  545 	.db #0x0f	; 15
   01EC FD                  546 	.db #0xfd	; 253
   01ED FC                  547 	.db #0xfc	; 252
   01EE FD                  548 	.db #0xfd	; 253
   01EF FC                  549 	.db #0xfc	; 252
   01F0 FD                  550 	.db #0xfd	; 253
   01F1 FC                  551 	.db #0xfc	; 252
   01F2 41                  552 	.db #0x41	; 65	'A'
   01F3 40                  553 	.db #0x40	; 64
   01F4 41                  554 	.db #0x41	; 65	'A'
   01F5 58                  555 	.db #0x58	; 88	'X'
   01F6 41                  556 	.db #0x41	; 65	'A'
   01F7 58                  557 	.db #0x58	; 88	'X'
   01F8 41                  558 	.db #0x41	; 65	'A'
   01F9 40                  559 	.db #0x40	; 64
   01FA 79                  560 	.db #0x79	; 121	'y'
   01FB FC                  561 	.db #0xfc	; 252
   01FC 80                  562 	.db #0x80	; 128
   01FD 00                  563 	.db #0x00	; 0
   01FE FF                  564 	.db #0xff	; 255
   01FF 00                  565 	.db #0x00	; 0
   0200 00                  566 	.db #0x00	; 0
   0201 00                  567 	.db #0x00	; 0
   0202 00                  568 	.db #0x00	; 0
   0203 00                  569 	.db #0x00	; 0
   0204 00                  570 	.db #0x00	; 0
   0205 00                  571 	.db #0x00	; 0
   0206 00                  572 	.db #0x00	; 0
   0207 00                  573 	.db #0x00	; 0
   0208 00                  574 	.db #0x00	; 0
   0209 00                  575 	.db #0x00	; 0
   020A 00                  576 	.db #0x00	; 0
   020B 00                  577 	.db #0x00	; 0
   020C 00                  578 	.db #0x00	; 0
   020D 00                  579 	.db #0x00	; 0
   020E FF                  580 	.db #0xff	; 255
   020F 00                  581 	.db #0x00	; 0
   0210 00                  582 	.db #0x00	; 0
   0211 00                  583 	.db #0x00	; 0
   0212 00                  584 	.db #0x00	; 0
   0213 00                  585 	.db #0x00	; 0
   0214 00                  586 	.db #0x00	; 0
   0215 00                  587 	.db #0x00	; 0
   0216 00                  588 	.db #0x00	; 0
   0217 00                  589 	.db #0x00	; 0
   0218 00                  590 	.db #0x00	; 0
   0219 00                  591 	.db #0x00	; 0
   021A 00                  592 	.db #0x00	; 0
   021B 00                  593 	.db #0x00	; 0
   021C 01                  594 	.db #0x01	; 1
   021D 00                  595 	.db #0x00	; 0
   021E FF                  596 	.db #0xff	; 255
   021F 00                  597 	.db #0x00	; 0
   0220 00                  598 	.db #0x00	; 0
   0221 00                  599 	.db #0x00	; 0
   0222 00                  600 	.db #0x00	; 0
   0223 00                  601 	.db #0x00	; 0
   0224 00                  602 	.db #0x00	; 0
   0225 00                  603 	.db #0x00	; 0
   0226 00                  604 	.db #0x00	; 0
   0227 00                  605 	.db #0x00	; 0
   0228 00                  606 	.db #0x00	; 0
   0229 00                  607 	.db #0x00	; 0
   022A 00                  608 	.db #0x00	; 0
   022B 00                  609 	.db #0x00	; 0
   022C 00                  610 	.db #0x00	; 0
   022D 00                  611 	.db #0x00	; 0
   022E 1F                  612 	.db #0x1f	; 31
   022F 1F                  613 	.db #0x1f	; 31
   0230 23                  614 	.db #0x23	; 35
   0231 3F                  615 	.db #0x3f	; 63
   0232 5F                  616 	.db #0x5f	; 95
   0233 7F                  617 	.db #0x7f	; 127
   0234 FF                  618 	.db #0xff	; 255
   0235 70                  619 	.db #0x70	; 112	'p'
   0236 E3                  620 	.db #0xe3	; 227
   0237 63                  621 	.db #0x63	; 99	'c'
   0238 CF                  622 	.db #0xcf	; 207
   0239 0F                  623 	.db #0x0f	; 15
   023A 1D                  624 	.db #0x1d	; 29
   023B 1F                  625 	.db #0x1f	; 31
   023C 00                  626 	.db #0x00	; 0
   023D 00                  627 	.db #0x00	; 0
   023E 81                  628 	.db #0x81	; 129
   023F 81                  629 	.db #0x81	; 129
   0240 C2                  630 	.db #0xc2	; 194
   0241 C3                  631 	.db #0xc3	; 195
   0242 E5                  632 	.db #0xe5	; 229
   0243 E7                  633 	.db #0xe7	; 231
   0244 EF                  634 	.db #0xef	; 239
   0245 E7                  635 	.db #0xe7	; 231
   0246 EF                  636 	.db #0xef	; 239
   0247 E7                  637 	.db #0xe7	; 231
   0248 EF                  638 	.db #0xef	; 239
   0249 E7                  639 	.db #0xe7	; 231
   024A CF                  640 	.db #0xcf	; 207
   024B C7                  641 	.db #0xc7	; 199
   024C 00                  642 	.db #0x00	; 0
   024D 00                  643 	.db #0x00	; 0
   024E F8                  644 	.db #0xf8	; 248
   024F F8                  645 	.db #0xf8	; 248
   0250 7C                  646 	.db #0x7c	; 124
   0251 FC                  647 	.db #0xfc	; 252
   0252 FE                  648 	.db #0xfe	; 254
   0253 9E                  649 	.db #0x9e	; 158
   0254 BE                  650 	.db #0xbe	; 190
   0255 9E                  651 	.db #0x9e	; 158
   0256 BE                  652 	.db #0xbe	; 190
   0257 9E                  653 	.db #0x9e	; 158
   0258 BE                  654 	.db #0xbe	; 190
   0259 9E                  655 	.db #0x9e	; 158
   025A BE                  656 	.db #0xbe	; 190
   025B 9E                  657 	.db #0x9e	; 158
   025C 3B                  658 	.db #0x3b	; 59
   025D 3F                  659 	.db #0x3f	; 63
   025E 7F                  660 	.db #0x7f	; 127
   025F 7E                  661 	.db #0x7e	; 126
   0260 FC                  662 	.db #0xfc	; 252
   0261 78                  663 	.db #0x78	; 120	'x'
   0262 FF                  664 	.db #0xff	; 255
   0263 7F                  665 	.db #0x7f	; 127
   0264 FE                  666 	.db #0xfe	; 254
   0265 7F                  667 	.db #0x7f	; 127
   0266 FF                  668 	.db #0xff	; 255
   0267 3F                  669 	.db #0x3f	; 63
   0268 7F                  670 	.db #0x7f	; 127
   0269 00                  671 	.db #0x00	; 0
   026A 00                  672 	.db #0x00	; 0
   026B 00                  673 	.db #0x00	; 0
   026C 8F                  674 	.db #0x8f	; 143
   026D 87                  675 	.db #0x87	; 135
   026E 0F                  676 	.db #0x0f	; 15
   026F 07                  677 	.db #0x07	; 7
   0270 0F                  678 	.db #0x0f	; 15
   0271 07                  679 	.db #0x07	; 7
   0272 CF                  680 	.db #0xcf	; 207
   0273 C7                  681 	.db #0xc7	; 199
   0274 6F                  682 	.db #0x6f	; 111	'o'
   0275 E3                  683 	.db #0xe3	; 227
   0276 E7                  684 	.db #0xe7	; 231
   0277 E1                  685 	.db #0xe1	; 225
   0278 C3                  686 	.db #0xc3	; 195
   0279 00                  687 	.db #0x00	; 0
   027A 00                  688 	.db #0x00	; 0
   027B 00                  689 	.db #0x00	; 0
   027C BE                  690 	.db #0xbe	; 190
   027D 9E                  691 	.db #0x9e	; 158
   027E BE                  692 	.db #0xbe	; 190
   027F 9E                  693 	.db #0x9e	; 158
   0280 B6                  694 	.db #0xb6	; 182
   0281 9E                  695 	.db #0x9e	; 158
   0282 B6                  696 	.db #0xb6	; 182
   0283 9E                  697 	.db #0x9e	; 158
   0284 FC                  698 	.db #0xfc	; 252
   0285 FC                  699 	.db #0xfc	; 252
   0286 F8                  700 	.db #0xf8	; 248
   0287 F8                  701 	.db #0xf8	; 248
   0288 F0                  702 	.db #0xf0	; 240
   0289 00                  703 	.db #0x00	; 0
   028A 00                  704 	.db #0x00	; 0
   028B 00                  705 	.db #0x00	; 0
   028C                     706 _GBDK_2020_logo_map:
   028C 00                  707 	.db #0x00	; 0
   028D 00                  708 	.db #0x00	; 0
   028E 00                  709 	.db #0x00	; 0
   028F 00                  710 	.db #0x00	; 0
   0290 00                  711 	.db #0x00	; 0
   0291 00                  712 	.db #0x00	; 0
   0292 00                  713 	.db #0x00	; 0
   0293 00                  714 	.db #0x00	; 0
   0294 00                  715 	.db #0x00	; 0
   0295 00                  716 	.db #0x00	; 0
   0296 00                  717 	.db #0x00	; 0
   0297 00                  718 	.db #0x00	; 0
   0298 00                  719 	.db #0x00	; 0
   0299 00                  720 	.db #0x00	; 0
   029A 00                  721 	.db #0x00	; 0
   029B 00                  722 	.db #0x00	; 0
   029C 00                  723 	.db #0x00	; 0
   029D 00                  724 	.db #0x00	; 0
   029E 00                  725 	.db #0x00	; 0
   029F 00                  726 	.db #0x00	; 0
   02A0 00                  727 	.db #0x00	; 0
   02A1 00                  728 	.db #0x00	; 0
   02A2 00                  729 	.db #0x00	; 0
   02A3 00                  730 	.db #0x00	; 0
   02A4 00                  731 	.db #0x00	; 0
   02A5 00                  732 	.db #0x00	; 0
   02A6 00                  733 	.db #0x00	; 0
   02A7 00                  734 	.db #0x00	; 0
   02A8 00                  735 	.db #0x00	; 0
   02A9 00                  736 	.db #0x00	; 0
   02AA 00                  737 	.db #0x00	; 0
   02AB 00                  738 	.db #0x00	; 0
   02AC 00                  739 	.db #0x00	; 0
   02AD 00                  740 	.db #0x00	; 0
   02AE 00                  741 	.db #0x00	; 0
   02AF 00                  742 	.db #0x00	; 0
   02B0 00                  743 	.db #0x00	; 0
   02B1 00                  744 	.db #0x00	; 0
   02B2 00                  745 	.db #0x00	; 0
   02B3 00                  746 	.db #0x00	; 0
   02B4 00                  747 	.db #0x00	; 0
   02B5 00                  748 	.db #0x00	; 0
   02B6 00                  749 	.db #0x00	; 0
   02B7 00                  750 	.db #0x00	; 0
   02B8 00                  751 	.db #0x00	; 0
   02B9 00                  752 	.db #0x00	; 0
   02BA 00                  753 	.db #0x00	; 0
   02BB 00                  754 	.db #0x00	; 0
   02BC 00                  755 	.db #0x00	; 0
   02BD 00                  756 	.db #0x00	; 0
   02BE 00                  757 	.db #0x00	; 0
   02BF 00                  758 	.db #0x00	; 0
   02C0 00                  759 	.db #0x00	; 0
   02C1 00                  760 	.db #0x00	; 0
   02C2 00                  761 	.db #0x00	; 0
   02C3 00                  762 	.db #0x00	; 0
   02C4 00                  763 	.db #0x00	; 0
   02C5 00                  764 	.db #0x00	; 0
   02C6 00                  765 	.db #0x00	; 0
   02C7 00                  766 	.db #0x00	; 0
   02C8 00                  767 	.db #0x00	; 0
   02C9 00                  768 	.db #0x00	; 0
   02CA 00                  769 	.db #0x00	; 0
   02CB 00                  770 	.db #0x00	; 0
   02CC 00                  771 	.db #0x00	; 0
   02CD 00                  772 	.db #0x00	; 0
   02CE 00                  773 	.db #0x00	; 0
   02CF 00                  774 	.db #0x00	; 0
   02D0 00                  775 	.db #0x00	; 0
   02D1 01                  776 	.db #0x01	; 1
   02D2 02                  777 	.db #0x02	; 2
   02D3 03                  778 	.db #0x03	; 3
   02D4 04                  779 	.db #0x04	; 4
   02D5 00                  780 	.db #0x00	; 0
   02D6 00                  781 	.db #0x00	; 0
   02D7 00                  782 	.db #0x00	; 0
   02D8 00                  783 	.db #0x00	; 0
   02D9 00                  784 	.db #0x00	; 0
   02DA 00                  785 	.db #0x00	; 0
   02DB 00                  786 	.db #0x00	; 0
   02DC 00                  787 	.db #0x00	; 0
   02DD 00                  788 	.db #0x00	; 0
   02DE 00                  789 	.db #0x00	; 0
   02DF 00                  790 	.db #0x00	; 0
   02E0 00                  791 	.db #0x00	; 0
   02E1 00                  792 	.db #0x00	; 0
   02E2 00                  793 	.db #0x00	; 0
   02E3 00                  794 	.db #0x00	; 0
   02E4 05                  795 	.db #0x05	; 5
   02E5 06                  796 	.db #0x06	; 6
   02E6 07                  797 	.db #0x07	; 7
   02E7 08                  798 	.db #0x08	; 8
   02E8 09                  799 	.db #0x09	; 9
   02E9 0A                  800 	.db #0x0a	; 10
   02EA 00                  801 	.db #0x00	; 0
   02EB 00                  802 	.db #0x00	; 0
   02EC 00                  803 	.db #0x00	; 0
   02ED 00                  804 	.db #0x00	; 0
   02EE 00                  805 	.db #0x00	; 0
   02EF 00                  806 	.db #0x00	; 0
   02F0 00                  807 	.db #0x00	; 0
   02F1 00                  808 	.db #0x00	; 0
   02F2 00                  809 	.db #0x00	; 0
   02F3 00                  810 	.db #0x00	; 0
   02F4 00                  811 	.db #0x00	; 0
   02F5 00                  812 	.db #0x00	; 0
   02F6 00                  813 	.db #0x00	; 0
   02F7 00                  814 	.db #0x00	; 0
   02F8 0B                  815 	.db #0x0b	; 11
   02F9 0C                  816 	.db #0x0c	; 12
   02FA 0D                  817 	.db #0x0d	; 13
   02FB 0E                  818 	.db #0x0e	; 14
   02FC 0F                  819 	.db #0x0f	; 15
   02FD 10                  820 	.db #0x10	; 16
   02FE 00                  821 	.db #0x00	; 0
   02FF 00                  822 	.db #0x00	; 0
   0300 00                  823 	.db #0x00	; 0
   0301 00                  824 	.db #0x00	; 0
   0302 00                  825 	.db #0x00	; 0
   0303 00                  826 	.db #0x00	; 0
   0304 00                  827 	.db #0x00	; 0
   0305 00                  828 	.db #0x00	; 0
   0306 00                  829 	.db #0x00	; 0
   0307 00                  830 	.db #0x00	; 0
   0308 00                  831 	.db #0x00	; 0
   0309 00                  832 	.db #0x00	; 0
   030A 00                  833 	.db #0x00	; 0
   030B 00                  834 	.db #0x00	; 0
   030C 00                  835 	.db #0x00	; 0
   030D 00                  836 	.db #0x00	; 0
   030E 00                  837 	.db #0x00	; 0
   030F 00                  838 	.db #0x00	; 0
   0310 00                  839 	.db #0x00	; 0
   0311 00                  840 	.db #0x00	; 0
   0312 00                  841 	.db #0x00	; 0
   0313 00                  842 	.db #0x00	; 0
   0314 00                  843 	.db #0x00	; 0
   0315 00                  844 	.db #0x00	; 0
   0316 00                  845 	.db #0x00	; 0
   0317 00                  846 	.db #0x00	; 0
   0318 00                  847 	.db #0x00	; 0
   0319 00                  848 	.db #0x00	; 0
   031A 00                  849 	.db #0x00	; 0
   031B 00                  850 	.db #0x00	; 0
   031C 00                  851 	.db #0x00	; 0
   031D 00                  852 	.db #0x00	; 0
   031E 00                  853 	.db #0x00	; 0
   031F 00                  854 	.db #0x00	; 0
   0320 00                  855 	.db #0x00	; 0
   0321 00                  856 	.db #0x00	; 0
   0322 00                  857 	.db #0x00	; 0
   0323 00                  858 	.db #0x00	; 0
   0324 00                  859 	.db #0x00	; 0
   0325 00                  860 	.db #0x00	; 0
   0326 00                  861 	.db #0x00	; 0
   0327 00                  862 	.db #0x00	; 0
   0328 00                  863 	.db #0x00	; 0
   0329 00                  864 	.db #0x00	; 0
   032A 00                  865 	.db #0x00	; 0
   032B 00                  866 	.db #0x00	; 0
   032C 00                  867 	.db #0x00	; 0
   032D 00                  868 	.db #0x00	; 0
   032E 00                  869 	.db #0x00	; 0
   032F 00                  870 	.db #0x00	; 0
   0330 00                  871 	.db #0x00	; 0
   0331 00                  872 	.db #0x00	; 0
   0332 00                  873 	.db #0x00	; 0
   0333 00                  874 	.db #0x00	; 0
   0334 00                  875 	.db #0x00	; 0
   0335 00                  876 	.db #0x00	; 0
   0336 11                  877 	.db #0x11	; 17
   0337 12                  878 	.db #0x12	; 18
   0338 00                  879 	.db #0x00	; 0
   0339 00                  880 	.db #0x00	; 0
   033A 00                  881 	.db #0x00	; 0
   033B 00                  882 	.db #0x00	; 0
   033C 00                  883 	.db #0x00	; 0
   033D 00                  884 	.db #0x00	; 0
   033E 00                  885 	.db #0x00	; 0
   033F 00                  886 	.db #0x00	; 0
   0340 00                  887 	.db #0x00	; 0
   0341 00                  888 	.db #0x00	; 0
   0342 00                  889 	.db #0x00	; 0
   0343 00                  890 	.db #0x00	; 0
   0344 00                  891 	.db #0x00	; 0
   0345 00                  892 	.db #0x00	; 0
   0346 00                  893 	.db #0x00	; 0
   0347 00                  894 	.db #0x00	; 0
   0348 00                  895 	.db #0x00	; 0
   0349 13                  896 	.db #0x13	; 19
   034A 14                  897 	.db #0x14	; 20
   034B 15                  898 	.db #0x15	; 21
   034C 16                  899 	.db #0x16	; 22
   034D 00                  900 	.db #0x00	; 0
   034E 00                  901 	.db #0x00	; 0
   034F 00                  902 	.db #0x00	; 0
   0350 00                  903 	.db #0x00	; 0
   0351 00                  904 	.db #0x00	; 0
   0352 00                  905 	.db #0x00	; 0
   0353 00                  906 	.db #0x00	; 0
   0354 00                  907 	.db #0x00	; 0
   0355 00                  908 	.db #0x00	; 0
   0356 00                  909 	.db #0x00	; 0
   0357 00                  910 	.db #0x00	; 0
   0358 00                  911 	.db #0x00	; 0
   0359 00                  912 	.db #0x00	; 0
   035A 00                  913 	.db #0x00	; 0
   035B 00                  914 	.db #0x00	; 0
   035C 00                  915 	.db #0x00	; 0
   035D 17                  916 	.db #0x17	; 23
   035E 18                  917 	.db #0x18	; 24
   035F 19                  918 	.db #0x19	; 25
   0360 1A                  919 	.db #0x1a	; 26
   0361 00                  920 	.db #0x00	; 0
   0362 00                  921 	.db #0x00	; 0
   0363 00                  922 	.db #0x00	; 0
   0364 00                  923 	.db #0x00	; 0
   0365 00                  924 	.db #0x00	; 0
   0366 00                  925 	.db #0x00	; 0
   0367 00                  926 	.db #0x00	; 0
   0368 00                  927 	.db #0x00	; 0
   0369 00                  928 	.db #0x00	; 0
   036A 00                  929 	.db #0x00	; 0
   036B 00                  930 	.db #0x00	; 0
   036C 00                  931 	.db #0x00	; 0
   036D 00                  932 	.db #0x00	; 0
   036E 00                  933 	.db #0x00	; 0
   036F 00                  934 	.db #0x00	; 0
   0370 00                  935 	.db #0x00	; 0
   0371 1B                  936 	.db #0x1b	; 27
   0372 1C                  937 	.db #0x1c	; 28
   0373 1D                  938 	.db #0x1d	; 29
   0374 1E                  939 	.db #0x1e	; 30
   0375 00                  940 	.db #0x00	; 0
   0376 00                  941 	.db #0x00	; 0
   0377 00                  942 	.db #0x00	; 0
   0378 00                  943 	.db #0x00	; 0
   0379 00                  944 	.db #0x00	; 0
   037A 00                  945 	.db #0x00	; 0
   037B 00                  946 	.db #0x00	; 0
   037C 00                  947 	.db #0x00	; 0
   037D 00                  948 	.db #0x00	; 0
   037E 00                  949 	.db #0x00	; 0
   037F 00                  950 	.db #0x00	; 0
   0380 00                  951 	.db #0x00	; 0
   0381 00                  952 	.db #0x00	; 0
   0382 00                  953 	.db #0x00	; 0
   0383 00                  954 	.db #0x00	; 0
   0384 00                  955 	.db #0x00	; 0
   0385 1F                  956 	.db #0x1f	; 31
   0386 20                  957 	.db #0x20	; 32
   0387 20                  958 	.db #0x20	; 32
   0388 21                  959 	.db #0x21	; 33
   0389 00                  960 	.db #0x00	; 0
   038A 00                  961 	.db #0x00	; 0
   038B 00                  962 	.db #0x00	; 0
   038C 00                  963 	.db #0x00	; 0
   038D 00                  964 	.db #0x00	; 0
   038E 00                  965 	.db #0x00	; 0
   038F 00                  966 	.db #0x00	; 0
   0390 00                  967 	.db #0x00	; 0
   0391 00                  968 	.db #0x00	; 0
   0392 00                  969 	.db #0x00	; 0
   0393 00                  970 	.db #0x00	; 0
   0394 00                  971 	.db #0x00	; 0
   0395 00                  972 	.db #0x00	; 0
   0396 00                  973 	.db #0x00	; 0
   0397 00                  974 	.db #0x00	; 0
   0398 00                  975 	.db #0x00	; 0
   0399 00                  976 	.db #0x00	; 0
   039A 00                  977 	.db #0x00	; 0
   039B 00                  978 	.db #0x00	; 0
   039C 00                  979 	.db #0x00	; 0
   039D 00                  980 	.db #0x00	; 0
   039E 00                  981 	.db #0x00	; 0
   039F 00                  982 	.db #0x00	; 0
   03A0 00                  983 	.db #0x00	; 0
   03A1 00                  984 	.db #0x00	; 0
   03A2 00                  985 	.db #0x00	; 0
   03A3 00                  986 	.db #0x00	; 0
   03A4 00                  987 	.db #0x00	; 0
   03A5 00                  988 	.db #0x00	; 0
   03A6 00                  989 	.db #0x00	; 0
   03A7 00                  990 	.db #0x00	; 0
   03A8 00                  991 	.db #0x00	; 0
   03A9 00                  992 	.db #0x00	; 0
   03AA 00                  993 	.db #0x00	; 0
   03AB 00                  994 	.db #0x00	; 0
   03AC 22                  995 	.db #0x22	; 34
   03AD 23                  996 	.db #0x23	; 35
   03AE 24                  997 	.db #0x24	; 36
   03AF 22                  998 	.db #0x22	; 34
   03B0 23                  999 	.db #0x23	; 35
   03B1 24                 1000 	.db #0x24	; 36
   03B2 00                 1001 	.db #0x00	; 0
   03B3 00                 1002 	.db #0x00	; 0
   03B4 00                 1003 	.db #0x00	; 0
   03B5 00                 1004 	.db #0x00	; 0
   03B6 00                 1005 	.db #0x00	; 0
   03B7 00                 1006 	.db #0x00	; 0
   03B8 00                 1007 	.db #0x00	; 0
   03B9 00                 1008 	.db #0x00	; 0
   03BA 00                 1009 	.db #0x00	; 0
   03BB 00                 1010 	.db #0x00	; 0
   03BC 00                 1011 	.db #0x00	; 0
   03BD 00                 1012 	.db #0x00	; 0
   03BE 00                 1013 	.db #0x00	; 0
   03BF 00                 1014 	.db #0x00	; 0
   03C0 25                 1015 	.db #0x25	; 37
   03C1 26                 1016 	.db #0x26	; 38
   03C2 27                 1017 	.db #0x27	; 39
   03C3 25                 1018 	.db #0x25	; 37
   03C4 26                 1019 	.db #0x26	; 38
   03C5 27                 1020 	.db #0x27	; 39
   03C6 00                 1021 	.db #0x00	; 0
   03C7 00                 1022 	.db #0x00	; 0
   03C8 00                 1023 	.db #0x00	; 0
   03C9 00                 1024 	.db #0x00	; 0
   03CA 00                 1025 	.db #0x00	; 0
   03CB 00                 1026 	.db #0x00	; 0
   03CC 00                 1027 	.db #0x00	; 0
   03CD 00                 1028 	.db #0x00	; 0
   03CE 00                 1029 	.db #0x00	; 0
   03CF 00                 1030 	.db #0x00	; 0
   03D0 00                 1031 	.db #0x00	; 0
   03D1 00                 1032 	.db #0x00	; 0
   03D2 00                 1033 	.db #0x00	; 0
   03D3 00                 1034 	.db #0x00	; 0
   03D4 00                 1035 	.db #0x00	; 0
   03D5 00                 1036 	.db #0x00	; 0
   03D6 00                 1037 	.db #0x00	; 0
   03D7 00                 1038 	.db #0x00	; 0
   03D8 00                 1039 	.db #0x00	; 0
   03D9 00                 1040 	.db #0x00	; 0
   03DA 00                 1041 	.db #0x00	; 0
   03DB 00                 1042 	.db #0x00	; 0
   03DC 00                 1043 	.db #0x00	; 0
   03DD 00                 1044 	.db #0x00	; 0
   03DE 00                 1045 	.db #0x00	; 0
   03DF 00                 1046 	.db #0x00	; 0
   03E0 00                 1047 	.db #0x00	; 0
   03E1 00                 1048 	.db #0x00	; 0
   03E2 00                 1049 	.db #0x00	; 0
   03E3 00                 1050 	.db #0x00	; 0
   03E4 00                 1051 	.db #0x00	; 0
   03E5 00                 1052 	.db #0x00	; 0
   03E6 00                 1053 	.db #0x00	; 0
   03E7 00                 1054 	.db #0x00	; 0
   03E8 00                 1055 	.db #0x00	; 0
   03E9 00                 1056 	.db #0x00	; 0
   03EA 00                 1057 	.db #0x00	; 0
   03EB 00                 1058 	.db #0x00	; 0
   03EC 00                 1059 	.db #0x00	; 0
   03ED 00                 1060 	.db #0x00	; 0
   03EE 00                 1061 	.db #0x00	; 0
   03EF 00                 1062 	.db #0x00	; 0
   03F0 00                 1063 	.db #0x00	; 0
   03F1 00                 1064 	.db #0x00	; 0
   03F2 00                 1065 	.db #0x00	; 0
   03F3 00                 1066 	.db #0x00	; 0
   03F4                    1067 _GBDK_2020_logo_map_attributes:
   03F4 00                 1068 	.db #0x00	; 0
   03F5 00                 1069 	.db #0x00	; 0
   03F6 00                 1070 	.db #0x00	; 0
   03F7 00                 1071 	.db #0x00	; 0
   03F8 00                 1072 	.db #0x00	; 0
   03F9 00                 1073 	.db #0x00	; 0
   03FA 00                 1074 	.db #0x00	; 0
   03FB 05                 1075 	.db #0x05	; 5
   03FC 01                 1076 	.db #0x01	; 1
   03FD 00                 1077 	.db #0x00	; 0
   03FE 00                 1078 	.db #0x00	; 0
   03FF 00                 1079 	.db #0x00	; 0
   0400 08                 1080 	.db #0x08	; 8
   0401 02                 1081 	.db #0x02	; 2
   0402 00                 1082 	.db #0x00	; 0
   0403 00                 1083 	.db #0x00	; 0
   0404 00                 1084 	.db #0x00	; 0
   0405 50                 1085 	.db #0x50	; 80	'P'
   0406 10                 1086 	.db #0x10	; 16
   0407 00                 1087 	.db #0x00	; 0
   0408 00                 1088 	.db #0x00	; 0
   0409 00                 1089 	.db #0x00	; 0
   040A 00                 1090 	.db #0x00	; 0
   040B 00                 1091 	.db #0x00	; 0
   040C 00                 1092 	.db #0x00	; 0
                           1093 	.area XINIT
                           1094 	.area CABS    (ABS)
