                                      1 ;--------------------------------------------------------
                                      2 ; File Created by SDCC : free open source ISO C Compiler 
                                      3 ; Version 4.2.2 #13350 (Mac OS X x86_64)
                                      4 ;--------------------------------------------------------
                                      5 	.module main
                                      6 	.optsdcc -mz80
                                      7 	
                                      8 ;--------------------------------------------------------
                                      9 ; Public variables in this module
                                     10 ;--------------------------------------------------------
                                     11 	.globl _main
                                     12 	.globl b___func_map_compressed
                                     13 	.globl ___func_map_compressed
                                     14 	.globl b___func_map_tiles
                                     15 	.globl ___func_map_tiles
                                     16 	.globl _rle_decompress
                                     17 	.globl _rle_init
                                     18 	.globl _set_tile_map_compat
                                     19 	.globl _set_tile_2bpp_data
                                     20 	.globl _wait_vbl_done
                                     21 	.globl _datapos
                                     22 	.globl _scrollpos
                                     23 	.globl _data
                                     24 ;--------------------------------------------------------
                                     25 ; special function registers
                                     26 ;--------------------------------------------------------
                           00003E    27 _MEMORY_CTL	=	0x003e
                           00003F    28 _JOY_CTL	=	0x003f
                           00007E    29 _VCOUNTER	=	0x007e
                           00007F    30 _PSG	=	0x007f
                           00007F    31 _HCOUNTER	=	0x007f
                           0000BE    32 _VDP_DATA	=	0x00be
                           0000BF    33 _VDP_CMD	=	0x00bf
                           0000BF    34 _VDP_STATUS	=	0x00bf
                           0000DC    35 _JOY_PORT1	=	0x00dc
                           0000DD    36 _JOY_PORT2	=	0x00dd
                           0000F0    37 _FMADDRESS	=	0x00f0
                           0000F1    38 _FMDATA	=	0x00f1
                           0000F2    39 _AUDIOCTRL	=	0x00f2
                                     40 ;--------------------------------------------------------
                                     41 ; ram data
                                     42 ;--------------------------------------------------------
                                     43 	.area _DATA
                           00FFFC    44 _RAM_CONTROL	=	0xfffc
                           00FFF8    45 _GLASSES_3D	=	0xfff8
                           00FFFD    46 _MAP_FRAME0	=	0xfffd
                           00FFFE    47 _MAP_FRAME1	=	0xfffe
                           00FFFF    48 _MAP_FRAME2	=	0xffff
      000000                         49 _data::
      000000                         50 	.ds 18
                                     51 ;--------------------------------------------------------
                                     52 ; ram data
                                     53 ;--------------------------------------------------------
                                     54 	.area _INITIALIZED
      000000                         55 _scrollpos::
      000000                         56 	.ds 1
      000001                         57 _datapos::
      000001                         58 	.ds 1
                                     59 ;--------------------------------------------------------
                                     60 ; absolute external ram data
                                     61 ;--------------------------------------------------------
                                     62 	.area _DABS (ABS)
                                     63 ;--------------------------------------------------------
                                     64 ; global & static initialisations
                                     65 ;--------------------------------------------------------
                                     66 	.area _HOME
                                     67 	.area _GSINIT
                                     68 	.area _GSFINAL
                                     69 	.area _GSINIT
                                     70 ;--------------------------------------------------------
                                     71 ; Home
                                     72 ;--------------------------------------------------------
                                     73 	.area _HOME
                                     74 	.area _HOME
                                     75 ;--------------------------------------------------------
                                     76 ; code
                                     77 ;--------------------------------------------------------
                                     78 	.area _CODE
                                     79 ;src/main.c:8: INCBIN(map_tiles, "res/map_tiles.bin")
                                     80 ;	---------------------------------
                                     81 ; Function __func_map_tiles
                                     82 ; ---------------------------------
                           000000    83 	b___func_map_tiles	= 0
      000000                         84 ___func_map_tiles::
      000000                         85 _map_tiles::
      000000                         86 1$:
      000000 FF 00 FF 00 FF 00 FF    87 	.incbin "res/map_tiles.bin" 
             00 FF 00 FF 00 DF 20
             FF 00 FF 00 FF 00 FF
             00 FF 00 3F C0 BF 00
             FF 00 FF 00 FF 00 FF
             00 FF 00 FF 00 FF 00
             FF 00 FF 00 FF 00 FF
             00 EF 10 F8 00 F0 00
             F0 00 E1 00 C5 22 F3
             0C FD 03 F8 07 78 07
             5A 25 BC 43 7C 83 FC
             03 E0 07 FF FF FF FF
             FF FF FF FF FF FF FF
             FF FF FF FF FF FF FF
             FF FF FF FF FF FF FF
             FF FF FF DF FF FF FF
             FF FF FF FF FF FF FF
             FF 3F FF BF FF FF FF
             FF FF
      000780                         88 2$:
                           000780    89 	___size_map_tiles = (2$-1$) 
                                     90 	.globl ___size_map_tiles 
                                     91 	.local b___func_map_tiles 
                           000000    92 	___bank_map_tiles = b___func_map_tiles 
                                     93 	.globl ___bank_map_tiles 
                                     94 ;src/main.c:15: INCBIN(map_compressed, "res/map.bin.rle")
                                     95 ;	---------------------------------
                                     96 ; Function __func_map_compressed
                                     97 ; ---------------------------------
                           000000    98 	b___func_map_compressed	= 0
      000780                         99 ___func_map_compressed::
      000780                        100 _map_compressed::
      000780                        101 1$:
      000780 08 00 0D 03 0F 02 02   102 	.incbin "res/map.bin.rle" 
             26 38 FC 05 0E 06 11
             05 05 1E 0D 01 0E 0C
             23 02 02 0B 16 FC 05
             78 07 12 05 05 1F 0E
             02 02 00 0D 26 2A 00
             19 08 13 06 11 4A 5D
             62 41 35 42 02 02 01
             0E 0B 2B 01 1A 09 14
             07 12 1F 0E 0C 1C 37
             23 03 0F 00 0D 02 02
             00 39 06 11 05 05 1E
             02 26 38 1E 02 04 10
             1D 0E 02 02 01 3A 07
             12 05 05 20 24 63 6A
             1F 02 05 05 1E 02 00
             0D 02 3B 06 11 4A 53
             4A 5E 64 02 03 0F 05
             05 1F
      000E45                        103 2$:
                           0006C5   104 	___size_map_compressed = (2$-1$) 
                                    105 	.globl ___size_map_compressed 
                                    106 	.local b___func_map_compressed 
                           000000   107 	___bank_map_compressed = b___func_map_compressed 
                                    108 	.globl ___bank_map_compressed 
                                    109 ;src/main.c:22: void main() {
                                    110 ;	---------------------------------
                                    111 ; Function main
                                    112 ; ---------------------------------
      000E45                        113 _main::
      000E45 DD E5            [15]  114 	push	ix
      000E47 DD 21 00 00      [14]  115 	ld	ix,#0
      000E4B DD 39            [15]  116 	add	ix,sp
      000E4D 3B               [ 6]  117 	dec	sp
                                    118 ;src/main.c:28: HIDE_LEFT_COLUMN;
      000E4E 3Ar00r00         [13]  119 	ld	a, (_shadow_VDP_R0+0)
      000E51 F6 20            [ 7]  120 	or	a, #0x20
      000E53 32r00r00         [13]  121 	ld	(_shadow_VDP_R0+0), a
      000E56 ED 57            [ 9]  122 	ld	a,i
      000E58 F3               [ 4]  123 	di
      000E59 F5               [11]  124 	push	af
      000E5A 3Ar00r00         [13]  125 	ld	a, (_shadow_VDP_R0+0)
      000E5D D3 BF            [11]  126 	out	(_VDP_CMD), a
      000E5F 3E 80            [ 7]  127 	ld	a, #0x80
      000E61 D3 BF            [11]  128 	out	(_VDP_CMD), a
      000E63 F1               [10]  129 	pop	af
      000E64 E2r68r0E         [10]  130 	jp	PO, 00145$
      000E67 FB               [ 4]  131 	ei
      000E68                        132 00145$:
                                    133 ;src/main.c:33: set_bkg_data(0, INCBIN_SIZE(map_tiles) >> 4, map_tiles);
      000E68 11r00r00         [10]  134 	ld	de, #_map_tiles+0
      000E6B 01r00r00         [10]  135 	ld	bc, #___size_map_tiles+0
      000E6E CB 38            [ 8]  136 	srl	b
      000E70 CB 19            [ 8]  137 	rr	c
      000E72 CB 38            [ 8]  138 	srl	b
      000E74 CB 19            [ 8]  139 	rr	c
      000E76 CB 38            [ 8]  140 	srl	b
      000E78 CB 19            [ 8]  141 	rr	c
      000E7A CB 38            [ 8]  142 	srl	b
      000E7C CB 19            [ 8]  143 	rr	c
                                    144 ;../../../include/sms/sms.h:534: set_tile_2bpp_data(start, ntiles, src, _current_2bpp_palette);
      000E7E 2Ar00r00         [16]  145 	ld	hl, (__current_2bpp_palette)
      000E81 E5               [11]  146 	push	hl
      000E82 D5               [11]  147 	push	de
      000E83 C5               [11]  148 	push	bc
      000E84 21 00 00         [10]  149 	ld	hl, #0x0000
      000E87 E5               [11]  150 	push	hl
      000E88 CDr00r00         [17]  151 	call	_set_tile_2bpp_data
                                    152 ;src/main.c:36: rle_init(map_compressed);
      000E8B 21r80r07         [10]  153 	ld	hl, #_map_compressed
      000E8E CDr00r00         [17]  154 	call	_rle_init
                                    155 ;src/main.c:41: for (uint8_t i = 0; (i != DEVICE_SCREEN_WIDTH + 1); i++) {
      000E91 DD 36 FF 00      [19]  156 	ld	-1 (ix), #0x00
      000E95                        157 00114$:
      000E95 DD 7E FF         [19]  158 	ld	a, -1 (ix)
      000E98 D6 21            [ 7]  159 	sub	a, #0x21
      000E9A 28 2A            [12]  160 	jr	Z, 00103$
                                    161 ;src/main.c:42: rle_decompress(data, MAP_DATA_HEIGHT);
      000E9C 3E 12            [ 7]  162 	ld	a, #0x12
      000E9E F5               [11]  163 	push	af
      000E9F 33               [ 6]  164 	inc	sp
      000EA0 21r00r00         [10]  165 	ld	hl, #_data
      000EA3 E5               [11]  166 	push	hl
      000EA4 CDr00r00         [17]  167 	call	_rle_decompress
                                    168 ;src/main.c:47: set_bkg_tiles(i & (DEVICE_SCREEN_BUFFER_WIDTH-1), 0, 1, MAP_DATA_HEIGHT, data);
      000EA7 01r00r00         [10]  169 	ld	bc, #_data
      000EAA DD 7E FF         [19]  170 	ld	a, -1 (ix)
      000EAD E6 1F            [ 7]  171 	and	a, #0x1f
      000EAF C5               [11]  172 	push	bc
      000EB0 26 12            [ 7]  173 	ld	h, #0x12
                                    174 ;	spillPairReg hl
                                    175 ;	spillPairReg hl
      000EB2 E5               [11]  176 	push	hl
      000EB3 33               [ 6]  177 	inc	sp
      000EB4 26 01            [ 7]  178 	ld	h, #0x01
                                    179 ;	spillPairReg hl
                                    180 ;	spillPairReg hl
      000EB6 E5               [11]  181 	push	hl
      000EB7 33               [ 6]  182 	inc	sp
      000EB8 26 00            [ 7]  183 	ld	h, #0x00
                                    184 ;	spillPairReg hl
                                    185 ;	spillPairReg hl
      000EBA E5               [11]  186 	push	hl
      000EBB 33               [ 6]  187 	inc	sp
      000EBC F5               [11]  188 	push	af
      000EBD 33               [ 6]  189 	inc	sp
      000EBE CDr00r00         [17]  190 	call	_set_tile_map_compat
                                    191 ;src/main.c:41: for (uint8_t i = 0; (i != DEVICE_SCREEN_WIDTH + 1); i++) {
      000EC1 DD 34 FF         [23]  192 	inc	-1 (ix)
      000EC4 18 CF            [12]  193 	jr	00114$
      000EC6                        194 00103$:
                                    195 ;src/main.c:51: datapos = 0;
      000EC6 21r01r00         [10]  196 	ld	hl, #_datapos
      000EC9 36 00            [10]  197 	ld	(hl), #0x00
                                    198 ;src/main.c:52: scrollpos = 1;
      000ECB 21r00r00         [10]  199 	ld	hl, #_scrollpos
      000ECE 36 01            [10]  200 	ld	(hl), #0x01
                                    201 ;src/main.c:53: while(TRUE) {
      000ED0                        202 00109$:
                                    203 ;src/main.c:55: wait_vbl_done();
      000ED0 CDr00r00         [17]  204 	call	_wait_vbl_done
                                    205 ;src/main.c:60: scrollpos++;
      000ED3 21r00r00         [10]  206 	ld	hl, #_scrollpos
      000ED6 34               [11]  207 	inc	(hl)
                                    208 ;src/main.c:61: move_bkg(scrollpos, 0);
      000ED7 3Ar00r00         [13]  209 	ld	a, (_scrollpos+0)
      000EDA 4F               [ 4]  210 	ld	c, a
                                    211 ;../../../include/sms/sms.h:195: __WRITE_VDP_REG(VDP_RSCX, -x);
      000EDB 21r00r00         [10]  212 	ld	hl, #_shadow_VDP_RSCX
      000EDE AF               [ 4]  213 	xor	a, a
      000EDF 91               [ 4]  214 	sub	a, c
      000EE0 77               [ 7]  215 	ld	(hl), a
      000EE1 ED 57            [ 9]  216 	ld	a,i
      000EE3 F3               [ 4]  217 	di
      000EE4 F5               [11]  218 	push	af
      000EE5 3Ar00r00         [13]  219 	ld	a, (_shadow_VDP_RSCX+0)
      000EE8 D3 BF            [11]  220 	out	(_VDP_CMD), a
      000EEA 3E 88            [ 7]  221 	ld	a, #0x88
      000EEC D3 BF            [11]  222 	out	(_VDP_CMD), a
      000EEE F1               [10]  223 	pop	af
      000EEF E2rF3r0E         [10]  224 	jp	PO, 00148$
      000EF2 FB               [ 4]  225 	ei
      000EF3                        226 00148$:
                                    227 ;../../../include/sms/sms.h:196: __WRITE_VDP_REG(VDP_RSCY, y);
      000EF3 21r00r00         [10]  228 	ld	hl, #_shadow_VDP_RSCY
      000EF6 36 00            [10]  229 	ld	(hl), #0x00
      000EF8 ED 57            [ 9]  230 	ld	a,i
      000EFA F3               [ 4]  231 	di
      000EFB F5               [11]  232 	push	af
      000EFC 3E 00            [ 7]  233 	ld	a, #0x00
      000EFE D3 BF            [11]  234 	out	(_VDP_CMD), a
      000F00 3E 89            [ 7]  235 	ld	a, #0x89
      000F02 D3 BF            [11]  236 	out	(_VDP_CMD), a
      000F04 F1               [10]  237 	pop	af
      000F05 E2r09r0F         [10]  238 	jp	PO, 00150$
      000F08 FB               [ 4]  239 	ei
      000F09                        240 00150$:
                                    241 ;src/main.c:65: if ((scrollpos & 0x07u) == 0) {
      000F09 79               [ 4]  242 	ld	a, c
      000F0A E6 07            [ 7]  243 	and	a, #0x07
      000F0C 20 C2            [12]  244 	jr	NZ, 00109$
                                    245 ;src/main.c:69: datapos = (scrollpos >> 3);
      000F0E 3Ar00r00         [13]  246 	ld	a, (_scrollpos+0)
      000F11 0F               [ 4]  247 	rrca
      000F12 0F               [ 4]  248 	rrca
      000F13 0F               [ 4]  249 	rrca
      000F14 E6 1F            [ 7]  250 	and	a, #0x1f
      000F16 32r01r00         [13]  251 	ld	(_datapos+0), a
                                    252 ;src/main.c:70: uint8_t map_x_column = (datapos + DEVICE_SCREEN_WIDTH) & (DEVICE_SCREEN_BUFFER_WIDTH-1);
      000F19 3Ar01r00         [13]  253 	ld	a, (_datapos+0)
      000F1C C6 20            [ 7]  254 	add	a, #0x20
      000F1E E6 1F            [ 7]  255 	and	a, #0x1f
      000F20 DD 77 FF         [19]  256 	ld	-1 (ix), a
                                    257 ;src/main.c:75: if (!rle_decompress(data, MAP_DATA_HEIGHT)) {
      000F23 3E 12            [ 7]  258 	ld	a, #0x12
      000F25 F5               [11]  259 	push	af
      000F26 33               [ 6]  260 	inc	sp
      000F27 21r00r00         [10]  261 	ld	hl, #_data
      000F2A E5               [11]  262 	push	hl
      000F2B CDr00r00         [17]  263 	call	_rle_decompress
      000F2E 7D               [ 4]  264 	ld	a, l
      000F2F B7               [ 4]  265 	or	a, a
      000F30 20 11            [12]  266 	jr	NZ, 00105$
                                    267 ;src/main.c:76: rle_init(map_compressed);
      000F32 21r80r07         [10]  268 	ld	hl, #_map_compressed
      000F35 CDr00r00         [17]  269 	call	_rle_init
                                    270 ;src/main.c:77: rle_decompress(data, MAP_DATA_HEIGHT);
      000F38 3E 12            [ 7]  271 	ld	a, #0x12
      000F3A F5               [11]  272 	push	af
      000F3B 33               [ 6]  273 	inc	sp
      000F3C 21r00r00         [10]  274 	ld	hl, #_data
      000F3F E5               [11]  275 	push	hl
      000F40 CDr00r00         [17]  276 	call	_rle_decompress
      000F43                        277 00105$:
                                    278 ;src/main.c:83: set_bkg_tiles(map_x_column, 0, 1, MAP_DATA_HEIGHT, data);
      000F43 21r00r00         [10]  279 	ld	hl, #_data
      000F46 E5               [11]  280 	push	hl
      000F47 21 01 12         [10]  281 	ld	hl, #0x1201
      000F4A E5               [11]  282 	push	hl
      000F4B AF               [ 4]  283 	xor	a, a
      000F4C F5               [11]  284 	push	af
      000F4D 33               [ 6]  285 	inc	sp
      000F4E DD 7E FF         [19]  286 	ld	a, -1 (ix)
      000F51 F5               [11]  287 	push	af
      000F52 33               [ 6]  288 	inc	sp
      000F53 CDr00r00         [17]  289 	call	_set_tile_map_compat
      000F56 C3rD0r0E         [10]  290 	jp	00109$
                                    291 ;src/main.c:86: }
      000F59 33               [ 6]  292 	inc	sp
      000F5A DD E1            [14]  293 	pop	ix
      000F5C C9               [10]  294 	ret
                                    295 	.area _CODE
                                    296 	.area _INITIALIZER
      000000                        297 __xinit__scrollpos:
      000000 00                     298 	.db #0x00	; 0
      000001                        299 __xinit__datapos:
      000001 00                     300 	.db #0x00	; 0
                                    301 	.area _CABS (ABS)
