                                      1 ;--------------------------------------------------------
                                      2 ; File Created by SDCC : free open source ISO C Compiler 
                                      3 ; Version 4.2.2 #13350 (Mac OS X x86_64)
                                      4 ;--------------------------------------------------------
                                      5 	.module banks
                                      6 	.optsdcc -msm83
                                      7 	
                                      8 ;--------------------------------------------------------
                                      9 ; Public variables in this module
                                     10 ;--------------------------------------------------------
                                     11 	.globl _main
                                     12 	.globl _bank_fixed
                                     13 	.globl b_func_4
                                     14 	.globl _func_4
                                     15 	.globl b_func_3
                                     16 	.globl _func_3
                                     17 	.globl b_func_2
                                     18 	.globl _func_2
                                     19 	.globl b_func_1
                                     20 	.globl _func_1
                                     21 	.globl _puts
                                     22 	.globl _printf
                                     23 	.globl _set_default_palette
                                     24 	.globl _wait_vbl_done
                                     25 	.globl _some_const_var_0
                                     26 ;--------------------------------------------------------
                                     27 ; special function registers
                                     28 ;--------------------------------------------------------
                                     29 ;--------------------------------------------------------
                                     30 ; ram data
                                     31 ;--------------------------------------------------------
                                     32 	.area _DATA
                                     33 ;--------------------------------------------------------
                                     34 ; ram data
                                     35 ;--------------------------------------------------------
                                     36 	.area _INITIALIZED
                                     37 ;--------------------------------------------------------
                                     38 ; absolute external ram data
                                     39 ;--------------------------------------------------------
                                     40 	.area _DABS (ABS)
                                     41 ;--------------------------------------------------------
                                     42 ; global & static initialisations
                                     43 ;--------------------------------------------------------
                                     44 	.area _HOME
                                     45 	.area _GSINIT
                                     46 	.area _GSFINAL
                                     47 	.area _GSINIT
                                     48 ;--------------------------------------------------------
                                     49 ; Home
                                     50 ;--------------------------------------------------------
                                     51 	.area _HOME
                                     52 ;src/banks.c:17: void bank_fixed(void) NONBANKED
                                     53 ;	---------------------------------
                                     54 ; Function bank_fixed
                                     55 ; ---------------------------------
      000000                         56 _bank_fixed::
                                     57 ;src/banks.c:19: puts("I'm in fixed ROM");
      000000 11r07r00         [12]   58 	ld	de, #___str_0
                                     59 ;src/banks.c:20: }
      000003 C3r00r00         [16]   60 	jp	_puts
      000006                         61 _some_const_var_0:
      000006 00                      62 	.db #0x00	; 0
      000007                         63 ___str_0:
      000007 49 27 6D 20 69 6E 20    64 	.ascii "I'm in fixed ROM"
             66 69 78 65 64 20 52
             4F 4D
      000017 00                      65 	.db 0x00
                                     66 	.area _HOME
                                     67 ;--------------------------------------------------------
                                     68 ; code
                                     69 ;--------------------------------------------------------
                                     70 	.area _CODE
                                     71 ;src/banks.c:22: void main(void)
                                     72 ;	---------------------------------
                                     73 ; Function main
                                     74 ; ---------------------------------
      000000                         75 _main::
                                     76 ;src/banks.c:27: set_default_palette();
      000000 CDr00r00         [24]   77 	call	_set_default_palette
                                     78 ;src/banks.c:29: printf("Program Start...\n\n");
      000003 11rCDr00         [12]   79 	ld	de, #___str_2
      000006 CDr00r00         [24]   80 	call	_puts
                                     81 ;src/banks.c:32: bank_fixed();
      000009 CDr00r00         [24]   82 	call	_bank_fixed
                                     83 ;src/banks.c:34: func_1();
      00000C 1Er00            [ 8]   84 	ld	e, #b_func_1
      00000E 21r00r00         [12]   85 	ld	hl, #_func_1
      000011 CDr00r00         [24]   86 	call	___sdcc_bcall_ehl
                                     87 ;src/banks.c:35: func_2();
      000014 1Er00            [ 8]   88 	ld	e, #b_func_2
      000016 21r00r00         [12]   89 	ld	hl, #_func_2
      000019 CDr00r00         [24]   90 	call	___sdcc_bcall_ehl
                                     91 ;src/banks.c:36: func_3();
      00001C 1Er00            [ 8]   92 	ld	e, #b_func_3
      00001E 21r00r00         [12]   93 	ld	hl, #_func_3
      000021 CDr00r00         [24]   94 	call	___sdcc_bcall_ehl
                                     95 ;src/banks.c:37: func_4();
      000024 1Er00            [ 8]   96 	ld	e, #b_func_4
      000026 21r00r00         [12]   97 	ld	hl, #_func_4
      000029 CDr00r00         [24]   98 	call	___sdcc_bcall_ehl
                                     99 ;src/banks.c:39: printf("\n");
      00002C 11rDFr00         [12]  100 	ld	de, #___str_4
      00002F CDr00r00         [24]  101 	call	_puts
                                    102 ;src/banks.c:43: printf("Const0= %u nonbanked\n", some_const_var_0);
      000032 21r06r00         [12]  103 	ld	hl, #_some_const_var_0
      000035 4E               [ 8]  104 	ld	c, (hl)
      000036 06 00            [ 8]  105 	ld	b, #0x00
      000038 C5               [16]  106 	push	bc
      000039 11rE0r00         [12]  107 	ld	de, #___str_5
      00003C D5               [16]  108 	push	de
      00003D CDr00r00         [24]  109 	call	_printf
      000040 E8 04            [16]  110 	add	sp, #4
                                    111 ;src/banks.c:45: SWITCH_ROM(BANK(some_const_var_1));
      000042 3Er00            [ 8]  112 	ld	a, #<(___bank_some_const_var_1)
      000044 E0r00            [12]  113 	ldh	(__current_bank + 0), a
      000046 3Er00            [ 8]  114 	ld	a, #<(___bank_some_const_var_1)
      000048 EA 00 20         [16]  115 	ld	(#0x2000),a
                                    116 ;src/banks.c:46: printf("Const1= %u in bank %hu\n", some_const_var_1, BANK(some_const_var_1));
      00004B 16r00            [ 8]  117 	ld	d, #<(___bank_some_const_var_1)
      00004D 21r00r00         [12]  118 	ld	hl, #_some_const_var_1
      000050 4E               [ 8]  119 	ld	c, (hl)
      000051 06 00            [ 8]  120 	ld	b, #0x00
      000053 D5               [16]  121 	push	de
      000054 33               [ 8]  122 	inc	sp
      000055 C5               [16]  123 	push	bc
      000056 11rF6r00         [12]  124 	ld	de, #___str_6
      000059 D5               [16]  125 	push	de
      00005A CDr00r00         [24]  126 	call	_printf
      00005D E8 05            [16]  127 	add	sp, #5
                                    128 ;src/banks.c:47: SWITCH_ROM(BANK(some_const_var_2));
      00005F 3Er00            [ 8]  129 	ld	a, #<(___bank_some_const_var_2)
      000061 E0r00            [12]  130 	ldh	(__current_bank + 0), a
      000063 3Er00            [ 8]  131 	ld	a, #<(___bank_some_const_var_2)
      000065 EA 00 20         [16]  132 	ld	(#0x2000),a
                                    133 ;src/banks.c:48: printf("Const2= %u in bank %hu\n", some_const_var_2, BANK(some_const_var_2));
      000068 16r00            [ 8]  134 	ld	d, #<(___bank_some_const_var_2)
      00006A 21r00r00         [12]  135 	ld	hl, #_some_const_var_2
      00006D 4E               [ 8]  136 	ld	c, (hl)
      00006E 06 00            [ 8]  137 	ld	b, #0x00
      000070 D5               [16]  138 	push	de
      000071 33               [ 8]  139 	inc	sp
      000072 C5               [16]  140 	push	bc
      000073 11r0Er01         [12]  141 	ld	de, #___str_7
      000076 D5               [16]  142 	push	de
      000077 CDr00r00         [24]  143 	call	_printf
      00007A E8 05            [16]  144 	add	sp, #5
                                    145 ;src/banks.c:49: SWITCH_ROM(BANK(some_const_var_3));
      00007C 3Er00            [ 8]  146 	ld	a, #<(___bank_some_const_var_3)
      00007E E0r00            [12]  147 	ldh	(__current_bank + 0), a
      000080 3Er00            [ 8]  148 	ld	a, #<(___bank_some_const_var_3)
      000082 EA 00 20         [16]  149 	ld	(#0x2000),a
                                    150 ;src/banks.c:50: printf("Const3= %u in bank %hu\n", some_const_var_3, BANK(some_const_var_3));
      000085 16r00            [ 8]  151 	ld	d, #<(___bank_some_const_var_3)
      000087 21r00r00         [12]  152 	ld	hl, #_some_const_var_3
      00008A 4E               [ 8]  153 	ld	c, (hl)
      00008B 06 00            [ 8]  154 	ld	b, #0x00
      00008D D5               [16]  155 	push	de
      00008E 33               [ 8]  156 	inc	sp
      00008F C5               [16]  157 	push	bc
      000090 11r26r01         [12]  158 	ld	de, #___str_8
      000093 D5               [16]  159 	push	de
      000094 CDr00r00         [24]  160 	call	_printf
      000097 E8 05            [16]  161 	add	sp, #5
                                    162 ;src/banks.c:56: _saved_bank = _current_bank;
      000099 F0r00            [12]  163 	ldh	a, (__current_bank + 0)
      00009B 4F               [ 4]  164 	ld	c, a
                                    165 ;src/banks.c:59: SWITCH_ROM(BANK(some_const_var_4));
      00009C 3Er00            [ 8]  166 	ld	a, #<(___bank_some_const_var_4)
      00009E E0r00            [12]  167 	ldh	(__current_bank + 0), a
      0000A0 3Er00            [ 8]  168 	ld	a, #<(___bank_some_const_var_4)
      0000A2 EA 00 20         [16]  169 	ld	(#0x2000),a
                                    170 ;src/banks.c:60: printf("Const4= %u in bank %hu\n", some_const_var_4, BANK(some_const_var_4));
      0000A5 06r00            [ 8]  171 	ld	b, #<(___bank_some_const_var_4)
      0000A7 21r00r00         [12]  172 	ld	hl, #_some_const_var_4
      0000AA 5E               [ 8]  173 	ld	e, (hl)
      0000AB 16 00            [ 8]  174 	ld	d, #0x00
      0000AD C5               [16]  175 	push	bc
      0000AE C5               [16]  176 	push	bc
      0000AF 33               [ 8]  177 	inc	sp
      0000B0 D5               [16]  178 	push	de
      0000B1 11r3Er01         [12]  179 	ld	de, #___str_9
      0000B4 D5               [16]  180 	push	de
      0000B5 CDr00r00         [24]  181 	call	_printf
      0000B8 E8 05            [16]  182 	add	sp, #5
      0000BA C1               [12]  183 	pop	bc
                                    184 ;src/banks.c:63: SWITCH_ROM(_saved_bank);
      0000BB 79               [ 4]  185 	ld	a, c
      0000BC E0r00            [12]  186 	ldh	(__current_bank + 0), a
      0000BE 21 00 20         [12]  187 	ld	hl, #0x2000
      0000C1 71               [ 8]  188 	ld	(hl), c
                                    189 ;src/banks.c:68: puts("The End...");
      0000C2 11r56r01         [12]  190 	ld	de, #___str_12
      0000C5 CDr00r00         [24]  191 	call	_puts
                                    192 ;src/banks.c:71: while(1) {
      0000C8                        193 00102$:
                                    194 ;src/banks.c:74: wait_vbl_done();
      0000C8 CDr00r00         [24]  195 	call	_wait_vbl_done
                                    196 ;src/banks.c:76: }
      0000CB 18 FB            [12]  197 	jr	00102$
      0000CD                        198 ___str_2:
      0000CD 50 72 6F 67 72 61 6D   199 	.ascii "Program Start..."
             20 53 74 61 72 74 2E
             2E 2E
      0000DD 0A                     200 	.db 0x0a
      0000DE 00                     201 	.db 0x00
      0000DF                        202 ___str_4:
      0000DF 00                     203 	.db 0x00
      0000E0                        204 ___str_5:
      0000E0 43 6F 6E 73 74 30 3D   205 	.ascii "Const0= %u nonbanked"
             20 25 75 20 6E 6F 6E
             62 61 6E 6B 65 64
      0000F4 0A                     206 	.db 0x0a
      0000F5 00                     207 	.db 0x00
      0000F6                        208 ___str_6:
      0000F6 43 6F 6E 73 74 31 3D   209 	.ascii "Const1= %u in bank %hu"
             20 25 75 20 69 6E 20
             62 61 6E 6B 20 25 68
             75
      00010C 0A                     210 	.db 0x0a
      00010D 00                     211 	.db 0x00
      00010E                        212 ___str_7:
      00010E 43 6F 6E 73 74 32 3D   213 	.ascii "Const2= %u in bank %hu"
             20 25 75 20 69 6E 20
             62 61 6E 6B 20 25 68
             75
      000124 0A                     214 	.db 0x0a
      000125 00                     215 	.db 0x00
      000126                        216 ___str_8:
      000126 43 6F 6E 73 74 33 3D   217 	.ascii "Const3= %u in bank %hu"
             20 25 75 20 69 6E 20
             62 61 6E 6B 20 25 68
             75
      00013C 0A                     218 	.db 0x0a
      00013D 00                     219 	.db 0x00
      00013E                        220 ___str_9:
      00013E 43 6F 6E 73 74 34 3D   221 	.ascii "Const4= %u in bank %hu"
             20 25 75 20 69 6E 20
             62 61 6E 6B 20 25 68
             75
      000154 0A                     222 	.db 0x0a
      000155 00                     223 	.db 0x00
      000156                        224 ___str_12:
      000156 0A                     225 	.db 0x0a
      000157 54 68 65 20 45 6E 64   226 	.ascii "The End..."
             2E 2E 2E
      000161 00                     227 	.db 0x00
                                    228 	.area _CODE
                                    229 	.area _INITIALIZER
                                    230 	.area _CABS (ABS)
