                                      1 ;--------------------------------------------------------
                                      2 ; File Created by SDCC : free open source ISO C Compiler 
                                      3 ; Version 4.2.2 #13350 (Mac OS X x86_64)
                                      4 ;--------------------------------------------------------
                                      5 	.module sprite
                                      6 	.optsdcc -mz80
                                      7 	
                                      8 ;--------------------------------------------------------
                                      9 ; Public variables in this module
                                     10 ;--------------------------------------------------------
                                     11 	.globl _sprite_metasprites
                                     12 	.globl _sprite_metasprite4
                                     13 	.globl _sprite_metasprite3
                                     14 	.globl _sprite_metasprite2
                                     15 	.globl _sprite_metasprite1
                                     16 	.globl _sprite_metasprite0
                                     17 	.globl _sprite_tiles
                                     18 	.globl _sprite_palettes
                                     19 	.globl b___func_sprite
                                     20 	.globl ___func_sprite
                                     21 ;--------------------------------------------------------
                                     22 ; special function registers
                                     23 ;--------------------------------------------------------
                           00003E    24 _MEMORY_CTL	=	0x003e
                           00003F    25 _JOY_CTL	=	0x003f
                           00007E    26 _VCOUNTER	=	0x007e
                           00007F    27 _PSG	=	0x007f
                           00007F    28 _HCOUNTER	=	0x007f
                           0000BE    29 _VDP_DATA	=	0x00be
                           0000BF    30 _VDP_CMD	=	0x00bf
                           0000BF    31 _VDP_STATUS	=	0x00bf
                           0000DC    32 _JOY_PORT1	=	0x00dc
                           0000DD    33 _JOY_PORT2	=	0x00dd
                           0000F0    34 _FMADDRESS	=	0x00f0
                           0000F1    35 _FMDATA	=	0x00f1
                           0000F2    36 _AUDIOCTRL	=	0x00f2
                                     37 ;--------------------------------------------------------
                                     38 ; ram data
                                     39 ;--------------------------------------------------------
                                     40 	.area _DATA
                           00FFFC    41 _RAM_CONTROL	=	0xfffc
                           00FFF8    42 _GLASSES_3D	=	0xfff8
                           00FFFD    43 _MAP_FRAME0	=	0xfffd
                           00FFFE    44 _MAP_FRAME1	=	0xfffe
                           00FFFF    45 _MAP_FRAME2	=	0xffff
                                     46 ;--------------------------------------------------------
                                     47 ; ram data
                                     48 ;--------------------------------------------------------
                                     49 	.area _INITIALIZED
                                     50 ;--------------------------------------------------------
                                     51 ; absolute external ram data
                                     52 ;--------------------------------------------------------
                                     53 	.area _DABS (ABS)
                                     54 ;--------------------------------------------------------
                                     55 ; global & static initialisations
                                     56 ;--------------------------------------------------------
                                     57 	.area _HOME
                                     58 	.area _GSINIT
                                     59 	.area _GSFINAL
                                     60 	.area _GSINIT
                                     61 ;--------------------------------------------------------
                                     62 ; Home
                                     63 ;--------------------------------------------------------
                                     64 	.area _HOME
                                     65 	.area _HOME
                                     66 ;--------------------------------------------------------
                                     67 ; code
                                     68 ;--------------------------------------------------------
                                     69 	.area _CODE
                                     70 ;obj/gg/res/sprite.c:7: BANKREF(sprite)
                                     71 ;	---------------------------------
                                     72 ; Function __func_sprite
                                     73 ; ---------------------------------
                           000000    74 	b___func_sprite	= 0
      000000                         75 ___func_sprite::
                                     76 	.local b___func_sprite 
                           000000    77 	___bank_sprite = b___func_sprite 
                                     78 	.globl ___bank_sprite 
                                     79 	.area _CODE
      000000                         80 _sprite_palettes:
      000000 FF 0F                   81 	.dw #0x0fff
      000002 FE 0C                   82 	.dw #0x0cfe
      000004 C8 06                   83 	.dw #0x06c8
      000006 10 02                   84 	.dw #0x0210
      000008                         85 _sprite_tiles:
      000008 00                      86 	.db #0x00	; 0
      000009 00                      87 	.db #0x00	; 0
      00000A 00                      88 	.db #0x00	; 0
      00000B 00                      89 	.db #0x00	; 0
      00000C 00                      90 	.db #0x00	; 0
      00000D 00                      91 	.db #0x00	; 0
      00000E 00                      92 	.db #0x00	; 0
      00000F 00                      93 	.db #0x00	; 0
      000010 00                      94 	.db #0x00	; 0
      000011 00                      95 	.db #0x00	; 0
      000012 00                      96 	.db #0x00	; 0
      000013 00                      97 	.db #0x00	; 0
      000014 00                      98 	.db #0x00	; 0
      000015 00                      99 	.db #0x00	; 0
      000016 00                     100 	.db #0x00	; 0
      000017 00                     101 	.db #0x00	; 0
      000018 00                     102 	.db #0x00	; 0
      000019 00                     103 	.db #0x00	; 0
      00001A 00                     104 	.db #0x00	; 0
      00001B 00                     105 	.db #0x00	; 0
      00001C 00                     106 	.db #0x00	; 0
      00001D 00                     107 	.db #0x00	; 0
      00001E 03                     108 	.db #0x03	; 3
      00001F 03                     109 	.db #0x03	; 3
      000020 0D                     110 	.db #0x0d	; 13
      000021 0E                     111 	.db #0x0e	; 14
      000022 1F                     112 	.db #0x1f	; 31
      000023 10                     113 	.db #0x10	; 16
      000024 3F                     114 	.db #0x3f	; 63
      000025 20                     115 	.db #0x20	; 32
      000026 3F                     116 	.db #0x3f	; 63
      000027 20                     117 	.db #0x20	; 32
      000028 00                     118 	.db #0x00	; 0
      000029 00                     119 	.db #0x00	; 0
      00002A 00                     120 	.db #0x00	; 0
      00002B 00                     121 	.db #0x00	; 0
      00002C 00                     122 	.db #0x00	; 0
      00002D 00                     123 	.db #0x00	; 0
      00002E 00                     124 	.db #0x00	; 0
      00002F 00                     125 	.db #0x00	; 0
      000030 00                     126 	.db #0x00	; 0
      000031 00                     127 	.db #0x00	; 0
      000032 00                     128 	.db #0x00	; 0
      000033 00                     129 	.db #0x00	; 0
      000034 00                     130 	.db #0x00	; 0
      000035 00                     131 	.db #0x00	; 0
      000036 00                     132 	.db #0x00	; 0
      000037 00                     133 	.db #0x00	; 0
      000038 00                     134 	.db #0x00	; 0
      000039 00                     135 	.db #0x00	; 0
      00003A 03                     136 	.db #0x03	; 3
      00003B 03                     137 	.db #0x03	; 3
      00003C FD                     138 	.db #0xfd	; 253
      00003D FE                     139 	.db #0xfe	; 254
      00003E 3F                     140 	.db #0x3f	; 63
      00003F C0                     141 	.db #0xc0	; 192
      000040 FF                     142 	.db #0xff	; 255
      000041 0C                     143 	.db #0x0c	; 12
      000042 FF                     144 	.db #0xff	; 255
      000043 13                     145 	.db #0x13	; 19
      000044 F7                     146 	.db #0xf7	; 247
      000045 08                     147 	.db #0x08	; 8
      000046 C1                     148 	.db #0xc1	; 193
      000047 3E                     149 	.db #0x3e	; 62
      000048 00                     150 	.db #0x00	; 0
      000049 00                     151 	.db #0x00	; 0
      00004A 00                     152 	.db #0x00	; 0
      00004B 00                     153 	.db #0x00	; 0
      00004C 00                     154 	.db #0x00	; 0
      00004D 00                     155 	.db #0x00	; 0
      00004E 00                     156 	.db #0x00	; 0
      00004F 00                     157 	.db #0x00	; 0
      000050 00                     158 	.db #0x00	; 0
      000051 00                     159 	.db #0x00	; 0
      000052 00                     160 	.db #0x00	; 0
      000053 00                     161 	.db #0x00	; 0
      000054 00                     162 	.db #0x00	; 0
      000055 00                     163 	.db #0x00	; 0
      000056 00                     164 	.db #0x00	; 0
      000057 00                     165 	.db #0x00	; 0
      000058 7F                     166 	.db #0x7f	; 127
      000059 7F                     167 	.db #0x7f	; 127
      00005A 9F                     168 	.db #0x9f	; 159
      00005B E0                     169 	.db #0xe0	; 224
      00005C FF                     170 	.db #0xff	; 255
      00005D 00                     171 	.db #0x00	; 0
      00005E FF                     172 	.db #0xff	; 255
      00005F 00                     173 	.db #0x00	; 0
      000060 FF                     174 	.db #0xff	; 255
      000061 00                     175 	.db #0x00	; 0
      000062 FF                     176 	.db #0xff	; 255
      000063 00                     177 	.db #0x00	; 0
      000064 FF                     178 	.db #0xff	; 255
      000065 80                     179 	.db #0x80	; 128
      000066 FF                     180 	.db #0xff	; 255
      000067 40                     181 	.db #0x40	; 64
      000068 00                     182 	.db #0x00	; 0
      000069 00                     183 	.db #0x00	; 0
      00006A 00                     184 	.db #0x00	; 0
      00006B 00                     185 	.db #0x00	; 0
      00006C 00                     186 	.db #0x00	; 0
      00006D 00                     187 	.db #0x00	; 0
      00006E 00                     188 	.db #0x00	; 0
      00006F 00                     189 	.db #0x00	; 0
      000070 00                     190 	.db #0x00	; 0
      000071 00                     191 	.db #0x00	; 0
      000072 00                     192 	.db #0x00	; 0
      000073 00                     193 	.db #0x00	; 0
      000074 00                     194 	.db #0x00	; 0
      000075 00                     195 	.db #0x00	; 0
      000076 00                     196 	.db #0x00	; 0
      000077 00                     197 	.db #0x00	; 0
      000078 F0                     198 	.db #0xf0	; 240
      000079 F0                     199 	.db #0xf0	; 240
      00007A CF                     200 	.db #0xcf	; 207
      00007B 3F                     201 	.db #0x3f	; 63
      00007C FF                     202 	.db #0xff	; 255
      00007D 00                     203 	.db #0x00	; 0
      00007E FF                     204 	.db #0xff	; 255
      00007F 00                     205 	.db #0x00	; 0
      000080 FF                     206 	.db #0xff	; 255
      000081 00                     207 	.db #0x00	; 0
      000082 FF                     208 	.db #0xff	; 255
      000083 00                     209 	.db #0x00	; 0
      000084 FF                     210 	.db #0xff	; 255
      000085 00                     211 	.db #0x00	; 0
      000086 FF                     212 	.db #0xff	; 255
      000087 00                     213 	.db #0x00	; 0
      000088 00                     214 	.db #0x00	; 0
      000089 00                     215 	.db #0x00	; 0
      00008A 00                     216 	.db #0x00	; 0
      00008B 00                     217 	.db #0x00	; 0
      00008C 00                     218 	.db #0x00	; 0
      00008D 00                     219 	.db #0x00	; 0
      00008E 00                     220 	.db #0x00	; 0
      00008F 00                     221 	.db #0x00	; 0
      000090 00                     222 	.db #0x00	; 0
      000091 00                     223 	.db #0x00	; 0
      000092 00                     224 	.db #0x00	; 0
      000093 00                     225 	.db #0x00	; 0
      000094 00                     226 	.db #0x00	; 0
      000095 00                     227 	.db #0x00	; 0
      000096 00                     228 	.db #0x00	; 0
      000097 00                     229 	.db #0x00	; 0
      000098 00                     230 	.db #0x00	; 0
      000099 00                     231 	.db #0x00	; 0
      00009A C0                     232 	.db #0xc0	; 192
      00009B C0                     233 	.db #0xc0	; 192
      00009C 3C                     234 	.db #0x3c	; 60
      00009D FC                     235 	.db #0xfc	; 252
      00009E F3                     236 	.db #0xf3	; 243
      00009F 0F                     237 	.db #0x0f	; 15
      0000A0 FF                     238 	.db #0xff	; 255
      0000A1 00                     239 	.db #0x00	; 0
      0000A2 FF                     240 	.db #0xff	; 255
      0000A3 00                     241 	.db #0x00	; 0
      0000A4 FF                     242 	.db #0xff	; 255
      0000A5 00                     243 	.db #0x00	; 0
      0000A6 FF                     244 	.db #0xff	; 255
      0000A7 00                     245 	.db #0x00	; 0
      0000A8 00                     246 	.db #0x00	; 0
      0000A9 00                     247 	.db #0x00	; 0
      0000AA 00                     248 	.db #0x00	; 0
      0000AB 00                     249 	.db #0x00	; 0
      0000AC 00                     250 	.db #0x00	; 0
      0000AD 00                     251 	.db #0x00	; 0
      0000AE 00                     252 	.db #0x00	; 0
      0000AF 00                     253 	.db #0x00	; 0
      0000B0 00                     254 	.db #0x00	; 0
      0000B1 00                     255 	.db #0x00	; 0
      0000B2 00                     256 	.db #0x00	; 0
      0000B3 00                     257 	.db #0x00	; 0
      0000B4 00                     258 	.db #0x00	; 0
      0000B5 00                     259 	.db #0x00	; 0
      0000B6 00                     260 	.db #0x00	; 0
      0000B7 00                     261 	.db #0x00	; 0
      0000B8 00                     262 	.db #0x00	; 0
      0000B9 00                     263 	.db #0x00	; 0
      0000BA 00                     264 	.db #0x00	; 0
      0000BB 00                     265 	.db #0x00	; 0
      0000BC 00                     266 	.db #0x00	; 0
      0000BD 00                     267 	.db #0x00	; 0
      0000BE C0                     268 	.db #0xc0	; 192
      0000BF C0                     269 	.db #0xc0	; 192
      0000C0 B0                     270 	.db #0xb0	; 176
      0000C1 70                     271 	.db #0x70	; 112	'p'
      0000C2 F8                     272 	.db #0xf8	; 248
      0000C3 08                     273 	.db #0x08	; 8
      0000C4 FC                     274 	.db #0xfc	; 252
      0000C5 04                     275 	.db #0x04	; 4
      0000C6 FC                     276 	.db #0xfc	; 252
      0000C7 04                     277 	.db #0x04	; 4
      0000C8 3F                     278 	.db #0x3f	; 63
      0000C9 20                     279 	.db #0x20	; 32
      0000CA 3F                     280 	.db #0x3f	; 63
      0000CB 20                     281 	.db #0x20	; 32
      0000CC 3F                     282 	.db #0x3f	; 63
      0000CD 20                     283 	.db #0x20	; 32
      0000CE 3F                     284 	.db #0x3f	; 63
      0000CF 20                     285 	.db #0x20	; 32
      0000D0 3F                     286 	.db #0x3f	; 63
      0000D1 20                     287 	.db #0x20	; 32
      0000D2 3F                     288 	.db #0x3f	; 63
      0000D3 23                     289 	.db #0x23	; 35
      0000D4 3D                     290 	.db #0x3d	; 61
      0000D5 23                     291 	.db #0x23	; 35
      0000D6 5E                     292 	.db #0x5e	; 94
      0000D7 61                     293 	.db #0x61	; 97	'a'
      0000D8 5E                     294 	.db #0x5e	; 94
      0000D9 61                     295 	.db #0x61	; 97	'a'
      0000DA 7C                     296 	.db #0x7c	; 124
      0000DB 43                     297 	.db #0x43	; 67	'C'
      0000DC 78                     298 	.db #0x78	; 120	'x'
      0000DD 47                     299 	.db #0x47	; 71	'G'
      0000DE 79                     300 	.db #0x79	; 121	'y'
      0000DF 47                     301 	.db #0x47	; 71	'G'
      0000E0 BB                     302 	.db #0xbb	; 187
      0000E1 C7                     303 	.db #0xc7	; 199
      0000E2 B3                     304 	.db #0xb3	; 179
      0000E3 CF                     305 	.db #0xcf	; 207
      0000E4 F2                     306 	.db #0xf2	; 242
      0000E5 8E                     307 	.db #0x8e	; 142
      0000E6 F4                     308 	.db #0xf4	; 244
      0000E7 8C                     309 	.db #0x8c	; 140
      0000E8 C0                     310 	.db #0xc0	; 192
      0000E9 3F                     311 	.db #0x3f	; 63
      0000EA C0                     312 	.db #0xc0	; 192
      0000EB 3F                     313 	.db #0x3f	; 63
      0000EC C0                     314 	.db #0xc0	; 192
      0000ED 3F                     315 	.db #0x3f	; 63
      0000EE CF                     316 	.db #0xcf	; 207
      0000EF 30                     317 	.db #0x30	; 48	'0'
      0000F0 FF                     318 	.db #0xff	; 255
      0000F1 08                     319 	.db #0x08	; 8
      0000F2 BF                     320 	.db #0xbf	; 191
      0000F3 C4                     321 	.db #0xc4	; 196
      0000F4 E7                     322 	.db #0xe7	; 231
      0000F5 DC                     323 	.db #0xdc	; 220
      0000F6 07                     324 	.db #0x07	; 7
      0000F7 FC                     325 	.db #0xfc	; 252
      0000F8 02                     326 	.db #0x02	; 2
      0000F9 FF                     327 	.db #0xff	; 255
      0000FA 03                     328 	.db #0x03	; 3
      0000FB FF                     329 	.db #0xff	; 255
      0000FC 00                     330 	.db #0x00	; 0
      0000FD FF                     331 	.db #0xff	; 255
      0000FE 87                     332 	.db #0x87	; 135
      0000FF FF                     333 	.db #0xff	; 255
      000100 FF                     334 	.db #0xff	; 255
      000101 FF                     335 	.db #0xff	; 255
      000102 C1                     336 	.db #0xc1	; 193
      000103 C1                     337 	.db #0xc1	; 193
      000104 01                     338 	.db #0x01	; 1
      000105 01                     339 	.db #0x01	; 1
      000106 00                     340 	.db #0x00	; 0
      000107 00                     341 	.db #0x00	; 0
      000108 FF                     342 	.db #0xff	; 255
      000109 20                     343 	.db #0x20	; 32
      00010A 7F                     344 	.db #0x7f	; 127
      00010B A0                     345 	.db #0xa0	; 160
      00010C 7F                     346 	.db #0x7f	; 127
      00010D 90                     347 	.db #0x90	; 144
      00010E FF                     348 	.db #0xff	; 255
      00010F 10                     349 	.db #0x10	; 16
      000110 FF                     350 	.db #0xff	; 255
      000111 10                     351 	.db #0x10	; 16
      000112 DF                     352 	.db #0xdf	; 223
      000113 30                     353 	.db #0x30	; 48	'0'
      000114 FF                     354 	.db #0xff	; 255
      000115 60                     355 	.db #0x60	; 96
      000116 BF                     356 	.db #0xbf	; 191
      000117 C0                     357 	.db #0xc0	; 192
      000118 BD                     358 	.db #0xbd	; 189
      000119 C2                     359 	.db #0xc2	; 194
      00011A 3C                     360 	.db #0x3c	; 60
      00011B C3                     361 	.db #0xc3	; 195
      00011C 7E                     362 	.db #0x7e	; 126
      00011D 81                     363 	.db #0x81	; 129
      00011E FF                     364 	.db #0xff	; 255
      00011F 80                     365 	.db #0x80	; 128
      000120 FF                     366 	.db #0xff	; 255
      000121 80                     367 	.db #0x80	; 128
      000122 BF                     368 	.db #0xbf	; 191
      000123 C0                     369 	.db #0xc0	; 192
      000124 FF                     370 	.db #0xff	; 255
      000125 C0                     371 	.db #0xc0	; 192
      000126 FF                     372 	.db #0xff	; 255
      000127 C0                     373 	.db #0xc0	; 192
      000128 FF                     374 	.db #0xff	; 255
      000129 00                     375 	.db #0x00	; 0
      00012A FF                     376 	.db #0xff	; 255
      00012B 00                     377 	.db #0x00	; 0
      00012C FF                     378 	.db #0xff	; 255
      00012D 00                     379 	.db #0x00	; 0
      00012E FF                     380 	.db #0xff	; 255
      00012F 00                     381 	.db #0x00	; 0
      000130 FF                     382 	.db #0xff	; 255
      000131 00                     383 	.db #0x00	; 0
      000132 FF                     384 	.db #0xff	; 255
      000133 00                     385 	.db #0x00	; 0
      000134 FF                     386 	.db #0xff	; 255
      000135 00                     387 	.db #0x00	; 0
      000136 3F                     388 	.db #0x3f	; 63
      000137 C0                     389 	.db #0xc0	; 192
      000138 07                     390 	.db #0x07	; 7
      000139 F8                     391 	.db #0xf8	; 248
      00013A 00                     392 	.db #0x00	; 0
      00013B FF                     393 	.db #0xff	; 255
      00013C 00                     394 	.db #0x00	; 0
      00013D FF                     395 	.db #0xff	; 255
      00013E 00                     396 	.db #0x00	; 0
      00013F FF                     397 	.db #0xff	; 255
      000140 00                     398 	.db #0x00	; 0
      000141 FF                     399 	.db #0xff	; 255
      000142 00                     400 	.db #0x00	; 0
      000143 FF                     401 	.db #0xff	; 255
      000144 40                     402 	.db #0x40	; 64
      000145 FF                     403 	.db #0xff	; 255
      000146 40                     404 	.db #0x40	; 64
      000147 FF                     405 	.db #0xff	; 255
      000148 FF                     406 	.db #0xff	; 255
      000149 00                     407 	.db #0x00	; 0
      00014A FF                     408 	.db #0xff	; 255
      00014B 00                     409 	.db #0x00	; 0
      00014C FF                     410 	.db #0xff	; 255
      00014D 00                     411 	.db #0x00	; 0
      00014E FF                     412 	.db #0xff	; 255
      00014F 00                     413 	.db #0x00	; 0
      000150 FF                     414 	.db #0xff	; 255
      000151 00                     415 	.db #0x00	; 0
      000152 FF                     416 	.db #0xff	; 255
      000153 00                     417 	.db #0x00	; 0
      000154 FF                     418 	.db #0xff	; 255
      000155 00                     419 	.db #0x00	; 0
      000156 FC                     420 	.db #0xfc	; 252
      000157 03                     421 	.db #0x03	; 3
      000158 E0                     422 	.db #0xe0	; 224
      000159 1F                     423 	.db #0x1f	; 31
      00015A 00                     424 	.db #0x00	; 0
      00015B FF                     425 	.db #0xff	; 255
      00015C 00                     426 	.db #0x00	; 0
      00015D FF                     427 	.db #0xff	; 255
      00015E 00                     428 	.db #0x00	; 0
      00015F FF                     429 	.db #0xff	; 255
      000160 00                     430 	.db #0x00	; 0
      000161 FF                     431 	.db #0xff	; 255
      000162 00                     432 	.db #0x00	; 0
      000163 FF                     433 	.db #0xff	; 255
      000164 02                     434 	.db #0x02	; 2
      000165 FF                     435 	.db #0xff	; 255
      000166 02                     436 	.db #0x02	; 2
      000167 FF                     437 	.db #0xff	; 255
      000168 FE                     438 	.db #0xfe	; 254
      000169 02                     439 	.db #0x02	; 2
      00016A FE                     440 	.db #0xfe	; 254
      00016B 02                     441 	.db #0x02	; 2
      00016C FD                     442 	.db #0xfd	; 253
      00016D 03                     443 	.db #0x03	; 3
      00016E FF                     444 	.db #0xff	; 255
      00016F 01                     445 	.db #0x01	; 1
      000170 FF                     446 	.db #0xff	; 255
      000171 01                     447 	.db #0x01	; 1
      000172 FF                     448 	.db #0xff	; 255
      000173 01                     449 	.db #0x01	; 1
      000174 FF                     450 	.db #0xff	; 255
      000175 00                     451 	.db #0x00	; 0
      000176 7F                     452 	.db #0x7f	; 127
      000177 80                     453 	.db #0x80	; 128
      000178 7F                     454 	.db #0x7f	; 127
      000179 80                     455 	.db #0x80	; 128
      00017A FF                     456 	.db #0xff	; 255
      00017B 00                     457 	.db #0x00	; 0
      00017C FE                     458 	.db #0xfe	; 254
      00017D 01                     459 	.db #0x01	; 1
      00017E FF                     460 	.db #0xff	; 255
      00017F 01                     461 	.db #0x01	; 1
      000180 FD                     462 	.db #0xfd	; 253
      000181 03                     463 	.db #0x03	; 3
      000182 FD                     464 	.db #0xfd	; 253
      000183 03                     465 	.db #0x03	; 3
      000184 79                     466 	.db #0x79	; 121	'y'
      000185 87                     467 	.db #0x87	; 135
      000186 71                     468 	.db #0x71	; 113	'q'
      000187 8F                     469 	.db #0x8f	; 143
      000188 00                     470 	.db #0x00	; 0
      000189 00                     471 	.db #0x00	; 0
      00018A 00                     472 	.db #0x00	; 0
      00018B 00                     473 	.db #0x00	; 0
      00018C 00                     474 	.db #0x00	; 0
      00018D 00                     475 	.db #0x00	; 0
      00018E 00                     476 	.db #0x00	; 0
      00018F 00                     477 	.db #0x00	; 0
      000190 00                     478 	.db #0x00	; 0
      000191 00                     479 	.db #0x00	; 0
      000192 00                     480 	.db #0x00	; 0
      000193 00                     481 	.db #0x00	; 0
      000194 80                     482 	.db #0x80	; 128
      000195 80                     483 	.db #0x80	; 128
      000196 80                     484 	.db #0x80	; 128
      000197 80                     485 	.db #0x80	; 128
      000198 40                     486 	.db #0x40	; 64
      000199 C0                     487 	.db #0xc0	; 192
      00019A C0                     488 	.db #0xc0	; 192
      00019B 40                     489 	.db #0x40	; 64
      00019C C0                     490 	.db #0xc0	; 192
      00019D 40                     491 	.db #0x40	; 64
      00019E C0                     492 	.db #0xc0	; 192
      00019F 40                     493 	.db #0x40	; 64
      0001A0 E0                     494 	.db #0xe0	; 224
      0001A1 20                     495 	.db #0x20	; 32
      0001A2 60                     496 	.db #0x60	; 96
      0001A3 A0                     497 	.db #0xa0	; 160
      0001A4 60                     498 	.db #0x60	; 96
      0001A5 A0                     499 	.db #0xa0	; 160
      0001A6 A0                     500 	.db #0xa0	; 160
      0001A7 E0                     501 	.db #0xe0	; 224
      0001A8 F4                     502 	.db #0xf4	; 244
      0001A9 8C                     503 	.db #0x8c	; 140
      0001AA F4                     504 	.db #0xf4	; 244
      0001AB 8C                     505 	.db #0x8c	; 140
      0001AC B4                     506 	.db #0xb4	; 180
      0001AD CC                     507 	.db #0xcc	; 204
      0001AE B8                     508 	.db #0xb8	; 184
      0001AF C8                     509 	.db #0xc8	; 200
      0001B0 B8                     510 	.db #0xb8	; 184
      0001B1 C8                     511 	.db #0xc8	; 200
      0001B2 78                     512 	.db #0x78	; 120	'x'
      0001B3 48                     513 	.db #0x48	; 72	'H'
      0001B4 78                     514 	.db #0x78	; 120	'x'
      0001B5 48                     515 	.db #0x48	; 72	'H'
      0001B6 78                     516 	.db #0x78	; 120	'x'
      0001B7 48                     517 	.db #0x48	; 72	'H'
      0001B8 74                     518 	.db #0x74	; 116	't'
      0001B9 4C                     519 	.db #0x4c	; 76	'L'
      0001BA 5C                     520 	.db #0x5c	; 92
      0001BB 64                     521 	.db #0x64	; 100	'd'
      0001BC 3C                     522 	.db #0x3c	; 60
      0001BD 24                     523 	.db #0x24	; 36
      0001BE 3E                     524 	.db #0x3e	; 62
      0001BF 22                     525 	.db #0x22	; 34
      0001C0 19                     526 	.db #0x19	; 25
      0001C1 17                     527 	.db #0x17	; 23
      0001C2 0B                     528 	.db #0x0b	; 11
      0001C3 0F                     529 	.db #0x0f	; 15
      0001C4 06                     530 	.db #0x06	; 6
      0001C5 06                     531 	.db #0x06	; 6
      0001C6 00                     532 	.db #0x00	; 0
      0001C7 00                     533 	.db #0x00	; 0
      0001C8 DF                     534 	.db #0xdf	; 223
      0001C9 E0                     535 	.db #0xe0	; 224
      0001CA 7F                     536 	.db #0x7f	; 127
      0001CB 60                     537 	.db #0x60	; 96
      0001CC 7E                     538 	.db #0x7e	; 126
      0001CD 61                     539 	.db #0x61	; 97	'a'
      0001CE 6E                     540 	.db #0x6e	; 110	'n'
      0001CF 71                     541 	.db #0x71	; 113	'q'
      0001D0 7E                     542 	.db #0x7e	; 126
      0001D1 71                     543 	.db #0x71	; 113	'q'
      0001D2 7C                     544 	.db #0x7c	; 124
      0001D3 73                     545 	.db #0x73	; 115	's'
      0001D4 70                     546 	.db #0x70	; 112	'p'
      0001D5 7F                     547 	.db #0x7f	; 127
      0001D6 78                     548 	.db #0x78	; 120	'x'
      0001D7 7F                     549 	.db #0x7f	; 127
      0001D8 78                     550 	.db #0x78	; 120	'x'
      0001D9 7F                     551 	.db #0x7f	; 127
      0001DA 78                     552 	.db #0x78	; 120	'x'
      0001DB 7F                     553 	.db #0x7f	; 127
      0001DC 7C                     554 	.db #0x7c	; 124
      0001DD 7F                     555 	.db #0x7f	; 127
      0001DE 7C                     556 	.db #0x7c	; 124
      0001DF 7F                     557 	.db #0x7f	; 127
      0001E0 7C                     558 	.db #0x7c	; 124
      0001E1 7F                     559 	.db #0x7f	; 127
      0001E2 FB                     560 	.db #0xfb	; 251
      0001E3 FC                     561 	.db #0xfc	; 252
      0001E4 FB                     562 	.db #0xfb	; 251
      0001E5 FC                     563 	.db #0xfc	; 252
      0001E6 0F                     564 	.db #0x0f	; 15
      0001E7 0F                     565 	.db #0x0f	; 15
      0001E8 70                     566 	.db #0x70	; 112	'p'
      0001E9 FF                     567 	.db #0xff	; 255
      0001EA 4F                     568 	.db #0x4f	; 79	'O'
      0001EB CF                     569 	.db #0xcf	; 207
      0001EC 41                     570 	.db #0x41	; 65	'A'
      0001ED C1                     571 	.db #0xc1	; 193
      0001EE 40                     572 	.db #0x40	; 64
      0001EF C0                     573 	.db #0xc0	; 192
      0001F0 40                     574 	.db #0x40	; 64
      0001F1 C0                     575 	.db #0xc0	; 192
      0001F2 40                     576 	.db #0x40	; 64
      0001F3 C0                     577 	.db #0xc0	; 192
      0001F4 20                     578 	.db #0x20	; 32
      0001F5 E0                     579 	.db #0xe0	; 224
      0001F6 20                     580 	.db #0x20	; 32
      0001F7 E0                     581 	.db #0xe0	; 224
      0001F8 20                     582 	.db #0x20	; 32
      0001F9 E0                     583 	.db #0xe0	; 224
      0001FA 20                     584 	.db #0x20	; 32
      0001FB E0                     585 	.db #0xe0	; 224
      0001FC 20                     586 	.db #0x20	; 32
      0001FD E0                     587 	.db #0xe0	; 224
      0001FE 10                     588 	.db #0x10	; 16
      0001FF F0                     589 	.db #0xf0	; 240
      000200 10                     590 	.db #0x10	; 16
      000201 F0                     591 	.db #0xf0	; 240
      000202 90                     592 	.db #0x90	; 144
      000203 70                     593 	.db #0x70	; 112	'p'
      000204 D0                     594 	.db #0xd0	; 208
      000205 30                     595 	.db #0x30	; 48	'0'
      000206 E0                     596 	.db #0xe0	; 224
      000207 E0                     597 	.db #0xe0	; 224
      000208 02                     598 	.db #0x02	; 2
      000209 FF                     599 	.db #0xff	; 255
      00020A FE                     600 	.db #0xfe	; 254
      00020B FF                     601 	.db #0xff	; 255
      00020C FE                     602 	.db #0xfe	; 254
      00020D FF                     603 	.db #0xff	; 255
      00020E 3F                     604 	.db #0x3f	; 63
      00020F 3F                     605 	.db #0x3f	; 63
      000210 3F                     606 	.db #0x3f	; 63
      000211 3F                     607 	.db #0x3f	; 63
      000212 3F                     608 	.db #0x3f	; 63
      000213 3F                     609 	.db #0x3f	; 63
      000214 3F                     610 	.db #0x3f	; 63
      000215 3F                     611 	.db #0x3f	; 63
      000216 1F                     612 	.db #0x1f	; 31
      000217 1F                     613 	.db #0x1f	; 31
      000218 1F                     614 	.db #0x1f	; 31
      000219 1F                     615 	.db #0x1f	; 31
      00021A 1F                     616 	.db #0x1f	; 31
      00021B 1F                     617 	.db #0x1f	; 31
      00021C 1F                     618 	.db #0x1f	; 31
      00021D 1F                     619 	.db #0x1f	; 31
      00021E 1F                     620 	.db #0x1f	; 31
      00021F 1F                     621 	.db #0x1f	; 31
      000220 3F                     622 	.db #0x3f	; 63
      000221 3F                     623 	.db #0x3f	; 63
      000222 3F                     624 	.db #0x3f	; 63
      000223 3F                     625 	.db #0x3f	; 63
      000224 3F                     626 	.db #0x3f	; 63
      000225 3F                     627 	.db #0x3f	; 63
      000226 00                     628 	.db #0x00	; 0
      000227 00                     629 	.db #0x00	; 0
      000228 01                     630 	.db #0x01	; 1
      000229 FF                     631 	.db #0xff	; 255
      00022A 01                     632 	.db #0x01	; 1
      00022B FF                     633 	.db #0xff	; 255
      00022C 01                     634 	.db #0x01	; 1
      00022D FF                     635 	.db #0xff	; 255
      00022E 01                     636 	.db #0x01	; 1
      00022F FF                     637 	.db #0xff	; 255
      000230 01                     638 	.db #0x01	; 1
      000231 FF                     639 	.db #0xff	; 255
      000232 82                     640 	.db #0x82	; 130
      000233 FE                     641 	.db #0xfe	; 254
      000234 82                     642 	.db #0x82	; 130
      000235 FE                     643 	.db #0xfe	; 254
      000236 C2                     644 	.db #0xc2	; 194
      000237 FE                     645 	.db #0xfe	; 254
      000238 C2                     646 	.db #0xc2	; 194
      000239 FE                     647 	.db #0xfe	; 254
      00023A 42                     648 	.db #0x42	; 66	'B'
      00023B 7E                     649 	.db #0x7e	; 126
      00023C 42                     650 	.db #0x42	; 66	'B'
      00023D 7E                     651 	.db #0x7e	; 126
      00023E 42                     652 	.db #0x42	; 66	'B'
      00023F 7E                     653 	.db #0x7e	; 126
      000240 81                     654 	.db #0x81	; 129
      000241 FF                     655 	.db #0xff	; 255
      000242 B9                     656 	.db #0xb9	; 185
      000243 C7                     657 	.db #0xc7	; 199
      000244 FD                     658 	.db #0xfd	; 253
      000245 83                     659 	.db #0x83	; 131
      000246 FE                     660 	.db #0xfe	; 254
      000247 FE                     661 	.db #0xfe	; 254
      000248 50                     662 	.db #0x50	; 80	'P'
      000249 70                     663 	.db #0x70	; 112	'p'
      00024A 50                     664 	.db #0x50	; 80	'P'
      00024B 70                     665 	.db #0x70	; 112	'p'
      00024C 50                     666 	.db #0x50	; 80	'P'
      00024D 70                     667 	.db #0x70	; 112	'p'
      00024E 50                     668 	.db #0x50	; 80	'P'
      00024F 70                     669 	.db #0x70	; 112	'p'
      000250 30                     670 	.db #0x30	; 48	'0'
      000251 30                     671 	.db #0x30	; 48	'0'
      000252 20                     672 	.db #0x20	; 32
      000253 20                     673 	.db #0x20	; 32
      000254 00                     674 	.db #0x00	; 0
      000255 00                     675 	.db #0x00	; 0
      000256 00                     676 	.db #0x00	; 0
      000257 00                     677 	.db #0x00	; 0
      000258 00                     678 	.db #0x00	; 0
      000259 00                     679 	.db #0x00	; 0
      00025A 00                     680 	.db #0x00	; 0
      00025B 00                     681 	.db #0x00	; 0
      00025C 00                     682 	.db #0x00	; 0
      00025D 00                     683 	.db #0x00	; 0
      00025E 00                     684 	.db #0x00	; 0
      00025F 00                     685 	.db #0x00	; 0
      000260 00                     686 	.db #0x00	; 0
      000261 00                     687 	.db #0x00	; 0
      000262 00                     688 	.db #0x00	; 0
      000263 00                     689 	.db #0x00	; 0
      000264 00                     690 	.db #0x00	; 0
      000265 00                     691 	.db #0x00	; 0
      000266 00                     692 	.db #0x00	; 0
      000267 00                     693 	.db #0x00	; 0
      000268 00                     694 	.db #0x00	; 0
      000269 00                     695 	.db #0x00	; 0
      00026A 00                     696 	.db #0x00	; 0
      00026B 00                     697 	.db #0x00	; 0
      00026C 00                     698 	.db #0x00	; 0
      00026D 00                     699 	.db #0x00	; 0
      00026E 00                     700 	.db #0x00	; 0
      00026F 00                     701 	.db #0x00	; 0
      000270 00                     702 	.db #0x00	; 0
      000271 00                     703 	.db #0x00	; 0
      000272 00                     704 	.db #0x00	; 0
      000273 00                     705 	.db #0x00	; 0
      000274 80                     706 	.db #0x80	; 128
      000275 80                     707 	.db #0x80	; 128
      000276 80                     708 	.db #0x80	; 128
      000277 80                     709 	.db #0x80	; 128
      000278 40                     710 	.db #0x40	; 64
      000279 C0                     711 	.db #0xc0	; 192
      00027A C0                     712 	.db #0xc0	; 192
      00027B 40                     713 	.db #0x40	; 64
      00027C C0                     714 	.db #0xc0	; 192
      00027D 40                     715 	.db #0x40	; 64
      00027E E0                     716 	.db #0xe0	; 224
      00027F 20                     717 	.db #0x20	; 32
      000280 60                     718 	.db #0x60	; 96
      000281 A0                     719 	.db #0xa0	; 160
      000282 B0                     720 	.db #0xb0	; 176
      000283 D0                     721 	.db #0xd0	; 208
      000284 70                     722 	.db #0x70	; 112	'p'
      000285 50                     723 	.db #0x50	; 80	'P'
      000286 50                     724 	.db #0x50	; 80	'P'
      000287 70                     725 	.db #0x70	; 112	'p'
      000288 00                     726 	.db #0x00	; 0
      000289 00                     727 	.db #0x00	; 0
      00028A 00                     728 	.db #0x00	; 0
      00028B 00                     729 	.db #0x00	; 0
      00028C 00                     730 	.db #0x00	; 0
      00028D 00                     731 	.db #0x00	; 0
      00028E 01                     732 	.db #0x01	; 1
      00028F 01                     733 	.db #0x01	; 1
      000290 01                     734 	.db #0x01	; 1
      000291 01                     735 	.db #0x01	; 1
      000292 01                     736 	.db #0x01	; 1
      000293 01                     737 	.db #0x01	; 1
      000294 01                     738 	.db #0x01	; 1
      000295 01                     739 	.db #0x01	; 1
      000296 01                     740 	.db #0x01	; 1
      000297 01                     741 	.db #0x01	; 1
      000298 01                     742 	.db #0x01	; 1
      000299 01                     743 	.db #0x01	; 1
      00029A 00                     744 	.db #0x00	; 0
      00029B 00                     745 	.db #0x00	; 0
      00029C 00                     746 	.db #0x00	; 0
      00029D 00                     747 	.db #0x00	; 0
      00029E 00                     748 	.db #0x00	; 0
      00029F 00                     749 	.db #0x00	; 0
      0002A0 00                     750 	.db #0x00	; 0
      0002A1 00                     751 	.db #0x00	; 0
      0002A2 00                     752 	.db #0x00	; 0
      0002A3 00                     753 	.db #0x00	; 0
      0002A4 00                     754 	.db #0x00	; 0
      0002A5 00                     755 	.db #0x00	; 0
      0002A6 00                     756 	.db #0x00	; 0
      0002A7 00                     757 	.db #0x00	; 0
      0002A8 F4                     758 	.db #0xf4	; 244
      0002A9 8C                     759 	.db #0x8c	; 140
      0002AA F4                     760 	.db #0xf4	; 244
      0002AB 8C                     761 	.db #0x8c	; 140
      0002AC F4                     762 	.db #0xf4	; 244
      0002AD 8C                     763 	.db #0x8c	; 140
      0002AE 78                     764 	.db #0x78	; 120	'x'
      0002AF 88                     765 	.db #0x88	; 136
      0002B0 E8                     766 	.db #0xe8	; 232
      0002B1 18                     767 	.db #0x18	; 24
      0002B2 F0                     768 	.db #0xf0	; 240
      0002B3 10                     769 	.db #0x10	; 16
      0002B4 F0                     770 	.db #0xf0	; 240
      0002B5 10                     771 	.db #0x10	; 16
      0002B6 F0                     772 	.db #0xf0	; 240
      0002B7 10                     773 	.db #0x10	; 16
      0002B8 70                     774 	.db #0x70	; 112	'p'
      0002B9 90                     775 	.db #0x90	; 144
      0002BA F0                     776 	.db #0xf0	; 240
      0002BB 90                     777 	.db #0x90	; 144
      0002BC E8                     778 	.db #0xe8	; 232
      0002BD 98                     779 	.db #0x98	; 152
      0002BE 78                     780 	.db #0x78	; 120	'x'
      0002BF 48                     781 	.db #0x48	; 72	'H'
      0002C0 64                     782 	.db #0x64	; 100	'd'
      0002C1 5C                     783 	.db #0x5c	; 92
      0002C2 2C                     784 	.db #0x2c	; 44
      0002C3 3C                     785 	.db #0x3c	; 60
      0002C4 18                     786 	.db #0x18	; 24
      0002C5 18                     787 	.db #0x18	; 24
      0002C6 00                     788 	.db #0x00	; 0
      0002C7 00                     789 	.db #0x00	; 0
      0002C8 38                     790 	.db #0x38	; 56	'8'
      0002C9 28                     791 	.db #0x28	; 40
      0002CA 38                     792 	.db #0x38	; 56	'8'
      0002CB 28                     793 	.db #0x28	; 40
      0002CC 28                     794 	.db #0x28	; 40
      0002CD 38                     795 	.db #0x38	; 56	'8'
      0002CE 18                     796 	.db #0x18	; 24
      0002CF 18                     797 	.db #0x18	; 24
      0002D0 18                     798 	.db #0x18	; 24
      0002D1 18                     799 	.db #0x18	; 24
      0002D2 08                     800 	.db #0x08	; 8
      0002D3 08                     801 	.db #0x08	; 8
      0002D4 00                     802 	.db #0x00	; 0
      0002D5 00                     803 	.db #0x00	; 0
      0002D6 00                     804 	.db #0x00	; 0
      0002D7 00                     805 	.db #0x00	; 0
      0002D8 00                     806 	.db #0x00	; 0
      0002D9 00                     807 	.db #0x00	; 0
      0002DA 00                     808 	.db #0x00	; 0
      0002DB 00                     809 	.db #0x00	; 0
      0002DC 00                     810 	.db #0x00	; 0
      0002DD 00                     811 	.db #0x00	; 0
      0002DE 00                     812 	.db #0x00	; 0
      0002DF 00                     813 	.db #0x00	; 0
      0002E0 00                     814 	.db #0x00	; 0
      0002E1 00                     815 	.db #0x00	; 0
      0002E2 00                     816 	.db #0x00	; 0
      0002E3 00                     817 	.db #0x00	; 0
      0002E4 00                     818 	.db #0x00	; 0
      0002E5 00                     819 	.db #0x00	; 0
      0002E6 00                     820 	.db #0x00	; 0
      0002E7 00                     821 	.db #0x00	; 0
      0002E8 00                     822 	.db #0x00	; 0
      0002E9 00                     823 	.db #0x00	; 0
      0002EA 00                     824 	.db #0x00	; 0
      0002EB 00                     825 	.db #0x00	; 0
      0002EC 00                     826 	.db #0x00	; 0
      0002ED 00                     827 	.db #0x00	; 0
      0002EE 00                     828 	.db #0x00	; 0
      0002EF 00                     829 	.db #0x00	; 0
      0002F0 00                     830 	.db #0x00	; 0
      0002F1 00                     831 	.db #0x00	; 0
      0002F2 00                     832 	.db #0x00	; 0
      0002F3 00                     833 	.db #0x00	; 0
      0002F4 80                     834 	.db #0x80	; 128
      0002F5 80                     835 	.db #0x80	; 128
      0002F6 80                     836 	.db #0x80	; 128
      0002F7 80                     837 	.db #0x80	; 128
      0002F8 40                     838 	.db #0x40	; 64
      0002F9 C0                     839 	.db #0xc0	; 192
      0002FA C0                     840 	.db #0xc0	; 192
      0002FB 40                     841 	.db #0x40	; 64
      0002FC E0                     842 	.db #0xe0	; 224
      0002FD 20                     843 	.db #0x20	; 32
      0002FE E0                     844 	.db #0xe0	; 224
      0002FF 20                     845 	.db #0x20	; 32
      000300 F0                     846 	.db #0xf0	; 240
      000301 90                     847 	.db #0x90	; 144
      000302 B0                     848 	.db #0xb0	; 176
      000303 D0                     849 	.db #0xd0	; 208
      000304 78                     850 	.db #0x78	; 120	'x'
      000305 48                     851 	.db #0x48	; 72	'H'
      000306 34                     852 	.db #0x34	; 52	'4'
      000307 2C                     853 	.db #0x2c	; 44
      000308 01                     854 	.db #0x01	; 1
      000309 01                     855 	.db #0x01	; 1
      00030A 01                     856 	.db #0x01	; 1
      00030B 01                     857 	.db #0x01	; 1
      00030C 01                     858 	.db #0x01	; 1
      00030D 01                     859 	.db #0x01	; 1
      00030E 02                     860 	.db #0x02	; 2
      00030F 03                     861 	.db #0x03	; 3
      000310 03                     862 	.db #0x03	; 3
      000311 02                     863 	.db #0x02	; 2
      000312 03                     864 	.db #0x03	; 3
      000313 02                     865 	.db #0x02	; 2
      000314 05                     866 	.db #0x05	; 5
      000315 06                     867 	.db #0x06	; 6
      000316 07                     868 	.db #0x07	; 7
      000317 04                     869 	.db #0x04	; 4
      000318 07                     870 	.db #0x07	; 7
      000319 04                     871 	.db #0x04	; 4
      00031A 07                     872 	.db #0x07	; 7
      00031B 04                     873 	.db #0x04	; 4
      00031C 07                     874 	.db #0x07	; 7
      00031D 04                     875 	.db #0x04	; 4
      00031E 05                     876 	.db #0x05	; 5
      00031F 06                     877 	.db #0x06	; 6
      000320 03                     878 	.db #0x03	; 3
      000321 02                     879 	.db #0x02	; 2
      000322 02                     880 	.db #0x02	; 2
      000323 03                     881 	.db #0x03	; 3
      000324 01                     882 	.db #0x01	; 1
      000325 01                     883 	.db #0x01	; 1
      000326 00                     884 	.db #0x00	; 0
      000327 00                     885 	.db #0x00	; 0
      000328 74                     886 	.db #0x74	; 116	't'
      000329 8C                     887 	.db #0x8c	; 140
      00032A F4                     888 	.db #0xf4	; 244
      00032B 0C                     889 	.db #0x0c	; 12
      00032C E8                     890 	.db #0xe8	; 232
      00032D 18                     891 	.db #0x18	; 24
      00032E F8                     892 	.db #0xf8	; 248
      00032F 18                     893 	.db #0x18	; 24
      000330 D0                     894 	.db #0xd0	; 208
      000331 30                     895 	.db #0x30	; 48	'0'
      000332 E0                     896 	.db #0xe0	; 224
      000333 20                     897 	.db #0x20	; 32
      000334 C0                     898 	.db #0xc0	; 192
      000335 40                     899 	.db #0x40	; 64
      000336 40                     900 	.db #0x40	; 64
      000337 C0                     901 	.db #0xc0	; 192
      000338 80                     902 	.db #0x80	; 128
      000339 80                     903 	.db #0x80	; 128
      00033A 80                     904 	.db #0x80	; 128
      00033B 80                     905 	.db #0x80	; 128
      00033C 80                     906 	.db #0x80	; 128
      00033D 80                     907 	.db #0x80	; 128
      00033E 40                     908 	.db #0x40	; 64
      00033F C0                     909 	.db #0xc0	; 192
      000340 40                     910 	.db #0x40	; 64
      000341 C0                     911 	.db #0xc0	; 192
      000342 40                     912 	.db #0x40	; 64
      000343 C0                     913 	.db #0xc0	; 192
      000344 C0                     914 	.db #0xc0	; 192
      000345 C0                     915 	.db #0xc0	; 192
      000346 00                     916 	.db #0x00	; 0
      000347 00                     917 	.db #0x00	; 0
      000348 1C                     918 	.db #0x1c	; 28
      000349 14                     919 	.db #0x14	; 20
      00034A 0E                     920 	.db #0x0e	; 14
      00034B 0A                     921 	.db #0x0a	; 10
      00034C 07                     922 	.db #0x07	; 7
      00034D 05                     923 	.db #0x05	; 5
      00034E 03                     924 	.db #0x03	; 3
      00034F 03                     925 	.db #0x03	; 3
      000350 00                     926 	.db #0x00	; 0
      000351 00                     927 	.db #0x00	; 0
      000352 00                     928 	.db #0x00	; 0
      000353 00                     929 	.db #0x00	; 0
      000354 00                     930 	.db #0x00	; 0
      000355 00                     931 	.db #0x00	; 0
      000356 00                     932 	.db #0x00	; 0
      000357 00                     933 	.db #0x00	; 0
      000358 00                     934 	.db #0x00	; 0
      000359 00                     935 	.db #0x00	; 0
      00035A 00                     936 	.db #0x00	; 0
      00035B 00                     937 	.db #0x00	; 0
      00035C 00                     938 	.db #0x00	; 0
      00035D 00                     939 	.db #0x00	; 0
      00035E 00                     940 	.db #0x00	; 0
      00035F 00                     941 	.db #0x00	; 0
      000360 00                     942 	.db #0x00	; 0
      000361 00                     943 	.db #0x00	; 0
      000362 00                     944 	.db #0x00	; 0
      000363 00                     945 	.db #0x00	; 0
      000364 00                     946 	.db #0x00	; 0
      000365 00                     947 	.db #0x00	; 0
      000366 00                     948 	.db #0x00	; 0
      000367 00                     949 	.db #0x00	; 0
      000368 01                     950 	.db #0x01	; 1
      000369 01                     951 	.db #0x01	; 1
      00036A 01                     952 	.db #0x01	; 1
      00036B 01                     953 	.db #0x01	; 1
      00036C 01                     954 	.db #0x01	; 1
      00036D 01                     955 	.db #0x01	; 1
      00036E 02                     956 	.db #0x02	; 2
      00036F 03                     957 	.db #0x03	; 3
      000370 03                     958 	.db #0x03	; 3
      000371 02                     959 	.db #0x02	; 2
      000372 07                     960 	.db #0x07	; 7
      000373 04                     961 	.db #0x04	; 4
      000374 07                     962 	.db #0x07	; 7
      000375 04                     963 	.db #0x04	; 4
      000376 0F                     964 	.db #0x0f	; 15
      000377 08                     965 	.db #0x08	; 8
      000378 0F                     966 	.db #0x0f	; 15
      000379 09                     967 	.db #0x09	; 9
      00037A 15                     968 	.db #0x15	; 21
      00037B 1B                     969 	.db #0x1b	; 27
      00037C 1E                     970 	.db #0x1e	; 30
      00037D 12                     971 	.db #0x12	; 18
      00037E 1E                     972 	.db #0x1e	; 30
      00037F 12                     973 	.db #0x12	; 18
      000380 1A                     974 	.db #0x1a	; 26
      000381 16                     975 	.db #0x16	; 22
      000382 12                     976 	.db #0x12	; 18
      000383 1E                     977 	.db #0x1e	; 30
      000384 1E                     978 	.db #0x1e	; 30
      000385 1E                     979 	.db #0x1e	; 30
      000386 00                     980 	.db #0x00	; 0
      000387 00                     981 	.db #0x00	; 0
      000388 74                     982 	.db #0x74	; 116	't'
      000389 8C                     983 	.db #0x8c	; 140
      00038A F4                     984 	.db #0xf4	; 244
      00038B 0C                     985 	.db #0x0c	; 12
      00038C E8                     986 	.db #0xe8	; 232
      00038D 18                     987 	.db #0x18	; 24
      00038E F8                     988 	.db #0xf8	; 248
      00038F 18                     989 	.db #0x18	; 24
      000390 D0                     990 	.db #0xd0	; 208
      000391 30                     991 	.db #0x30	; 48	'0'
      000392 E0                     992 	.db #0xe0	; 224
      000393 20                     993 	.db #0x20	; 32
      000394 C0                     994 	.db #0xc0	; 192
      000395 40                     995 	.db #0x40	; 64
      000396 80                     996 	.db #0x80	; 128
      000397 80                     997 	.db #0x80	; 128
      000398 00                     998 	.db #0x00	; 0
      000399 00                     999 	.db #0x00	; 0
      00039A 00                    1000 	.db #0x00	; 0
      00039B 00                    1001 	.db #0x00	; 0
      00039C 00                    1002 	.db #0x00	; 0
      00039D 00                    1003 	.db #0x00	; 0
      00039E 00                    1004 	.db #0x00	; 0
      00039F 00                    1005 	.db #0x00	; 0
      0003A0 00                    1006 	.db #0x00	; 0
      0003A1 00                    1007 	.db #0x00	; 0
      0003A2 00                    1008 	.db #0x00	; 0
      0003A3 00                    1009 	.db #0x00	; 0
      0003A4 00                    1010 	.db #0x00	; 0
      0003A5 00                    1011 	.db #0x00	; 0
      0003A6 00                    1012 	.db #0x00	; 0
      0003A7 00                    1013 	.db #0x00	; 0
      0003A8 01                    1014 	.db #0x01	; 1
      0003A9 01                    1015 	.db #0x01	; 1
      0003AA 01                    1016 	.db #0x01	; 1
      0003AB 01                    1017 	.db #0x01	; 1
      0003AC 01                    1018 	.db #0x01	; 1
      0003AD 01                    1019 	.db #0x01	; 1
      0003AE 02                    1020 	.db #0x02	; 2
      0003AF 03                    1021 	.db #0x03	; 3
      0003B0 03                    1022 	.db #0x03	; 3
      0003B1 02                    1023 	.db #0x02	; 2
      0003B2 07                    1024 	.db #0x07	; 7
      0003B3 04                    1025 	.db #0x04	; 4
      0003B4 0B                    1026 	.db #0x0b	; 11
      0003B5 0C                    1027 	.db #0x0c	; 12
      0003B6 0F                    1028 	.db #0x0f	; 15
      0003B7 08                    1029 	.db #0x08	; 8
      0003B8 1F                    1030 	.db #0x1f	; 31
      0003B9 11                    1031 	.db #0x11	; 17
      0003BA 1E                    1032 	.db #0x1e	; 30
      0003BB 12                    1033 	.db #0x12	; 18
      0003BC 2A                    1034 	.db #0x2a	; 42
      0003BD 36                    1035 	.db #0x36	; 54	'6'
      0003BE 3C                    1036 	.db #0x3c	; 60
      0003BF 24                    1037 	.db #0x24	; 36
      0003C0 24                    1038 	.db #0x24	; 36
      0003C1 3C                    1039 	.db #0x3c	; 60
      0003C2 28                    1040 	.db #0x28	; 40
      0003C3 38                    1041 	.db #0x38	; 56	'8'
      0003C4 38                    1042 	.db #0x38	; 56	'8'
      0003C5 38                    1043 	.db #0x38	; 56	'8'
      0003C6 00                    1044 	.db #0x00	; 0
      0003C7 00                    1045 	.db #0x00	; 0
      0003C8                       1046 _sprite_metasprite0:
      0003C8 E8                    1047 	.db #0xe8	; -24
      0003C9 E8                    1048 	.db #0xe8	; -24
      0003CA 00                    1049 	.db #0x00	; 0
      0003CB 00                    1050 	.db #0x00	;  0
      0003CC 08                    1051 	.db #0x08	;  8
      0003CD 02                    1052 	.db #0x02	; 2
      0003CE 00                    1053 	.db #0x00	;  0
      0003CF 08                    1054 	.db #0x08	;  8
      0003D0 04                    1055 	.db #0x04	; 4
      0003D1 00                    1056 	.db #0x00	;  0
      0003D2 08                    1057 	.db #0x08	;  8
      0003D3 06                    1058 	.db #0x06	; 6
      0003D4 00                    1059 	.db #0x00	;  0
      0003D5 08                    1060 	.db #0x08	;  8
      0003D6 08                    1061 	.db #0x08	; 8
      0003D7 00                    1062 	.db #0x00	;  0
      0003D8 08                    1063 	.db #0x08	;  8
      0003D9 0A                    1064 	.db #0x0a	; 10
      0003DA 10                    1065 	.db #0x10	;  16
      0003DB D8                    1066 	.db #0xd8	; -40
      0003DC 0C                    1067 	.db #0x0c	; 12
      0003DD 00                    1068 	.db #0x00	;  0
      0003DE 08                    1069 	.db #0x08	;  8
      0003DF 0E                    1070 	.db #0x0e	; 14
      0003E0 00                    1071 	.db #0x00	;  0
      0003E1 08                    1072 	.db #0x08	;  8
      0003E2 10                    1073 	.db #0x10	; 16
      0003E3 00                    1074 	.db #0x00	;  0
      0003E4 08                    1075 	.db #0x08	;  8
      0003E5 12                    1076 	.db #0x12	; 18
      0003E6 00                    1077 	.db #0x00	;  0
      0003E7 08                    1078 	.db #0x08	;  8
      0003E8 14                    1079 	.db #0x14	; 20
      0003E9 00                    1080 	.db #0x00	;  0
      0003EA 08                    1081 	.db #0x08	;  8
      0003EB 16                    1082 	.db #0x16	; 22
      0003EC 00                    1083 	.db #0x00	;  0
      0003ED 08                    1084 	.db #0x08	;  8
      0003EE 18                    1085 	.db #0x18	; 24
      0003EF 10                    1086 	.db #0x10	;  16
      0003F0 D0                    1087 	.db #0xd0	; -48
      0003F1 1A                    1088 	.db #0x1a	; 26
      0003F2 00                    1089 	.db #0x00	;  0
      0003F3 10                    1090 	.db #0x10	;  16
      0003F4 1C                    1091 	.db #0x1c	; 28
      0003F5 00                    1092 	.db #0x00	;  0
      0003F6 08                    1093 	.db #0x08	;  8
      0003F7 1E                    1094 	.db #0x1e	; 30
      0003F8 00                    1095 	.db #0x00	;  0
      0003F9 08                    1096 	.db #0x08	;  8
      0003FA 20                    1097 	.db #0x20	; 32
      0003FB 00                    1098 	.db #0x00	;  0
      0003FC 08                    1099 	.db #0x08	;  8
      0003FD 22                    1100 	.db #0x22	; 34
      0003FE 00                    1101 	.db #0x00	;  0
      0003FF 08                    1102 	.db #0x08	;  8
      000400 24                    1103 	.db #0x24	; 36
      000401 80                    1104 	.db #0x80	; -128
      000402 00                    1105 	.db #0x00	;  0
      000403 00                    1106 	.db #0x00	; 0
      000404                       1107 _sprite_metasprite1:
      000404 E8                    1108 	.db #0xe8	; -24
      000405 E8                    1109 	.db #0xe8	; -24
      000406 00                    1110 	.db #0x00	; 0
      000407 00                    1111 	.db #0x00	;  0
      000408 08                    1112 	.db #0x08	;  8
      000409 02                    1113 	.db #0x02	; 2
      00040A 00                    1114 	.db #0x00	;  0
      00040B 08                    1115 	.db #0x08	;  8
      00040C 04                    1116 	.db #0x04	; 4
      00040D 00                    1117 	.db #0x00	;  0
      00040E 08                    1118 	.db #0x08	;  8
      00040F 06                    1119 	.db #0x06	; 6
      000410 00                    1120 	.db #0x00	;  0
      000411 08                    1121 	.db #0x08	;  8
      000412 08                    1122 	.db #0x08	; 8
      000413 00                    1123 	.db #0x00	;  0
      000414 08                    1124 	.db #0x08	;  8
      000415 0A                    1125 	.db #0x0a	; 10
      000416 10                    1126 	.db #0x10	;  16
      000417 D8                    1127 	.db #0xd8	; -40
      000418 0C                    1128 	.db #0x0c	; 12
      000419 00                    1129 	.db #0x00	;  0
      00041A 08                    1130 	.db #0x08	;  8
      00041B 0E                    1131 	.db #0x0e	; 14
      00041C 00                    1132 	.db #0x00	;  0
      00041D 08                    1133 	.db #0x08	;  8
      00041E 10                    1134 	.db #0x10	; 16
      00041F 00                    1135 	.db #0x00	;  0
      000420 08                    1136 	.db #0x08	;  8
      000421 12                    1137 	.db #0x12	; 18
      000422 00                    1138 	.db #0x00	;  0
      000423 08                    1139 	.db #0x08	;  8
      000424 14                    1140 	.db #0x14	; 20
      000425 00                    1141 	.db #0x00	;  0
      000426 08                    1142 	.db #0x08	;  8
      000427 16                    1143 	.db #0x16	; 22
      000428 00                    1144 	.db #0x00	;  0
      000429 08                    1145 	.db #0x08	;  8
      00042A 26                    1146 	.db #0x26	; 38
      00042B 10                    1147 	.db #0x10	;  16
      00042C C8                    1148 	.db #0xc8	; -56
      00042D 28                    1149 	.db #0x28	; 40
      00042E 00                    1150 	.db #0x00	;  0
      00042F 08                    1151 	.db #0x08	;  8
      000430 2A                    1152 	.db #0x2a	; 42
      000431 00                    1153 	.db #0x00	;  0
      000432 10                    1154 	.db #0x10	;  16
      000433 1C                    1155 	.db #0x1c	; 28
      000434 00                    1156 	.db #0x00	;  0
      000435 08                    1157 	.db #0x08	;  8
      000436 1E                    1158 	.db #0x1e	; 30
      000437 00                    1159 	.db #0x00	;  0
      000438 08                    1160 	.db #0x08	;  8
      000439 20                    1161 	.db #0x20	; 32
      00043A 00                    1162 	.db #0x00	;  0
      00043B 08                    1163 	.db #0x08	;  8
      00043C 22                    1164 	.db #0x22	; 34
      00043D 00                    1165 	.db #0x00	;  0
      00043E 08                    1166 	.db #0x08	;  8
      00043F 2C                    1167 	.db #0x2c	; 44
      000440 80                    1168 	.db #0x80	; -128
      000441 00                    1169 	.db #0x00	;  0
      000442 00                    1170 	.db #0x00	; 0
      000443                       1171 _sprite_metasprite2:
      000443 E8                    1172 	.db #0xe8	; -24
      000444 E8                    1173 	.db #0xe8	; -24
      000445 00                    1174 	.db #0x00	; 0
      000446 00                    1175 	.db #0x00	;  0
      000447 08                    1176 	.db #0x08	;  8
      000448 02                    1177 	.db #0x02	; 2
      000449 00                    1178 	.db #0x00	;  0
      00044A 08                    1179 	.db #0x08	;  8
      00044B 04                    1180 	.db #0x04	; 4
      00044C 00                    1181 	.db #0x00	;  0
      00044D 08                    1182 	.db #0x08	;  8
      00044E 06                    1183 	.db #0x06	; 6
      00044F 00                    1184 	.db #0x00	;  0
      000450 08                    1185 	.db #0x08	;  8
      000451 08                    1186 	.db #0x08	; 8
      000452 00                    1187 	.db #0x00	;  0
      000453 08                    1188 	.db #0x08	;  8
      000454 0A                    1189 	.db #0x0a	; 10
      000455 10                    1190 	.db #0x10	;  16
      000456 D8                    1191 	.db #0xd8	; -40
      000457 0C                    1192 	.db #0x0c	; 12
      000458 00                    1193 	.db #0x00	;  0
      000459 08                    1194 	.db #0x08	;  8
      00045A 0E                    1195 	.db #0x0e	; 14
      00045B 00                    1196 	.db #0x00	;  0
      00045C 08                    1197 	.db #0x08	;  8
      00045D 10                    1198 	.db #0x10	; 16
      00045E 00                    1199 	.db #0x00	;  0
      00045F 08                    1200 	.db #0x08	;  8
      000460 12                    1201 	.db #0x12	; 18
      000461 00                    1202 	.db #0x00	;  0
      000462 08                    1203 	.db #0x08	;  8
      000463 14                    1204 	.db #0x14	; 20
      000464 00                    1205 	.db #0x00	;  0
      000465 08                    1206 	.db #0x08	;  8
      000466 16                    1207 	.db #0x16	; 22
      000467 00                    1208 	.db #0x00	;  0
      000468 08                    1209 	.db #0x08	;  8
      000469 2E                    1210 	.db #0x2e	; 46
      00046A 10                    1211 	.db #0x10	;  16
      00046B C8                    1212 	.db #0xc8	; -56
      00046C 30                    1213 	.db #0x30	; 48	'0'
      00046D 00                    1214 	.db #0x00	;  0
      00046E 08                    1215 	.db #0x08	;  8
      00046F 32                    1216 	.db #0x32	; 50	'2'
      000470 00                    1217 	.db #0x00	;  0
      000471 10                    1218 	.db #0x10	;  16
      000472 1C                    1219 	.db #0x1c	; 28
      000473 00                    1220 	.db #0x00	;  0
      000474 08                    1221 	.db #0x08	;  8
      000475 1E                    1222 	.db #0x1e	; 30
      000476 00                    1223 	.db #0x00	;  0
      000477 08                    1224 	.db #0x08	;  8
      000478 20                    1225 	.db #0x20	; 32
      000479 00                    1226 	.db #0x00	;  0
      00047A 08                    1227 	.db #0x08	;  8
      00047B 22                    1228 	.db #0x22	; 34
      00047C 00                    1229 	.db #0x00	;  0
      00047D 08                    1230 	.db #0x08	;  8
      00047E 34                    1231 	.db #0x34	; 52	'4'
      00047F 80                    1232 	.db #0x80	; -128
      000480 00                    1233 	.db #0x00	;  0
      000481 00                    1234 	.db #0x00	; 0
      000482                       1235 _sprite_metasprite3:
      000482 E8                    1236 	.db #0xe8	; -24
      000483 E8                    1237 	.db #0xe8	; -24
      000484 00                    1238 	.db #0x00	; 0
      000485 00                    1239 	.db #0x00	;  0
      000486 08                    1240 	.db #0x08	;  8
      000487 02                    1241 	.db #0x02	; 2
      000488 00                    1242 	.db #0x00	;  0
      000489 08                    1243 	.db #0x08	;  8
      00048A 04                    1244 	.db #0x04	; 4
      00048B 00                    1245 	.db #0x00	;  0
      00048C 08                    1246 	.db #0x08	;  8
      00048D 06                    1247 	.db #0x06	; 6
      00048E 00                    1248 	.db #0x00	;  0
      00048F 08                    1249 	.db #0x08	;  8
      000490 08                    1250 	.db #0x08	; 8
      000491 00                    1251 	.db #0x00	;  0
      000492 08                    1252 	.db #0x08	;  8
      000493 0A                    1253 	.db #0x0a	; 10
      000494 10                    1254 	.db #0x10	;  16
      000495 D8                    1255 	.db #0xd8	; -40
      000496 0C                    1256 	.db #0x0c	; 12
      000497 00                    1257 	.db #0x00	;  0
      000498 08                    1258 	.db #0x08	;  8
      000499 0E                    1259 	.db #0x0e	; 14
      00049A 00                    1260 	.db #0x00	;  0
      00049B 08                    1261 	.db #0x08	;  8
      00049C 10                    1262 	.db #0x10	; 16
      00049D 00                    1263 	.db #0x00	;  0
      00049E 08                    1264 	.db #0x08	;  8
      00049F 12                    1265 	.db #0x12	; 18
      0004A0 00                    1266 	.db #0x00	;  0
      0004A1 08                    1267 	.db #0x08	;  8
      0004A2 14                    1268 	.db #0x14	; 20
      0004A3 00                    1269 	.db #0x00	;  0
      0004A4 08                    1270 	.db #0x08	;  8
      0004A5 16                    1271 	.db #0x16	; 22
      0004A6 00                    1272 	.db #0x00	;  0
      0004A7 08                    1273 	.db #0x08	;  8
      0004A8 26                    1274 	.db #0x26	; 38
      0004A9 10                    1275 	.db #0x10	;  16
      0004AA C8                    1276 	.db #0xc8	; -56
      0004AB 36                    1277 	.db #0x36	; 54	'6'
      0004AC 00                    1278 	.db #0x00	;  0
      0004AD 08                    1279 	.db #0x08	;  8
      0004AE 38                    1280 	.db #0x38	; 56	'8'
      0004AF 00                    1281 	.db #0x00	;  0
      0004B0 10                    1282 	.db #0x10	;  16
      0004B1 1C                    1283 	.db #0x1c	; 28
      0004B2 00                    1284 	.db #0x00	;  0
      0004B3 08                    1285 	.db #0x08	;  8
      0004B4 1E                    1286 	.db #0x1e	; 30
      0004B5 00                    1287 	.db #0x00	;  0
      0004B6 08                    1288 	.db #0x08	;  8
      0004B7 20                    1289 	.db #0x20	; 32
      0004B8 00                    1290 	.db #0x00	;  0
      0004B9 08                    1291 	.db #0x08	;  8
      0004BA 22                    1292 	.db #0x22	; 34
      0004BB 00                    1293 	.db #0x00	;  0
      0004BC 08                    1294 	.db #0x08	;  8
      0004BD 2C                    1295 	.db #0x2c	; 44
      0004BE 80                    1296 	.db #0x80	; -128
      0004BF 00                    1297 	.db #0x00	;  0
      0004C0 00                    1298 	.db #0x00	; 0
      0004C1                       1299 _sprite_metasprite4:
      0004C1 E8                    1300 	.db #0xe8	; -24
      0004C2 E8                    1301 	.db #0xe8	; -24
      0004C3 00                    1302 	.db #0x00	; 0
      0004C4 00                    1303 	.db #0x00	;  0
      0004C5 08                    1304 	.db #0x08	;  8
      0004C6 02                    1305 	.db #0x02	; 2
      0004C7 00                    1306 	.db #0x00	;  0
      0004C8 08                    1307 	.db #0x08	;  8
      0004C9 04                    1308 	.db #0x04	; 4
      0004CA 00                    1309 	.db #0x00	;  0
      0004CB 08                    1310 	.db #0x08	;  8
      0004CC 06                    1311 	.db #0x06	; 6
      0004CD 00                    1312 	.db #0x00	;  0
      0004CE 08                    1313 	.db #0x08	;  8
      0004CF 08                    1314 	.db #0x08	; 8
      0004D0 00                    1315 	.db #0x00	;  0
      0004D1 08                    1316 	.db #0x08	;  8
      0004D2 0A                    1317 	.db #0x0a	; 10
      0004D3 10                    1318 	.db #0x10	;  16
      0004D4 D8                    1319 	.db #0xd8	; -40
      0004D5 0C                    1320 	.db #0x0c	; 12
      0004D6 00                    1321 	.db #0x00	;  0
      0004D7 08                    1322 	.db #0x08	;  8
      0004D8 0E                    1323 	.db #0x0e	; 14
      0004D9 00                    1324 	.db #0x00	;  0
      0004DA 08                    1325 	.db #0x08	;  8
      0004DB 10                    1326 	.db #0x10	; 16
      0004DC 00                    1327 	.db #0x00	;  0
      0004DD 08                    1328 	.db #0x08	;  8
      0004DE 12                    1329 	.db #0x12	; 18
      0004DF 00                    1330 	.db #0x00	;  0
      0004E0 08                    1331 	.db #0x08	;  8
      0004E1 14                    1332 	.db #0x14	; 20
      0004E2 00                    1333 	.db #0x00	;  0
      0004E3 08                    1334 	.db #0x08	;  8
      0004E4 16                    1335 	.db #0x16	; 22
      0004E5 00                    1336 	.db #0x00	;  0
      0004E6 08                    1337 	.db #0x08	;  8
      0004E7 18                    1338 	.db #0x18	; 24
      0004E8 10                    1339 	.db #0x10	;  16
      0004E9 C8                    1340 	.db #0xc8	; -56
      0004EA 3A                    1341 	.db #0x3a	; 58
      0004EB 00                    1342 	.db #0x00	;  0
      0004EC 08                    1343 	.db #0x08	;  8
      0004ED 38                    1344 	.db #0x38	; 56	'8'
      0004EE 00                    1345 	.db #0x00	;  0
      0004EF 10                    1346 	.db #0x10	;  16
      0004F0 1C                    1347 	.db #0x1c	; 28
      0004F1 00                    1348 	.db #0x00	;  0
      0004F2 08                    1349 	.db #0x08	;  8
      0004F3 1E                    1350 	.db #0x1e	; 30
      0004F4 00                    1351 	.db #0x00	;  0
      0004F5 08                    1352 	.db #0x08	;  8
      0004F6 20                    1353 	.db #0x20	; 32
      0004F7 00                    1354 	.db #0x00	;  0
      0004F8 08                    1355 	.db #0x08	;  8
      0004F9 22                    1356 	.db #0x22	; 34
      0004FA 00                    1357 	.db #0x00	;  0
      0004FB 08                    1358 	.db #0x08	;  8
      0004FC 24                    1359 	.db #0x24	; 36
      0004FD 80                    1360 	.db #0x80	; -128
      0004FE 00                    1361 	.db #0x00	;  0
      0004FF 00                    1362 	.db #0x00	; 0
      000500                       1363 _sprite_metasprites:
      000500rC8r03                 1364 	.dw _sprite_metasprite0
      000502r04r04                 1365 	.dw _sprite_metasprite1
      000504r43r04                 1366 	.dw _sprite_metasprite2
      000506r82r04                 1367 	.dw _sprite_metasprite3
      000508rC1r04                 1368 	.dw _sprite_metasprite4
                                   1369 	.area _INITIALIZER
                                   1370 	.area _CABS (ABS)
