                                      1 ;--------------------------------------------------------
                                      2 ; File Created by SDCC : free open source ISO C Compiler 
                                      3 ; Version 4.2.2 #13350 (Mac OS X x86_64)
                                      4 ;--------------------------------------------------------
                                      5 	.module monalisa_map
                                      6 	.optsdcc -msm83
                                      7 	
                                      8 ;--------------------------------------------------------
                                      9 ; Public variables in this module
                                     10 ;--------------------------------------------------------
                                     11 	.globl _monalisa_mapPLN0
                                     12 ;--------------------------------------------------------
                                     13 ; special function registers
                                     14 ;--------------------------------------------------------
                                     15 ;--------------------------------------------------------
                                     16 ; ram data
                                     17 ;--------------------------------------------------------
                                     18 	.area _DATA
                                     19 ;--------------------------------------------------------
                                     20 ; ram data
                                     21 ;--------------------------------------------------------
                                     22 	.area _INITIALIZED
                                     23 ;--------------------------------------------------------
                                     24 ; absolute external ram data
                                     25 ;--------------------------------------------------------
                                     26 	.area _DABS (ABS)
                                     27 ;--------------------------------------------------------
                                     28 ; global & static initialisations
                                     29 ;--------------------------------------------------------
                                     30 	.area _HOME
                                     31 	.area _GSINIT
                                     32 	.area _GSFINAL
                                     33 	.area _GSINIT
                                     34 ;--------------------------------------------------------
                                     35 ; Home
                                     36 ;--------------------------------------------------------
                                     37 	.area _HOME
                                     38 	.area _HOME
                                     39 ;--------------------------------------------------------
                                     40 ; code
                                     41 ;--------------------------------------------------------
                                     42 	.area _CODE
                                     43 	.area _CODE
      000000                         44 _monalisa_mapPLN0:
      000000 00                      45 	.db #0x00	; 0
      000001 00                      46 	.db #0x00	; 0
      000002 00                      47 	.db #0x00	; 0
      000003 00                      48 	.db #0x00	; 0
      000004 00                      49 	.db #0x00	; 0
      000005 00                      50 	.db #0x00	; 0
      000006 00                      51 	.db #0x00	; 0
      000007 00                      52 	.db #0x00	; 0
      000008 01                      53 	.db #0x01	; 1
      000009 02                      54 	.db #0x02	; 2
      00000A 03                      55 	.db #0x03	; 3
      00000B 04                      56 	.db #0x04	; 4
      00000C 00                      57 	.db #0x00	; 0
      00000D 00                      58 	.db #0x00	; 0
      00000E 00                      59 	.db #0x00	; 0
      00000F 00                      60 	.db #0x00	; 0
      000010 00                      61 	.db #0x00	; 0
      000011 00                      62 	.db #0x00	; 0
      000012 00                      63 	.db #0x00	; 0
      000013 00                      64 	.db #0x00	; 0
      000014 00                      65 	.db #0x00	; 0
      000015 00                      66 	.db #0x00	; 0
      000016 00                      67 	.db #0x00	; 0
      000017 00                      68 	.db #0x00	; 0
      000018 00                      69 	.db #0x00	; 0
      000019 00                      70 	.db #0x00	; 0
      00001A 00                      71 	.db #0x00	; 0
      00001B 05                      72 	.db #0x05	; 5
      00001C 06                      73 	.db #0x06	; 6
      00001D 07                      74 	.db #0x07	; 7
      00001E 08                      75 	.db #0x08	; 8
      00001F 09                      76 	.db #0x09	; 9
      000020 0A                      77 	.db #0x0a	; 10
      000021 00                      78 	.db #0x00	; 0
      000022 00                      79 	.db #0x00	; 0
      000023 00                      80 	.db #0x00	; 0
      000024 00                      81 	.db #0x00	; 0
      000025 00                      82 	.db #0x00	; 0
      000026 00                      83 	.db #0x00	; 0
      000027 00                      84 	.db #0x00	; 0
      000028 00                      85 	.db #0x00	; 0
      000029 00                      86 	.db #0x00	; 0
      00002A 00                      87 	.db #0x00	; 0
      00002B 00                      88 	.db #0x00	; 0
      00002C 00                      89 	.db #0x00	; 0
      00002D 00                      90 	.db #0x00	; 0
      00002E 0B                      91 	.db #0x0b	; 11
      00002F 0C                      92 	.db #0x0c	; 12
      000030 0D                      93 	.db #0x0d	; 13
      000031 0E                      94 	.db #0x0e	; 14
      000032 0F                      95 	.db #0x0f	; 15
      000033 10                      96 	.db #0x10	; 16
      000034 11                      97 	.db #0x11	; 17
      000035 12                      98 	.db #0x12	; 18
      000036 00                      99 	.db #0x00	; 0
      000037 00                     100 	.db #0x00	; 0
      000038 00                     101 	.db #0x00	; 0
      000039 00                     102 	.db #0x00	; 0
      00003A 00                     103 	.db #0x00	; 0
      00003B 00                     104 	.db #0x00	; 0
      00003C 13                     105 	.db #0x13	; 19
      00003D 14                     106 	.db #0x14	; 20
      00003E 00                     107 	.db #0x00	; 0
      00003F 00                     108 	.db #0x00	; 0
      000040 00                     109 	.db #0x00	; 0
      000041 00                     110 	.db #0x00	; 0
      000042 15                     111 	.db #0x15	; 21
      000043 16                     112 	.db #0x16	; 22
      000044 00                     113 	.db #0x00	; 0
      000045 17                     114 	.db #0x17	; 23
      000046 18                     115 	.db #0x18	; 24
      000047 19                     116 	.db #0x19	; 25
      000048 1A                     117 	.db #0x1a	; 26
      000049 1B                     118 	.db #0x1b	; 27
      00004A 1C                     119 	.db #0x1c	; 28
      00004B 13                     120 	.db #0x13	; 19
      00004C 00                     121 	.db #0x00	; 0
      00004D 00                     122 	.db #0x00	; 0
      00004E 00                     123 	.db #0x00	; 0
      00004F 00                     124 	.db #0x00	; 0
      000050 1D                     125 	.db #0x1d	; 29
      000051 1E                     126 	.db #0x1e	; 30
      000052 1F                     127 	.db #0x1f	; 31
      000053 20                     128 	.db #0x20	; 32
      000054 21                     129 	.db #0x21	; 33
      000055 00                     130 	.db #0x00	; 0
      000056 22                     131 	.db #0x22	; 34
      000057 23                     132 	.db #0x23	; 35
      000058 24                     133 	.db #0x24	; 36
      000059 25                     134 	.db #0x25	; 37
      00005A 26                     135 	.db #0x26	; 38
      00005B 27                     136 	.db #0x27	; 39
      00005C 1A                     137 	.db #0x1a	; 26
      00005D 28                     138 	.db #0x28	; 40
      00005E 29                     139 	.db #0x29	; 41
      00005F 2A                     140 	.db #0x2a	; 42
      000060 2B                     141 	.db #0x2b	; 43
      000061 00                     142 	.db #0x00	; 0
      000062 00                     143 	.db #0x00	; 0
      000063 00                     144 	.db #0x00	; 0
      000064 2C                     145 	.db #0x2c	; 44
      000065 2D                     146 	.db #0x2d	; 45
      000066 2E                     147 	.db #0x2e	; 46
      000067 2F                     148 	.db #0x2f	; 47
      000068 30                     149 	.db #0x30	; 48	'0'
      000069 31                     150 	.db #0x31	; 49	'1'
      00006A 32                     151 	.db #0x32	; 50	'2'
      00006B 33                     152 	.db #0x33	; 51	'3'
      00006C 34                     153 	.db #0x34	; 52	'4'
      00006D 35                     154 	.db #0x35	; 53	'5'
      00006E 36                     155 	.db #0x36	; 54	'6'
      00006F 37                     156 	.db #0x37	; 55	'7'
      000070 1A                     157 	.db #0x1a	; 26
      000071 38                     158 	.db #0x38	; 56	'8'
      000072 39                     159 	.db #0x39	; 57	'9'
      000073 3A                     160 	.db #0x3a	; 58
      000074 3B                     161 	.db #0x3b	; 59
      000075 3C                     162 	.db #0x3c	; 60
      000076 3D                     163 	.db #0x3d	; 61
      000077 3E                     164 	.db #0x3e	; 62
      000078 3F                     165 	.db #0x3f	; 63
      000079 40                     166 	.db #0x40	; 64
      00007A 41                     167 	.db #0x41	; 65	'A'
      00007B 41                     168 	.db #0x41	; 65	'A'
      00007C 42                     169 	.db #0x42	; 66	'B'
      00007D 43                     170 	.db #0x43	; 67	'C'
      00007E 44                     171 	.db #0x44	; 68	'D'
      00007F 45                     172 	.db #0x45	; 69	'E'
      000080 46                     173 	.db #0x46	; 70	'F'
      000081 47                     174 	.db #0x47	; 71	'G'
      000082 48                     175 	.db #0x48	; 72	'H'
      000083 49                     176 	.db #0x49	; 73	'I'
      000084 1A                     177 	.db #0x1a	; 26
      000085 4A                     178 	.db #0x4a	; 74	'J'
      000086 4B                     179 	.db #0x4b	; 75	'K'
      000087 4C                     180 	.db #0x4c	; 76	'L'
      000088 4D                     181 	.db #0x4d	; 77	'M'
      000089 4E                     182 	.db #0x4e	; 78	'N'
      00008A 4F                     183 	.db #0x4f	; 79	'O'
      00008B 50                     184 	.db #0x50	; 80	'P'
      00008C 51                     185 	.db #0x51	; 81	'Q'
      00008D 52                     186 	.db #0x52	; 82	'R'
      00008E 41                     187 	.db #0x41	; 65	'A'
      00008F 53                     188 	.db #0x53	; 83	'S'
      000090 54                     189 	.db #0x54	; 84	'T'
      000091 55                     190 	.db #0x55	; 85	'U'
      000092 56                     191 	.db #0x56	; 86	'V'
      000093 57                     192 	.db #0x57	; 87	'W'
      000094 58                     193 	.db #0x58	; 88	'X'
      000095 59                     194 	.db #0x59	; 89	'Y'
      000096 5A                     195 	.db #0x5a	; 90	'Z'
      000097 5B                     196 	.db #0x5b	; 91
      000098 1A                     197 	.db #0x1a	; 26
      000099 1A                     198 	.db #0x1a	; 26
      00009A 5C                     199 	.db #0x5c	; 92
      00009B 5D                     200 	.db #0x5d	; 93
      00009C 5E                     201 	.db #0x5e	; 94
      00009D 5F                     202 	.db #0x5f	; 95
      00009E 60                     203 	.db #0x60	; 96
      00009F 61                     204 	.db #0x61	; 97	'a'
      0000A0 62                     205 	.db #0x62	; 98	'b'
      0000A1 63                     206 	.db #0x63	; 99	'c'
      0000A2 64                     207 	.db #0x64	; 100	'd'
      0000A3 65                     208 	.db #0x65	; 101	'e'
      0000A4 66                     209 	.db #0x66	; 102	'f'
      0000A5 67                     210 	.db #0x67	; 103	'g'
      0000A6 68                     211 	.db #0x68	; 104	'h'
      0000A7 1A                     212 	.db #0x1a	; 26
      0000A8 69                     213 	.db #0x69	; 105	'i'
      0000A9 6A                     214 	.db #0x6a	; 106	'j'
      0000AA 6B                     215 	.db #0x6b	; 107	'k'
      0000AB 6C                     216 	.db #0x6c	; 108	'l'
      0000AC 1A                     217 	.db #0x1a	; 26
      0000AD 1A                     218 	.db #0x1a	; 26
      0000AE 6D                     219 	.db #0x6d	; 109	'm'
      0000AF 6E                     220 	.db #0x6e	; 110	'n'
      0000B0 6F                     221 	.db #0x6f	; 111	'o'
      0000B1 70                     222 	.db #0x70	; 112	'p'
      0000B2 71                     223 	.db #0x71	; 113	'q'
      0000B3 72                     224 	.db #0x72	; 114	'r'
      0000B4 73                     225 	.db #0x73	; 115	's'
      0000B5 74                     226 	.db #0x74	; 116	't'
      0000B6 75                     227 	.db #0x75	; 117	'u'
      0000B7 76                     228 	.db #0x76	; 118	'v'
      0000B8 77                     229 	.db #0x77	; 119	'w'
      0000B9 78                     230 	.db #0x78	; 120	'x'
      0000BA 79                     231 	.db #0x79	; 121	'y'
      0000BB 1A                     232 	.db #0x1a	; 26
      0000BC 7A                     233 	.db #0x7a	; 122	'z'
      0000BD 7B                     234 	.db #0x7b	; 123
      0000BE 7C                     235 	.db #0x7c	; 124
      0000BF 7D                     236 	.db #0x7d	; 125
      0000C0 7E                     237 	.db #0x7e	; 126
      0000C1 1A                     238 	.db #0x1a	; 26
      0000C2 7F                     239 	.db #0x7f	; 127
      0000C3 80                     240 	.db #0x80	; 128
      0000C4 81                     241 	.db #0x81	; 129
      0000C5 82                     242 	.db #0x82	; 130
      0000C6 83                     243 	.db #0x83	; 131
      0000C7 84                     244 	.db #0x84	; 132
      0000C8 85                     245 	.db #0x85	; 133
      0000C9 86                     246 	.db #0x86	; 134
      0000CA 87                     247 	.db #0x87	; 135
      0000CB 88                     248 	.db #0x88	; 136
      0000CC 89                     249 	.db #0x89	; 137
      0000CD 8A                     250 	.db #0x8a	; 138
      0000CE 8B                     251 	.db #0x8b	; 139
      0000CF 8C                     252 	.db #0x8c	; 140
      0000D0 8D                     253 	.db #0x8d	; 141
      0000D1 8E                     254 	.db #0x8e	; 142
      0000D2 8F                     255 	.db #0x8f	; 143
      0000D3 90                     256 	.db #0x90	; 144
      0000D4 91                     257 	.db #0x91	; 145
      0000D5 92                     258 	.db #0x92	; 146
      0000D6 93                     259 	.db #0x93	; 147
      0000D7 94                     260 	.db #0x94	; 148
      0000D8 95                     261 	.db #0x95	; 149
      0000D9 96                     262 	.db #0x96	; 150
      0000DA 97                     263 	.db #0x97	; 151
      0000DB 98                     264 	.db #0x98	; 152
      0000DC 99                     265 	.db #0x99	; 153
      0000DD 9A                     266 	.db #0x9a	; 154
      0000DE 9B                     267 	.db #0x9b	; 155
      0000DF 9C                     268 	.db #0x9c	; 156
      0000E0 9D                     269 	.db #0x9d	; 157
      0000E1 9E                     270 	.db #0x9e	; 158
      0000E2 9F                     271 	.db #0x9f	; 159
      0000E3 A0                     272 	.db #0xa0	; 160
      0000E4 A1                     273 	.db #0xa1	; 161
      0000E5 00                     274 	.db #0x00	; 0
      0000E6 00                     275 	.db #0x00	; 0
      0000E7 A2                     276 	.db #0xa2	; 162
      0000E8 A3                     277 	.db #0xa3	; 163
      0000E9 A4                     278 	.db #0xa4	; 164
      0000EA A5                     279 	.db #0xa5	; 165
      0000EB A6                     280 	.db #0xa6	; 166
      0000EC A7                     281 	.db #0xa7	; 167
      0000ED A8                     282 	.db #0xa8	; 168
      0000EE A9                     283 	.db #0xa9	; 169
      0000EF AA                     284 	.db #0xaa	; 170
      0000F0 AB                     285 	.db #0xab	; 171
      0000F1 AC                     286 	.db #0xac	; 172
      0000F2 AD                     287 	.db #0xad	; 173
      0000F3 AE                     288 	.db #0xae	; 174
      0000F4 AF                     289 	.db #0xaf	; 175
      0000F5 B0                     290 	.db #0xb0	; 176
      0000F6 B1                     291 	.db #0xb1	; 177
      0000F7 B2                     292 	.db #0xb2	; 178
      0000F8 00                     293 	.db #0x00	; 0
      0000F9 00                     294 	.db #0x00	; 0
      0000FA 00                     295 	.db #0x00	; 0
      0000FB B3                     296 	.db #0xb3	; 179
      0000FC B4                     297 	.db #0xb4	; 180
      0000FD B5                     298 	.db #0xb5	; 181
      0000FE B6                     299 	.db #0xb6	; 182
      0000FF B7                     300 	.db #0xb7	; 183
      000100 B8                     301 	.db #0xb8	; 184
      000101 B9                     302 	.db #0xb9	; 185
      000102 BA                     303 	.db #0xba	; 186
      000103 BB                     304 	.db #0xbb	; 187
      000104 BC                     305 	.db #0xbc	; 188
      000105 BD                     306 	.db #0xbd	; 189
      000106 BE                     307 	.db #0xbe	; 190
      000107 BF                     308 	.db #0xbf	; 191
      000108 C0                     309 	.db #0xc0	; 192
      000109 1A                     310 	.db #0x1a	; 26
      00010A C1                     311 	.db #0xc1	; 193
      00010B C2                     312 	.db #0xc2	; 194
      00010C C3                     313 	.db #0xc3	; 195
      00010D 00                     314 	.db #0x00	; 0
      00010E C4                     315 	.db #0xc4	; 196
      00010F C5                     316 	.db #0xc5	; 197
      000110 C6                     317 	.db #0xc6	; 198
      000111 C7                     318 	.db #0xc7	; 199
      000112 1A                     319 	.db #0x1a	; 26
      000113 1A                     320 	.db #0x1a	; 26
      000114 1A                     321 	.db #0x1a	; 26
      000115 C8                     322 	.db #0xc8	; 200
      000116 C9                     323 	.db #0xc9	; 201
      000117 CA                     324 	.db #0xca	; 202
      000118 CB                     325 	.db #0xcb	; 203
      000119 CC                     326 	.db #0xcc	; 204
      00011A CD                     327 	.db #0xcd	; 205
      00011B CE                     328 	.db #0xce	; 206
      00011C CF                     329 	.db #0xcf	; 207
      00011D D0                     330 	.db #0xd0	; 208
      00011E D1                     331 	.db #0xd1	; 209
      00011F D2                     332 	.db #0xd2	; 210
      000120 D3                     333 	.db #0xd3	; 211
      000121 D4                     334 	.db #0xd4	; 212
      000122 D5                     335 	.db #0xd5	; 213
      000123 D6                     336 	.db #0xd6	; 214
      000124 1A                     337 	.db #0x1a	; 26
      000125 1A                     338 	.db #0x1a	; 26
      000126 D7                     339 	.db #0xd7	; 215
      000127 D8                     340 	.db #0xd8	; 216
      000128 1A                     341 	.db #0x1a	; 26
      000129 D9                     342 	.db #0xd9	; 217
      00012A DA                     343 	.db #0xda	; 218
      00012B DB                     344 	.db #0xdb	; 219
      00012C DC                     345 	.db #0xdc	; 220
      00012D DD                     346 	.db #0xdd	; 221
      00012E DE                     347 	.db #0xde	; 222
      00012F DF                     348 	.db #0xdf	; 223
      000130 1A                     349 	.db #0x1a	; 26
      000131 E0                     350 	.db #0xe0	; 224
      000132 E1                     351 	.db #0xe1	; 225
      000133 E2                     352 	.db #0xe2	; 226
      000134 E3                     353 	.db #0xe3	; 227
      000135 E4                     354 	.db #0xe4	; 228
      000136 E5                     355 	.db #0xe5	; 229
      000137 1A                     356 	.db #0x1a	; 26
      000138 1A                     357 	.db #0x1a	; 26
      000139 E6                     358 	.db #0xe6	; 230
      00013A E7                     359 	.db #0xe7	; 231
      00013B E8                     360 	.db #0xe8	; 232
      00013C 1A                     361 	.db #0x1a	; 26
      00013D E9                     362 	.db #0xe9	; 233
      00013E EA                     363 	.db #0xea	; 234
      00013F EB                     364 	.db #0xeb	; 235
      000140 EC                     365 	.db #0xec	; 236
      000141 ED                     366 	.db #0xed	; 237
      000142 EE                     367 	.db #0xee	; 238
      000143 EF                     368 	.db #0xef	; 239
      000144 F0                     369 	.db #0xf0	; 240
      000145 1A                     370 	.db #0x1a	; 26
      000146 1A                     371 	.db #0x1a	; 26
      000147 1A                     372 	.db #0x1a	; 26
      000148 F1                     373 	.db #0xf1	; 241
      000149 F2                     374 	.db #0xf2	; 242
      00014A 1A                     375 	.db #0x1a	; 26
      00014B 1A                     376 	.db #0x1a	; 26
      00014C 1A                     377 	.db #0x1a	; 26
      00014D F3                     378 	.db #0xf3	; 243
      00014E F4                     379 	.db #0xf4	; 244
      00014F 1A                     380 	.db #0x1a	; 26
      000150 1A                     381 	.db #0x1a	; 26
      000151 1A                     382 	.db #0x1a	; 26
      000152 F5                     383 	.db #0xf5	; 245
      000153 F6                     384 	.db #0xf6	; 246
      000154 F7                     385 	.db #0xf7	; 247
      000155 F8                     386 	.db #0xf8	; 248
      000156 F9                     387 	.db #0xf9	; 249
      000157 FA                     388 	.db #0xfa	; 250
      000158 FB                     389 	.db #0xfb	; 251
      000159 1A                     390 	.db #0x1a	; 26
      00015A 1A                     391 	.db #0x1a	; 26
      00015B 1A                     392 	.db #0x1a	; 26
      00015C 1A                     393 	.db #0x1a	; 26
      00015D 1A                     394 	.db #0x1a	; 26
      00015E 1A                     395 	.db #0x1a	; 26
      00015F 1A                     396 	.db #0x1a	; 26
      000160 1A                     397 	.db #0x1a	; 26
      000161 1A                     398 	.db #0x1a	; 26
      000162 1A                     399 	.db #0x1a	; 26
      000163 1A                     400 	.db #0x1a	; 26
      000164 1A                     401 	.db #0x1a	; 26
      000165 1A                     402 	.db #0x1a	; 26
      000166 1A                     403 	.db #0x1a	; 26
      000167 FC                     404 	.db #0xfc	; 252
                                    405 	.area _INITIALIZER
                                    406 	.area _CABS (ABS)
