                              1 ;--------------------------------------------------------
                              2 ; File Created by SDCC : free open source ISO C Compiler 
                              3 ; Version 4.2.2 #13350 (Mac OS X x86_64)
                              4 ;--------------------------------------------------------
                              5 	.module sprite
                              6 	.optsdcc -mmos6502
                              7 	
                              8 ;--------------------------------------------------------
                              9 ; Public variables in this module
                             10 ;--------------------------------------------------------
                             11 	.globl _sprite_metasprites
                             12 	.globl _sprite_metasprite4
                             13 	.globl _sprite_metasprite3
                             14 	.globl _sprite_metasprite2
                             15 	.globl _sprite_metasprite1
                             16 	.globl _sprite_metasprite0
                             17 	.globl _sprite_tiles
                             18 	.globl _sprite_palettes
                             19 ;--------------------------------------------------------
                             20 ; ZP ram data
                             21 ;--------------------------------------------------------
                             22 	.area ZP      (PAG)
                             23 ;--------------------------------------------------------
                             24 ; overlayable items in ram
                             25 ;--------------------------------------------------------
                             26 ;--------------------------------------------------------
                             27 ; uninitialized external ram data
                             28 ;--------------------------------------------------------
                             29 	.area BSS
                             30 ;--------------------------------------------------------
                             31 ; absolute external ram data
                             32 ;--------------------------------------------------------
                             33 	.area DABS    (ABS)
                             34 ;--------------------------------------------------------
                             35 ; initialized external ram data
                             36 ;--------------------------------------------------------
                             37 	.area DATA
                             38 ;--------------------------------------------------------
                             39 ; global & static initialisations
                             40 ;--------------------------------------------------------
                             41 	.area _CODE
                             42 	.area GSINIT
                             43 	.area GSFINAL
                             44 	.area GSINIT
                             45 ;--------------------------------------------------------
                             46 ; Home
                             47 ;--------------------------------------------------------
                             48 	.area _CODE
                             49 	.area _CODE
                             50 ;--------------------------------------------------------
                             51 ; code
                             52 ;--------------------------------------------------------
                             53 	.area CODE
                             54 	.area CODE
                             55 	.area RODATA
   0000                      56 _sprite_palettes:
   0000 20                   57 	.db #0x20	; 32
   0001 20                   58 	.db #0x20	; 32
   0002 39                   59 	.db #0x39	; 57	'9'
   0003 1D                   60 	.db #0x1d	; 29
   0004                      61 _sprite_tiles:
   0004 00                   62 	.db #0x00	; 0
   0005 00                   63 	.db #0x00	; 0
   0006 00                   64 	.db #0x00	; 0
   0007 00                   65 	.db #0x00	; 0
   0008 00                   66 	.db #0x00	; 0
   0009 00                   67 	.db #0x00	; 0
   000A 00                   68 	.db #0x00	; 0
   000B 00                   69 	.db #0x00	; 0
   000C 00                   70 	.db #0x00	; 0
   000D 00                   71 	.db #0x00	; 0
   000E 00                   72 	.db #0x00	; 0
   000F 00                   73 	.db #0x00	; 0
   0010 00                   74 	.db #0x00	; 0
   0011 00                   75 	.db #0x00	; 0
   0012 00                   76 	.db #0x00	; 0
   0013 00                   77 	.db #0x00	; 0
   0014 00                   78 	.db #0x00	; 0
   0015 00                   79 	.db #0x00	; 0
   0016 00                   80 	.db #0x00	; 0
   0017 00                   81 	.db #0x00	; 0
   0018 00                   82 	.db #0x00	; 0
   0019 00                   83 	.db #0x00	; 0
   001A 03                   84 	.db #0x03	; 3
   001B 03                   85 	.db #0x03	; 3
   001C 0D                   86 	.db #0x0d	; 13
   001D 0E                   87 	.db #0x0e	; 14
   001E 1F                   88 	.db #0x1f	; 31
   001F 10                   89 	.db #0x10	; 16
   0020 3F                   90 	.db #0x3f	; 63
   0021 20                   91 	.db #0x20	; 32
   0022 3F                   92 	.db #0x3f	; 63
   0023 20                   93 	.db #0x20	; 32
   0024 00                   94 	.db #0x00	; 0
   0025 00                   95 	.db #0x00	; 0
   0026 00                   96 	.db #0x00	; 0
   0027 00                   97 	.db #0x00	; 0
   0028 00                   98 	.db #0x00	; 0
   0029 00                   99 	.db #0x00	; 0
   002A 00                  100 	.db #0x00	; 0
   002B 00                  101 	.db #0x00	; 0
   002C 00                  102 	.db #0x00	; 0
   002D 00                  103 	.db #0x00	; 0
   002E 00                  104 	.db #0x00	; 0
   002F 00                  105 	.db #0x00	; 0
   0030 00                  106 	.db #0x00	; 0
   0031 00                  107 	.db #0x00	; 0
   0032 00                  108 	.db #0x00	; 0
   0033 00                  109 	.db #0x00	; 0
   0034 00                  110 	.db #0x00	; 0
   0035 00                  111 	.db #0x00	; 0
   0036 03                  112 	.db #0x03	; 3
   0037 03                  113 	.db #0x03	; 3
   0038 FD                  114 	.db #0xfd	; 253
   0039 FE                  115 	.db #0xfe	; 254
   003A 3F                  116 	.db #0x3f	; 63
   003B C0                  117 	.db #0xc0	; 192
   003C FF                  118 	.db #0xff	; 255
   003D 0C                  119 	.db #0x0c	; 12
   003E FF                  120 	.db #0xff	; 255
   003F 13                  121 	.db #0x13	; 19
   0040 F7                  122 	.db #0xf7	; 247
   0041 08                  123 	.db #0x08	; 8
   0042 C1                  124 	.db #0xc1	; 193
   0043 3E                  125 	.db #0x3e	; 62
   0044 00                  126 	.db #0x00	; 0
   0045 00                  127 	.db #0x00	; 0
   0046 00                  128 	.db #0x00	; 0
   0047 00                  129 	.db #0x00	; 0
   0048 00                  130 	.db #0x00	; 0
   0049 00                  131 	.db #0x00	; 0
   004A 00                  132 	.db #0x00	; 0
   004B 00                  133 	.db #0x00	; 0
   004C 00                  134 	.db #0x00	; 0
   004D 00                  135 	.db #0x00	; 0
   004E 00                  136 	.db #0x00	; 0
   004F 00                  137 	.db #0x00	; 0
   0050 00                  138 	.db #0x00	; 0
   0051 00                  139 	.db #0x00	; 0
   0052 00                  140 	.db #0x00	; 0
   0053 00                  141 	.db #0x00	; 0
   0054 7F                  142 	.db #0x7f	; 127
   0055 7F                  143 	.db #0x7f	; 127
   0056 9F                  144 	.db #0x9f	; 159
   0057 E0                  145 	.db #0xe0	; 224
   0058 FF                  146 	.db #0xff	; 255
   0059 00                  147 	.db #0x00	; 0
   005A FF                  148 	.db #0xff	; 255
   005B 00                  149 	.db #0x00	; 0
   005C FF                  150 	.db #0xff	; 255
   005D 00                  151 	.db #0x00	; 0
   005E FF                  152 	.db #0xff	; 255
   005F 00                  153 	.db #0x00	; 0
   0060 FF                  154 	.db #0xff	; 255
   0061 80                  155 	.db #0x80	; 128
   0062 FF                  156 	.db #0xff	; 255
   0063 40                  157 	.db #0x40	; 64
   0064 00                  158 	.db #0x00	; 0
   0065 00                  159 	.db #0x00	; 0
   0066 00                  160 	.db #0x00	; 0
   0067 00                  161 	.db #0x00	; 0
   0068 00                  162 	.db #0x00	; 0
   0069 00                  163 	.db #0x00	; 0
   006A 00                  164 	.db #0x00	; 0
   006B 00                  165 	.db #0x00	; 0
   006C 00                  166 	.db #0x00	; 0
   006D 00                  167 	.db #0x00	; 0
   006E 00                  168 	.db #0x00	; 0
   006F 00                  169 	.db #0x00	; 0
   0070 00                  170 	.db #0x00	; 0
   0071 00                  171 	.db #0x00	; 0
   0072 00                  172 	.db #0x00	; 0
   0073 00                  173 	.db #0x00	; 0
   0074 F0                  174 	.db #0xf0	; 240
   0075 F0                  175 	.db #0xf0	; 240
   0076 CF                  176 	.db #0xcf	; 207
   0077 3F                  177 	.db #0x3f	; 63
   0078 FF                  178 	.db #0xff	; 255
   0079 00                  179 	.db #0x00	; 0
   007A FF                  180 	.db #0xff	; 255
   007B 00                  181 	.db #0x00	; 0
   007C FF                  182 	.db #0xff	; 255
   007D 00                  183 	.db #0x00	; 0
   007E FF                  184 	.db #0xff	; 255
   007F 00                  185 	.db #0x00	; 0
   0080 FF                  186 	.db #0xff	; 255
   0081 00                  187 	.db #0x00	; 0
   0082 FF                  188 	.db #0xff	; 255
   0083 00                  189 	.db #0x00	; 0
   0084 00                  190 	.db #0x00	; 0
   0085 00                  191 	.db #0x00	; 0
   0086 00                  192 	.db #0x00	; 0
   0087 00                  193 	.db #0x00	; 0
   0088 00                  194 	.db #0x00	; 0
   0089 00                  195 	.db #0x00	; 0
   008A 00                  196 	.db #0x00	; 0
   008B 00                  197 	.db #0x00	; 0
   008C 00                  198 	.db #0x00	; 0
   008D 00                  199 	.db #0x00	; 0
   008E 00                  200 	.db #0x00	; 0
   008F 00                  201 	.db #0x00	; 0
   0090 00                  202 	.db #0x00	; 0
   0091 00                  203 	.db #0x00	; 0
   0092 00                  204 	.db #0x00	; 0
   0093 00                  205 	.db #0x00	; 0
   0094 00                  206 	.db #0x00	; 0
   0095 00                  207 	.db #0x00	; 0
   0096 C0                  208 	.db #0xc0	; 192
   0097 C0                  209 	.db #0xc0	; 192
   0098 3C                  210 	.db #0x3c	; 60
   0099 FC                  211 	.db #0xfc	; 252
   009A F3                  212 	.db #0xf3	; 243
   009B 0F                  213 	.db #0x0f	; 15
   009C FF                  214 	.db #0xff	; 255
   009D 00                  215 	.db #0x00	; 0
   009E FF                  216 	.db #0xff	; 255
   009F 00                  217 	.db #0x00	; 0
   00A0 FF                  218 	.db #0xff	; 255
   00A1 00                  219 	.db #0x00	; 0
   00A2 FF                  220 	.db #0xff	; 255
   00A3 00                  221 	.db #0x00	; 0
   00A4 00                  222 	.db #0x00	; 0
   00A5 00                  223 	.db #0x00	; 0
   00A6 00                  224 	.db #0x00	; 0
   00A7 00                  225 	.db #0x00	; 0
   00A8 00                  226 	.db #0x00	; 0
   00A9 00                  227 	.db #0x00	; 0
   00AA 00                  228 	.db #0x00	; 0
   00AB 00                  229 	.db #0x00	; 0
   00AC 00                  230 	.db #0x00	; 0
   00AD 00                  231 	.db #0x00	; 0
   00AE 00                  232 	.db #0x00	; 0
   00AF 00                  233 	.db #0x00	; 0
   00B0 00                  234 	.db #0x00	; 0
   00B1 00                  235 	.db #0x00	; 0
   00B2 00                  236 	.db #0x00	; 0
   00B3 00                  237 	.db #0x00	; 0
   00B4 00                  238 	.db #0x00	; 0
   00B5 00                  239 	.db #0x00	; 0
   00B6 00                  240 	.db #0x00	; 0
   00B7 00                  241 	.db #0x00	; 0
   00B8 00                  242 	.db #0x00	; 0
   00B9 00                  243 	.db #0x00	; 0
   00BA C0                  244 	.db #0xc0	; 192
   00BB C0                  245 	.db #0xc0	; 192
   00BC B0                  246 	.db #0xb0	; 176
   00BD 70                  247 	.db #0x70	; 112	'p'
   00BE F8                  248 	.db #0xf8	; 248
   00BF 08                  249 	.db #0x08	; 8
   00C0 FC                  250 	.db #0xfc	; 252
   00C1 04                  251 	.db #0x04	; 4
   00C2 FC                  252 	.db #0xfc	; 252
   00C3 04                  253 	.db #0x04	; 4
   00C4 3F                  254 	.db #0x3f	; 63
   00C5 20                  255 	.db #0x20	; 32
   00C6 3F                  256 	.db #0x3f	; 63
   00C7 20                  257 	.db #0x20	; 32
   00C8 3F                  258 	.db #0x3f	; 63
   00C9 20                  259 	.db #0x20	; 32
   00CA 3F                  260 	.db #0x3f	; 63
   00CB 20                  261 	.db #0x20	; 32
   00CC 3F                  262 	.db #0x3f	; 63
   00CD 20                  263 	.db #0x20	; 32
   00CE 3F                  264 	.db #0x3f	; 63
   00CF 23                  265 	.db #0x23	; 35
   00D0 3D                  266 	.db #0x3d	; 61
   00D1 23                  267 	.db #0x23	; 35
   00D2 5E                  268 	.db #0x5e	; 94
   00D3 61                  269 	.db #0x61	; 97	'a'
   00D4 5E                  270 	.db #0x5e	; 94
   00D5 61                  271 	.db #0x61	; 97	'a'
   00D6 7C                  272 	.db #0x7c	; 124
   00D7 43                  273 	.db #0x43	; 67	'C'
   00D8 78                  274 	.db #0x78	; 120	'x'
   00D9 47                  275 	.db #0x47	; 71	'G'
   00DA 79                  276 	.db #0x79	; 121	'y'
   00DB 47                  277 	.db #0x47	; 71	'G'
   00DC BB                  278 	.db #0xbb	; 187
   00DD C7                  279 	.db #0xc7	; 199
   00DE B3                  280 	.db #0xb3	; 179
   00DF CF                  281 	.db #0xcf	; 207
   00E0 F2                  282 	.db #0xf2	; 242
   00E1 8E                  283 	.db #0x8e	; 142
   00E2 F4                  284 	.db #0xf4	; 244
   00E3 8C                  285 	.db #0x8c	; 140
   00E4 C0                  286 	.db #0xc0	; 192
   00E5 3F                  287 	.db #0x3f	; 63
   00E6 C0                  288 	.db #0xc0	; 192
   00E7 3F                  289 	.db #0x3f	; 63
   00E8 C0                  290 	.db #0xc0	; 192
   00E9 3F                  291 	.db #0x3f	; 63
   00EA CF                  292 	.db #0xcf	; 207
   00EB 30                  293 	.db #0x30	; 48	'0'
   00EC FF                  294 	.db #0xff	; 255
   00ED 08                  295 	.db #0x08	; 8
   00EE BF                  296 	.db #0xbf	; 191
   00EF C4                  297 	.db #0xc4	; 196
   00F0 E7                  298 	.db #0xe7	; 231
   00F1 DC                  299 	.db #0xdc	; 220
   00F2 07                  300 	.db #0x07	; 7
   00F3 FC                  301 	.db #0xfc	; 252
   00F4 02                  302 	.db #0x02	; 2
   00F5 FF                  303 	.db #0xff	; 255
   00F6 03                  304 	.db #0x03	; 3
   00F7 FF                  305 	.db #0xff	; 255
   00F8 00                  306 	.db #0x00	; 0
   00F9 FF                  307 	.db #0xff	; 255
   00FA 87                  308 	.db #0x87	; 135
   00FB FF                  309 	.db #0xff	; 255
   00FC FF                  310 	.db #0xff	; 255
   00FD FF                  311 	.db #0xff	; 255
   00FE C1                  312 	.db #0xc1	; 193
   00FF C1                  313 	.db #0xc1	; 193
   0100 01                  314 	.db #0x01	; 1
   0101 01                  315 	.db #0x01	; 1
   0102 00                  316 	.db #0x00	; 0
   0103 00                  317 	.db #0x00	; 0
   0104 FF                  318 	.db #0xff	; 255
   0105 20                  319 	.db #0x20	; 32
   0106 7F                  320 	.db #0x7f	; 127
   0107 A0                  321 	.db #0xa0	; 160
   0108 7F                  322 	.db #0x7f	; 127
   0109 90                  323 	.db #0x90	; 144
   010A FF                  324 	.db #0xff	; 255
   010B 10                  325 	.db #0x10	; 16
   010C FF                  326 	.db #0xff	; 255
   010D 10                  327 	.db #0x10	; 16
   010E DF                  328 	.db #0xdf	; 223
   010F 30                  329 	.db #0x30	; 48	'0'
   0110 FF                  330 	.db #0xff	; 255
   0111 60                  331 	.db #0x60	; 96
   0112 BF                  332 	.db #0xbf	; 191
   0113 C0                  333 	.db #0xc0	; 192
   0114 BD                  334 	.db #0xbd	; 189
   0115 C2                  335 	.db #0xc2	; 194
   0116 3C                  336 	.db #0x3c	; 60
   0117 C3                  337 	.db #0xc3	; 195
   0118 7E                  338 	.db #0x7e	; 126
   0119 81                  339 	.db #0x81	; 129
   011A FF                  340 	.db #0xff	; 255
   011B 80                  341 	.db #0x80	; 128
   011C FF                  342 	.db #0xff	; 255
   011D 80                  343 	.db #0x80	; 128
   011E BF                  344 	.db #0xbf	; 191
   011F C0                  345 	.db #0xc0	; 192
   0120 FF                  346 	.db #0xff	; 255
   0121 C0                  347 	.db #0xc0	; 192
   0122 FF                  348 	.db #0xff	; 255
   0123 C0                  349 	.db #0xc0	; 192
   0124 FF                  350 	.db #0xff	; 255
   0125 00                  351 	.db #0x00	; 0
   0126 FF                  352 	.db #0xff	; 255
   0127 00                  353 	.db #0x00	; 0
   0128 FF                  354 	.db #0xff	; 255
   0129 00                  355 	.db #0x00	; 0
   012A FF                  356 	.db #0xff	; 255
   012B 00                  357 	.db #0x00	; 0
   012C FF                  358 	.db #0xff	; 255
   012D 00                  359 	.db #0x00	; 0
   012E FF                  360 	.db #0xff	; 255
   012F 00                  361 	.db #0x00	; 0
   0130 FF                  362 	.db #0xff	; 255
   0131 00                  363 	.db #0x00	; 0
   0132 3F                  364 	.db #0x3f	; 63
   0133 C0                  365 	.db #0xc0	; 192
   0134 07                  366 	.db #0x07	; 7
   0135 F8                  367 	.db #0xf8	; 248
   0136 00                  368 	.db #0x00	; 0
   0137 FF                  369 	.db #0xff	; 255
   0138 00                  370 	.db #0x00	; 0
   0139 FF                  371 	.db #0xff	; 255
   013A 00                  372 	.db #0x00	; 0
   013B FF                  373 	.db #0xff	; 255
   013C 00                  374 	.db #0x00	; 0
   013D FF                  375 	.db #0xff	; 255
   013E 00                  376 	.db #0x00	; 0
   013F FF                  377 	.db #0xff	; 255
   0140 40                  378 	.db #0x40	; 64
   0141 FF                  379 	.db #0xff	; 255
   0142 40                  380 	.db #0x40	; 64
   0143 FF                  381 	.db #0xff	; 255
   0144 FF                  382 	.db #0xff	; 255
   0145 00                  383 	.db #0x00	; 0
   0146 FF                  384 	.db #0xff	; 255
   0147 00                  385 	.db #0x00	; 0
   0148 FF                  386 	.db #0xff	; 255
   0149 00                  387 	.db #0x00	; 0
   014A FF                  388 	.db #0xff	; 255
   014B 00                  389 	.db #0x00	; 0
   014C FF                  390 	.db #0xff	; 255
   014D 00                  391 	.db #0x00	; 0
   014E FF                  392 	.db #0xff	; 255
   014F 00                  393 	.db #0x00	; 0
   0150 FF                  394 	.db #0xff	; 255
   0151 00                  395 	.db #0x00	; 0
   0152 FC                  396 	.db #0xfc	; 252
   0153 03                  397 	.db #0x03	; 3
   0154 E0                  398 	.db #0xe0	; 224
   0155 1F                  399 	.db #0x1f	; 31
   0156 00                  400 	.db #0x00	; 0
   0157 FF                  401 	.db #0xff	; 255
   0158 00                  402 	.db #0x00	; 0
   0159 FF                  403 	.db #0xff	; 255
   015A 00                  404 	.db #0x00	; 0
   015B FF                  405 	.db #0xff	; 255
   015C 00                  406 	.db #0x00	; 0
   015D FF                  407 	.db #0xff	; 255
   015E 00                  408 	.db #0x00	; 0
   015F FF                  409 	.db #0xff	; 255
   0160 02                  410 	.db #0x02	; 2
   0161 FF                  411 	.db #0xff	; 255
   0162 02                  412 	.db #0x02	; 2
   0163 FF                  413 	.db #0xff	; 255
   0164 FE                  414 	.db #0xfe	; 254
   0165 02                  415 	.db #0x02	; 2
   0166 FE                  416 	.db #0xfe	; 254
   0167 02                  417 	.db #0x02	; 2
   0168 FD                  418 	.db #0xfd	; 253
   0169 03                  419 	.db #0x03	; 3
   016A FF                  420 	.db #0xff	; 255
   016B 01                  421 	.db #0x01	; 1
   016C FF                  422 	.db #0xff	; 255
   016D 01                  423 	.db #0x01	; 1
   016E FF                  424 	.db #0xff	; 255
   016F 01                  425 	.db #0x01	; 1
   0170 FF                  426 	.db #0xff	; 255
   0171 00                  427 	.db #0x00	; 0
   0172 7F                  428 	.db #0x7f	; 127
   0173 80                  429 	.db #0x80	; 128
   0174 7F                  430 	.db #0x7f	; 127
   0175 80                  431 	.db #0x80	; 128
   0176 FF                  432 	.db #0xff	; 255
   0177 00                  433 	.db #0x00	; 0
   0178 FE                  434 	.db #0xfe	; 254
   0179 01                  435 	.db #0x01	; 1
   017A FF                  436 	.db #0xff	; 255
   017B 01                  437 	.db #0x01	; 1
   017C FD                  438 	.db #0xfd	; 253
   017D 03                  439 	.db #0x03	; 3
   017E FD                  440 	.db #0xfd	; 253
   017F 03                  441 	.db #0x03	; 3
   0180 79                  442 	.db #0x79	; 121	'y'
   0181 87                  443 	.db #0x87	; 135
   0182 71                  444 	.db #0x71	; 113	'q'
   0183 8F                  445 	.db #0x8f	; 143
   0184 00                  446 	.db #0x00	; 0
   0185 00                  447 	.db #0x00	; 0
   0186 00                  448 	.db #0x00	; 0
   0187 00                  449 	.db #0x00	; 0
   0188 00                  450 	.db #0x00	; 0
   0189 00                  451 	.db #0x00	; 0
   018A 00                  452 	.db #0x00	; 0
   018B 00                  453 	.db #0x00	; 0
   018C 00                  454 	.db #0x00	; 0
   018D 00                  455 	.db #0x00	; 0
   018E 00                  456 	.db #0x00	; 0
   018F 00                  457 	.db #0x00	; 0
   0190 80                  458 	.db #0x80	; 128
   0191 80                  459 	.db #0x80	; 128
   0192 80                  460 	.db #0x80	; 128
   0193 80                  461 	.db #0x80	; 128
   0194 40                  462 	.db #0x40	; 64
   0195 C0                  463 	.db #0xc0	; 192
   0196 C0                  464 	.db #0xc0	; 192
   0197 40                  465 	.db #0x40	; 64
   0198 C0                  466 	.db #0xc0	; 192
   0199 40                  467 	.db #0x40	; 64
   019A C0                  468 	.db #0xc0	; 192
   019B 40                  469 	.db #0x40	; 64
   019C E0                  470 	.db #0xe0	; 224
   019D 20                  471 	.db #0x20	; 32
   019E 60                  472 	.db #0x60	; 96
   019F A0                  473 	.db #0xa0	; 160
   01A0 60                  474 	.db #0x60	; 96
   01A1 A0                  475 	.db #0xa0	; 160
   01A2 A0                  476 	.db #0xa0	; 160
   01A3 E0                  477 	.db #0xe0	; 224
   01A4 F4                  478 	.db #0xf4	; 244
   01A5 8C                  479 	.db #0x8c	; 140
   01A6 F4                  480 	.db #0xf4	; 244
   01A7 8C                  481 	.db #0x8c	; 140
   01A8 B4                  482 	.db #0xb4	; 180
   01A9 CC                  483 	.db #0xcc	; 204
   01AA B8                  484 	.db #0xb8	; 184
   01AB C8                  485 	.db #0xc8	; 200
   01AC B8                  486 	.db #0xb8	; 184
   01AD C8                  487 	.db #0xc8	; 200
   01AE 78                  488 	.db #0x78	; 120	'x'
   01AF 48                  489 	.db #0x48	; 72	'H'
   01B0 78                  490 	.db #0x78	; 120	'x'
   01B1 48                  491 	.db #0x48	; 72	'H'
   01B2 78                  492 	.db #0x78	; 120	'x'
   01B3 48                  493 	.db #0x48	; 72	'H'
   01B4 74                  494 	.db #0x74	; 116	't'
   01B5 4C                  495 	.db #0x4c	; 76	'L'
   01B6 5C                  496 	.db #0x5c	; 92
   01B7 64                  497 	.db #0x64	; 100	'd'
   01B8 3C                  498 	.db #0x3c	; 60
   01B9 24                  499 	.db #0x24	; 36
   01BA 3E                  500 	.db #0x3e	; 62
   01BB 22                  501 	.db #0x22	; 34
   01BC 19                  502 	.db #0x19	; 25
   01BD 17                  503 	.db #0x17	; 23
   01BE 0B                  504 	.db #0x0b	; 11
   01BF 0F                  505 	.db #0x0f	; 15
   01C0 06                  506 	.db #0x06	; 6
   01C1 06                  507 	.db #0x06	; 6
   01C2 00                  508 	.db #0x00	; 0
   01C3 00                  509 	.db #0x00	; 0
   01C4 DF                  510 	.db #0xdf	; 223
   01C5 E0                  511 	.db #0xe0	; 224
   01C6 7F                  512 	.db #0x7f	; 127
   01C7 60                  513 	.db #0x60	; 96
   01C8 7E                  514 	.db #0x7e	; 126
   01C9 61                  515 	.db #0x61	; 97	'a'
   01CA 6E                  516 	.db #0x6e	; 110	'n'
   01CB 71                  517 	.db #0x71	; 113	'q'
   01CC 7E                  518 	.db #0x7e	; 126
   01CD 71                  519 	.db #0x71	; 113	'q'
   01CE 7C                  520 	.db #0x7c	; 124
   01CF 73                  521 	.db #0x73	; 115	's'
   01D0 70                  522 	.db #0x70	; 112	'p'
   01D1 7F                  523 	.db #0x7f	; 127
   01D2 78                  524 	.db #0x78	; 120	'x'
   01D3 7F                  525 	.db #0x7f	; 127
   01D4 78                  526 	.db #0x78	; 120	'x'
   01D5 7F                  527 	.db #0x7f	; 127
   01D6 78                  528 	.db #0x78	; 120	'x'
   01D7 7F                  529 	.db #0x7f	; 127
   01D8 7C                  530 	.db #0x7c	; 124
   01D9 7F                  531 	.db #0x7f	; 127
   01DA 7C                  532 	.db #0x7c	; 124
   01DB 7F                  533 	.db #0x7f	; 127
   01DC 7C                  534 	.db #0x7c	; 124
   01DD 7F                  535 	.db #0x7f	; 127
   01DE FB                  536 	.db #0xfb	; 251
   01DF FC                  537 	.db #0xfc	; 252
   01E0 FB                  538 	.db #0xfb	; 251
   01E1 FC                  539 	.db #0xfc	; 252
   01E2 0F                  540 	.db #0x0f	; 15
   01E3 0F                  541 	.db #0x0f	; 15
   01E4 70                  542 	.db #0x70	; 112	'p'
   01E5 FF                  543 	.db #0xff	; 255
   01E6 4F                  544 	.db #0x4f	; 79	'O'
   01E7 CF                  545 	.db #0xcf	; 207
   01E8 41                  546 	.db #0x41	; 65	'A'
   01E9 C1                  547 	.db #0xc1	; 193
   01EA 40                  548 	.db #0x40	; 64
   01EB C0                  549 	.db #0xc0	; 192
   01EC 40                  550 	.db #0x40	; 64
   01ED C0                  551 	.db #0xc0	; 192
   01EE 40                  552 	.db #0x40	; 64
   01EF C0                  553 	.db #0xc0	; 192
   01F0 20                  554 	.db #0x20	; 32
   01F1 E0                  555 	.db #0xe0	; 224
   01F2 20                  556 	.db #0x20	; 32
   01F3 E0                  557 	.db #0xe0	; 224
   01F4 20                  558 	.db #0x20	; 32
   01F5 E0                  559 	.db #0xe0	; 224
   01F6 20                  560 	.db #0x20	; 32
   01F7 E0                  561 	.db #0xe0	; 224
   01F8 20                  562 	.db #0x20	; 32
   01F9 E0                  563 	.db #0xe0	; 224
   01FA 10                  564 	.db #0x10	; 16
   01FB F0                  565 	.db #0xf0	; 240
   01FC 10                  566 	.db #0x10	; 16
   01FD F0                  567 	.db #0xf0	; 240
   01FE 90                  568 	.db #0x90	; 144
   01FF 70                  569 	.db #0x70	; 112	'p'
   0200 D0                  570 	.db #0xd0	; 208
   0201 30                  571 	.db #0x30	; 48	'0'
   0202 E0                  572 	.db #0xe0	; 224
   0203 E0                  573 	.db #0xe0	; 224
   0204 02                  574 	.db #0x02	; 2
   0205 FF                  575 	.db #0xff	; 255
   0206 FE                  576 	.db #0xfe	; 254
   0207 FF                  577 	.db #0xff	; 255
   0208 FE                  578 	.db #0xfe	; 254
   0209 FF                  579 	.db #0xff	; 255
   020A 3F                  580 	.db #0x3f	; 63
   020B 3F                  581 	.db #0x3f	; 63
   020C 3F                  582 	.db #0x3f	; 63
   020D 3F                  583 	.db #0x3f	; 63
   020E 3F                  584 	.db #0x3f	; 63
   020F 3F                  585 	.db #0x3f	; 63
   0210 3F                  586 	.db #0x3f	; 63
   0211 3F                  587 	.db #0x3f	; 63
   0212 1F                  588 	.db #0x1f	; 31
   0213 1F                  589 	.db #0x1f	; 31
   0214 1F                  590 	.db #0x1f	; 31
   0215 1F                  591 	.db #0x1f	; 31
   0216 1F                  592 	.db #0x1f	; 31
   0217 1F                  593 	.db #0x1f	; 31
   0218 1F                  594 	.db #0x1f	; 31
   0219 1F                  595 	.db #0x1f	; 31
   021A 1F                  596 	.db #0x1f	; 31
   021B 1F                  597 	.db #0x1f	; 31
   021C 3F                  598 	.db #0x3f	; 63
   021D 3F                  599 	.db #0x3f	; 63
   021E 3F                  600 	.db #0x3f	; 63
   021F 3F                  601 	.db #0x3f	; 63
   0220 3F                  602 	.db #0x3f	; 63
   0221 3F                  603 	.db #0x3f	; 63
   0222 00                  604 	.db #0x00	; 0
   0223 00                  605 	.db #0x00	; 0
   0224 01                  606 	.db #0x01	; 1
   0225 FF                  607 	.db #0xff	; 255
   0226 01                  608 	.db #0x01	; 1
   0227 FF                  609 	.db #0xff	; 255
   0228 01                  610 	.db #0x01	; 1
   0229 FF                  611 	.db #0xff	; 255
   022A 01                  612 	.db #0x01	; 1
   022B FF                  613 	.db #0xff	; 255
   022C 01                  614 	.db #0x01	; 1
   022D FF                  615 	.db #0xff	; 255
   022E 82                  616 	.db #0x82	; 130
   022F FE                  617 	.db #0xfe	; 254
   0230 82                  618 	.db #0x82	; 130
   0231 FE                  619 	.db #0xfe	; 254
   0232 C2                  620 	.db #0xc2	; 194
   0233 FE                  621 	.db #0xfe	; 254
   0234 C2                  622 	.db #0xc2	; 194
   0235 FE                  623 	.db #0xfe	; 254
   0236 42                  624 	.db #0x42	; 66	'B'
   0237 7E                  625 	.db #0x7e	; 126
   0238 42                  626 	.db #0x42	; 66	'B'
   0239 7E                  627 	.db #0x7e	; 126
   023A 42                  628 	.db #0x42	; 66	'B'
   023B 7E                  629 	.db #0x7e	; 126
   023C 81                  630 	.db #0x81	; 129
   023D FF                  631 	.db #0xff	; 255
   023E B9                  632 	.db #0xb9	; 185
   023F C7                  633 	.db #0xc7	; 199
   0240 FD                  634 	.db #0xfd	; 253
   0241 83                  635 	.db #0x83	; 131
   0242 FE                  636 	.db #0xfe	; 254
   0243 FE                  637 	.db #0xfe	; 254
   0244 50                  638 	.db #0x50	; 80	'P'
   0245 70                  639 	.db #0x70	; 112	'p'
   0246 50                  640 	.db #0x50	; 80	'P'
   0247 70                  641 	.db #0x70	; 112	'p'
   0248 50                  642 	.db #0x50	; 80	'P'
   0249 70                  643 	.db #0x70	; 112	'p'
   024A 50                  644 	.db #0x50	; 80	'P'
   024B 70                  645 	.db #0x70	; 112	'p'
   024C 30                  646 	.db #0x30	; 48	'0'
   024D 30                  647 	.db #0x30	; 48	'0'
   024E 20                  648 	.db #0x20	; 32
   024F 20                  649 	.db #0x20	; 32
   0250 00                  650 	.db #0x00	; 0
   0251 00                  651 	.db #0x00	; 0
   0252 00                  652 	.db #0x00	; 0
   0253 00                  653 	.db #0x00	; 0
   0254 00                  654 	.db #0x00	; 0
   0255 00                  655 	.db #0x00	; 0
   0256 00                  656 	.db #0x00	; 0
   0257 00                  657 	.db #0x00	; 0
   0258 00                  658 	.db #0x00	; 0
   0259 00                  659 	.db #0x00	; 0
   025A 00                  660 	.db #0x00	; 0
   025B 00                  661 	.db #0x00	; 0
   025C 00                  662 	.db #0x00	; 0
   025D 00                  663 	.db #0x00	; 0
   025E 00                  664 	.db #0x00	; 0
   025F 00                  665 	.db #0x00	; 0
   0260 00                  666 	.db #0x00	; 0
   0261 00                  667 	.db #0x00	; 0
   0262 00                  668 	.db #0x00	; 0
   0263 00                  669 	.db #0x00	; 0
   0264 00                  670 	.db #0x00	; 0
   0265 00                  671 	.db #0x00	; 0
   0266 00                  672 	.db #0x00	; 0
   0267 00                  673 	.db #0x00	; 0
   0268 00                  674 	.db #0x00	; 0
   0269 00                  675 	.db #0x00	; 0
   026A 00                  676 	.db #0x00	; 0
   026B 00                  677 	.db #0x00	; 0
   026C 00                  678 	.db #0x00	; 0
   026D 00                  679 	.db #0x00	; 0
   026E 00                  680 	.db #0x00	; 0
   026F 00                  681 	.db #0x00	; 0
   0270 80                  682 	.db #0x80	; 128
   0271 80                  683 	.db #0x80	; 128
   0272 80                  684 	.db #0x80	; 128
   0273 80                  685 	.db #0x80	; 128
   0274 40                  686 	.db #0x40	; 64
   0275 C0                  687 	.db #0xc0	; 192
   0276 C0                  688 	.db #0xc0	; 192
   0277 40                  689 	.db #0x40	; 64
   0278 C0                  690 	.db #0xc0	; 192
   0279 40                  691 	.db #0x40	; 64
   027A E0                  692 	.db #0xe0	; 224
   027B 20                  693 	.db #0x20	; 32
   027C 60                  694 	.db #0x60	; 96
   027D A0                  695 	.db #0xa0	; 160
   027E B0                  696 	.db #0xb0	; 176
   027F D0                  697 	.db #0xd0	; 208
   0280 70                  698 	.db #0x70	; 112	'p'
   0281 50                  699 	.db #0x50	; 80	'P'
   0282 50                  700 	.db #0x50	; 80	'P'
   0283 70                  701 	.db #0x70	; 112	'p'
   0284 00                  702 	.db #0x00	; 0
   0285 00                  703 	.db #0x00	; 0
   0286 00                  704 	.db #0x00	; 0
   0287 00                  705 	.db #0x00	; 0
   0288 00                  706 	.db #0x00	; 0
   0289 00                  707 	.db #0x00	; 0
   028A 01                  708 	.db #0x01	; 1
   028B 01                  709 	.db #0x01	; 1
   028C 01                  710 	.db #0x01	; 1
   028D 01                  711 	.db #0x01	; 1
   028E 01                  712 	.db #0x01	; 1
   028F 01                  713 	.db #0x01	; 1
   0290 01                  714 	.db #0x01	; 1
   0291 01                  715 	.db #0x01	; 1
   0292 01                  716 	.db #0x01	; 1
   0293 01                  717 	.db #0x01	; 1
   0294 01                  718 	.db #0x01	; 1
   0295 01                  719 	.db #0x01	; 1
   0296 00                  720 	.db #0x00	; 0
   0297 00                  721 	.db #0x00	; 0
   0298 00                  722 	.db #0x00	; 0
   0299 00                  723 	.db #0x00	; 0
   029A 00                  724 	.db #0x00	; 0
   029B 00                  725 	.db #0x00	; 0
   029C 00                  726 	.db #0x00	; 0
   029D 00                  727 	.db #0x00	; 0
   029E 00                  728 	.db #0x00	; 0
   029F 00                  729 	.db #0x00	; 0
   02A0 00                  730 	.db #0x00	; 0
   02A1 00                  731 	.db #0x00	; 0
   02A2 00                  732 	.db #0x00	; 0
   02A3 00                  733 	.db #0x00	; 0
   02A4 F4                  734 	.db #0xf4	; 244
   02A5 8C                  735 	.db #0x8c	; 140
   02A6 F4                  736 	.db #0xf4	; 244
   02A7 8C                  737 	.db #0x8c	; 140
   02A8 F4                  738 	.db #0xf4	; 244
   02A9 8C                  739 	.db #0x8c	; 140
   02AA 78                  740 	.db #0x78	; 120	'x'
   02AB 88                  741 	.db #0x88	; 136
   02AC E8                  742 	.db #0xe8	; 232
   02AD 18                  743 	.db #0x18	; 24
   02AE F0                  744 	.db #0xf0	; 240
   02AF 10                  745 	.db #0x10	; 16
   02B0 F0                  746 	.db #0xf0	; 240
   02B1 10                  747 	.db #0x10	; 16
   02B2 F0                  748 	.db #0xf0	; 240
   02B3 10                  749 	.db #0x10	; 16
   02B4 70                  750 	.db #0x70	; 112	'p'
   02B5 90                  751 	.db #0x90	; 144
   02B6 F0                  752 	.db #0xf0	; 240
   02B7 90                  753 	.db #0x90	; 144
   02B8 E8                  754 	.db #0xe8	; 232
   02B9 98                  755 	.db #0x98	; 152
   02BA 78                  756 	.db #0x78	; 120	'x'
   02BB 48                  757 	.db #0x48	; 72	'H'
   02BC 64                  758 	.db #0x64	; 100	'd'
   02BD 5C                  759 	.db #0x5c	; 92
   02BE 2C                  760 	.db #0x2c	; 44
   02BF 3C                  761 	.db #0x3c	; 60
   02C0 18                  762 	.db #0x18	; 24
   02C1 18                  763 	.db #0x18	; 24
   02C2 00                  764 	.db #0x00	; 0
   02C3 00                  765 	.db #0x00	; 0
   02C4 38                  766 	.db #0x38	; 56	'8'
   02C5 28                  767 	.db #0x28	; 40
   02C6 38                  768 	.db #0x38	; 56	'8'
   02C7 28                  769 	.db #0x28	; 40
   02C8 28                  770 	.db #0x28	; 40
   02C9 38                  771 	.db #0x38	; 56	'8'
   02CA 18                  772 	.db #0x18	; 24
   02CB 18                  773 	.db #0x18	; 24
   02CC 18                  774 	.db #0x18	; 24
   02CD 18                  775 	.db #0x18	; 24
   02CE 08                  776 	.db #0x08	; 8
   02CF 08                  777 	.db #0x08	; 8
   02D0 00                  778 	.db #0x00	; 0
   02D1 00                  779 	.db #0x00	; 0
   02D2 00                  780 	.db #0x00	; 0
   02D3 00                  781 	.db #0x00	; 0
   02D4 00                  782 	.db #0x00	; 0
   02D5 00                  783 	.db #0x00	; 0
   02D6 00                  784 	.db #0x00	; 0
   02D7 00                  785 	.db #0x00	; 0
   02D8 00                  786 	.db #0x00	; 0
   02D9 00                  787 	.db #0x00	; 0
   02DA 00                  788 	.db #0x00	; 0
   02DB 00                  789 	.db #0x00	; 0
   02DC 00                  790 	.db #0x00	; 0
   02DD 00                  791 	.db #0x00	; 0
   02DE 00                  792 	.db #0x00	; 0
   02DF 00                  793 	.db #0x00	; 0
   02E0 00                  794 	.db #0x00	; 0
   02E1 00                  795 	.db #0x00	; 0
   02E2 00                  796 	.db #0x00	; 0
   02E3 00                  797 	.db #0x00	; 0
   02E4 00                  798 	.db #0x00	; 0
   02E5 00                  799 	.db #0x00	; 0
   02E6 00                  800 	.db #0x00	; 0
   02E7 00                  801 	.db #0x00	; 0
   02E8 00                  802 	.db #0x00	; 0
   02E9 00                  803 	.db #0x00	; 0
   02EA 00                  804 	.db #0x00	; 0
   02EB 00                  805 	.db #0x00	; 0
   02EC 00                  806 	.db #0x00	; 0
   02ED 00                  807 	.db #0x00	; 0
   02EE 00                  808 	.db #0x00	; 0
   02EF 00                  809 	.db #0x00	; 0
   02F0 80                  810 	.db #0x80	; 128
   02F1 80                  811 	.db #0x80	; 128
   02F2 80                  812 	.db #0x80	; 128
   02F3 80                  813 	.db #0x80	; 128
   02F4 40                  814 	.db #0x40	; 64
   02F5 C0                  815 	.db #0xc0	; 192
   02F6 C0                  816 	.db #0xc0	; 192
   02F7 40                  817 	.db #0x40	; 64
   02F8 E0                  818 	.db #0xe0	; 224
   02F9 20                  819 	.db #0x20	; 32
   02FA E0                  820 	.db #0xe0	; 224
   02FB 20                  821 	.db #0x20	; 32
   02FC F0                  822 	.db #0xf0	; 240
   02FD 90                  823 	.db #0x90	; 144
   02FE B0                  824 	.db #0xb0	; 176
   02FF D0                  825 	.db #0xd0	; 208
   0300 78                  826 	.db #0x78	; 120	'x'
   0301 48                  827 	.db #0x48	; 72	'H'
   0302 34                  828 	.db #0x34	; 52	'4'
   0303 2C                  829 	.db #0x2c	; 44
   0304 01                  830 	.db #0x01	; 1
   0305 01                  831 	.db #0x01	; 1
   0306 01                  832 	.db #0x01	; 1
   0307 01                  833 	.db #0x01	; 1
   0308 01                  834 	.db #0x01	; 1
   0309 01                  835 	.db #0x01	; 1
   030A 02                  836 	.db #0x02	; 2
   030B 03                  837 	.db #0x03	; 3
   030C 03                  838 	.db #0x03	; 3
   030D 02                  839 	.db #0x02	; 2
   030E 03                  840 	.db #0x03	; 3
   030F 02                  841 	.db #0x02	; 2
   0310 05                  842 	.db #0x05	; 5
   0311 06                  843 	.db #0x06	; 6
   0312 07                  844 	.db #0x07	; 7
   0313 04                  845 	.db #0x04	; 4
   0314 07                  846 	.db #0x07	; 7
   0315 04                  847 	.db #0x04	; 4
   0316 07                  848 	.db #0x07	; 7
   0317 04                  849 	.db #0x04	; 4
   0318 07                  850 	.db #0x07	; 7
   0319 04                  851 	.db #0x04	; 4
   031A 05                  852 	.db #0x05	; 5
   031B 06                  853 	.db #0x06	; 6
   031C 03                  854 	.db #0x03	; 3
   031D 02                  855 	.db #0x02	; 2
   031E 02                  856 	.db #0x02	; 2
   031F 03                  857 	.db #0x03	; 3
   0320 01                  858 	.db #0x01	; 1
   0321 01                  859 	.db #0x01	; 1
   0322 00                  860 	.db #0x00	; 0
   0323 00                  861 	.db #0x00	; 0
   0324 74                  862 	.db #0x74	; 116	't'
   0325 8C                  863 	.db #0x8c	; 140
   0326 F4                  864 	.db #0xf4	; 244
   0327 0C                  865 	.db #0x0c	; 12
   0328 E8                  866 	.db #0xe8	; 232
   0329 18                  867 	.db #0x18	; 24
   032A F8                  868 	.db #0xf8	; 248
   032B 18                  869 	.db #0x18	; 24
   032C D0                  870 	.db #0xd0	; 208
   032D 30                  871 	.db #0x30	; 48	'0'
   032E E0                  872 	.db #0xe0	; 224
   032F 20                  873 	.db #0x20	; 32
   0330 C0                  874 	.db #0xc0	; 192
   0331 40                  875 	.db #0x40	; 64
   0332 40                  876 	.db #0x40	; 64
   0333 C0                  877 	.db #0xc0	; 192
   0334 80                  878 	.db #0x80	; 128
   0335 80                  879 	.db #0x80	; 128
   0336 80                  880 	.db #0x80	; 128
   0337 80                  881 	.db #0x80	; 128
   0338 80                  882 	.db #0x80	; 128
   0339 80                  883 	.db #0x80	; 128
   033A 40                  884 	.db #0x40	; 64
   033B C0                  885 	.db #0xc0	; 192
   033C 40                  886 	.db #0x40	; 64
   033D C0                  887 	.db #0xc0	; 192
   033E 40                  888 	.db #0x40	; 64
   033F C0                  889 	.db #0xc0	; 192
   0340 C0                  890 	.db #0xc0	; 192
   0341 C0                  891 	.db #0xc0	; 192
   0342 00                  892 	.db #0x00	; 0
   0343 00                  893 	.db #0x00	; 0
   0344 1C                  894 	.db #0x1c	; 28
   0345 14                  895 	.db #0x14	; 20
   0346 0E                  896 	.db #0x0e	; 14
   0347 0A                  897 	.db #0x0a	; 10
   0348 07                  898 	.db #0x07	; 7
   0349 05                  899 	.db #0x05	; 5
   034A 03                  900 	.db #0x03	; 3
   034B 03                  901 	.db #0x03	; 3
   034C 00                  902 	.db #0x00	; 0
   034D 00                  903 	.db #0x00	; 0
   034E 00                  904 	.db #0x00	; 0
   034F 00                  905 	.db #0x00	; 0
   0350 00                  906 	.db #0x00	; 0
   0351 00                  907 	.db #0x00	; 0
   0352 00                  908 	.db #0x00	; 0
   0353 00                  909 	.db #0x00	; 0
   0354 00                  910 	.db #0x00	; 0
   0355 00                  911 	.db #0x00	; 0
   0356 00                  912 	.db #0x00	; 0
   0357 00                  913 	.db #0x00	; 0
   0358 00                  914 	.db #0x00	; 0
   0359 00                  915 	.db #0x00	; 0
   035A 00                  916 	.db #0x00	; 0
   035B 00                  917 	.db #0x00	; 0
   035C 00                  918 	.db #0x00	; 0
   035D 00                  919 	.db #0x00	; 0
   035E 00                  920 	.db #0x00	; 0
   035F 00                  921 	.db #0x00	; 0
   0360 00                  922 	.db #0x00	; 0
   0361 00                  923 	.db #0x00	; 0
   0362 00                  924 	.db #0x00	; 0
   0363 00                  925 	.db #0x00	; 0
   0364 01                  926 	.db #0x01	; 1
   0365 01                  927 	.db #0x01	; 1
   0366 01                  928 	.db #0x01	; 1
   0367 01                  929 	.db #0x01	; 1
   0368 01                  930 	.db #0x01	; 1
   0369 01                  931 	.db #0x01	; 1
   036A 02                  932 	.db #0x02	; 2
   036B 03                  933 	.db #0x03	; 3
   036C 03                  934 	.db #0x03	; 3
   036D 02                  935 	.db #0x02	; 2
   036E 07                  936 	.db #0x07	; 7
   036F 04                  937 	.db #0x04	; 4
   0370 07                  938 	.db #0x07	; 7
   0371 04                  939 	.db #0x04	; 4
   0372 0F                  940 	.db #0x0f	; 15
   0373 08                  941 	.db #0x08	; 8
   0374 0F                  942 	.db #0x0f	; 15
   0375 09                  943 	.db #0x09	; 9
   0376 15                  944 	.db #0x15	; 21
   0377 1B                  945 	.db #0x1b	; 27
   0378 1E                  946 	.db #0x1e	; 30
   0379 12                  947 	.db #0x12	; 18
   037A 1E                  948 	.db #0x1e	; 30
   037B 12                  949 	.db #0x12	; 18
   037C 1A                  950 	.db #0x1a	; 26
   037D 16                  951 	.db #0x16	; 22
   037E 12                  952 	.db #0x12	; 18
   037F 1E                  953 	.db #0x1e	; 30
   0380 1E                  954 	.db #0x1e	; 30
   0381 1E                  955 	.db #0x1e	; 30
   0382 00                  956 	.db #0x00	; 0
   0383 00                  957 	.db #0x00	; 0
   0384 74                  958 	.db #0x74	; 116	't'
   0385 8C                  959 	.db #0x8c	; 140
   0386 F4                  960 	.db #0xf4	; 244
   0387 0C                  961 	.db #0x0c	; 12
   0388 E8                  962 	.db #0xe8	; 232
   0389 18                  963 	.db #0x18	; 24
   038A F8                  964 	.db #0xf8	; 248
   038B 18                  965 	.db #0x18	; 24
   038C D0                  966 	.db #0xd0	; 208
   038D 30                  967 	.db #0x30	; 48	'0'
   038E E0                  968 	.db #0xe0	; 224
   038F 20                  969 	.db #0x20	; 32
   0390 C0                  970 	.db #0xc0	; 192
   0391 40                  971 	.db #0x40	; 64
   0392 80                  972 	.db #0x80	; 128
   0393 80                  973 	.db #0x80	; 128
   0394 00                  974 	.db #0x00	; 0
   0395 00                  975 	.db #0x00	; 0
   0396 00                  976 	.db #0x00	; 0
   0397 00                  977 	.db #0x00	; 0
   0398 00                  978 	.db #0x00	; 0
   0399 00                  979 	.db #0x00	; 0
   039A 00                  980 	.db #0x00	; 0
   039B 00                  981 	.db #0x00	; 0
   039C 00                  982 	.db #0x00	; 0
   039D 00                  983 	.db #0x00	; 0
   039E 00                  984 	.db #0x00	; 0
   039F 00                  985 	.db #0x00	; 0
   03A0 00                  986 	.db #0x00	; 0
   03A1 00                  987 	.db #0x00	; 0
   03A2 00                  988 	.db #0x00	; 0
   03A3 00                  989 	.db #0x00	; 0
   03A4 01                  990 	.db #0x01	; 1
   03A5 01                  991 	.db #0x01	; 1
   03A6 01                  992 	.db #0x01	; 1
   03A7 01                  993 	.db #0x01	; 1
   03A8 01                  994 	.db #0x01	; 1
   03A9 01                  995 	.db #0x01	; 1
   03AA 02                  996 	.db #0x02	; 2
   03AB 03                  997 	.db #0x03	; 3
   03AC 03                  998 	.db #0x03	; 3
   03AD 02                  999 	.db #0x02	; 2
   03AE 07                 1000 	.db #0x07	; 7
   03AF 04                 1001 	.db #0x04	; 4
   03B0 0B                 1002 	.db #0x0b	; 11
   03B1 0C                 1003 	.db #0x0c	; 12
   03B2 0F                 1004 	.db #0x0f	; 15
   03B3 08                 1005 	.db #0x08	; 8
   03B4 1F                 1006 	.db #0x1f	; 31
   03B5 11                 1007 	.db #0x11	; 17
   03B6 1E                 1008 	.db #0x1e	; 30
   03B7 12                 1009 	.db #0x12	; 18
   03B8 2A                 1010 	.db #0x2a	; 42
   03B9 36                 1011 	.db #0x36	; 54	'6'
   03BA 3C                 1012 	.db #0x3c	; 60
   03BB 24                 1013 	.db #0x24	; 36
   03BC 24                 1014 	.db #0x24	; 36
   03BD 3C                 1015 	.db #0x3c	; 60
   03BE 28                 1016 	.db #0x28	; 40
   03BF 38                 1017 	.db #0x38	; 56	'8'
   03C0 38                 1018 	.db #0x38	; 56	'8'
   03C1 38                 1019 	.db #0x38	; 56	'8'
   03C2 00                 1020 	.db #0x00	; 0
   03C3 00                 1021 	.db #0x00	; 0
   03C4                    1022 _sprite_metasprite0:
   03C4 E8                 1023 	.db #0xe8	; -24
   03C5 E8                 1024 	.db #0xe8	; -24
   03C6 00                 1025 	.db #0x00	; 0
   03C7 00                 1026 	.db #0x00	; 0
   03C8 00                 1027 	.db #0x00	;  0
   03C9 08                 1028 	.db #0x08	;  8
   03CA 02                 1029 	.db #0x02	; 2
   03CB 00                 1030 	.db #0x00	; 0
   03CC 00                 1031 	.db #0x00	;  0
   03CD 08                 1032 	.db #0x08	;  8
   03CE 04                 1033 	.db #0x04	; 4
   03CF 00                 1034 	.db #0x00	; 0
   03D0 00                 1035 	.db #0x00	;  0
   03D1 08                 1036 	.db #0x08	;  8
   03D2 06                 1037 	.db #0x06	; 6
   03D3 00                 1038 	.db #0x00	; 0
   03D4 00                 1039 	.db #0x00	;  0
   03D5 08                 1040 	.db #0x08	;  8
   03D6 08                 1041 	.db #0x08	; 8
   03D7 00                 1042 	.db #0x00	; 0
   03D8 00                 1043 	.db #0x00	;  0
   03D9 08                 1044 	.db #0x08	;  8
   03DA 0A                 1045 	.db #0x0a	; 10
   03DB 00                 1046 	.db #0x00	; 0
   03DC 10                 1047 	.db #0x10	;  16
   03DD D8                 1048 	.db #0xd8	; -40
   03DE 0C                 1049 	.db #0x0c	; 12
   03DF 00                 1050 	.db #0x00	; 0
   03E0 00                 1051 	.db #0x00	;  0
   03E1 08                 1052 	.db #0x08	;  8
   03E2 0E                 1053 	.db #0x0e	; 14
   03E3 00                 1054 	.db #0x00	; 0
   03E4 00                 1055 	.db #0x00	;  0
   03E5 08                 1056 	.db #0x08	;  8
   03E6 10                 1057 	.db #0x10	; 16
   03E7 00                 1058 	.db #0x00	; 0
   03E8 00                 1059 	.db #0x00	;  0
   03E9 08                 1060 	.db #0x08	;  8
   03EA 12                 1061 	.db #0x12	; 18
   03EB 00                 1062 	.db #0x00	; 0
   03EC 00                 1063 	.db #0x00	;  0
   03ED 08                 1064 	.db #0x08	;  8
   03EE 14                 1065 	.db #0x14	; 20
   03EF 00                 1066 	.db #0x00	; 0
   03F0 00                 1067 	.db #0x00	;  0
   03F1 08                 1068 	.db #0x08	;  8
   03F2 16                 1069 	.db #0x16	; 22
   03F3 00                 1070 	.db #0x00	; 0
   03F4 00                 1071 	.db #0x00	;  0
   03F5 08                 1072 	.db #0x08	;  8
   03F6 18                 1073 	.db #0x18	; 24
   03F7 00                 1074 	.db #0x00	; 0
   03F8 10                 1075 	.db #0x10	;  16
   03F9 D0                 1076 	.db #0xd0	; -48
   03FA 1A                 1077 	.db #0x1a	; 26
   03FB 00                 1078 	.db #0x00	; 0
   03FC 00                 1079 	.db #0x00	;  0
   03FD 10                 1080 	.db #0x10	;  16
   03FE 1C                 1081 	.db #0x1c	; 28
   03FF 00                 1082 	.db #0x00	; 0
   0400 00                 1083 	.db #0x00	;  0
   0401 08                 1084 	.db #0x08	;  8
   0402 1E                 1085 	.db #0x1e	; 30
   0403 00                 1086 	.db #0x00	; 0
   0404 00                 1087 	.db #0x00	;  0
   0405 08                 1088 	.db #0x08	;  8
   0406 20                 1089 	.db #0x20	; 32
   0407 00                 1090 	.db #0x00	; 0
   0408 00                 1091 	.db #0x00	;  0
   0409 08                 1092 	.db #0x08	;  8
   040A 22                 1093 	.db #0x22	; 34
   040B 00                 1094 	.db #0x00	; 0
   040C 00                 1095 	.db #0x00	;  0
   040D 08                 1096 	.db #0x08	;  8
   040E 24                 1097 	.db #0x24	; 36
   040F 00                 1098 	.db #0x00	; 0
   0410 80                 1099 	.db #0x80	; -128
   0411 00                 1100 	.db #0x00	;  0
   0412 00                 1101 	.db #0x00	; 0
   0413 00                 1102 	.db #0x00	; 0
   0414                    1103 _sprite_metasprite1:
   0414 E8                 1104 	.db #0xe8	; -24
   0415 E8                 1105 	.db #0xe8	; -24
   0416 00                 1106 	.db #0x00	; 0
   0417 00                 1107 	.db #0x00	; 0
   0418 00                 1108 	.db #0x00	;  0
   0419 08                 1109 	.db #0x08	;  8
   041A 02                 1110 	.db #0x02	; 2
   041B 00                 1111 	.db #0x00	; 0
   041C 00                 1112 	.db #0x00	;  0
   041D 08                 1113 	.db #0x08	;  8
   041E 04                 1114 	.db #0x04	; 4
   041F 00                 1115 	.db #0x00	; 0
   0420 00                 1116 	.db #0x00	;  0
   0421 08                 1117 	.db #0x08	;  8
   0422 06                 1118 	.db #0x06	; 6
   0423 00                 1119 	.db #0x00	; 0
   0424 00                 1120 	.db #0x00	;  0
   0425 08                 1121 	.db #0x08	;  8
   0426 08                 1122 	.db #0x08	; 8
   0427 00                 1123 	.db #0x00	; 0
   0428 00                 1124 	.db #0x00	;  0
   0429 08                 1125 	.db #0x08	;  8
   042A 0A                 1126 	.db #0x0a	; 10
   042B 00                 1127 	.db #0x00	; 0
   042C 10                 1128 	.db #0x10	;  16
   042D D8                 1129 	.db #0xd8	; -40
   042E 0C                 1130 	.db #0x0c	; 12
   042F 00                 1131 	.db #0x00	; 0
   0430 00                 1132 	.db #0x00	;  0
   0431 08                 1133 	.db #0x08	;  8
   0432 0E                 1134 	.db #0x0e	; 14
   0433 00                 1135 	.db #0x00	; 0
   0434 00                 1136 	.db #0x00	;  0
   0435 08                 1137 	.db #0x08	;  8
   0436 10                 1138 	.db #0x10	; 16
   0437 00                 1139 	.db #0x00	; 0
   0438 00                 1140 	.db #0x00	;  0
   0439 08                 1141 	.db #0x08	;  8
   043A 12                 1142 	.db #0x12	; 18
   043B 00                 1143 	.db #0x00	; 0
   043C 00                 1144 	.db #0x00	;  0
   043D 08                 1145 	.db #0x08	;  8
   043E 14                 1146 	.db #0x14	; 20
   043F 00                 1147 	.db #0x00	; 0
   0440 00                 1148 	.db #0x00	;  0
   0441 08                 1149 	.db #0x08	;  8
   0442 16                 1150 	.db #0x16	; 22
   0443 00                 1151 	.db #0x00	; 0
   0444 00                 1152 	.db #0x00	;  0
   0445 08                 1153 	.db #0x08	;  8
   0446 26                 1154 	.db #0x26	; 38
   0447 00                 1155 	.db #0x00	; 0
   0448 10                 1156 	.db #0x10	;  16
   0449 C8                 1157 	.db #0xc8	; -56
   044A 28                 1158 	.db #0x28	; 40
   044B 00                 1159 	.db #0x00	; 0
   044C 00                 1160 	.db #0x00	;  0
   044D 08                 1161 	.db #0x08	;  8
   044E 2A                 1162 	.db #0x2a	; 42
   044F 00                 1163 	.db #0x00	; 0
   0450 00                 1164 	.db #0x00	;  0
   0451 10                 1165 	.db #0x10	;  16
   0452 1C                 1166 	.db #0x1c	; 28
   0453 00                 1167 	.db #0x00	; 0
   0454 00                 1168 	.db #0x00	;  0
   0455 08                 1169 	.db #0x08	;  8
   0456 1E                 1170 	.db #0x1e	; 30
   0457 00                 1171 	.db #0x00	; 0
   0458 00                 1172 	.db #0x00	;  0
   0459 08                 1173 	.db #0x08	;  8
   045A 20                 1174 	.db #0x20	; 32
   045B 00                 1175 	.db #0x00	; 0
   045C 00                 1176 	.db #0x00	;  0
   045D 08                 1177 	.db #0x08	;  8
   045E 22                 1178 	.db #0x22	; 34
   045F 00                 1179 	.db #0x00	; 0
   0460 00                 1180 	.db #0x00	;  0
   0461 08                 1181 	.db #0x08	;  8
   0462 2C                 1182 	.db #0x2c	; 44
   0463 00                 1183 	.db #0x00	; 0
   0464 80                 1184 	.db #0x80	; -128
   0465 00                 1185 	.db #0x00	;  0
   0466 00                 1186 	.db #0x00	; 0
   0467 00                 1187 	.db #0x00	; 0
   0468                    1188 _sprite_metasprite2:
   0468 E8                 1189 	.db #0xe8	; -24
   0469 E8                 1190 	.db #0xe8	; -24
   046A 00                 1191 	.db #0x00	; 0
   046B 00                 1192 	.db #0x00	; 0
   046C 00                 1193 	.db #0x00	;  0
   046D 08                 1194 	.db #0x08	;  8
   046E 02                 1195 	.db #0x02	; 2
   046F 00                 1196 	.db #0x00	; 0
   0470 00                 1197 	.db #0x00	;  0
   0471 08                 1198 	.db #0x08	;  8
   0472 04                 1199 	.db #0x04	; 4
   0473 00                 1200 	.db #0x00	; 0
   0474 00                 1201 	.db #0x00	;  0
   0475 08                 1202 	.db #0x08	;  8
   0476 06                 1203 	.db #0x06	; 6
   0477 00                 1204 	.db #0x00	; 0
   0478 00                 1205 	.db #0x00	;  0
   0479 08                 1206 	.db #0x08	;  8
   047A 08                 1207 	.db #0x08	; 8
   047B 00                 1208 	.db #0x00	; 0
   047C 00                 1209 	.db #0x00	;  0
   047D 08                 1210 	.db #0x08	;  8
   047E 0A                 1211 	.db #0x0a	; 10
   047F 00                 1212 	.db #0x00	; 0
   0480 10                 1213 	.db #0x10	;  16
   0481 D8                 1214 	.db #0xd8	; -40
   0482 0C                 1215 	.db #0x0c	; 12
   0483 00                 1216 	.db #0x00	; 0
   0484 00                 1217 	.db #0x00	;  0
   0485 08                 1218 	.db #0x08	;  8
   0486 0E                 1219 	.db #0x0e	; 14
   0487 00                 1220 	.db #0x00	; 0
   0488 00                 1221 	.db #0x00	;  0
   0489 08                 1222 	.db #0x08	;  8
   048A 10                 1223 	.db #0x10	; 16
   048B 00                 1224 	.db #0x00	; 0
   048C 00                 1225 	.db #0x00	;  0
   048D 08                 1226 	.db #0x08	;  8
   048E 12                 1227 	.db #0x12	; 18
   048F 00                 1228 	.db #0x00	; 0
   0490 00                 1229 	.db #0x00	;  0
   0491 08                 1230 	.db #0x08	;  8
   0492 14                 1231 	.db #0x14	; 20
   0493 00                 1232 	.db #0x00	; 0
   0494 00                 1233 	.db #0x00	;  0
   0495 08                 1234 	.db #0x08	;  8
   0496 16                 1235 	.db #0x16	; 22
   0497 00                 1236 	.db #0x00	; 0
   0498 00                 1237 	.db #0x00	;  0
   0499 08                 1238 	.db #0x08	;  8
   049A 2E                 1239 	.db #0x2e	; 46
   049B 00                 1240 	.db #0x00	; 0
   049C 10                 1241 	.db #0x10	;  16
   049D C8                 1242 	.db #0xc8	; -56
   049E 30                 1243 	.db #0x30	; 48	'0'
   049F 00                 1244 	.db #0x00	; 0
   04A0 00                 1245 	.db #0x00	;  0
   04A1 08                 1246 	.db #0x08	;  8
   04A2 32                 1247 	.db #0x32	; 50	'2'
   04A3 00                 1248 	.db #0x00	; 0
   04A4 00                 1249 	.db #0x00	;  0
   04A5 10                 1250 	.db #0x10	;  16
   04A6 1C                 1251 	.db #0x1c	; 28
   04A7 00                 1252 	.db #0x00	; 0
   04A8 00                 1253 	.db #0x00	;  0
   04A9 08                 1254 	.db #0x08	;  8
   04AA 1E                 1255 	.db #0x1e	; 30
   04AB 00                 1256 	.db #0x00	; 0
   04AC 00                 1257 	.db #0x00	;  0
   04AD 08                 1258 	.db #0x08	;  8
   04AE 20                 1259 	.db #0x20	; 32
   04AF 00                 1260 	.db #0x00	; 0
   04B0 00                 1261 	.db #0x00	;  0
   04B1 08                 1262 	.db #0x08	;  8
   04B2 22                 1263 	.db #0x22	; 34
   04B3 00                 1264 	.db #0x00	; 0
   04B4 00                 1265 	.db #0x00	;  0
   04B5 08                 1266 	.db #0x08	;  8
   04B6 34                 1267 	.db #0x34	; 52	'4'
   04B7 00                 1268 	.db #0x00	; 0
   04B8 80                 1269 	.db #0x80	; -128
   04B9 00                 1270 	.db #0x00	;  0
   04BA 00                 1271 	.db #0x00	; 0
   04BB 00                 1272 	.db #0x00	; 0
   04BC                    1273 _sprite_metasprite3:
   04BC E8                 1274 	.db #0xe8	; -24
   04BD E8                 1275 	.db #0xe8	; -24
   04BE 00                 1276 	.db #0x00	; 0
   04BF 00                 1277 	.db #0x00	; 0
   04C0 00                 1278 	.db #0x00	;  0
   04C1 08                 1279 	.db #0x08	;  8
   04C2 02                 1280 	.db #0x02	; 2
   04C3 00                 1281 	.db #0x00	; 0
   04C4 00                 1282 	.db #0x00	;  0
   04C5 08                 1283 	.db #0x08	;  8
   04C6 04                 1284 	.db #0x04	; 4
   04C7 00                 1285 	.db #0x00	; 0
   04C8 00                 1286 	.db #0x00	;  0
   04C9 08                 1287 	.db #0x08	;  8
   04CA 06                 1288 	.db #0x06	; 6
   04CB 00                 1289 	.db #0x00	; 0
   04CC 00                 1290 	.db #0x00	;  0
   04CD 08                 1291 	.db #0x08	;  8
   04CE 08                 1292 	.db #0x08	; 8
   04CF 00                 1293 	.db #0x00	; 0
   04D0 00                 1294 	.db #0x00	;  0
   04D1 08                 1295 	.db #0x08	;  8
   04D2 0A                 1296 	.db #0x0a	; 10
   04D3 00                 1297 	.db #0x00	; 0
   04D4 10                 1298 	.db #0x10	;  16
   04D5 D8                 1299 	.db #0xd8	; -40
   04D6 0C                 1300 	.db #0x0c	; 12
   04D7 00                 1301 	.db #0x00	; 0
   04D8 00                 1302 	.db #0x00	;  0
   04D9 08                 1303 	.db #0x08	;  8
   04DA 0E                 1304 	.db #0x0e	; 14
   04DB 00                 1305 	.db #0x00	; 0
   04DC 00                 1306 	.db #0x00	;  0
   04DD 08                 1307 	.db #0x08	;  8
   04DE 10                 1308 	.db #0x10	; 16
   04DF 00                 1309 	.db #0x00	; 0
   04E0 00                 1310 	.db #0x00	;  0
   04E1 08                 1311 	.db #0x08	;  8
   04E2 12                 1312 	.db #0x12	; 18
   04E3 00                 1313 	.db #0x00	; 0
   04E4 00                 1314 	.db #0x00	;  0
   04E5 08                 1315 	.db #0x08	;  8
   04E6 14                 1316 	.db #0x14	; 20
   04E7 00                 1317 	.db #0x00	; 0
   04E8 00                 1318 	.db #0x00	;  0
   04E9 08                 1319 	.db #0x08	;  8
   04EA 16                 1320 	.db #0x16	; 22
   04EB 00                 1321 	.db #0x00	; 0
   04EC 00                 1322 	.db #0x00	;  0
   04ED 08                 1323 	.db #0x08	;  8
   04EE 26                 1324 	.db #0x26	; 38
   04EF 00                 1325 	.db #0x00	; 0
   04F0 10                 1326 	.db #0x10	;  16
   04F1 C8                 1327 	.db #0xc8	; -56
   04F2 36                 1328 	.db #0x36	; 54	'6'
   04F3 00                 1329 	.db #0x00	; 0
   04F4 00                 1330 	.db #0x00	;  0
   04F5 08                 1331 	.db #0x08	;  8
   04F6 38                 1332 	.db #0x38	; 56	'8'
   04F7 00                 1333 	.db #0x00	; 0
   04F8 00                 1334 	.db #0x00	;  0
   04F9 10                 1335 	.db #0x10	;  16
   04FA 1C                 1336 	.db #0x1c	; 28
   04FB 00                 1337 	.db #0x00	; 0
   04FC 00                 1338 	.db #0x00	;  0
   04FD 08                 1339 	.db #0x08	;  8
   04FE 1E                 1340 	.db #0x1e	; 30
   04FF 00                 1341 	.db #0x00	; 0
   0500 00                 1342 	.db #0x00	;  0
   0501 08                 1343 	.db #0x08	;  8
   0502 20                 1344 	.db #0x20	; 32
   0503 00                 1345 	.db #0x00	; 0
   0504 00                 1346 	.db #0x00	;  0
   0505 08                 1347 	.db #0x08	;  8
   0506 22                 1348 	.db #0x22	; 34
   0507 00                 1349 	.db #0x00	; 0
   0508 00                 1350 	.db #0x00	;  0
   0509 08                 1351 	.db #0x08	;  8
   050A 2C                 1352 	.db #0x2c	; 44
   050B 00                 1353 	.db #0x00	; 0
   050C 80                 1354 	.db #0x80	; -128
   050D 00                 1355 	.db #0x00	;  0
   050E 00                 1356 	.db #0x00	; 0
   050F 00                 1357 	.db #0x00	; 0
   0510                    1358 _sprite_metasprite4:
   0510 E8                 1359 	.db #0xe8	; -24
   0511 E8                 1360 	.db #0xe8	; -24
   0512 00                 1361 	.db #0x00	; 0
   0513 00                 1362 	.db #0x00	; 0
   0514 00                 1363 	.db #0x00	;  0
   0515 08                 1364 	.db #0x08	;  8
   0516 02                 1365 	.db #0x02	; 2
   0517 00                 1366 	.db #0x00	; 0
   0518 00                 1367 	.db #0x00	;  0
   0519 08                 1368 	.db #0x08	;  8
   051A 04                 1369 	.db #0x04	; 4
   051B 00                 1370 	.db #0x00	; 0
   051C 00                 1371 	.db #0x00	;  0
   051D 08                 1372 	.db #0x08	;  8
   051E 06                 1373 	.db #0x06	; 6
   051F 00                 1374 	.db #0x00	; 0
   0520 00                 1375 	.db #0x00	;  0
   0521 08                 1376 	.db #0x08	;  8
   0522 08                 1377 	.db #0x08	; 8
   0523 00                 1378 	.db #0x00	; 0
   0524 00                 1379 	.db #0x00	;  0
   0525 08                 1380 	.db #0x08	;  8
   0526 0A                 1381 	.db #0x0a	; 10
   0527 00                 1382 	.db #0x00	; 0
   0528 10                 1383 	.db #0x10	;  16
   0529 D8                 1384 	.db #0xd8	; -40
   052A 0C                 1385 	.db #0x0c	; 12
   052B 00                 1386 	.db #0x00	; 0
   052C 00                 1387 	.db #0x00	;  0
   052D 08                 1388 	.db #0x08	;  8
   052E 0E                 1389 	.db #0x0e	; 14
   052F 00                 1390 	.db #0x00	; 0
   0530 00                 1391 	.db #0x00	;  0
   0531 08                 1392 	.db #0x08	;  8
   0532 10                 1393 	.db #0x10	; 16
   0533 00                 1394 	.db #0x00	; 0
   0534 00                 1395 	.db #0x00	;  0
   0535 08                 1396 	.db #0x08	;  8
   0536 12                 1397 	.db #0x12	; 18
   0537 00                 1398 	.db #0x00	; 0
   0538 00                 1399 	.db #0x00	;  0
   0539 08                 1400 	.db #0x08	;  8
   053A 14                 1401 	.db #0x14	; 20
   053B 00                 1402 	.db #0x00	; 0
   053C 00                 1403 	.db #0x00	;  0
   053D 08                 1404 	.db #0x08	;  8
   053E 16                 1405 	.db #0x16	; 22
   053F 00                 1406 	.db #0x00	; 0
   0540 00                 1407 	.db #0x00	;  0
   0541 08                 1408 	.db #0x08	;  8
   0542 18                 1409 	.db #0x18	; 24
   0543 00                 1410 	.db #0x00	; 0
   0544 10                 1411 	.db #0x10	;  16
   0545 C8                 1412 	.db #0xc8	; -56
   0546 3A                 1413 	.db #0x3a	; 58
   0547 00                 1414 	.db #0x00	; 0
   0548 00                 1415 	.db #0x00	;  0
   0549 08                 1416 	.db #0x08	;  8
   054A 38                 1417 	.db #0x38	; 56	'8'
   054B 00                 1418 	.db #0x00	; 0
   054C 00                 1419 	.db #0x00	;  0
   054D 10                 1420 	.db #0x10	;  16
   054E 1C                 1421 	.db #0x1c	; 28
   054F 00                 1422 	.db #0x00	; 0
   0550 00                 1423 	.db #0x00	;  0
   0551 08                 1424 	.db #0x08	;  8
   0552 1E                 1425 	.db #0x1e	; 30
   0553 00                 1426 	.db #0x00	; 0
   0554 00                 1427 	.db #0x00	;  0
   0555 08                 1428 	.db #0x08	;  8
   0556 20                 1429 	.db #0x20	; 32
   0557 00                 1430 	.db #0x00	; 0
   0558 00                 1431 	.db #0x00	;  0
   0559 08                 1432 	.db #0x08	;  8
   055A 22                 1433 	.db #0x22	; 34
   055B 00                 1434 	.db #0x00	; 0
   055C 00                 1435 	.db #0x00	;  0
   055D 08                 1436 	.db #0x08	;  8
   055E 24                 1437 	.db #0x24	; 36
   055F 00                 1438 	.db #0x00	; 0
   0560 80                 1439 	.db #0x80	; -128
   0561 00                 1440 	.db #0x00	;  0
   0562 00                 1441 	.db #0x00	; 0
   0563 00                 1442 	.db #0x00	; 0
   0564                    1443 _sprite_metasprites:
   0564rC4r03              1444 	.dw _sprite_metasprite0
   0566r14r04              1445 	.dw _sprite_metasprite1
   0568r68r04              1446 	.dw _sprite_metasprite2
   056ArBCr04              1447 	.dw _sprite_metasprite3
   056Cr10r05              1448 	.dw _sprite_metasprite4
                           1449 	.area XINIT
                           1450 	.area CABS    (ABS)
