                                      1 ;--------------------------------------------------------
                                      2 ; File Created by SDCC : free open source ISO C Compiler 
                                      3 ; Version 4.2.2 #13350 (Mac OS X x86_64)
                                      4 ;--------------------------------------------------------
                                      5 	.module srcfile_3
                                      6 	.optsdcc -mz80
                                      7 	
                                      8 ;--------------------------------------------------------
                                      9 ; Public variables in this module
                                     10 ;--------------------------------------------------------
                                     11 	.globl b_func_3
                                     12 	.globl _func_3
                                     13 	.globl b___func_func_3
                                     14 	.globl ___func_func_3
                                     15 	.globl b___func_some_const_var_3
                                     16 	.globl ___func_some_const_var_3
                                     17 	.globl _printf
                                     18 	.globl _some_const_var_3
                                     19 ;--------------------------------------------------------
                                     20 ; special function registers
                                     21 ;--------------------------------------------------------
                           00003E    22 _MEMORY_CTL	=	0x003e
                           00003F    23 _JOY_CTL	=	0x003f
                           00007E    24 _VCOUNTER	=	0x007e
                           00007F    25 _PSG	=	0x007f
                           00007F    26 _HCOUNTER	=	0x007f
                           0000BE    27 _VDP_DATA	=	0x00be
                           0000BF    28 _VDP_CMD	=	0x00bf
                           0000BF    29 _VDP_STATUS	=	0x00bf
                           0000DC    30 _JOY_PORT1	=	0x00dc
                           0000DD    31 _JOY_PORT2	=	0x00dd
                           0000F0    32 _FMADDRESS	=	0x00f0
                           0000F1    33 _FMDATA	=	0x00f1
                           0000F2    34 _AUDIOCTRL	=	0x00f2
                                     35 ;--------------------------------------------------------
                                     36 ; ram data
                                     37 ;--------------------------------------------------------
                                     38 	.area _DATA
                           00FFFC    39 _RAM_CONTROL	=	0xfffc
                           00FFF8    40 _GLASSES_3D	=	0xfff8
                           00FFFD    41 _MAP_FRAME0	=	0xfffd
                           00FFFE    42 _MAP_FRAME1	=	0xfffe
                           00FFFF    43 _MAP_FRAME2	=	0xffff
                                     44 ;--------------------------------------------------------
                                     45 ; ram data
                                     46 ;--------------------------------------------------------
                                     47 	.area _INITIALIZED
                                     48 ;--------------------------------------------------------
                                     49 ; absolute external ram data
                                     50 ;--------------------------------------------------------
                                     51 	.area _DABS (ABS)
                                     52 ;--------------------------------------------------------
                                     53 ; global & static initialisations
                                     54 ;--------------------------------------------------------
                                     55 	.area _HOME
                                     56 	.area _GSINIT
                                     57 	.area _GSFINAL
                                     58 	.area _GSINIT
                                     59 ;--------------------------------------------------------
                                     60 ; Home
                                     61 ;--------------------------------------------------------
                                     62 	.area _HOME
                                     63 	.area _HOME
                                     64 ;--------------------------------------------------------
                                     65 ; code
                                     66 ;--------------------------------------------------------
                                     67 	.area _CODE_255
                                     68 ;src/srcfile_3.c:8: BANKREF(some_const_var_3)
                                     69 ;	---------------------------------
                                     70 ; Function __func_some_const_var_3
                                     71 ; ---------------------------------
                           0000FF    72 	b___func_some_const_var_3	= 255
      000000                         73 ___func_some_const_var_3::
                                     74 	.local b___func_some_const_var_3 
                           0000FF    75 	___bank_some_const_var_3 = b___func_some_const_var_3 
                                     76 	.globl ___bank_some_const_var_3 
                                     77 ;src/srcfile_3.c:12: BANKREF(func_3)
                                     78 ;	---------------------------------
                                     79 ; Function __func_func_3
                                     80 ; ---------------------------------
                           0000FF    81 	b___func_func_3	= 255
      000000                         82 ___func_func_3::
                                     83 	.local b___func_func_3 
                           0000FF    84 	___bank_func_3 = b___func_func_3 
                                     85 	.globl ___bank_func_3 
                                     86 ;src/srcfile_3.c:13: void func_3() BANKED
                                     87 ;	---------------------------------
                                     88 ; Function func_3
                                     89 ; ---------------------------------
                           0000FF    90 	b_func_3	= 255
      000000                         91 _func_3::
                                     92 ;src/srcfile_3.c:15: printf("Func3 in ROM bank %u\n", _current_bank);
      000000 3A FE FF         [13]   93 	ld	a, (_MAP_FRAME1+0)
      000003 4F               [ 4]   94 	ld	c, a
      000004 06 00            [ 7]   95 	ld	b, #0x00
      000006 C5               [11]   96 	push	bc
      000007 21r12r00         [10]   97 	ld	hl, #___str_0
      00000A E5               [11]   98 	push	hl
      00000B CDr00r00         [17]   99 	call	_printf
      00000E F1               [10]  100 	pop	af
      00000F F1               [10]  101 	pop	af
                                    102 ;src/srcfile_3.c:16: }
      000010 C9               [10]  103 	ret
      000011                        104 _some_const_var_3:
      000011 03                     105 	.db #0x03	; 3
      000012                        106 ___str_0:
      000012 46 75 6E 63 33 20 69   107 	.ascii "Func3 in ROM bank %u"
             6E 20 52 4F 4D 20 62
             61 6E 6B 20 25 75
      000026 0A                     108 	.db 0x0a
      000027 00                     109 	.db 0x00
                                    110 	.area _CODE_255
      000028                        111 _local_const_3:
      000028 01                     112 	.db #0x01	; 1
      000029 01                     113 	.db #0x01	; 1
      00002A 01                     114 	.db #0x01	; 1
      00002B 01                     115 	.db #0x01	; 1
      00002C 01                     116 	.db #0x01	; 1
      00002D 01                     117 	.db #0x01	; 1
      00002E 01                     118 	.db #0x01	; 1
      00002F 01                     119 	.db #0x01	; 1
      000030 01                     120 	.db #0x01	; 1
      000031 01                     121 	.db #0x01	; 1
      000032 01                     122 	.db #0x01	; 1
      000033 01                     123 	.db #0x01	; 1
      000034 01                     124 	.db #0x01	; 1
      000035 01                     125 	.db #0x01	; 1
      000036 01                     126 	.db #0x01	; 1
      000037 01                     127 	.db #0x01	; 1
      000038 01                     128 	.db #0x01	; 1
      000039 01                     129 	.db #0x01	; 1
      00003A 01                     130 	.db #0x01	; 1
      00003B 01                     131 	.db #0x01	; 1
      00003C 01                     132 	.db #0x01	; 1
      00003D 01                     133 	.db #0x01	; 1
      00003E 01                     134 	.db #0x01	; 1
      00003F 01                     135 	.db #0x01	; 1
      000040 01                     136 	.db #0x01	; 1
      000041 01                     137 	.db #0x01	; 1
      000042 01                     138 	.db #0x01	; 1
      000043 01                     139 	.db #0x01	; 1
      000044 01                     140 	.db #0x01	; 1
      000045 01                     141 	.db #0x01	; 1
      000046 01                     142 	.db #0x01	; 1
      000047 01                     143 	.db #0x01	; 1
      000048 01                     144 	.db #0x01	; 1
      000049 01                     145 	.db #0x01	; 1
      00004A 01                     146 	.db #0x01	; 1
      00004B 01                     147 	.db #0x01	; 1
      00004C 01                     148 	.db #0x01	; 1
      00004D 01                     149 	.db #0x01	; 1
      00004E 01                     150 	.db #0x01	; 1
      00004F 01                     151 	.db #0x01	; 1
      000050 01                     152 	.db #0x01	; 1
      000051 01                     153 	.db #0x01	; 1
      000052 01                     154 	.db #0x01	; 1
      000053 01                     155 	.db #0x01	; 1
      000054 01                     156 	.db #0x01	; 1
      000055 01                     157 	.db #0x01	; 1
      000056 01                     158 	.db #0x01	; 1
      000057 01                     159 	.db #0x01	; 1
      000058 01                     160 	.db #0x01	; 1
      000059 01                     161 	.db #0x01	; 1
      00005A 01                     162 	.db #0x01	; 1
      00005B 01                     163 	.db #0x01	; 1
      00005C 01                     164 	.db #0x01	; 1
      00005D 01                     165 	.db #0x01	; 1
      00005E 01                     166 	.db #0x01	; 1
      00005F 01                     167 	.db #0x01	; 1
      000060 01                     168 	.db #0x01	; 1
      000061 01                     169 	.db #0x01	; 1
      000062 01                     170 	.db #0x01	; 1
      000063 01                     171 	.db #0x01	; 1
      000064 01                     172 	.db #0x01	; 1
      000065 01                     173 	.db #0x01	; 1
      000066 01                     174 	.db #0x01	; 1
      000067 01                     175 	.db #0x01	; 1
      000068 01                     176 	.db #0x01	; 1
      000069 01                     177 	.db #0x01	; 1
      00006A 01                     178 	.db #0x01	; 1
      00006B 01                     179 	.db #0x01	; 1
      00006C 01                     180 	.db #0x01	; 1
      00006D 01                     181 	.db #0x01	; 1
      00006E 01                     182 	.db #0x01	; 1
      00006F 01                     183 	.db #0x01	; 1
      000070 01                     184 	.db #0x01	; 1
      000071 01                     185 	.db #0x01	; 1
      000072 01                     186 	.db #0x01	; 1
      000073 01                     187 	.db #0x01	; 1
      000074 01                     188 	.db #0x01	; 1
      000075 01                     189 	.db #0x01	; 1
      000076 01                     190 	.db #0x01	; 1
      000077 01                     191 	.db #0x01	; 1
      000078 01                     192 	.db #0x01	; 1
      000079 01                     193 	.db #0x01	; 1
      00007A 01                     194 	.db #0x01	; 1
      00007B 01                     195 	.db #0x01	; 1
      00007C 01                     196 	.db #0x01	; 1
      00007D 01                     197 	.db #0x01	; 1
      00007E 01                     198 	.db #0x01	; 1
      00007F 01                     199 	.db #0x01	; 1
      000080 01                     200 	.db #0x01	; 1
      000081 01                     201 	.db #0x01	; 1
      000082 01                     202 	.db #0x01	; 1
      000083 01                     203 	.db #0x01	; 1
      000084 01                     204 	.db #0x01	; 1
      000085 01                     205 	.db #0x01	; 1
      000086 01                     206 	.db #0x01	; 1
      000087 01                     207 	.db #0x01	; 1
      000088 01                     208 	.db #0x01	; 1
      000089 01                     209 	.db #0x01	; 1
      00008A 01                     210 	.db #0x01	; 1
      00008B 01                     211 	.db #0x01	; 1
      00008C 01                     212 	.db #0x01	; 1
      00008D 01                     213 	.db #0x01	; 1
      00008E 01                     214 	.db #0x01	; 1
      00008F 01                     215 	.db #0x01	; 1
      000090 01                     216 	.db #0x01	; 1
      000091 01                     217 	.db #0x01	; 1
      000092 01                     218 	.db #0x01	; 1
      000093 01                     219 	.db #0x01	; 1
      000094 01                     220 	.db #0x01	; 1
      000095 01                     221 	.db #0x01	; 1
      000096 01                     222 	.db #0x01	; 1
      000097 01                     223 	.db #0x01	; 1
      000098 01                     224 	.db #0x01	; 1
      000099 01                     225 	.db #0x01	; 1
      00009A 01                     226 	.db #0x01	; 1
      00009B 01                     227 	.db #0x01	; 1
      00009C 01                     228 	.db #0x01	; 1
      00009D 01                     229 	.db #0x01	; 1
      00009E 01                     230 	.db #0x01	; 1
      00009F 01                     231 	.db #0x01	; 1
      0000A0 01                     232 	.db #0x01	; 1
      0000A1 01                     233 	.db #0x01	; 1
      0000A2 01                     234 	.db #0x01	; 1
      0000A3 01                     235 	.db #0x01	; 1
      0000A4 01                     236 	.db #0x01	; 1
      0000A5 01                     237 	.db #0x01	; 1
      0000A6 01                     238 	.db #0x01	; 1
      0000A7 01                     239 	.db #0x01	; 1
      0000A8 01                     240 	.db #0x01	; 1
      0000A9 01                     241 	.db #0x01	; 1
      0000AA 01                     242 	.db #0x01	; 1
      0000AB 01                     243 	.db #0x01	; 1
      0000AC 01                     244 	.db #0x01	; 1
      0000AD 01                     245 	.db #0x01	; 1
      0000AE 01                     246 	.db #0x01	; 1
      0000AF 01                     247 	.db #0x01	; 1
      0000B0 01                     248 	.db #0x01	; 1
      0000B1 01                     249 	.db #0x01	; 1
      0000B2 01                     250 	.db #0x01	; 1
      0000B3 01                     251 	.db #0x01	; 1
      0000B4 01                     252 	.db #0x01	; 1
      0000B5 01                     253 	.db #0x01	; 1
      0000B6 01                     254 	.db #0x01	; 1
      0000B7 01                     255 	.db #0x01	; 1
      0000B8 01                     256 	.db #0x01	; 1
      0000B9 01                     257 	.db #0x01	; 1
      0000BA 01                     258 	.db #0x01	; 1
      0000BB 01                     259 	.db #0x01	; 1
      0000BC 01                     260 	.db #0x01	; 1
      0000BD 01                     261 	.db #0x01	; 1
      0000BE 01                     262 	.db #0x01	; 1
      0000BF 01                     263 	.db #0x01	; 1
      0000C0 01                     264 	.db #0x01	; 1
      0000C1 01                     265 	.db #0x01	; 1
      0000C2 01                     266 	.db #0x01	; 1
      0000C3 01                     267 	.db #0x01	; 1
      0000C4 01                     268 	.db #0x01	; 1
      0000C5 01                     269 	.db #0x01	; 1
      0000C6 01                     270 	.db #0x01	; 1
      0000C7 01                     271 	.db #0x01	; 1
      0000C8 01                     272 	.db #0x01	; 1
      0000C9 01                     273 	.db #0x01	; 1
      0000CA 01                     274 	.db #0x01	; 1
      0000CB 01                     275 	.db #0x01	; 1
      0000CC 01                     276 	.db #0x01	; 1
      0000CD 01                     277 	.db #0x01	; 1
      0000CE 01                     278 	.db #0x01	; 1
      0000CF 01                     279 	.db #0x01	; 1
      0000D0 01                     280 	.db #0x01	; 1
      0000D1 01                     281 	.db #0x01	; 1
      0000D2 01                     282 	.db #0x01	; 1
      0000D3 01                     283 	.db #0x01	; 1
      0000D4 01                     284 	.db #0x01	; 1
      0000D5 01                     285 	.db #0x01	; 1
      0000D6 01                     286 	.db #0x01	; 1
      0000D7 01                     287 	.db #0x01	; 1
      0000D8 01                     288 	.db #0x01	; 1
      0000D9 01                     289 	.db #0x01	; 1
      0000DA 01                     290 	.db #0x01	; 1
      0000DB 01                     291 	.db #0x01	; 1
      0000DC 01                     292 	.db #0x01	; 1
      0000DD 01                     293 	.db #0x01	; 1
      0000DE 01                     294 	.db #0x01	; 1
      0000DF 01                     295 	.db #0x01	; 1
      0000E0 01                     296 	.db #0x01	; 1
      0000E1 01                     297 	.db #0x01	; 1
      0000E2 01                     298 	.db #0x01	; 1
      0000E3 01                     299 	.db #0x01	; 1
      0000E4 01                     300 	.db #0x01	; 1
      0000E5 01                     301 	.db #0x01	; 1
      0000E6 01                     302 	.db #0x01	; 1
      0000E7 01                     303 	.db #0x01	; 1
      0000E8 01                     304 	.db #0x01	; 1
      0000E9 01                     305 	.db #0x01	; 1
      0000EA 01                     306 	.db #0x01	; 1
      0000EB 01                     307 	.db #0x01	; 1
      0000EC 01                     308 	.db #0x01	; 1
      0000ED 01                     309 	.db #0x01	; 1
      0000EE 01                     310 	.db #0x01	; 1
      0000EF 01                     311 	.db #0x01	; 1
      0000F0 01                     312 	.db #0x01	; 1
      0000F1 01                     313 	.db #0x01	; 1
      0000F2 01                     314 	.db #0x01	; 1
      0000F3 01                     315 	.db #0x01	; 1
      0000F4 01                     316 	.db #0x01	; 1
      0000F5 01                     317 	.db #0x01	; 1
      0000F6 01                     318 	.db #0x01	; 1
      0000F7 01                     319 	.db #0x01	; 1
      0000F8 01                     320 	.db #0x01	; 1
      0000F9 01                     321 	.db #0x01	; 1
      0000FA 01                     322 	.db #0x01	; 1
      0000FB 01                     323 	.db #0x01	; 1
      0000FC 01                     324 	.db #0x01	; 1
      0000FD 01                     325 	.db #0x01	; 1
      0000FE 01                     326 	.db #0x01	; 1
      0000FF 01                     327 	.db #0x01	; 1
      000100 01                     328 	.db #0x01	; 1
      000101 01                     329 	.db #0x01	; 1
      000102 01                     330 	.db #0x01	; 1
      000103 01                     331 	.db #0x01	; 1
      000104 01                     332 	.db #0x01	; 1
      000105 01                     333 	.db #0x01	; 1
      000106 01                     334 	.db #0x01	; 1
      000107 01                     335 	.db #0x01	; 1
      000108 01                     336 	.db #0x01	; 1
      000109 01                     337 	.db #0x01	; 1
      00010A 01                     338 	.db #0x01	; 1
      00010B 01                     339 	.db #0x01	; 1
      00010C 01                     340 	.db #0x01	; 1
      00010D 01                     341 	.db #0x01	; 1
      00010E 01                     342 	.db #0x01	; 1
      00010F 01                     343 	.db #0x01	; 1
      000110 01                     344 	.db #0x01	; 1
      000111 01                     345 	.db #0x01	; 1
      000112 01                     346 	.db #0x01	; 1
      000113 01                     347 	.db #0x01	; 1
      000114 01                     348 	.db #0x01	; 1
      000115 01                     349 	.db #0x01	; 1
      000116 01                     350 	.db #0x01	; 1
      000117 01                     351 	.db #0x01	; 1
      000118 01                     352 	.db #0x01	; 1
      000119 01                     353 	.db #0x01	; 1
      00011A 01                     354 	.db #0x01	; 1
      00011B 01                     355 	.db #0x01	; 1
      00011C 01                     356 	.db #0x01	; 1
      00011D 01                     357 	.db #0x01	; 1
      00011E 01                     358 	.db #0x01	; 1
      00011F 01                     359 	.db #0x01	; 1
      000120 01                     360 	.db #0x01	; 1
      000121 01                     361 	.db #0x01	; 1
      000122 01                     362 	.db #0x01	; 1
      000123 01                     363 	.db #0x01	; 1
      000124 01                     364 	.db #0x01	; 1
      000125 01                     365 	.db #0x01	; 1
      000126 01                     366 	.db #0x01	; 1
      000127 01                     367 	.db #0x01	; 1
                                    368 	.area _INITIALIZER
                                    369 	.area _CABS (ABS)
