                                      1 ;--------------------------------------------------------
                                      2 ; File Created by SDCC : free open source ISO C Compiler 
                                      3 ; Version 4.2.2 #13350 (Mac OS X x86_64)
                                      4 ;--------------------------------------------------------
                                      5 	.module bank_ba0_bo2
                                      6 	.optsdcc -mz80
                                      7 	
                                      8 ;--------------------------------------------------------
                                      9 ; Public variables in this module
                                     10 ;--------------------------------------------------------
                                     11 	.globl b_bank_2
                                     12 	.globl _bank_2
                                     13 	.globl _puts
                                     14 	.globl _var_2
                                     15 ;--------------------------------------------------------
                                     16 ; special function registers
                                     17 ;--------------------------------------------------------
                           00003E    18 _MEMORY_CTL	=	0x003e
                           00003F    19 _JOY_CTL	=	0x003f
                           00007E    20 _VCOUNTER	=	0x007e
                           00007F    21 _PSG	=	0x007f
                           00007F    22 _HCOUNTER	=	0x007f
                           0000BE    23 _VDP_DATA	=	0x00be
                           0000BF    24 _VDP_CMD	=	0x00bf
                           0000BF    25 _VDP_STATUS	=	0x00bf
                           0000DC    26 _JOY_PORT1	=	0x00dc
                           0000DD    27 _JOY_PORT2	=	0x00dd
                           0000F0    28 _FMADDRESS	=	0x00f0
                           0000F1    29 _FMDATA	=	0x00f1
                           0000F2    30 _AUDIOCTRL	=	0x00f2
                                     31 ;--------------------------------------------------------
                                     32 ; ram data
                                     33 ;--------------------------------------------------------
                                     34 	.area _DATA
                           00FFFC    35 _RAM_CONTROL	=	0xfffc
                           00FFF8    36 _GLASSES_3D	=	0xfff8
                           00FFFD    37 _MAP_FRAME0	=	0xfffd
                           00FFFE    38 _MAP_FRAME1	=	0xfffe
                           00FFFF    39 _MAP_FRAME2	=	0xffff
      000000                         40 _var_2::
      000000                         41 	.ds 2
                                     42 ;--------------------------------------------------------
                                     43 ; ram data
                                     44 ;--------------------------------------------------------
                                     45 	.area _INITIALIZED
                                     46 ;--------------------------------------------------------
                                     47 ; absolute external ram data
                                     48 ;--------------------------------------------------------
                                     49 	.area _DABS (ABS)
                                     50 ;--------------------------------------------------------
                                     51 ; global & static initialisations
                                     52 ;--------------------------------------------------------
                                     53 	.area _HOME
                                     54 	.area _GSINIT
                                     55 	.area _GSFINAL
                                     56 	.area _GSINIT
                                     57 ;--------------------------------------------------------
                                     58 ; Home
                                     59 ;--------------------------------------------------------
                                     60 	.area _HOME
                                     61 	.area _HOME
                                     62 ;--------------------------------------------------------
                                     63 ; code
                                     64 ;--------------------------------------------------------
                                     65 	.area _CODE
                                     66 ;src/bank.ba0.bo2.c:7: void bank_2() BANKED /* In ROM bank 2 */
                                     67 ;	---------------------------------
                                     68 ; Function bank_2
                                     69 ; ---------------------------------
                           000000    70 	b_bank_2	= 0
      000000                         71 _bank_2::
                                     72 ;src/bank.ba0.bo2.c:9: puts("I'm in ROM bank 2");
      000000 21r06r00         [10]   73 	ld	hl, #___str_0
                                     74 ;src/bank.ba0.bo2.c:10: }
      000003 C3r00r00         [10]   75 	jp	_puts
      000006                         76 ___str_0:
      000006 49 27 6D 20 69 6E 20    77 	.ascii "I'm in ROM bank 2"
             52 4F 4D 20 62 61 6E
             6B 20 32
      000017 00                      78 	.db 0x00
                                     79 	.area _CODE
                                     80 	.area _INITIALIZER
                                     81 	.area _CABS (ABS)
