                                      1 ;--------------------------------------------------------
                                      2 ; File Created by SDCC : free open source ISO C Compiler 
                                      3 ; Version 4.2.2 #13350 (Mac OS X x86_64)
                                      4 ;--------------------------------------------------------
                                      5 	.module fonts
                                      6 	.optsdcc -msm83
                                      7 	
                                      8 ;--------------------------------------------------------
                                      9 ; Public variables in this module
                                     10 ;--------------------------------------------------------
                                     11 	.globl _main
                                     12 	.globl _font_color
                                     13 	.globl _font_set
                                     14 	.globl _font_load
                                     15 	.globl _font_init
                                     16 	.globl _get_mode
                                     17 	.globl _mode
                                     18 	.globl _puts
                                     19 	.globl _printf
                                     20 ;--------------------------------------------------------
                                     21 ; special function registers
                                     22 ;--------------------------------------------------------
                                     23 ;--------------------------------------------------------
                                     24 ; ram data
                                     25 ;--------------------------------------------------------
                                     26 	.area _DATA
                                     27 ;--------------------------------------------------------
                                     28 ; ram data
                                     29 ;--------------------------------------------------------
                                     30 	.area _INITIALIZED
                                     31 ;--------------------------------------------------------
                                     32 ; absolute external ram data
                                     33 ;--------------------------------------------------------
                                     34 	.area _DABS (ABS)
                                     35 ;--------------------------------------------------------
                                     36 ; global & static initialisations
                                     37 ;--------------------------------------------------------
                                     38 	.area _HOME
                                     39 	.area _GSINIT
                                     40 	.area _GSFINAL
                                     41 	.area _GSINIT
                                     42 ;--------------------------------------------------------
                                     43 ; Home
                                     44 ;--------------------------------------------------------
                                     45 	.area _HOME
                                     46 	.area _HOME
                                     47 ;--------------------------------------------------------
                                     48 ; code
                                     49 ;--------------------------------------------------------
                                     50 	.area _CODE
                                     51 ;src/fonts.c:17: void main(void)
                                     52 ;	---------------------------------
                                     53 ; Function main
                                     54 ; ---------------------------------
      000000                         55 _main::
      000000 E8 FA            [16]   56 	add	sp, #-6
                                     57 ;src/fonts.c:23: font_init();
      000002 CDr00r00         [24]   58 	call	_font_init
                                     59 ;src/fonts.c:26: ibm_font = font_load(font_ibm);  /* 96 tiles */
      000005 11r00r00         [12]   60 	ld	de, #_font_ibm
      000008 D5               [16]   61 	push	de
      000009 CDr00r00         [24]   62 	call	_font_load
      00000C E8 04            [16]   63 	add	sp, #4
      00000E D5               [16]   64 	push	de
                                     65 ;src/fonts.c:27: italic_font = font_load(font_italic);   /* 93 tiles */
      00000F 11r00r00         [12]   66 	ld	de, #_font_italic
      000012 D5               [16]   67 	push	de
      000013 CDr00r00         [24]   68 	call	_font_load
      000016 E1               [12]   69 	pop	hl
      000017 F8 02            [12]   70 	ldhl	sp,	#2
      000019 7B               [ 4]   71 	ld	a, e
      00001A 22               [ 8]   72 	ld	(hl+), a
      00001B 72               [ 8]   73 	ld	(hl), d
                                     74 ;src/fonts.c:30: font_color(WHITE, DKGREY);
      00001C 21 03 01         [12]   75 	ld	hl, #0x103
      00001F E5               [16]   76 	push	hl
      000020 CDr00r00         [24]   77 	call	_font_color
      000023 E1               [12]   78 	pop	hl
                                     79 ;src/fonts.c:32: min_font = font_load(font_min);
      000024 11r00r00         [12]   80 	ld	de, #_font_min
      000027 D5               [16]   81 	push	de
      000028 CDr00r00         [24]   82 	call	_font_load
      00002B E1               [12]   83 	pop	hl
      00002C F8 04            [12]   84 	ldhl	sp,	#4
      00002E 7B               [ 4]   85 	ld	a, e
      00002F 22               [ 8]   86 	ld	(hl+), a
      000030 72               [ 8]   87 	ld	(hl), d
                                     88 ;src/fonts.c:35: mode(get_mode() | M_NO_SCROLL);
      000031 CDr00r00         [24]   89 	call	_get_mode
      000034 7B               [ 4]   90 	ld	a, e
      000035 CB D7            [ 8]   91 	set	2, a
      000037 F5               [16]   92 	push	af
      000038 33               [ 8]   93 	inc	sp
      000039 CDr00r00         [24]   94 	call	_mode
      00003C 33               [ 8]   95 	inc	sp
                                     96 ;src/fonts.c:40: font_set(ibm_font);
      00003D D1               [12]   97 	pop	de
      00003E D5               [16]   98 	push	de
      00003F D5               [16]   99 	push	de
      000040 CDr00r00         [24]  100 	call	_font_set
      000043 E1               [12]  101 	pop	hl
                                    102 ;src/fonts.c:43: printf("IBM Font #!?123\n");
      000044 11rBDr00         [12]  103 	ld	de, #___str_8
      000047 CDr00r00         [24]  104 	call	_puts
                                    105 ;src/fonts.c:46: font_set(italic_font);
      00004A F8 02            [12]  106 	ldhl	sp,	#2
      00004C 2A               [ 8]  107 	ld	a, (hl+)
      00004D 5F               [ 4]  108 	ld	e, a
      00004E 56               [ 8]  109 	ld	d, (hl)
      00004F D5               [16]  110 	push	de
      000050 CDr00r00         [24]  111 	call	_font_set
      000053 E1               [12]  112 	pop	hl
                                    113 ;src/fonts.c:47: for (i=1; i!=5; i++) {
      000054 01 01 00         [12]  114 	ld	bc, #0x0001
      000057                        115 00102$:
                                    116 ;src/fonts.c:48: printf("In italics, line %u\n", i);
      000057 C5               [16]  117 	push	bc
      000058 C5               [16]  118 	push	bc
      000059 11r8Cr00         [12]  119 	ld	de, #___str_4
      00005C D5               [16]  120 	push	de
      00005D CDr00r00         [24]  121 	call	_printf
      000060 E8 04            [16]  122 	add	sp, #4
      000062 C1               [12]  123 	pop	bc
                                    124 ;src/fonts.c:47: for (i=1; i!=5; i++) {
      000063 03               [ 8]  125 	inc	bc
      000064 79               [ 4]  126 	ld	a, c
      000065 D6 05            [ 8]  127 	sub	a, #0x05
      000067 B0               [ 4]  128 	or	a, b
      000068 20 ED            [12]  129 	jr	NZ, 00102$
                                    130 ;src/fonts.c:52: font_set(min_font);
      00006A F8 04            [12]  131 	ldhl	sp,	#4
      00006C 2A               [ 8]  132 	ld	a, (hl+)
      00006D 5F               [ 4]  133 	ld	e, a
      00006E 56               [ 8]  134 	ld	d, (hl)
      00006F D5               [16]  135 	push	de
      000070 CDr00r00         [24]  136 	call	_font_set
      000073 E1               [12]  137 	pop	hl
                                    138 ;src/fonts.c:53: printf("Minimal 36 tile font\n");
      000074 11rA1r00         [12]  139 	ld	de, #___str_6
      000077 CDr00r00         [24]  140 	call	_puts
                                    141 ;src/fonts.c:56: font_set(ibm_font);
      00007A D1               [12]  142 	pop	de
      00007B D5               [16]  143 	push	de
      00007C D5               [16]  144 	push	de
      00007D CDr00r00         [24]  145 	call	_font_set
      000080 E1               [12]  146 	pop	hl
                                    147 ;src/fonts.c:57: printf("\nDone!");
      000081 11rB6r00         [12]  148 	ld	de, #___str_7
      000084 D5               [16]  149 	push	de
      000085 CDr00r00         [24]  150 	call	_printf
      000088 E1               [12]  151 	pop	hl
                                    152 ;src/fonts.c:58: }
      000089 E8 06            [16]  153 	add	sp, #6
      00008B C9               [16]  154 	ret
      00008C                        155 ___str_4:
      00008C 49 6E 20 69 74 61 6C   156 	.ascii "In italics, line %u"
             69 63 73 2C 20 6C 69
             6E 65 20 25 75
      00009F 0A                     157 	.db 0x0a
      0000A0 00                     158 	.db 0x00
      0000A1                        159 ___str_6:
      0000A1 4D 69 6E 69 6D 61 6C   160 	.ascii "Minimal 36 tile font"
             20 33 36 20 74 69 6C
             65 20 66 6F 6E 74
      0000B5 00                     161 	.db 0x00
      0000B6                        162 ___str_7:
      0000B6 0A                     163 	.db 0x0a
      0000B7 44 6F 6E 65 21         164 	.ascii "Done!"
      0000BC 00                     165 	.db 0x00
      0000BD                        166 ___str_8:
      0000BD 46 6F 6E 74 20 64 65   167 	.ascii "Font demo."
             6D 6F 2E
      0000C7 0A                     168 	.db 0x0a
      0000C8 0A                     169 	.db 0x0a
      0000C9 49 42 4D 20 46 6F 6E   170 	.ascii "IBM Font #!?123"
             74 20 23 21 3F 31 32
             33
      0000D8 00                     171 	.db 0x00
                                    172 	.area _CODE
                                    173 	.area _INITIALIZER
                                    174 	.area _CABS (ABS)
