                                      1 ;--------------------------------------------------------
                                      2 ; File Created by SDCC : free open source ISO C Compiler 
                                      3 ; Version 4.2.2 #13350 (Mac OS X x86_64)
                                      4 ;--------------------------------------------------------
                                      5 	.module sprite
                                      6 	.optsdcc -msm83
                                      7 	
                                      8 ;--------------------------------------------------------
                                      9 ; Public variables in this module
                                     10 ;--------------------------------------------------------
                                     11 	.globl _sprite_metasprites
                                     12 	.globl _sprite_metasprite4
                                     13 	.globl _sprite_metasprite3
                                     14 	.globl _sprite_metasprite2
                                     15 	.globl _sprite_metasprite1
                                     16 	.globl _sprite_metasprite0
                                     17 	.globl _sprite_tiles
                                     18 	.globl _sprite_palettes
                                     19 	.globl b___func_sprite
                                     20 	.globl ___func_sprite
                                     21 ;--------------------------------------------------------
                                     22 ; special function registers
                                     23 ;--------------------------------------------------------
                                     24 ;--------------------------------------------------------
                                     25 ; ram data
                                     26 ;--------------------------------------------------------
                                     27 	.area _DATA
                                     28 ;--------------------------------------------------------
                                     29 ; ram data
                                     30 ;--------------------------------------------------------
                                     31 	.area _INITIALIZED
                                     32 ;--------------------------------------------------------
                                     33 ; absolute external ram data
                                     34 ;--------------------------------------------------------
                                     35 	.area _DABS (ABS)
                                     36 ;--------------------------------------------------------
                                     37 ; global & static initialisations
                                     38 ;--------------------------------------------------------
                                     39 	.area _HOME
                                     40 	.area _GSINIT
                                     41 	.area _GSFINAL
                                     42 	.area _GSINIT
                                     43 ;--------------------------------------------------------
                                     44 ; Home
                                     45 ;--------------------------------------------------------
                                     46 	.area _HOME
                                     47 	.area _HOME
                                     48 ;--------------------------------------------------------
                                     49 ; code
                                     50 ;--------------------------------------------------------
                                     51 	.area _CODE
                                     52 ;obj/pocket/res/sprite.c:7: BANKREF(sprite)
                                     53 ;	---------------------------------
                                     54 ; Function __func_sprite
                                     55 ; ---------------------------------
                           000000    56 	b___func_sprite	= 0
      000000                         57 ___func_sprite::
                                     58 	.local b___func_sprite 
                           000000    59 	___bank_sprite = b___func_sprite 
                                     60 	.globl ___bank_sprite 
                                     61 	.area _CODE
      000000                         62 _sprite_palettes:
      000000 FF 7F                   63 	.dw #0x7fff
      000002 FC 67                   64 	.dw #0x67fc
      000004 10 37                   65 	.dw #0x3710
      000006 60 10                   66 	.dw #0x1060
      000008                         67 _sprite_tiles:
      000008 00                      68 	.db #0x00	; 0
      000009 00                      69 	.db #0x00	; 0
      00000A 00                      70 	.db #0x00	; 0
      00000B 00                      71 	.db #0x00	; 0
      00000C 00                      72 	.db #0x00	; 0
      00000D 00                      73 	.db #0x00	; 0
      00000E 00                      74 	.db #0x00	; 0
      00000F 00                      75 	.db #0x00	; 0
      000010 00                      76 	.db #0x00	; 0
      000011 00                      77 	.db #0x00	; 0
      000012 00                      78 	.db #0x00	; 0
      000013 00                      79 	.db #0x00	; 0
      000014 00                      80 	.db #0x00	; 0
      000015 00                      81 	.db #0x00	; 0
      000016 00                      82 	.db #0x00	; 0
      000017 00                      83 	.db #0x00	; 0
      000018 00                      84 	.db #0x00	; 0
      000019 00                      85 	.db #0x00	; 0
      00001A 00                      86 	.db #0x00	; 0
      00001B 00                      87 	.db #0x00	; 0
      00001C 00                      88 	.db #0x00	; 0
      00001D 00                      89 	.db #0x00	; 0
      00001E 03                      90 	.db #0x03	; 3
      00001F 03                      91 	.db #0x03	; 3
      000020 0D                      92 	.db #0x0d	; 13
      000021 0E                      93 	.db #0x0e	; 14
      000022 1F                      94 	.db #0x1f	; 31
      000023 10                      95 	.db #0x10	; 16
      000024 3F                      96 	.db #0x3f	; 63
      000025 20                      97 	.db #0x20	; 32
      000026 3F                      98 	.db #0x3f	; 63
      000027 20                      99 	.db #0x20	; 32
      000028 00                     100 	.db #0x00	; 0
      000029 00                     101 	.db #0x00	; 0
      00002A 00                     102 	.db #0x00	; 0
      00002B 00                     103 	.db #0x00	; 0
      00002C 00                     104 	.db #0x00	; 0
      00002D 00                     105 	.db #0x00	; 0
      00002E 00                     106 	.db #0x00	; 0
      00002F 00                     107 	.db #0x00	; 0
      000030 00                     108 	.db #0x00	; 0
      000031 00                     109 	.db #0x00	; 0
      000032 00                     110 	.db #0x00	; 0
      000033 00                     111 	.db #0x00	; 0
      000034 00                     112 	.db #0x00	; 0
      000035 00                     113 	.db #0x00	; 0
      000036 00                     114 	.db #0x00	; 0
      000037 00                     115 	.db #0x00	; 0
      000038 00                     116 	.db #0x00	; 0
      000039 00                     117 	.db #0x00	; 0
      00003A 03                     118 	.db #0x03	; 3
      00003B 03                     119 	.db #0x03	; 3
      00003C FD                     120 	.db #0xfd	; 253
      00003D FE                     121 	.db #0xfe	; 254
      00003E 3F                     122 	.db #0x3f	; 63
      00003F C0                     123 	.db #0xc0	; 192
      000040 FF                     124 	.db #0xff	; 255
      000041 0C                     125 	.db #0x0c	; 12
      000042 FF                     126 	.db #0xff	; 255
      000043 13                     127 	.db #0x13	; 19
      000044 F7                     128 	.db #0xf7	; 247
      000045 08                     129 	.db #0x08	; 8
      000046 C1                     130 	.db #0xc1	; 193
      000047 3E                     131 	.db #0x3e	; 62
      000048 00                     132 	.db #0x00	; 0
      000049 00                     133 	.db #0x00	; 0
      00004A 00                     134 	.db #0x00	; 0
      00004B 00                     135 	.db #0x00	; 0
      00004C 00                     136 	.db #0x00	; 0
      00004D 00                     137 	.db #0x00	; 0
      00004E 00                     138 	.db #0x00	; 0
      00004F 00                     139 	.db #0x00	; 0
      000050 00                     140 	.db #0x00	; 0
      000051 00                     141 	.db #0x00	; 0
      000052 00                     142 	.db #0x00	; 0
      000053 00                     143 	.db #0x00	; 0
      000054 00                     144 	.db #0x00	; 0
      000055 00                     145 	.db #0x00	; 0
      000056 00                     146 	.db #0x00	; 0
      000057 00                     147 	.db #0x00	; 0
      000058 7F                     148 	.db #0x7f	; 127
      000059 7F                     149 	.db #0x7f	; 127
      00005A 9F                     150 	.db #0x9f	; 159
      00005B E0                     151 	.db #0xe0	; 224
      00005C FF                     152 	.db #0xff	; 255
      00005D 00                     153 	.db #0x00	; 0
      00005E FF                     154 	.db #0xff	; 255
      00005F 00                     155 	.db #0x00	; 0
      000060 FF                     156 	.db #0xff	; 255
      000061 00                     157 	.db #0x00	; 0
      000062 FF                     158 	.db #0xff	; 255
      000063 00                     159 	.db #0x00	; 0
      000064 FF                     160 	.db #0xff	; 255
      000065 80                     161 	.db #0x80	; 128
      000066 FF                     162 	.db #0xff	; 255
      000067 40                     163 	.db #0x40	; 64
      000068 00                     164 	.db #0x00	; 0
      000069 00                     165 	.db #0x00	; 0
      00006A 00                     166 	.db #0x00	; 0
      00006B 00                     167 	.db #0x00	; 0
      00006C 00                     168 	.db #0x00	; 0
      00006D 00                     169 	.db #0x00	; 0
      00006E 00                     170 	.db #0x00	; 0
      00006F 00                     171 	.db #0x00	; 0
      000070 00                     172 	.db #0x00	; 0
      000071 00                     173 	.db #0x00	; 0
      000072 00                     174 	.db #0x00	; 0
      000073 00                     175 	.db #0x00	; 0
      000074 00                     176 	.db #0x00	; 0
      000075 00                     177 	.db #0x00	; 0
      000076 00                     178 	.db #0x00	; 0
      000077 00                     179 	.db #0x00	; 0
      000078 F0                     180 	.db #0xf0	; 240
      000079 F0                     181 	.db #0xf0	; 240
      00007A CF                     182 	.db #0xcf	; 207
      00007B 3F                     183 	.db #0x3f	; 63
      00007C FF                     184 	.db #0xff	; 255
      00007D 00                     185 	.db #0x00	; 0
      00007E FF                     186 	.db #0xff	; 255
      00007F 00                     187 	.db #0x00	; 0
      000080 FF                     188 	.db #0xff	; 255
      000081 00                     189 	.db #0x00	; 0
      000082 FF                     190 	.db #0xff	; 255
      000083 00                     191 	.db #0x00	; 0
      000084 FF                     192 	.db #0xff	; 255
      000085 00                     193 	.db #0x00	; 0
      000086 FF                     194 	.db #0xff	; 255
      000087 00                     195 	.db #0x00	; 0
      000088 00                     196 	.db #0x00	; 0
      000089 00                     197 	.db #0x00	; 0
      00008A 00                     198 	.db #0x00	; 0
      00008B 00                     199 	.db #0x00	; 0
      00008C 00                     200 	.db #0x00	; 0
      00008D 00                     201 	.db #0x00	; 0
      00008E 00                     202 	.db #0x00	; 0
      00008F 00                     203 	.db #0x00	; 0
      000090 00                     204 	.db #0x00	; 0
      000091 00                     205 	.db #0x00	; 0
      000092 00                     206 	.db #0x00	; 0
      000093 00                     207 	.db #0x00	; 0
      000094 00                     208 	.db #0x00	; 0
      000095 00                     209 	.db #0x00	; 0
      000096 00                     210 	.db #0x00	; 0
      000097 00                     211 	.db #0x00	; 0
      000098 00                     212 	.db #0x00	; 0
      000099 00                     213 	.db #0x00	; 0
      00009A C0                     214 	.db #0xc0	; 192
      00009B C0                     215 	.db #0xc0	; 192
      00009C 3C                     216 	.db #0x3c	; 60
      00009D FC                     217 	.db #0xfc	; 252
      00009E F3                     218 	.db #0xf3	; 243
      00009F 0F                     219 	.db #0x0f	; 15
      0000A0 FF                     220 	.db #0xff	; 255
      0000A1 00                     221 	.db #0x00	; 0
      0000A2 FF                     222 	.db #0xff	; 255
      0000A3 00                     223 	.db #0x00	; 0
      0000A4 FF                     224 	.db #0xff	; 255
      0000A5 00                     225 	.db #0x00	; 0
      0000A6 FF                     226 	.db #0xff	; 255
      0000A7 00                     227 	.db #0x00	; 0
      0000A8 00                     228 	.db #0x00	; 0
      0000A9 00                     229 	.db #0x00	; 0
      0000AA 00                     230 	.db #0x00	; 0
      0000AB 00                     231 	.db #0x00	; 0
      0000AC 00                     232 	.db #0x00	; 0
      0000AD 00                     233 	.db #0x00	; 0
      0000AE 00                     234 	.db #0x00	; 0
      0000AF 00                     235 	.db #0x00	; 0
      0000B0 00                     236 	.db #0x00	; 0
      0000B1 00                     237 	.db #0x00	; 0
      0000B2 00                     238 	.db #0x00	; 0
      0000B3 00                     239 	.db #0x00	; 0
      0000B4 00                     240 	.db #0x00	; 0
      0000B5 00                     241 	.db #0x00	; 0
      0000B6 00                     242 	.db #0x00	; 0
      0000B7 00                     243 	.db #0x00	; 0
      0000B8 00                     244 	.db #0x00	; 0
      0000B9 00                     245 	.db #0x00	; 0
      0000BA 00                     246 	.db #0x00	; 0
      0000BB 00                     247 	.db #0x00	; 0
      0000BC 00                     248 	.db #0x00	; 0
      0000BD 00                     249 	.db #0x00	; 0
      0000BE C0                     250 	.db #0xc0	; 192
      0000BF C0                     251 	.db #0xc0	; 192
      0000C0 B0                     252 	.db #0xb0	; 176
      0000C1 70                     253 	.db #0x70	; 112	'p'
      0000C2 F8                     254 	.db #0xf8	; 248
      0000C3 08                     255 	.db #0x08	; 8
      0000C4 FC                     256 	.db #0xfc	; 252
      0000C5 04                     257 	.db #0x04	; 4
      0000C6 FC                     258 	.db #0xfc	; 252
      0000C7 04                     259 	.db #0x04	; 4
      0000C8 3F                     260 	.db #0x3f	; 63
      0000C9 20                     261 	.db #0x20	; 32
      0000CA 3F                     262 	.db #0x3f	; 63
      0000CB 20                     263 	.db #0x20	; 32
      0000CC 3F                     264 	.db #0x3f	; 63
      0000CD 20                     265 	.db #0x20	; 32
      0000CE 3F                     266 	.db #0x3f	; 63
      0000CF 20                     267 	.db #0x20	; 32
      0000D0 3F                     268 	.db #0x3f	; 63
      0000D1 20                     269 	.db #0x20	; 32
      0000D2 3F                     270 	.db #0x3f	; 63
      0000D3 23                     271 	.db #0x23	; 35
      0000D4 3D                     272 	.db #0x3d	; 61
      0000D5 23                     273 	.db #0x23	; 35
      0000D6 5E                     274 	.db #0x5e	; 94
      0000D7 61                     275 	.db #0x61	; 97	'a'
      0000D8 5E                     276 	.db #0x5e	; 94
      0000D9 61                     277 	.db #0x61	; 97	'a'
      0000DA 7C                     278 	.db #0x7c	; 124
      0000DB 43                     279 	.db #0x43	; 67	'C'
      0000DC 78                     280 	.db #0x78	; 120	'x'
      0000DD 47                     281 	.db #0x47	; 71	'G'
      0000DE 79                     282 	.db #0x79	; 121	'y'
      0000DF 47                     283 	.db #0x47	; 71	'G'
      0000E0 BB                     284 	.db #0xbb	; 187
      0000E1 C7                     285 	.db #0xc7	; 199
      0000E2 B3                     286 	.db #0xb3	; 179
      0000E3 CF                     287 	.db #0xcf	; 207
      0000E4 F2                     288 	.db #0xf2	; 242
      0000E5 8E                     289 	.db #0x8e	; 142
      0000E6 F4                     290 	.db #0xf4	; 244
      0000E7 8C                     291 	.db #0x8c	; 140
      0000E8 C0                     292 	.db #0xc0	; 192
      0000E9 3F                     293 	.db #0x3f	; 63
      0000EA C0                     294 	.db #0xc0	; 192
      0000EB 3F                     295 	.db #0x3f	; 63
      0000EC C0                     296 	.db #0xc0	; 192
      0000ED 3F                     297 	.db #0x3f	; 63
      0000EE CF                     298 	.db #0xcf	; 207
      0000EF 30                     299 	.db #0x30	; 48	'0'
      0000F0 FF                     300 	.db #0xff	; 255
      0000F1 08                     301 	.db #0x08	; 8
      0000F2 BF                     302 	.db #0xbf	; 191
      0000F3 C4                     303 	.db #0xc4	; 196
      0000F4 E7                     304 	.db #0xe7	; 231
      0000F5 DC                     305 	.db #0xdc	; 220
      0000F6 07                     306 	.db #0x07	; 7
      0000F7 FC                     307 	.db #0xfc	; 252
      0000F8 02                     308 	.db #0x02	; 2
      0000F9 FF                     309 	.db #0xff	; 255
      0000FA 03                     310 	.db #0x03	; 3
      0000FB FF                     311 	.db #0xff	; 255
      0000FC 00                     312 	.db #0x00	; 0
      0000FD FF                     313 	.db #0xff	; 255
      0000FE 87                     314 	.db #0x87	; 135
      0000FF FF                     315 	.db #0xff	; 255
      000100 FF                     316 	.db #0xff	; 255
      000101 FF                     317 	.db #0xff	; 255
      000102 C1                     318 	.db #0xc1	; 193
      000103 C1                     319 	.db #0xc1	; 193
      000104 01                     320 	.db #0x01	; 1
      000105 01                     321 	.db #0x01	; 1
      000106 00                     322 	.db #0x00	; 0
      000107 00                     323 	.db #0x00	; 0
      000108 FF                     324 	.db #0xff	; 255
      000109 20                     325 	.db #0x20	; 32
      00010A 7F                     326 	.db #0x7f	; 127
      00010B A0                     327 	.db #0xa0	; 160
      00010C 7F                     328 	.db #0x7f	; 127
      00010D 90                     329 	.db #0x90	; 144
      00010E FF                     330 	.db #0xff	; 255
      00010F 10                     331 	.db #0x10	; 16
      000110 FF                     332 	.db #0xff	; 255
      000111 10                     333 	.db #0x10	; 16
      000112 DF                     334 	.db #0xdf	; 223
      000113 30                     335 	.db #0x30	; 48	'0'
      000114 FF                     336 	.db #0xff	; 255
      000115 60                     337 	.db #0x60	; 96
      000116 BF                     338 	.db #0xbf	; 191
      000117 C0                     339 	.db #0xc0	; 192
      000118 BD                     340 	.db #0xbd	; 189
      000119 C2                     341 	.db #0xc2	; 194
      00011A 3C                     342 	.db #0x3c	; 60
      00011B C3                     343 	.db #0xc3	; 195
      00011C 7E                     344 	.db #0x7e	; 126
      00011D 81                     345 	.db #0x81	; 129
      00011E FF                     346 	.db #0xff	; 255
      00011F 80                     347 	.db #0x80	; 128
      000120 FF                     348 	.db #0xff	; 255
      000121 80                     349 	.db #0x80	; 128
      000122 BF                     350 	.db #0xbf	; 191
      000123 C0                     351 	.db #0xc0	; 192
      000124 FF                     352 	.db #0xff	; 255
      000125 C0                     353 	.db #0xc0	; 192
      000126 FF                     354 	.db #0xff	; 255
      000127 C0                     355 	.db #0xc0	; 192
      000128 FF                     356 	.db #0xff	; 255
      000129 00                     357 	.db #0x00	; 0
      00012A FF                     358 	.db #0xff	; 255
      00012B 00                     359 	.db #0x00	; 0
      00012C FF                     360 	.db #0xff	; 255
      00012D 00                     361 	.db #0x00	; 0
      00012E FF                     362 	.db #0xff	; 255
      00012F 00                     363 	.db #0x00	; 0
      000130 FF                     364 	.db #0xff	; 255
      000131 00                     365 	.db #0x00	; 0
      000132 FF                     366 	.db #0xff	; 255
      000133 00                     367 	.db #0x00	; 0
      000134 FF                     368 	.db #0xff	; 255
      000135 00                     369 	.db #0x00	; 0
      000136 3F                     370 	.db #0x3f	; 63
      000137 C0                     371 	.db #0xc0	; 192
      000138 07                     372 	.db #0x07	; 7
      000139 F8                     373 	.db #0xf8	; 248
      00013A 00                     374 	.db #0x00	; 0
      00013B FF                     375 	.db #0xff	; 255
      00013C 00                     376 	.db #0x00	; 0
      00013D FF                     377 	.db #0xff	; 255
      00013E 00                     378 	.db #0x00	; 0
      00013F FF                     379 	.db #0xff	; 255
      000140 00                     380 	.db #0x00	; 0
      000141 FF                     381 	.db #0xff	; 255
      000142 00                     382 	.db #0x00	; 0
      000143 FF                     383 	.db #0xff	; 255
      000144 40                     384 	.db #0x40	; 64
      000145 FF                     385 	.db #0xff	; 255
      000146 40                     386 	.db #0x40	; 64
      000147 FF                     387 	.db #0xff	; 255
      000148 FF                     388 	.db #0xff	; 255
      000149 00                     389 	.db #0x00	; 0
      00014A FF                     390 	.db #0xff	; 255
      00014B 00                     391 	.db #0x00	; 0
      00014C FF                     392 	.db #0xff	; 255
      00014D 00                     393 	.db #0x00	; 0
      00014E FF                     394 	.db #0xff	; 255
      00014F 00                     395 	.db #0x00	; 0
      000150 FF                     396 	.db #0xff	; 255
      000151 00                     397 	.db #0x00	; 0
      000152 FF                     398 	.db #0xff	; 255
      000153 00                     399 	.db #0x00	; 0
      000154 FF                     400 	.db #0xff	; 255
      000155 00                     401 	.db #0x00	; 0
      000156 FC                     402 	.db #0xfc	; 252
      000157 03                     403 	.db #0x03	; 3
      000158 E0                     404 	.db #0xe0	; 224
      000159 1F                     405 	.db #0x1f	; 31
      00015A 00                     406 	.db #0x00	; 0
      00015B FF                     407 	.db #0xff	; 255
      00015C 00                     408 	.db #0x00	; 0
      00015D FF                     409 	.db #0xff	; 255
      00015E 00                     410 	.db #0x00	; 0
      00015F FF                     411 	.db #0xff	; 255
      000160 00                     412 	.db #0x00	; 0
      000161 FF                     413 	.db #0xff	; 255
      000162 00                     414 	.db #0x00	; 0
      000163 FF                     415 	.db #0xff	; 255
      000164 02                     416 	.db #0x02	; 2
      000165 FF                     417 	.db #0xff	; 255
      000166 02                     418 	.db #0x02	; 2
      000167 FF                     419 	.db #0xff	; 255
      000168 FE                     420 	.db #0xfe	; 254
      000169 02                     421 	.db #0x02	; 2
      00016A FE                     422 	.db #0xfe	; 254
      00016B 02                     423 	.db #0x02	; 2
      00016C FD                     424 	.db #0xfd	; 253
      00016D 03                     425 	.db #0x03	; 3
      00016E FF                     426 	.db #0xff	; 255
      00016F 01                     427 	.db #0x01	; 1
      000170 FF                     428 	.db #0xff	; 255
      000171 01                     429 	.db #0x01	; 1
      000172 FF                     430 	.db #0xff	; 255
      000173 01                     431 	.db #0x01	; 1
      000174 FF                     432 	.db #0xff	; 255
      000175 00                     433 	.db #0x00	; 0
      000176 7F                     434 	.db #0x7f	; 127
      000177 80                     435 	.db #0x80	; 128
      000178 7F                     436 	.db #0x7f	; 127
      000179 80                     437 	.db #0x80	; 128
      00017A FF                     438 	.db #0xff	; 255
      00017B 00                     439 	.db #0x00	; 0
      00017C FE                     440 	.db #0xfe	; 254
      00017D 01                     441 	.db #0x01	; 1
      00017E FF                     442 	.db #0xff	; 255
      00017F 01                     443 	.db #0x01	; 1
      000180 FD                     444 	.db #0xfd	; 253
      000181 03                     445 	.db #0x03	; 3
      000182 FD                     446 	.db #0xfd	; 253
      000183 03                     447 	.db #0x03	; 3
      000184 79                     448 	.db #0x79	; 121	'y'
      000185 87                     449 	.db #0x87	; 135
      000186 71                     450 	.db #0x71	; 113	'q'
      000187 8F                     451 	.db #0x8f	; 143
      000188 00                     452 	.db #0x00	; 0
      000189 00                     453 	.db #0x00	; 0
      00018A 00                     454 	.db #0x00	; 0
      00018B 00                     455 	.db #0x00	; 0
      00018C 00                     456 	.db #0x00	; 0
      00018D 00                     457 	.db #0x00	; 0
      00018E 00                     458 	.db #0x00	; 0
      00018F 00                     459 	.db #0x00	; 0
      000190 00                     460 	.db #0x00	; 0
      000191 00                     461 	.db #0x00	; 0
      000192 00                     462 	.db #0x00	; 0
      000193 00                     463 	.db #0x00	; 0
      000194 80                     464 	.db #0x80	; 128
      000195 80                     465 	.db #0x80	; 128
      000196 80                     466 	.db #0x80	; 128
      000197 80                     467 	.db #0x80	; 128
      000198 40                     468 	.db #0x40	; 64
      000199 C0                     469 	.db #0xc0	; 192
      00019A C0                     470 	.db #0xc0	; 192
      00019B 40                     471 	.db #0x40	; 64
      00019C C0                     472 	.db #0xc0	; 192
      00019D 40                     473 	.db #0x40	; 64
      00019E C0                     474 	.db #0xc0	; 192
      00019F 40                     475 	.db #0x40	; 64
      0001A0 E0                     476 	.db #0xe0	; 224
      0001A1 20                     477 	.db #0x20	; 32
      0001A2 60                     478 	.db #0x60	; 96
      0001A3 A0                     479 	.db #0xa0	; 160
      0001A4 60                     480 	.db #0x60	; 96
      0001A5 A0                     481 	.db #0xa0	; 160
      0001A6 A0                     482 	.db #0xa0	; 160
      0001A7 E0                     483 	.db #0xe0	; 224
      0001A8 F4                     484 	.db #0xf4	; 244
      0001A9 8C                     485 	.db #0x8c	; 140
      0001AA F4                     486 	.db #0xf4	; 244
      0001AB 8C                     487 	.db #0x8c	; 140
      0001AC B4                     488 	.db #0xb4	; 180
      0001AD CC                     489 	.db #0xcc	; 204
      0001AE B8                     490 	.db #0xb8	; 184
      0001AF C8                     491 	.db #0xc8	; 200
      0001B0 B8                     492 	.db #0xb8	; 184
      0001B1 C8                     493 	.db #0xc8	; 200
      0001B2 78                     494 	.db #0x78	; 120	'x'
      0001B3 48                     495 	.db #0x48	; 72	'H'
      0001B4 78                     496 	.db #0x78	; 120	'x'
      0001B5 48                     497 	.db #0x48	; 72	'H'
      0001B6 78                     498 	.db #0x78	; 120	'x'
      0001B7 48                     499 	.db #0x48	; 72	'H'
      0001B8 74                     500 	.db #0x74	; 116	't'
      0001B9 4C                     501 	.db #0x4c	; 76	'L'
      0001BA 5C                     502 	.db #0x5c	; 92
      0001BB 64                     503 	.db #0x64	; 100	'd'
      0001BC 3C                     504 	.db #0x3c	; 60
      0001BD 24                     505 	.db #0x24	; 36
      0001BE 3E                     506 	.db #0x3e	; 62
      0001BF 22                     507 	.db #0x22	; 34
      0001C0 19                     508 	.db #0x19	; 25
      0001C1 17                     509 	.db #0x17	; 23
      0001C2 0B                     510 	.db #0x0b	; 11
      0001C3 0F                     511 	.db #0x0f	; 15
      0001C4 06                     512 	.db #0x06	; 6
      0001C5 06                     513 	.db #0x06	; 6
      0001C6 00                     514 	.db #0x00	; 0
      0001C7 00                     515 	.db #0x00	; 0
      0001C8 DF                     516 	.db #0xdf	; 223
      0001C9 E0                     517 	.db #0xe0	; 224
      0001CA 7F                     518 	.db #0x7f	; 127
      0001CB 60                     519 	.db #0x60	; 96
      0001CC 7E                     520 	.db #0x7e	; 126
      0001CD 61                     521 	.db #0x61	; 97	'a'
      0001CE 6E                     522 	.db #0x6e	; 110	'n'
      0001CF 71                     523 	.db #0x71	; 113	'q'
      0001D0 7E                     524 	.db #0x7e	; 126
      0001D1 71                     525 	.db #0x71	; 113	'q'
      0001D2 7C                     526 	.db #0x7c	; 124
      0001D3 73                     527 	.db #0x73	; 115	's'
      0001D4 70                     528 	.db #0x70	; 112	'p'
      0001D5 7F                     529 	.db #0x7f	; 127
      0001D6 78                     530 	.db #0x78	; 120	'x'
      0001D7 7F                     531 	.db #0x7f	; 127
      0001D8 78                     532 	.db #0x78	; 120	'x'
      0001D9 7F                     533 	.db #0x7f	; 127
      0001DA 78                     534 	.db #0x78	; 120	'x'
      0001DB 7F                     535 	.db #0x7f	; 127
      0001DC 7C                     536 	.db #0x7c	; 124
      0001DD 7F                     537 	.db #0x7f	; 127
      0001DE 7C                     538 	.db #0x7c	; 124
      0001DF 7F                     539 	.db #0x7f	; 127
      0001E0 7C                     540 	.db #0x7c	; 124
      0001E1 7F                     541 	.db #0x7f	; 127
      0001E2 FB                     542 	.db #0xfb	; 251
      0001E3 FC                     543 	.db #0xfc	; 252
      0001E4 FB                     544 	.db #0xfb	; 251
      0001E5 FC                     545 	.db #0xfc	; 252
      0001E6 0F                     546 	.db #0x0f	; 15
      0001E7 0F                     547 	.db #0x0f	; 15
      0001E8 70                     548 	.db #0x70	; 112	'p'
      0001E9 FF                     549 	.db #0xff	; 255
      0001EA 4F                     550 	.db #0x4f	; 79	'O'
      0001EB CF                     551 	.db #0xcf	; 207
      0001EC 41                     552 	.db #0x41	; 65	'A'
      0001ED C1                     553 	.db #0xc1	; 193
      0001EE 40                     554 	.db #0x40	; 64
      0001EF C0                     555 	.db #0xc0	; 192
      0001F0 40                     556 	.db #0x40	; 64
      0001F1 C0                     557 	.db #0xc0	; 192
      0001F2 40                     558 	.db #0x40	; 64
      0001F3 C0                     559 	.db #0xc0	; 192
      0001F4 20                     560 	.db #0x20	; 32
      0001F5 E0                     561 	.db #0xe0	; 224
      0001F6 20                     562 	.db #0x20	; 32
      0001F7 E0                     563 	.db #0xe0	; 224
      0001F8 20                     564 	.db #0x20	; 32
      0001F9 E0                     565 	.db #0xe0	; 224
      0001FA 20                     566 	.db #0x20	; 32
      0001FB E0                     567 	.db #0xe0	; 224
      0001FC 20                     568 	.db #0x20	; 32
      0001FD E0                     569 	.db #0xe0	; 224
      0001FE 10                     570 	.db #0x10	; 16
      0001FF F0                     571 	.db #0xf0	; 240
      000200 10                     572 	.db #0x10	; 16
      000201 F0                     573 	.db #0xf0	; 240
      000202 90                     574 	.db #0x90	; 144
      000203 70                     575 	.db #0x70	; 112	'p'
      000204 D0                     576 	.db #0xd0	; 208
      000205 30                     577 	.db #0x30	; 48	'0'
      000206 E0                     578 	.db #0xe0	; 224
      000207 E0                     579 	.db #0xe0	; 224
      000208 02                     580 	.db #0x02	; 2
      000209 FF                     581 	.db #0xff	; 255
      00020A FE                     582 	.db #0xfe	; 254
      00020B FF                     583 	.db #0xff	; 255
      00020C FE                     584 	.db #0xfe	; 254
      00020D FF                     585 	.db #0xff	; 255
      00020E 3F                     586 	.db #0x3f	; 63
      00020F 3F                     587 	.db #0x3f	; 63
      000210 3F                     588 	.db #0x3f	; 63
      000211 3F                     589 	.db #0x3f	; 63
      000212 3F                     590 	.db #0x3f	; 63
      000213 3F                     591 	.db #0x3f	; 63
      000214 3F                     592 	.db #0x3f	; 63
      000215 3F                     593 	.db #0x3f	; 63
      000216 1F                     594 	.db #0x1f	; 31
      000217 1F                     595 	.db #0x1f	; 31
      000218 1F                     596 	.db #0x1f	; 31
      000219 1F                     597 	.db #0x1f	; 31
      00021A 1F                     598 	.db #0x1f	; 31
      00021B 1F                     599 	.db #0x1f	; 31
      00021C 1F                     600 	.db #0x1f	; 31
      00021D 1F                     601 	.db #0x1f	; 31
      00021E 1F                     602 	.db #0x1f	; 31
      00021F 1F                     603 	.db #0x1f	; 31
      000220 3F                     604 	.db #0x3f	; 63
      000221 3F                     605 	.db #0x3f	; 63
      000222 3F                     606 	.db #0x3f	; 63
      000223 3F                     607 	.db #0x3f	; 63
      000224 3F                     608 	.db #0x3f	; 63
      000225 3F                     609 	.db #0x3f	; 63
      000226 00                     610 	.db #0x00	; 0
      000227 00                     611 	.db #0x00	; 0
      000228 01                     612 	.db #0x01	; 1
      000229 FF                     613 	.db #0xff	; 255
      00022A 01                     614 	.db #0x01	; 1
      00022B FF                     615 	.db #0xff	; 255
      00022C 01                     616 	.db #0x01	; 1
      00022D FF                     617 	.db #0xff	; 255
      00022E 01                     618 	.db #0x01	; 1
      00022F FF                     619 	.db #0xff	; 255
      000230 01                     620 	.db #0x01	; 1
      000231 FF                     621 	.db #0xff	; 255
      000232 82                     622 	.db #0x82	; 130
      000233 FE                     623 	.db #0xfe	; 254
      000234 82                     624 	.db #0x82	; 130
      000235 FE                     625 	.db #0xfe	; 254
      000236 C2                     626 	.db #0xc2	; 194
      000237 FE                     627 	.db #0xfe	; 254
      000238 C2                     628 	.db #0xc2	; 194
      000239 FE                     629 	.db #0xfe	; 254
      00023A 42                     630 	.db #0x42	; 66	'B'
      00023B 7E                     631 	.db #0x7e	; 126
      00023C 42                     632 	.db #0x42	; 66	'B'
      00023D 7E                     633 	.db #0x7e	; 126
      00023E 42                     634 	.db #0x42	; 66	'B'
      00023F 7E                     635 	.db #0x7e	; 126
      000240 81                     636 	.db #0x81	; 129
      000241 FF                     637 	.db #0xff	; 255
      000242 B9                     638 	.db #0xb9	; 185
      000243 C7                     639 	.db #0xc7	; 199
      000244 FD                     640 	.db #0xfd	; 253
      000245 83                     641 	.db #0x83	; 131
      000246 FE                     642 	.db #0xfe	; 254
      000247 FE                     643 	.db #0xfe	; 254
      000248 50                     644 	.db #0x50	; 80	'P'
      000249 70                     645 	.db #0x70	; 112	'p'
      00024A 50                     646 	.db #0x50	; 80	'P'
      00024B 70                     647 	.db #0x70	; 112	'p'
      00024C 50                     648 	.db #0x50	; 80	'P'
      00024D 70                     649 	.db #0x70	; 112	'p'
      00024E 50                     650 	.db #0x50	; 80	'P'
      00024F 70                     651 	.db #0x70	; 112	'p'
      000250 30                     652 	.db #0x30	; 48	'0'
      000251 30                     653 	.db #0x30	; 48	'0'
      000252 20                     654 	.db #0x20	; 32
      000253 20                     655 	.db #0x20	; 32
      000254 00                     656 	.db #0x00	; 0
      000255 00                     657 	.db #0x00	; 0
      000256 00                     658 	.db #0x00	; 0
      000257 00                     659 	.db #0x00	; 0
      000258 00                     660 	.db #0x00	; 0
      000259 00                     661 	.db #0x00	; 0
      00025A 00                     662 	.db #0x00	; 0
      00025B 00                     663 	.db #0x00	; 0
      00025C 00                     664 	.db #0x00	; 0
      00025D 00                     665 	.db #0x00	; 0
      00025E 00                     666 	.db #0x00	; 0
      00025F 00                     667 	.db #0x00	; 0
      000260 00                     668 	.db #0x00	; 0
      000261 00                     669 	.db #0x00	; 0
      000262 00                     670 	.db #0x00	; 0
      000263 00                     671 	.db #0x00	; 0
      000264 00                     672 	.db #0x00	; 0
      000265 00                     673 	.db #0x00	; 0
      000266 00                     674 	.db #0x00	; 0
      000267 00                     675 	.db #0x00	; 0
      000268 00                     676 	.db #0x00	; 0
      000269 00                     677 	.db #0x00	; 0
      00026A 00                     678 	.db #0x00	; 0
      00026B 00                     679 	.db #0x00	; 0
      00026C 00                     680 	.db #0x00	; 0
      00026D 00                     681 	.db #0x00	; 0
      00026E 00                     682 	.db #0x00	; 0
      00026F 00                     683 	.db #0x00	; 0
      000270 00                     684 	.db #0x00	; 0
      000271 00                     685 	.db #0x00	; 0
      000272 00                     686 	.db #0x00	; 0
      000273 00                     687 	.db #0x00	; 0
      000274 80                     688 	.db #0x80	; 128
      000275 80                     689 	.db #0x80	; 128
      000276 80                     690 	.db #0x80	; 128
      000277 80                     691 	.db #0x80	; 128
      000278 40                     692 	.db #0x40	; 64
      000279 C0                     693 	.db #0xc0	; 192
      00027A C0                     694 	.db #0xc0	; 192
      00027B 40                     695 	.db #0x40	; 64
      00027C C0                     696 	.db #0xc0	; 192
      00027D 40                     697 	.db #0x40	; 64
      00027E E0                     698 	.db #0xe0	; 224
      00027F 20                     699 	.db #0x20	; 32
      000280 60                     700 	.db #0x60	; 96
      000281 A0                     701 	.db #0xa0	; 160
      000282 B0                     702 	.db #0xb0	; 176
      000283 D0                     703 	.db #0xd0	; 208
      000284 70                     704 	.db #0x70	; 112	'p'
      000285 50                     705 	.db #0x50	; 80	'P'
      000286 50                     706 	.db #0x50	; 80	'P'
      000287 70                     707 	.db #0x70	; 112	'p'
      000288 00                     708 	.db #0x00	; 0
      000289 00                     709 	.db #0x00	; 0
      00028A 00                     710 	.db #0x00	; 0
      00028B 00                     711 	.db #0x00	; 0
      00028C 00                     712 	.db #0x00	; 0
      00028D 00                     713 	.db #0x00	; 0
      00028E 01                     714 	.db #0x01	; 1
      00028F 01                     715 	.db #0x01	; 1
      000290 01                     716 	.db #0x01	; 1
      000291 01                     717 	.db #0x01	; 1
      000292 01                     718 	.db #0x01	; 1
      000293 01                     719 	.db #0x01	; 1
      000294 01                     720 	.db #0x01	; 1
      000295 01                     721 	.db #0x01	; 1
      000296 01                     722 	.db #0x01	; 1
      000297 01                     723 	.db #0x01	; 1
      000298 01                     724 	.db #0x01	; 1
      000299 01                     725 	.db #0x01	; 1
      00029A 00                     726 	.db #0x00	; 0
      00029B 00                     727 	.db #0x00	; 0
      00029C 00                     728 	.db #0x00	; 0
      00029D 00                     729 	.db #0x00	; 0
      00029E 00                     730 	.db #0x00	; 0
      00029F 00                     731 	.db #0x00	; 0
      0002A0 00                     732 	.db #0x00	; 0
      0002A1 00                     733 	.db #0x00	; 0
      0002A2 00                     734 	.db #0x00	; 0
      0002A3 00                     735 	.db #0x00	; 0
      0002A4 00                     736 	.db #0x00	; 0
      0002A5 00                     737 	.db #0x00	; 0
      0002A6 00                     738 	.db #0x00	; 0
      0002A7 00                     739 	.db #0x00	; 0
      0002A8 F4                     740 	.db #0xf4	; 244
      0002A9 8C                     741 	.db #0x8c	; 140
      0002AA F4                     742 	.db #0xf4	; 244
      0002AB 8C                     743 	.db #0x8c	; 140
      0002AC F4                     744 	.db #0xf4	; 244
      0002AD 8C                     745 	.db #0x8c	; 140
      0002AE 78                     746 	.db #0x78	; 120	'x'
      0002AF 88                     747 	.db #0x88	; 136
      0002B0 E8                     748 	.db #0xe8	; 232
      0002B1 18                     749 	.db #0x18	; 24
      0002B2 F0                     750 	.db #0xf0	; 240
      0002B3 10                     751 	.db #0x10	; 16
      0002B4 F0                     752 	.db #0xf0	; 240
      0002B5 10                     753 	.db #0x10	; 16
      0002B6 F0                     754 	.db #0xf0	; 240
      0002B7 10                     755 	.db #0x10	; 16
      0002B8 70                     756 	.db #0x70	; 112	'p'
      0002B9 90                     757 	.db #0x90	; 144
      0002BA F0                     758 	.db #0xf0	; 240
      0002BB 90                     759 	.db #0x90	; 144
      0002BC E8                     760 	.db #0xe8	; 232
      0002BD 98                     761 	.db #0x98	; 152
      0002BE 78                     762 	.db #0x78	; 120	'x'
      0002BF 48                     763 	.db #0x48	; 72	'H'
      0002C0 64                     764 	.db #0x64	; 100	'd'
      0002C1 5C                     765 	.db #0x5c	; 92
      0002C2 2C                     766 	.db #0x2c	; 44
      0002C3 3C                     767 	.db #0x3c	; 60
      0002C4 18                     768 	.db #0x18	; 24
      0002C5 18                     769 	.db #0x18	; 24
      0002C6 00                     770 	.db #0x00	; 0
      0002C7 00                     771 	.db #0x00	; 0
      0002C8 38                     772 	.db #0x38	; 56	'8'
      0002C9 28                     773 	.db #0x28	; 40
      0002CA 38                     774 	.db #0x38	; 56	'8'
      0002CB 28                     775 	.db #0x28	; 40
      0002CC 28                     776 	.db #0x28	; 40
      0002CD 38                     777 	.db #0x38	; 56	'8'
      0002CE 18                     778 	.db #0x18	; 24
      0002CF 18                     779 	.db #0x18	; 24
      0002D0 18                     780 	.db #0x18	; 24
      0002D1 18                     781 	.db #0x18	; 24
      0002D2 08                     782 	.db #0x08	; 8
      0002D3 08                     783 	.db #0x08	; 8
      0002D4 00                     784 	.db #0x00	; 0
      0002D5 00                     785 	.db #0x00	; 0
      0002D6 00                     786 	.db #0x00	; 0
      0002D7 00                     787 	.db #0x00	; 0
      0002D8 00                     788 	.db #0x00	; 0
      0002D9 00                     789 	.db #0x00	; 0
      0002DA 00                     790 	.db #0x00	; 0
      0002DB 00                     791 	.db #0x00	; 0
      0002DC 00                     792 	.db #0x00	; 0
      0002DD 00                     793 	.db #0x00	; 0
      0002DE 00                     794 	.db #0x00	; 0
      0002DF 00                     795 	.db #0x00	; 0
      0002E0 00                     796 	.db #0x00	; 0
      0002E1 00                     797 	.db #0x00	; 0
      0002E2 00                     798 	.db #0x00	; 0
      0002E3 00                     799 	.db #0x00	; 0
      0002E4 00                     800 	.db #0x00	; 0
      0002E5 00                     801 	.db #0x00	; 0
      0002E6 00                     802 	.db #0x00	; 0
      0002E7 00                     803 	.db #0x00	; 0
      0002E8 00                     804 	.db #0x00	; 0
      0002E9 00                     805 	.db #0x00	; 0
      0002EA 00                     806 	.db #0x00	; 0
      0002EB 00                     807 	.db #0x00	; 0
      0002EC 00                     808 	.db #0x00	; 0
      0002ED 00                     809 	.db #0x00	; 0
      0002EE 00                     810 	.db #0x00	; 0
      0002EF 00                     811 	.db #0x00	; 0
      0002F0 00                     812 	.db #0x00	; 0
      0002F1 00                     813 	.db #0x00	; 0
      0002F2 00                     814 	.db #0x00	; 0
      0002F3 00                     815 	.db #0x00	; 0
      0002F4 80                     816 	.db #0x80	; 128
      0002F5 80                     817 	.db #0x80	; 128
      0002F6 80                     818 	.db #0x80	; 128
      0002F7 80                     819 	.db #0x80	; 128
      0002F8 40                     820 	.db #0x40	; 64
      0002F9 C0                     821 	.db #0xc0	; 192
      0002FA C0                     822 	.db #0xc0	; 192
      0002FB 40                     823 	.db #0x40	; 64
      0002FC E0                     824 	.db #0xe0	; 224
      0002FD 20                     825 	.db #0x20	; 32
      0002FE E0                     826 	.db #0xe0	; 224
      0002FF 20                     827 	.db #0x20	; 32
      000300 F0                     828 	.db #0xf0	; 240
      000301 90                     829 	.db #0x90	; 144
      000302 B0                     830 	.db #0xb0	; 176
      000303 D0                     831 	.db #0xd0	; 208
      000304 78                     832 	.db #0x78	; 120	'x'
      000305 48                     833 	.db #0x48	; 72	'H'
      000306 34                     834 	.db #0x34	; 52	'4'
      000307 2C                     835 	.db #0x2c	; 44
      000308 01                     836 	.db #0x01	; 1
      000309 01                     837 	.db #0x01	; 1
      00030A 01                     838 	.db #0x01	; 1
      00030B 01                     839 	.db #0x01	; 1
      00030C 01                     840 	.db #0x01	; 1
      00030D 01                     841 	.db #0x01	; 1
      00030E 02                     842 	.db #0x02	; 2
      00030F 03                     843 	.db #0x03	; 3
      000310 03                     844 	.db #0x03	; 3
      000311 02                     845 	.db #0x02	; 2
      000312 03                     846 	.db #0x03	; 3
      000313 02                     847 	.db #0x02	; 2
      000314 05                     848 	.db #0x05	; 5
      000315 06                     849 	.db #0x06	; 6
      000316 07                     850 	.db #0x07	; 7
      000317 04                     851 	.db #0x04	; 4
      000318 07                     852 	.db #0x07	; 7
      000319 04                     853 	.db #0x04	; 4
      00031A 07                     854 	.db #0x07	; 7
      00031B 04                     855 	.db #0x04	; 4
      00031C 07                     856 	.db #0x07	; 7
      00031D 04                     857 	.db #0x04	; 4
      00031E 05                     858 	.db #0x05	; 5
      00031F 06                     859 	.db #0x06	; 6
      000320 03                     860 	.db #0x03	; 3
      000321 02                     861 	.db #0x02	; 2
      000322 02                     862 	.db #0x02	; 2
      000323 03                     863 	.db #0x03	; 3
      000324 01                     864 	.db #0x01	; 1
      000325 01                     865 	.db #0x01	; 1
      000326 00                     866 	.db #0x00	; 0
      000327 00                     867 	.db #0x00	; 0
      000328 74                     868 	.db #0x74	; 116	't'
      000329 8C                     869 	.db #0x8c	; 140
      00032A F4                     870 	.db #0xf4	; 244
      00032B 0C                     871 	.db #0x0c	; 12
      00032C E8                     872 	.db #0xe8	; 232
      00032D 18                     873 	.db #0x18	; 24
      00032E F8                     874 	.db #0xf8	; 248
      00032F 18                     875 	.db #0x18	; 24
      000330 D0                     876 	.db #0xd0	; 208
      000331 30                     877 	.db #0x30	; 48	'0'
      000332 E0                     878 	.db #0xe0	; 224
      000333 20                     879 	.db #0x20	; 32
      000334 C0                     880 	.db #0xc0	; 192
      000335 40                     881 	.db #0x40	; 64
      000336 40                     882 	.db #0x40	; 64
      000337 C0                     883 	.db #0xc0	; 192
      000338 80                     884 	.db #0x80	; 128
      000339 80                     885 	.db #0x80	; 128
      00033A 80                     886 	.db #0x80	; 128
      00033B 80                     887 	.db #0x80	; 128
      00033C 80                     888 	.db #0x80	; 128
      00033D 80                     889 	.db #0x80	; 128
      00033E 40                     890 	.db #0x40	; 64
      00033F C0                     891 	.db #0xc0	; 192
      000340 40                     892 	.db #0x40	; 64
      000341 C0                     893 	.db #0xc0	; 192
      000342 40                     894 	.db #0x40	; 64
      000343 C0                     895 	.db #0xc0	; 192
      000344 C0                     896 	.db #0xc0	; 192
      000345 C0                     897 	.db #0xc0	; 192
      000346 00                     898 	.db #0x00	; 0
      000347 00                     899 	.db #0x00	; 0
      000348 1C                     900 	.db #0x1c	; 28
      000349 14                     901 	.db #0x14	; 20
      00034A 0E                     902 	.db #0x0e	; 14
      00034B 0A                     903 	.db #0x0a	; 10
      00034C 07                     904 	.db #0x07	; 7
      00034D 05                     905 	.db #0x05	; 5
      00034E 03                     906 	.db #0x03	; 3
      00034F 03                     907 	.db #0x03	; 3
      000350 00                     908 	.db #0x00	; 0
      000351 00                     909 	.db #0x00	; 0
      000352 00                     910 	.db #0x00	; 0
      000353 00                     911 	.db #0x00	; 0
      000354 00                     912 	.db #0x00	; 0
      000355 00                     913 	.db #0x00	; 0
      000356 00                     914 	.db #0x00	; 0
      000357 00                     915 	.db #0x00	; 0
      000358 00                     916 	.db #0x00	; 0
      000359 00                     917 	.db #0x00	; 0
      00035A 00                     918 	.db #0x00	; 0
      00035B 00                     919 	.db #0x00	; 0
      00035C 00                     920 	.db #0x00	; 0
      00035D 00                     921 	.db #0x00	; 0
      00035E 00                     922 	.db #0x00	; 0
      00035F 00                     923 	.db #0x00	; 0
      000360 00                     924 	.db #0x00	; 0
      000361 00                     925 	.db #0x00	; 0
      000362 00                     926 	.db #0x00	; 0
      000363 00                     927 	.db #0x00	; 0
      000364 00                     928 	.db #0x00	; 0
      000365 00                     929 	.db #0x00	; 0
      000366 00                     930 	.db #0x00	; 0
      000367 00                     931 	.db #0x00	; 0
      000368 01                     932 	.db #0x01	; 1
      000369 01                     933 	.db #0x01	; 1
      00036A 01                     934 	.db #0x01	; 1
      00036B 01                     935 	.db #0x01	; 1
      00036C 01                     936 	.db #0x01	; 1
      00036D 01                     937 	.db #0x01	; 1
      00036E 02                     938 	.db #0x02	; 2
      00036F 03                     939 	.db #0x03	; 3
      000370 03                     940 	.db #0x03	; 3
      000371 02                     941 	.db #0x02	; 2
      000372 07                     942 	.db #0x07	; 7
      000373 04                     943 	.db #0x04	; 4
      000374 07                     944 	.db #0x07	; 7
      000375 04                     945 	.db #0x04	; 4
      000376 0F                     946 	.db #0x0f	; 15
      000377 08                     947 	.db #0x08	; 8
      000378 0F                     948 	.db #0x0f	; 15
      000379 09                     949 	.db #0x09	; 9
      00037A 15                     950 	.db #0x15	; 21
      00037B 1B                     951 	.db #0x1b	; 27
      00037C 1E                     952 	.db #0x1e	; 30
      00037D 12                     953 	.db #0x12	; 18
      00037E 1E                     954 	.db #0x1e	; 30
      00037F 12                     955 	.db #0x12	; 18
      000380 1A                     956 	.db #0x1a	; 26
      000381 16                     957 	.db #0x16	; 22
      000382 12                     958 	.db #0x12	; 18
      000383 1E                     959 	.db #0x1e	; 30
      000384 1E                     960 	.db #0x1e	; 30
      000385 1E                     961 	.db #0x1e	; 30
      000386 00                     962 	.db #0x00	; 0
      000387 00                     963 	.db #0x00	; 0
      000388 74                     964 	.db #0x74	; 116	't'
      000389 8C                     965 	.db #0x8c	; 140
      00038A F4                     966 	.db #0xf4	; 244
      00038B 0C                     967 	.db #0x0c	; 12
      00038C E8                     968 	.db #0xe8	; 232
      00038D 18                     969 	.db #0x18	; 24
      00038E F8                     970 	.db #0xf8	; 248
      00038F 18                     971 	.db #0x18	; 24
      000390 D0                     972 	.db #0xd0	; 208
      000391 30                     973 	.db #0x30	; 48	'0'
      000392 E0                     974 	.db #0xe0	; 224
      000393 20                     975 	.db #0x20	; 32
      000394 C0                     976 	.db #0xc0	; 192
      000395 40                     977 	.db #0x40	; 64
      000396 80                     978 	.db #0x80	; 128
      000397 80                     979 	.db #0x80	; 128
      000398 00                     980 	.db #0x00	; 0
      000399 00                     981 	.db #0x00	; 0
      00039A 00                     982 	.db #0x00	; 0
      00039B 00                     983 	.db #0x00	; 0
      00039C 00                     984 	.db #0x00	; 0
      00039D 00                     985 	.db #0x00	; 0
      00039E 00                     986 	.db #0x00	; 0
      00039F 00                     987 	.db #0x00	; 0
      0003A0 00                     988 	.db #0x00	; 0
      0003A1 00                     989 	.db #0x00	; 0
      0003A2 00                     990 	.db #0x00	; 0
      0003A3 00                     991 	.db #0x00	; 0
      0003A4 00                     992 	.db #0x00	; 0
      0003A5 00                     993 	.db #0x00	; 0
      0003A6 00                     994 	.db #0x00	; 0
      0003A7 00                     995 	.db #0x00	; 0
      0003A8 01                     996 	.db #0x01	; 1
      0003A9 01                     997 	.db #0x01	; 1
      0003AA 01                     998 	.db #0x01	; 1
      0003AB 01                     999 	.db #0x01	; 1
      0003AC 01                    1000 	.db #0x01	; 1
      0003AD 01                    1001 	.db #0x01	; 1
      0003AE 02                    1002 	.db #0x02	; 2
      0003AF 03                    1003 	.db #0x03	; 3
      0003B0 03                    1004 	.db #0x03	; 3
      0003B1 02                    1005 	.db #0x02	; 2
      0003B2 07                    1006 	.db #0x07	; 7
      0003B3 04                    1007 	.db #0x04	; 4
      0003B4 0B                    1008 	.db #0x0b	; 11
      0003B5 0C                    1009 	.db #0x0c	; 12
      0003B6 0F                    1010 	.db #0x0f	; 15
      0003B7 08                    1011 	.db #0x08	; 8
      0003B8 1F                    1012 	.db #0x1f	; 31
      0003B9 11                    1013 	.db #0x11	; 17
      0003BA 1E                    1014 	.db #0x1e	; 30
      0003BB 12                    1015 	.db #0x12	; 18
      0003BC 2A                    1016 	.db #0x2a	; 42
      0003BD 36                    1017 	.db #0x36	; 54	'6'
      0003BE 3C                    1018 	.db #0x3c	; 60
      0003BF 24                    1019 	.db #0x24	; 36
      0003C0 24                    1020 	.db #0x24	; 36
      0003C1 3C                    1021 	.db #0x3c	; 60
      0003C2 28                    1022 	.db #0x28	; 40
      0003C3 38                    1023 	.db #0x38	; 56	'8'
      0003C4 38                    1024 	.db #0x38	; 56	'8'
      0003C5 38                    1025 	.db #0x38	; 56	'8'
      0003C6 00                    1026 	.db #0x00	; 0
      0003C7 00                    1027 	.db #0x00	; 0
      0003C8                       1028 _sprite_metasprite0:
      0003C8 E8                    1029 	.db #0xe8	; -24
      0003C9 E8                    1030 	.db #0xe8	; -24
      0003CA 00                    1031 	.db #0x00	; 0
      0003CB 00                    1032 	.db #0x00	; 0
      0003CC 00                    1033 	.db #0x00	;  0
      0003CD 08                    1034 	.db #0x08	;  8
      0003CE 02                    1035 	.db #0x02	; 2
      0003CF 00                    1036 	.db #0x00	; 0
      0003D0 00                    1037 	.db #0x00	;  0
      0003D1 08                    1038 	.db #0x08	;  8
      0003D2 04                    1039 	.db #0x04	; 4
      0003D3 00                    1040 	.db #0x00	; 0
      0003D4 00                    1041 	.db #0x00	;  0
      0003D5 08                    1042 	.db #0x08	;  8
      0003D6 06                    1043 	.db #0x06	; 6
      0003D7 00                    1044 	.db #0x00	; 0
      0003D8 00                    1045 	.db #0x00	;  0
      0003D9 08                    1046 	.db #0x08	;  8
      0003DA 08                    1047 	.db #0x08	; 8
      0003DB 00                    1048 	.db #0x00	; 0
      0003DC 00                    1049 	.db #0x00	;  0
      0003DD 08                    1050 	.db #0x08	;  8
      0003DE 0A                    1051 	.db #0x0a	; 10
      0003DF 00                    1052 	.db #0x00	; 0
      0003E0 10                    1053 	.db #0x10	;  16
      0003E1 D8                    1054 	.db #0xd8	; -40
      0003E2 0C                    1055 	.db #0x0c	; 12
      0003E3 00                    1056 	.db #0x00	; 0
      0003E4 00                    1057 	.db #0x00	;  0
      0003E5 08                    1058 	.db #0x08	;  8
      0003E6 0E                    1059 	.db #0x0e	; 14
      0003E7 00                    1060 	.db #0x00	; 0
      0003E8 00                    1061 	.db #0x00	;  0
      0003E9 08                    1062 	.db #0x08	;  8
      0003EA 10                    1063 	.db #0x10	; 16
      0003EB 00                    1064 	.db #0x00	; 0
      0003EC 00                    1065 	.db #0x00	;  0
      0003ED 08                    1066 	.db #0x08	;  8
      0003EE 12                    1067 	.db #0x12	; 18
      0003EF 00                    1068 	.db #0x00	; 0
      0003F0 00                    1069 	.db #0x00	;  0
      0003F1 08                    1070 	.db #0x08	;  8
      0003F2 14                    1071 	.db #0x14	; 20
      0003F3 00                    1072 	.db #0x00	; 0
      0003F4 00                    1073 	.db #0x00	;  0
      0003F5 08                    1074 	.db #0x08	;  8
      0003F6 16                    1075 	.db #0x16	; 22
      0003F7 00                    1076 	.db #0x00	; 0
      0003F8 00                    1077 	.db #0x00	;  0
      0003F9 08                    1078 	.db #0x08	;  8
      0003FA 18                    1079 	.db #0x18	; 24
      0003FB 00                    1080 	.db #0x00	; 0
      0003FC 10                    1081 	.db #0x10	;  16
      0003FD D0                    1082 	.db #0xd0	; -48
      0003FE 1A                    1083 	.db #0x1a	; 26
      0003FF 00                    1084 	.db #0x00	; 0
      000400 00                    1085 	.db #0x00	;  0
      000401 10                    1086 	.db #0x10	;  16
      000402 1C                    1087 	.db #0x1c	; 28
      000403 00                    1088 	.db #0x00	; 0
      000404 00                    1089 	.db #0x00	;  0
      000405 08                    1090 	.db #0x08	;  8
      000406 1E                    1091 	.db #0x1e	; 30
      000407 00                    1092 	.db #0x00	; 0
      000408 00                    1093 	.db #0x00	;  0
      000409 08                    1094 	.db #0x08	;  8
      00040A 20                    1095 	.db #0x20	; 32
      00040B 00                    1096 	.db #0x00	; 0
      00040C 00                    1097 	.db #0x00	;  0
      00040D 08                    1098 	.db #0x08	;  8
      00040E 22                    1099 	.db #0x22	; 34
      00040F 00                    1100 	.db #0x00	; 0
      000410 00                    1101 	.db #0x00	;  0
      000411 08                    1102 	.db #0x08	;  8
      000412 24                    1103 	.db #0x24	; 36
      000413 00                    1104 	.db #0x00	; 0
      000414 80                    1105 	.db #0x80	; -128
      000415 00                    1106 	.db #0x00	;  0
      000416 00                    1107 	.db #0x00	; 0
      000417 00                    1108 	.db #0x00	; 0
      000418                       1109 _sprite_metasprite1:
      000418 E8                    1110 	.db #0xe8	; -24
      000419 E8                    1111 	.db #0xe8	; -24
      00041A 00                    1112 	.db #0x00	; 0
      00041B 00                    1113 	.db #0x00	; 0
      00041C 00                    1114 	.db #0x00	;  0
      00041D 08                    1115 	.db #0x08	;  8
      00041E 02                    1116 	.db #0x02	; 2
      00041F 00                    1117 	.db #0x00	; 0
      000420 00                    1118 	.db #0x00	;  0
      000421 08                    1119 	.db #0x08	;  8
      000422 04                    1120 	.db #0x04	; 4
      000423 00                    1121 	.db #0x00	; 0
      000424 00                    1122 	.db #0x00	;  0
      000425 08                    1123 	.db #0x08	;  8
      000426 06                    1124 	.db #0x06	; 6
      000427 00                    1125 	.db #0x00	; 0
      000428 00                    1126 	.db #0x00	;  0
      000429 08                    1127 	.db #0x08	;  8
      00042A 08                    1128 	.db #0x08	; 8
      00042B 00                    1129 	.db #0x00	; 0
      00042C 00                    1130 	.db #0x00	;  0
      00042D 08                    1131 	.db #0x08	;  8
      00042E 0A                    1132 	.db #0x0a	; 10
      00042F 00                    1133 	.db #0x00	; 0
      000430 10                    1134 	.db #0x10	;  16
      000431 D8                    1135 	.db #0xd8	; -40
      000432 0C                    1136 	.db #0x0c	; 12
      000433 00                    1137 	.db #0x00	; 0
      000434 00                    1138 	.db #0x00	;  0
      000435 08                    1139 	.db #0x08	;  8
      000436 0E                    1140 	.db #0x0e	; 14
      000437 00                    1141 	.db #0x00	; 0
      000438 00                    1142 	.db #0x00	;  0
      000439 08                    1143 	.db #0x08	;  8
      00043A 10                    1144 	.db #0x10	; 16
      00043B 00                    1145 	.db #0x00	; 0
      00043C 00                    1146 	.db #0x00	;  0
      00043D 08                    1147 	.db #0x08	;  8
      00043E 12                    1148 	.db #0x12	; 18
      00043F 00                    1149 	.db #0x00	; 0
      000440 00                    1150 	.db #0x00	;  0
      000441 08                    1151 	.db #0x08	;  8
      000442 14                    1152 	.db #0x14	; 20
      000443 00                    1153 	.db #0x00	; 0
      000444 00                    1154 	.db #0x00	;  0
      000445 08                    1155 	.db #0x08	;  8
      000446 16                    1156 	.db #0x16	; 22
      000447 00                    1157 	.db #0x00	; 0
      000448 00                    1158 	.db #0x00	;  0
      000449 08                    1159 	.db #0x08	;  8
      00044A 26                    1160 	.db #0x26	; 38
      00044B 00                    1161 	.db #0x00	; 0
      00044C 10                    1162 	.db #0x10	;  16
      00044D C8                    1163 	.db #0xc8	; -56
      00044E 28                    1164 	.db #0x28	; 40
      00044F 00                    1165 	.db #0x00	; 0
      000450 00                    1166 	.db #0x00	;  0
      000451 08                    1167 	.db #0x08	;  8
      000452 2A                    1168 	.db #0x2a	; 42
      000453 00                    1169 	.db #0x00	; 0
      000454 00                    1170 	.db #0x00	;  0
      000455 10                    1171 	.db #0x10	;  16
      000456 1C                    1172 	.db #0x1c	; 28
      000457 00                    1173 	.db #0x00	; 0
      000458 00                    1174 	.db #0x00	;  0
      000459 08                    1175 	.db #0x08	;  8
      00045A 1E                    1176 	.db #0x1e	; 30
      00045B 00                    1177 	.db #0x00	; 0
      00045C 00                    1178 	.db #0x00	;  0
      00045D 08                    1179 	.db #0x08	;  8
      00045E 20                    1180 	.db #0x20	; 32
      00045F 00                    1181 	.db #0x00	; 0
      000460 00                    1182 	.db #0x00	;  0
      000461 08                    1183 	.db #0x08	;  8
      000462 22                    1184 	.db #0x22	; 34
      000463 00                    1185 	.db #0x00	; 0
      000464 00                    1186 	.db #0x00	;  0
      000465 08                    1187 	.db #0x08	;  8
      000466 2C                    1188 	.db #0x2c	; 44
      000467 00                    1189 	.db #0x00	; 0
      000468 80                    1190 	.db #0x80	; -128
      000469 00                    1191 	.db #0x00	;  0
      00046A 00                    1192 	.db #0x00	; 0
      00046B 00                    1193 	.db #0x00	; 0
      00046C                       1194 _sprite_metasprite2:
      00046C E8                    1195 	.db #0xe8	; -24
      00046D E8                    1196 	.db #0xe8	; -24
      00046E 00                    1197 	.db #0x00	; 0
      00046F 00                    1198 	.db #0x00	; 0
      000470 00                    1199 	.db #0x00	;  0
      000471 08                    1200 	.db #0x08	;  8
      000472 02                    1201 	.db #0x02	; 2
      000473 00                    1202 	.db #0x00	; 0
      000474 00                    1203 	.db #0x00	;  0
      000475 08                    1204 	.db #0x08	;  8
      000476 04                    1205 	.db #0x04	; 4
      000477 00                    1206 	.db #0x00	; 0
      000478 00                    1207 	.db #0x00	;  0
      000479 08                    1208 	.db #0x08	;  8
      00047A 06                    1209 	.db #0x06	; 6
      00047B 00                    1210 	.db #0x00	; 0
      00047C 00                    1211 	.db #0x00	;  0
      00047D 08                    1212 	.db #0x08	;  8
      00047E 08                    1213 	.db #0x08	; 8
      00047F 00                    1214 	.db #0x00	; 0
      000480 00                    1215 	.db #0x00	;  0
      000481 08                    1216 	.db #0x08	;  8
      000482 0A                    1217 	.db #0x0a	; 10
      000483 00                    1218 	.db #0x00	; 0
      000484 10                    1219 	.db #0x10	;  16
      000485 D8                    1220 	.db #0xd8	; -40
      000486 0C                    1221 	.db #0x0c	; 12
      000487 00                    1222 	.db #0x00	; 0
      000488 00                    1223 	.db #0x00	;  0
      000489 08                    1224 	.db #0x08	;  8
      00048A 0E                    1225 	.db #0x0e	; 14
      00048B 00                    1226 	.db #0x00	; 0
      00048C 00                    1227 	.db #0x00	;  0
      00048D 08                    1228 	.db #0x08	;  8
      00048E 10                    1229 	.db #0x10	; 16
      00048F 00                    1230 	.db #0x00	; 0
      000490 00                    1231 	.db #0x00	;  0
      000491 08                    1232 	.db #0x08	;  8
      000492 12                    1233 	.db #0x12	; 18
      000493 00                    1234 	.db #0x00	; 0
      000494 00                    1235 	.db #0x00	;  0
      000495 08                    1236 	.db #0x08	;  8
      000496 14                    1237 	.db #0x14	; 20
      000497 00                    1238 	.db #0x00	; 0
      000498 00                    1239 	.db #0x00	;  0
      000499 08                    1240 	.db #0x08	;  8
      00049A 16                    1241 	.db #0x16	; 22
      00049B 00                    1242 	.db #0x00	; 0
      00049C 00                    1243 	.db #0x00	;  0
      00049D 08                    1244 	.db #0x08	;  8
      00049E 2E                    1245 	.db #0x2e	; 46
      00049F 00                    1246 	.db #0x00	; 0
      0004A0 10                    1247 	.db #0x10	;  16
      0004A1 C8                    1248 	.db #0xc8	; -56
      0004A2 30                    1249 	.db #0x30	; 48	'0'
      0004A3 00                    1250 	.db #0x00	; 0
      0004A4 00                    1251 	.db #0x00	;  0
      0004A5 08                    1252 	.db #0x08	;  8
      0004A6 32                    1253 	.db #0x32	; 50	'2'
      0004A7 00                    1254 	.db #0x00	; 0
      0004A8 00                    1255 	.db #0x00	;  0
      0004A9 10                    1256 	.db #0x10	;  16
      0004AA 1C                    1257 	.db #0x1c	; 28
      0004AB 00                    1258 	.db #0x00	; 0
      0004AC 00                    1259 	.db #0x00	;  0
      0004AD 08                    1260 	.db #0x08	;  8
      0004AE 1E                    1261 	.db #0x1e	; 30
      0004AF 00                    1262 	.db #0x00	; 0
      0004B0 00                    1263 	.db #0x00	;  0
      0004B1 08                    1264 	.db #0x08	;  8
      0004B2 20                    1265 	.db #0x20	; 32
      0004B3 00                    1266 	.db #0x00	; 0
      0004B4 00                    1267 	.db #0x00	;  0
      0004B5 08                    1268 	.db #0x08	;  8
      0004B6 22                    1269 	.db #0x22	; 34
      0004B7 00                    1270 	.db #0x00	; 0
      0004B8 00                    1271 	.db #0x00	;  0
      0004B9 08                    1272 	.db #0x08	;  8
      0004BA 34                    1273 	.db #0x34	; 52	'4'
      0004BB 00                    1274 	.db #0x00	; 0
      0004BC 80                    1275 	.db #0x80	; -128
      0004BD 00                    1276 	.db #0x00	;  0
      0004BE 00                    1277 	.db #0x00	; 0
      0004BF 00                    1278 	.db #0x00	; 0
      0004C0                       1279 _sprite_metasprite3:
      0004C0 E8                    1280 	.db #0xe8	; -24
      0004C1 E8                    1281 	.db #0xe8	; -24
      0004C2 00                    1282 	.db #0x00	; 0
      0004C3 00                    1283 	.db #0x00	; 0
      0004C4 00                    1284 	.db #0x00	;  0
      0004C5 08                    1285 	.db #0x08	;  8
      0004C6 02                    1286 	.db #0x02	; 2
      0004C7 00                    1287 	.db #0x00	; 0
      0004C8 00                    1288 	.db #0x00	;  0
      0004C9 08                    1289 	.db #0x08	;  8
      0004CA 04                    1290 	.db #0x04	; 4
      0004CB 00                    1291 	.db #0x00	; 0
      0004CC 00                    1292 	.db #0x00	;  0
      0004CD 08                    1293 	.db #0x08	;  8
      0004CE 06                    1294 	.db #0x06	; 6
      0004CF 00                    1295 	.db #0x00	; 0
      0004D0 00                    1296 	.db #0x00	;  0
      0004D1 08                    1297 	.db #0x08	;  8
      0004D2 08                    1298 	.db #0x08	; 8
      0004D3 00                    1299 	.db #0x00	; 0
      0004D4 00                    1300 	.db #0x00	;  0
      0004D5 08                    1301 	.db #0x08	;  8
      0004D6 0A                    1302 	.db #0x0a	; 10
      0004D7 00                    1303 	.db #0x00	; 0
      0004D8 10                    1304 	.db #0x10	;  16
      0004D9 D8                    1305 	.db #0xd8	; -40
      0004DA 0C                    1306 	.db #0x0c	; 12
      0004DB 00                    1307 	.db #0x00	; 0
      0004DC 00                    1308 	.db #0x00	;  0
      0004DD 08                    1309 	.db #0x08	;  8
      0004DE 0E                    1310 	.db #0x0e	; 14
      0004DF 00                    1311 	.db #0x00	; 0
      0004E0 00                    1312 	.db #0x00	;  0
      0004E1 08                    1313 	.db #0x08	;  8
      0004E2 10                    1314 	.db #0x10	; 16
      0004E3 00                    1315 	.db #0x00	; 0
      0004E4 00                    1316 	.db #0x00	;  0
      0004E5 08                    1317 	.db #0x08	;  8
      0004E6 12                    1318 	.db #0x12	; 18
      0004E7 00                    1319 	.db #0x00	; 0
      0004E8 00                    1320 	.db #0x00	;  0
      0004E9 08                    1321 	.db #0x08	;  8
      0004EA 14                    1322 	.db #0x14	; 20
      0004EB 00                    1323 	.db #0x00	; 0
      0004EC 00                    1324 	.db #0x00	;  0
      0004ED 08                    1325 	.db #0x08	;  8
      0004EE 16                    1326 	.db #0x16	; 22
      0004EF 00                    1327 	.db #0x00	; 0
      0004F0 00                    1328 	.db #0x00	;  0
      0004F1 08                    1329 	.db #0x08	;  8
      0004F2 26                    1330 	.db #0x26	; 38
      0004F3 00                    1331 	.db #0x00	; 0
      0004F4 10                    1332 	.db #0x10	;  16
      0004F5 C8                    1333 	.db #0xc8	; -56
      0004F6 36                    1334 	.db #0x36	; 54	'6'
      0004F7 00                    1335 	.db #0x00	; 0
      0004F8 00                    1336 	.db #0x00	;  0
      0004F9 08                    1337 	.db #0x08	;  8
      0004FA 38                    1338 	.db #0x38	; 56	'8'
      0004FB 00                    1339 	.db #0x00	; 0
      0004FC 00                    1340 	.db #0x00	;  0
      0004FD 10                    1341 	.db #0x10	;  16
      0004FE 1C                    1342 	.db #0x1c	; 28
      0004FF 00                    1343 	.db #0x00	; 0
      000500 00                    1344 	.db #0x00	;  0
      000501 08                    1345 	.db #0x08	;  8
      000502 1E                    1346 	.db #0x1e	; 30
      000503 00                    1347 	.db #0x00	; 0
      000504 00                    1348 	.db #0x00	;  0
      000505 08                    1349 	.db #0x08	;  8
      000506 20                    1350 	.db #0x20	; 32
      000507 00                    1351 	.db #0x00	; 0
      000508 00                    1352 	.db #0x00	;  0
      000509 08                    1353 	.db #0x08	;  8
      00050A 22                    1354 	.db #0x22	; 34
      00050B 00                    1355 	.db #0x00	; 0
      00050C 00                    1356 	.db #0x00	;  0
      00050D 08                    1357 	.db #0x08	;  8
      00050E 2C                    1358 	.db #0x2c	; 44
      00050F 00                    1359 	.db #0x00	; 0
      000510 80                    1360 	.db #0x80	; -128
      000511 00                    1361 	.db #0x00	;  0
      000512 00                    1362 	.db #0x00	; 0
      000513 00                    1363 	.db #0x00	; 0
      000514                       1364 _sprite_metasprite4:
      000514 E8                    1365 	.db #0xe8	; -24
      000515 E8                    1366 	.db #0xe8	; -24
      000516 00                    1367 	.db #0x00	; 0
      000517 00                    1368 	.db #0x00	; 0
      000518 00                    1369 	.db #0x00	;  0
      000519 08                    1370 	.db #0x08	;  8
      00051A 02                    1371 	.db #0x02	; 2
      00051B 00                    1372 	.db #0x00	; 0
      00051C 00                    1373 	.db #0x00	;  0
      00051D 08                    1374 	.db #0x08	;  8
      00051E 04                    1375 	.db #0x04	; 4
      00051F 00                    1376 	.db #0x00	; 0
      000520 00                    1377 	.db #0x00	;  0
      000521 08                    1378 	.db #0x08	;  8
      000522 06                    1379 	.db #0x06	; 6
      000523 00                    1380 	.db #0x00	; 0
      000524 00                    1381 	.db #0x00	;  0
      000525 08                    1382 	.db #0x08	;  8
      000526 08                    1383 	.db #0x08	; 8
      000527 00                    1384 	.db #0x00	; 0
      000528 00                    1385 	.db #0x00	;  0
      000529 08                    1386 	.db #0x08	;  8
      00052A 0A                    1387 	.db #0x0a	; 10
      00052B 00                    1388 	.db #0x00	; 0
      00052C 10                    1389 	.db #0x10	;  16
      00052D D8                    1390 	.db #0xd8	; -40
      00052E 0C                    1391 	.db #0x0c	; 12
      00052F 00                    1392 	.db #0x00	; 0
      000530 00                    1393 	.db #0x00	;  0
      000531 08                    1394 	.db #0x08	;  8
      000532 0E                    1395 	.db #0x0e	; 14
      000533 00                    1396 	.db #0x00	; 0
      000534 00                    1397 	.db #0x00	;  0
      000535 08                    1398 	.db #0x08	;  8
      000536 10                    1399 	.db #0x10	; 16
      000537 00                    1400 	.db #0x00	; 0
      000538 00                    1401 	.db #0x00	;  0
      000539 08                    1402 	.db #0x08	;  8
      00053A 12                    1403 	.db #0x12	; 18
      00053B 00                    1404 	.db #0x00	; 0
      00053C 00                    1405 	.db #0x00	;  0
      00053D 08                    1406 	.db #0x08	;  8
      00053E 14                    1407 	.db #0x14	; 20
      00053F 00                    1408 	.db #0x00	; 0
      000540 00                    1409 	.db #0x00	;  0
      000541 08                    1410 	.db #0x08	;  8
      000542 16                    1411 	.db #0x16	; 22
      000543 00                    1412 	.db #0x00	; 0
      000544 00                    1413 	.db #0x00	;  0
      000545 08                    1414 	.db #0x08	;  8
      000546 18                    1415 	.db #0x18	; 24
      000547 00                    1416 	.db #0x00	; 0
      000548 10                    1417 	.db #0x10	;  16
      000549 C8                    1418 	.db #0xc8	; -56
      00054A 3A                    1419 	.db #0x3a	; 58
      00054B 00                    1420 	.db #0x00	; 0
      00054C 00                    1421 	.db #0x00	;  0
      00054D 08                    1422 	.db #0x08	;  8
      00054E 38                    1423 	.db #0x38	; 56	'8'
      00054F 00                    1424 	.db #0x00	; 0
      000550 00                    1425 	.db #0x00	;  0
      000551 10                    1426 	.db #0x10	;  16
      000552 1C                    1427 	.db #0x1c	; 28
      000553 00                    1428 	.db #0x00	; 0
      000554 00                    1429 	.db #0x00	;  0
      000555 08                    1430 	.db #0x08	;  8
      000556 1E                    1431 	.db #0x1e	; 30
      000557 00                    1432 	.db #0x00	; 0
      000558 00                    1433 	.db #0x00	;  0
      000559 08                    1434 	.db #0x08	;  8
      00055A 20                    1435 	.db #0x20	; 32
      00055B 00                    1436 	.db #0x00	; 0
      00055C 00                    1437 	.db #0x00	;  0
      00055D 08                    1438 	.db #0x08	;  8
      00055E 22                    1439 	.db #0x22	; 34
      00055F 00                    1440 	.db #0x00	; 0
      000560 00                    1441 	.db #0x00	;  0
      000561 08                    1442 	.db #0x08	;  8
      000562 24                    1443 	.db #0x24	; 36
      000563 00                    1444 	.db #0x00	; 0
      000564 80                    1445 	.db #0x80	; -128
      000565 00                    1446 	.db #0x00	;  0
      000566 00                    1447 	.db #0x00	; 0
      000567 00                    1448 	.db #0x00	; 0
      000568                       1449 _sprite_metasprites:
      000568rC8r03                 1450 	.dw _sprite_metasprite0
      00056Ar18r04                 1451 	.dw _sprite_metasprite1
      00056Cr6Cr04                 1452 	.dw _sprite_metasprite2
      00056ErC0r04                 1453 	.dw _sprite_metasprite3
      000570r14r05                 1454 	.dw _sprite_metasprite4
                                   1455 	.area _INITIALIZER
                                   1456 	.area _CABS (ABS)
