                                      1 ;--------------------------------------------------------
                                      2 ; File Created by SDCC : free open source ISO C Compiler 
                                      3 ; Version 4.2.2 #13350 (Mac OS X x86_64)
                                      4 ;--------------------------------------------------------
                                      5 	.module GBDK_2020_logo
                                      6 	.optsdcc -msm83
                                      7 	
                                      8 ;--------------------------------------------------------
                                      9 ; Public variables in this module
                                     10 ;--------------------------------------------------------
                                     11 	.globl _GBDK_2020_logo_map
                                     12 	.globl _GBDK_2020_logo_tiles
                                     13 	.globl _GBDK_2020_logo_palettes
                                     14 	.globl b___func_GBDK_2020_logo
                                     15 	.globl ___func_GBDK_2020_logo
                                     16 ;--------------------------------------------------------
                                     17 ; special function registers
                                     18 ;--------------------------------------------------------
                                     19 ;--------------------------------------------------------
                                     20 ; ram data
                                     21 ;--------------------------------------------------------
                                     22 	.area _DATA
                                     23 ;--------------------------------------------------------
                                     24 ; ram data
                                     25 ;--------------------------------------------------------
                                     26 	.area _INITIALIZED
                                     27 ;--------------------------------------------------------
                                     28 ; absolute external ram data
                                     29 ;--------------------------------------------------------
                                     30 	.area _DABS (ABS)
                                     31 ;--------------------------------------------------------
                                     32 ; global & static initialisations
                                     33 ;--------------------------------------------------------
                                     34 	.area _HOME
                                     35 	.area _GSINIT
                                     36 	.area _GSFINAL
                                     37 	.area _GSINIT
                                     38 ;--------------------------------------------------------
                                     39 ; Home
                                     40 ;--------------------------------------------------------
                                     41 	.area _HOME
                                     42 	.area _HOME
                                     43 ;--------------------------------------------------------
                                     44 ; code
                                     45 ;--------------------------------------------------------
                                     46 	.area _CODE
                                     47 ;obj/duck/GBDK_2020_logo.c:7: BANKREF(GBDK_2020_logo)
                                     48 ;	---------------------------------
                                     49 ; Function __func_GBDK_2020_logo
                                     50 ; ---------------------------------
                           000000    51 	b___func_GBDK_2020_logo	= 0
      000000                         52 ___func_GBDK_2020_logo::
                                     53 	.local b___func_GBDK_2020_logo 
                           000000    54 	___bank_GBDK_2020_logo = b___func_GBDK_2020_logo 
                                     55 	.globl ___bank_GBDK_2020_logo 
                                     56 	.area _CODE
      000000                         57 _GBDK_2020_logo_palettes:
      000000 FC 6B                   58 	.dw #0x6bfc
      000002 11 3B                   59 	.dw #0x3b11
      000004 A6 29                   60 	.dw #0x29a6
      000006 40 0C                   61 	.dw #0x0c40
      000008                         62 _GBDK_2020_logo_tiles:
      000008 00                      63 	.db #0x00	; 0
      000009 00                      64 	.db #0x00	; 0
      00000A 00                      65 	.db #0x00	; 0
      00000B 00                      66 	.db #0x00	; 0
      00000C 00                      67 	.db #0x00	; 0
      00000D 00                      68 	.db #0x00	; 0
      00000E 00                      69 	.db #0x00	; 0
      00000F 00                      70 	.db #0x00	; 0
      000010 00                      71 	.db #0x00	; 0
      000011 00                      72 	.db #0x00	; 0
      000012 00                      73 	.db #0x00	; 0
      000013 00                      74 	.db #0x00	; 0
      000014 00                      75 	.db #0x00	; 0
      000015 00                      76 	.db #0x00	; 0
      000016 00                      77 	.db #0x00	; 0
      000017 00                      78 	.db #0x00	; 0
      000018 00                      79 	.db #0x00	; 0
      000019 00                      80 	.db #0x00	; 0
      00001A 00                      81 	.db #0x00	; 0
      00001B 50                      82 	.db #0x50	; 80	'P'
      00001C 00                      83 	.db #0x00	; 0
      00001D A8                      84 	.db #0xa8	; 168
      00001E 00                      85 	.db #0x00	; 0
      00001F A9                      86 	.db #0xa9	; 169
      000020 00                      87 	.db #0x00	; 0
      000021 8A                      88 	.db #0x8a	; 138
      000022 00                      89 	.db #0x00	; 0
      000023 8B                      90 	.db #0x8b	; 139
      000024 00                      91 	.db #0x00	; 0
      000025 00                      92 	.db #0x00	; 0
      000026 00                      93 	.db #0x00	; 0
      000027 00                      94 	.db #0x00	; 0
      000028 00                      95 	.db #0x00	; 0
      000029 00                      96 	.db #0x00	; 0
      00002A 00                      97 	.db #0x00	; 0
      00002B 08                      98 	.db #0x08	; 8
      00002C 00                      99 	.db #0x00	; 0
      00002D 08                     100 	.db #0x08	; 8
      00002E 00                     101 	.db #0x00	; 0
      00002F 9B                     102 	.db #0x9b	; 155
      000030 00                     103 	.db #0x00	; 0
      000031 AA                     104 	.db #0xaa	; 170
      000032 00                     105 	.db #0x00	; 0
      000033 BB                     106 	.db #0xbb	; 187
      000034 00                     107 	.db #0x00	; 0
      000035 00                     108 	.db #0x00	; 0
      000036 00                     109 	.db #0x00	; 0
      000037 00                     110 	.db #0x00	; 0
      000038 00                     111 	.db #0x00	; 0
      000039 00                     112 	.db #0x00	; 0
      00003A 00                     113 	.db #0x00	; 0
      00003B 00                     114 	.db #0x00	; 0
      00003C 00                     115 	.db #0x00	; 0
      00003D 00                     116 	.db #0x00	; 0
      00003E 00                     117 	.db #0x00	; 0
      00003F 92                     118 	.db #0x92	; 146
      000040 00                     119 	.db #0x00	; 0
      000041 96                     120 	.db #0x96	; 150
      000042 00                     121 	.db #0x00	; 0
      000043 0C                     122 	.db #0x0c	; 12
      000044 00                     123 	.db #0x00	; 0
      000045 00                     124 	.db #0x00	; 0
      000046 00                     125 	.db #0x00	; 0
      000047 00                     126 	.db #0x00	; 0
      000048 00                     127 	.db #0x00	; 0
      000049 00                     128 	.db #0x00	; 0
      00004A 00                     129 	.db #0x00	; 0
      00004B A4                     130 	.db #0xa4	; 164
      00004C 00                     131 	.db #0x00	; 0
      00004D 24                     132 	.db #0x24	; 36
      00004E 00                     133 	.db #0x00	; 0
      00004F B7                     134 	.db #0xb7	; 183
      000050 00                     135 	.db #0x00	; 0
      000051 A5                     136 	.db #0xa5	; 165
      000052 00                     137 	.db #0x00	; 0
      000053 B5                     138 	.db #0xb5	; 181
      000054 00                     139 	.db #0x00	; 0
      000055 00                     140 	.db #0x00	; 0
      000056 00                     141 	.db #0x00	; 0
      000057 00                     142 	.db #0x00	; 0
      000058 00                     143 	.db #0x00	; 0
      000059 00                     144 	.db #0x00	; 0
      00005A 00                     145 	.db #0x00	; 0
      00005B 1F                     146 	.db #0x1f	; 31
      00005C 00                     147 	.db #0x00	; 0
      00005D 3F                     148 	.db #0x3f	; 63
      00005E 00                     149 	.db #0x00	; 0
      00005F 7F                     150 	.db #0x7f	; 127
      000060 80                     151 	.db #0x80	; 128
      000061 FF                     152 	.db #0xff	; 255
      000062 87                     153 	.db #0x87	; 135
      000063 FF                     154 	.db #0xff	; 255
      000064 80                     155 	.db #0x80	; 128
      000065 FB                     156 	.db #0xfb	; 251
      000066 84                     157 	.db #0x84	; 132
      000067 FF                     158 	.db #0xff	; 255
      000068 00                     159 	.db #0x00	; 0
      000069 00                     160 	.db #0x00	; 0
      00006A 00                     161 	.db #0x00	; 0
      00006B E1                     162 	.db #0xe1	; 225
      00006C 00                     163 	.db #0x00	; 0
      00006D F3                     164 	.db #0xf3	; 243
      00006E 04                     165 	.db #0x04	; 4
      00006F F7                     166 	.db #0xf7	; 247
      000070 04                     167 	.db #0x04	; 4
      000071 F7                     168 	.db #0xf7	; 247
      000072 E4                     169 	.db #0xe4	; 228
      000073 E7                     170 	.db #0xe7	; 231
      000074 04                     171 	.db #0x04	; 4
      000075 F7                     172 	.db #0xf7	; 247
      000076 04                     173 	.db #0x04	; 4
      000077 F7                     174 	.db #0xf7	; 247
      000078 00                     175 	.db #0x00	; 0
      000079 00                     176 	.db #0x00	; 0
      00007A 00                     177 	.db #0x00	; 0
      00007B FE                     178 	.db #0xfe	; 254
      00007C 00                     179 	.db #0x00	; 0
      00007D FF                     180 	.db #0xff	; 255
      00007E 00                     181 	.db #0x00	; 0
      00007F FF                     182 	.db #0xff	; 255
      000080 78                     183 	.db #0x78	; 120	'x'
      000081 FF                     184 	.db #0xff	; 255
      000082 00                     185 	.db #0x00	; 0
      000083 8F                     186 	.db #0x8f	; 143
      000084 00                     187 	.db #0x00	; 0
      000085 FE                     188 	.db #0xfe	; 254
      000086 00                     189 	.db #0x00	; 0
      000087 FC                     190 	.db #0xfc	; 252
      000088 00                     191 	.db #0x00	; 0
      000089 00                     192 	.db #0x00	; 0
      00008A 00                     193 	.db #0x00	; 0
      00008B 3F                     194 	.db #0x3f	; 63
      00008C 40                     195 	.db #0x40	; 64
      00008D 7F                     196 	.db #0x7f	; 127
      00008E 40                     197 	.db #0x40	; 64
      00008F 7F                     198 	.db #0x7f	; 127
      000090 47                     199 	.db #0x47	; 71	'G'
      000091 7F                     200 	.db #0x7f	; 127
      000092 41                     201 	.db #0x41	; 65	'A'
      000093 79                     202 	.db #0x79	; 121	'y'
      000094 40                     203 	.db #0x40	; 64
      000095 78                     204 	.db #0x78	; 120	'x'
      000096 40                     205 	.db #0x40	; 64
      000097 78                     206 	.db #0x78	; 120	'x'
      000098 00                     207 	.db #0x00	; 0
      000099 00                     208 	.db #0x00	; 0
      00009A 00                     209 	.db #0x00	; 0
      00009B C1                     210 	.db #0xc1	; 193
      00009C 00                     211 	.db #0x00	; 0
      00009D E3                     212 	.db #0xe3	; 227
      00009E 04                     213 	.db #0x04	; 4
      00009F E7                     214 	.db #0xe7	; 231
      0000A0 04                     215 	.db #0x04	; 4
      0000A1 F7                     216 	.db #0xf7	; 247
      0000A2 84                     217 	.db #0x84	; 132
      0000A3 F7                     218 	.db #0xf7	; 247
      0000A4 84                     219 	.db #0x84	; 132
      0000A5 F7                     220 	.db #0xf7	; 247
      0000A6 84                     221 	.db #0x84	; 132
      0000A7 F7                     222 	.db #0xf7	; 247
      0000A8 00                     223 	.db #0x00	; 0
      0000A9 00                     224 	.db #0x00	; 0
      0000AA 00                     225 	.db #0x00	; 0
      0000AB 82                     226 	.db #0x82	; 130
      0000AC 00                     227 	.db #0x00	; 0
      0000AD C7                     228 	.db #0xc7	; 199
      0000AE 00                     229 	.db #0x00	; 0
      0000AF CF                     230 	.db #0xcf	; 207
      0000B0 00                     231 	.db #0x00	; 0
      0000B1 DE                     232 	.db #0xde	; 222
      0000B2 00                     233 	.db #0x00	; 0
      0000B3 FC                     234 	.db #0xfc	; 252
      0000B4 00                     235 	.db #0x00	; 0
      0000B5 F8                     236 	.db #0xf8	; 248
      0000B6 00                     237 	.db #0x00	; 0
      0000B7 F0                     238 	.db #0xf0	; 240
      0000B8 84                     239 	.db #0x84	; 132
      0000B9 FF                     240 	.db #0xff	; 255
      0000BA 87                     241 	.db #0x87	; 135
      0000BB FF                     242 	.db #0xff	; 255
      0000BC 80                     243 	.db #0x80	; 128
      0000BD FF                     244 	.db #0xff	; 255
      0000BE 80                     245 	.db #0x80	; 128
      0000BF FF                     246 	.db #0xff	; 255
      0000C0 C0                     247 	.db #0xc0	; 192
      0000C1 FF                     248 	.db #0xff	; 255
      0000C2 60                     249 	.db #0x60	; 96
      0000C3 7F                     250 	.db #0x7f	; 127
      0000C4 3F                     251 	.db #0x3f	; 63
      0000C5 3F                     252 	.db #0x3f	; 63
      0000C6 00                     253 	.db #0x00	; 0
      0000C7 00                     254 	.db #0x00	; 0
      0000C8 04                     255 	.db #0x04	; 4
      0000C9 F7                     256 	.db #0xf7	; 247
      0000CA 84                     257 	.db #0x84	; 132
      0000CB F7                     258 	.db #0xf7	; 247
      0000CC 04                     259 	.db #0x04	; 4
      0000CD F7                     260 	.db #0xf7	; 247
      0000CE 04                     261 	.db #0x04	; 4
      0000CF F7                     262 	.db #0xf7	; 247
      0000D0 04                     263 	.db #0x04	; 4
      0000D1 F7                     264 	.db #0xf7	; 247
      0000D2 06                     265 	.db #0x06	; 6
      0000D3 E7                     266 	.db #0xe7	; 231
      0000D4 C3                     267 	.db #0xc3	; 195
      0000D5 C3                     268 	.db #0xc3	; 195
      0000D6 00                     269 	.db #0x00	; 0
      0000D7 00                     270 	.db #0x00	; 0
      0000D8 00                     271 	.db #0x00	; 0
      0000D9 FE                     272 	.db #0xfe	; 254
      0000DA 70                     273 	.db #0x70	; 112	'p'
      0000DB FF                     274 	.db #0xff	; 255
      0000DC 18                     275 	.db #0x18	; 24
      0000DD 9F                     276 	.db #0x9f	; 159
      0000DE 00                     277 	.db #0x00	; 0
      0000DF FF                     278 	.db #0xff	; 255
      0000E0 00                     279 	.db #0x00	; 0
      0000E1 FF                     280 	.db #0xff	; 255
      0000E2 00                     281 	.db #0x00	; 0
      0000E3 FE                     282 	.db #0xfe	; 254
      0000E4 FC                     283 	.db #0xfc	; 252
      0000E5 FC                     284 	.db #0xfc	; 252
      0000E6 00                     285 	.db #0x00	; 0
      0000E7 00                     286 	.db #0x00	; 0
      0000E8 40                     287 	.db #0x40	; 64
      0000E9 78                     288 	.db #0x78	; 120	'x'
      0000EA 40                     289 	.db #0x40	; 64
      0000EB 78                     290 	.db #0x78	; 120	'x'
      0000EC 40                     291 	.db #0x40	; 64
      0000ED 78                     292 	.db #0x78	; 120	'x'
      0000EE 40                     293 	.db #0x40	; 64
      0000EF 7F                     294 	.db #0x7f	; 127
      0000F0 40                     295 	.db #0x40	; 64
      0000F1 7F                     296 	.db #0x7f	; 127
      0000F2 40                     297 	.db #0x40	; 64
      0000F3 7F                     298 	.db #0x7f	; 127
      0000F4 7F                     299 	.db #0x7f	; 127
      0000F5 7F                     300 	.db #0x7f	; 127
      0000F6 00                     301 	.db #0x00	; 0
      0000F7 00                     302 	.db #0x00	; 0
      0000F8 84                     303 	.db #0x84	; 132
      0000F9 F7                     304 	.db #0xf7	; 247
      0000FA 84                     305 	.db #0x84	; 132
      0000FB F7                     306 	.db #0xf7	; 247
      0000FC 04                     307 	.db #0x04	; 4
      0000FD F7                     308 	.db #0xf7	; 247
      0000FE 04                     309 	.db #0x04	; 4
      0000FF E7                     310 	.db #0xe7	; 231
      000100 04                     311 	.db #0x04	; 4
      000101 E7                     312 	.db #0xe7	; 231
      000102 06                     313 	.db #0x06	; 6
      000103 C7                     314 	.db #0xc7	; 199
      000104 83                     315 	.db #0x83	; 131
      000105 83                     316 	.db #0x83	; 131
      000106 00                     317 	.db #0x00	; 0
      000107 00                     318 	.db #0x00	; 0
      000108 00                     319 	.db #0x00	; 0
      000109 F8                     320 	.db #0xf8	; 248
      00010A 00                     321 	.db #0x00	; 0
      00010B FC                     322 	.db #0xfc	; 252
      00010C 20                     323 	.db #0x20	; 32
      00010D FE                     324 	.db #0xfe	; 254
      00010E 30                     325 	.db #0x30	; 48	'0'
      00010F FF                     326 	.db #0xff	; 255
      000110 18                     327 	.db #0x18	; 24
      000111 DF                     328 	.db #0xdf	; 223
      000112 0C                     329 	.db #0x0c	; 12
      000113 8E                     330 	.db #0x8e	; 142
      000114 04                     331 	.db #0x04	; 4
      000115 04                     332 	.db #0x04	; 4
      000116 00                     333 	.db #0x00	; 0
      000117 00                     334 	.db #0x00	; 0
      000118 00                     335 	.db #0x00	; 0
      000119 00                     336 	.db #0x00	; 0
      00011A 00                     337 	.db #0x00	; 0
      00011B 00                     338 	.db #0x00	; 0
      00011C 01                     339 	.db #0x01	; 1
      00011D 01                     340 	.db #0x01	; 1
      00011E 02                     341 	.db #0x02	; 2
      00011F 03                     342 	.db #0x03	; 3
      000120 04                     343 	.db #0x04	; 4
      000121 07                     344 	.db #0x07	; 7
      000122 0C                     345 	.db #0x0c	; 12
      000123 09                     346 	.db #0x09	; 9
      000124 14                     347 	.db #0x14	; 20
      000125 1B                     348 	.db #0x1b	; 27
      000126 34                     349 	.db #0x34	; 52	'4'
      000127 3B                     350 	.db #0x3b	; 59
      000128 0F                     351 	.db #0x0f	; 15
      000129 0F                     352 	.db #0x0f	; 15
      00012A 70                     353 	.db #0x70	; 112	'p'
      00012B 70                     354 	.db #0x70	; 112	'p'
      00012C 83                     355 	.db #0x83	; 131
      00012D 83                     356 	.db #0x83	; 131
      00012E 07                     357 	.db #0x07	; 7
      00012F 07                     358 	.db #0x07	; 7
      000130 0E                     359 	.db #0x0e	; 14
      000131 0E                     360 	.db #0x0e	; 14
      000132 0C                     361 	.db #0x0c	; 12
      000133 0C                     362 	.db #0x0c	; 12
      000134 0C                     363 	.db #0x0c	; 12
      000135 0C                     364 	.db #0x0c	; 12
      000136 0C                     365 	.db #0x0c	; 12
      000137 0C                     366 	.db #0x0c	; 12
      000138 F0                     367 	.db #0xf0	; 240
      000139 F0                     368 	.db #0xf0	; 240
      00013A 0E                     369 	.db #0x0e	; 14
      00013B 0E                     370 	.db #0x0e	; 14
      00013C C1                     371 	.db #0xc1	; 193
      00013D C1                     372 	.db #0xc1	; 193
      00013E E0                     373 	.db #0xe0	; 224
      00013F E0                     374 	.db #0xe0	; 224
      000140 60                     375 	.db #0x60	; 96
      000141 60                     376 	.db #0x60	; 96
      000142 00                     377 	.db #0x00	; 0
      000143 00                     378 	.db #0x00	; 0
      000144 00                     379 	.db #0x00	; 0
      000145 00                     380 	.db #0x00	; 0
      000146 00                     381 	.db #0x00	; 0
      000147 00                     382 	.db #0x00	; 0
      000148 00                     383 	.db #0x00	; 0
      000149 00                     384 	.db #0x00	; 0
      00014A 00                     385 	.db #0x00	; 0
      00014B 00                     386 	.db #0x00	; 0
      00014C 80                     387 	.db #0x80	; 128
      00014D 80                     388 	.db #0x80	; 128
      00014E 40                     389 	.db #0x40	; 64
      00014F C0                     390 	.db #0xc0	; 192
      000150 20                     391 	.db #0x20	; 32
      000151 E0                     392 	.db #0xe0	; 224
      000152 30                     393 	.db #0x30	; 48	'0'
      000153 D0                     394 	.db #0xd0	; 208
      000154 28                     395 	.db #0x28	; 40
      000155 D8                     396 	.db #0xd8	; 216
      000156 2C                     397 	.db #0x2c	; 44
      000157 DC                     398 	.db #0xdc	; 220
      000158 34                     399 	.db #0x34	; 52	'4'
      000159 3B                     400 	.db #0x3b	; 59
      00015A 54                     401 	.db #0x54	; 84	'T'
      00015B 7B                     402 	.db #0x7b	; 123
      00015C 54                     403 	.db #0x54	; 84	'T'
      00015D 7B                     404 	.db #0x7b	; 123
      00015E 54                     405 	.db #0x54	; 84	'T'
      00015F 7B                     406 	.db #0x7b	; 123
      000160 94                     407 	.db #0x94	; 148
      000161 FB                     408 	.db #0xfb	; 251
      000162 94                     409 	.db #0x94	; 148
      000163 FB                     410 	.db #0xfb	; 251
      000164 94                     411 	.db #0x94	; 148
      000165 FB                     412 	.db #0xfb	; 251
      000166 97                     413 	.db #0x97	; 151
      000167 F8                     414 	.db #0xf8	; 248
      000168 0E                     415 	.db #0x0e	; 14
      000169 0E                     416 	.db #0x0e	; 14
      00016A 07                     417 	.db #0x07	; 7
      00016B 07                     418 	.db #0x07	; 7
      00016C 03                     419 	.db #0x03	; 3
      00016D 03                     420 	.db #0x03	; 3
      00016E 00                     421 	.db #0x00	; 0
      00016F 00                     422 	.db #0x00	; 0
      000170 00                     423 	.db #0x00	; 0
      000171 00                     424 	.db #0x00	; 0
      000172 00                     425 	.db #0x00	; 0
      000173 FF                     426 	.db #0xff	; 255
      000174 00                     427 	.db #0x00	; 0
      000175 FF                     428 	.db #0xff	; 255
      000176 FF                     429 	.db #0xff	; 255
      000177 00                     430 	.db #0x00	; 0
      000178 60                     431 	.db #0x60	; 96
      000179 60                     432 	.db #0x60	; 96
      00017A E0                     433 	.db #0xe0	; 224
      00017B E0                     434 	.db #0xe0	; 224
      00017C C0                     435 	.db #0xc0	; 192
      00017D C0                     436 	.db #0xc0	; 192
      00017E 00                     437 	.db #0x00	; 0
      00017F 00                     438 	.db #0x00	; 0
      000180 00                     439 	.db #0x00	; 0
      000181 00                     440 	.db #0x00	; 0
      000182 00                     441 	.db #0x00	; 0
      000183 FF                     442 	.db #0xff	; 255
      000184 00                     443 	.db #0x00	; 0
      000185 FF                     444 	.db #0xff	; 255
      000186 FF                     445 	.db #0xff	; 255
      000187 00                     446 	.db #0x00	; 0
      000188 2C                     447 	.db #0x2c	; 44
      000189 DC                     448 	.db #0xdc	; 220
      00018A 2A                     449 	.db #0x2a	; 42
      00018B DE                     450 	.db #0xde	; 222
      00018C 2A                     451 	.db #0x2a	; 42
      00018D DE                     452 	.db #0xde	; 222
      00018E 2A                     453 	.db #0x2a	; 42
      00018F DE                     454 	.db #0xde	; 222
      000190 29                     455 	.db #0x29	; 41
      000191 DF                     456 	.db #0xdf	; 223
      000192 29                     457 	.db #0x29	; 41
      000193 DF                     458 	.db #0xdf	; 223
      000194 69                     459 	.db #0x69	; 105	'i'
      000195 9F                     460 	.db #0x9f	; 159
      000196 E9                     461 	.db #0xe9	; 233
      000197 1F                     462 	.db #0x1f	; 31
      000198 97                     463 	.db #0x97	; 151
      000199 F8                     464 	.db #0xf8	; 248
      00019A 97                     465 	.db #0x97	; 151
      00019B F8                     466 	.db #0xf8	; 248
      00019C 97                     467 	.db #0x97	; 151
      00019D F9                     468 	.db #0xf9	; 249
      00019E 97                     469 	.db #0x97	; 151
      00019F F9                     470 	.db #0xf9	; 249
      0001A0 57                     471 	.db #0x57	; 87	'W'
      0001A1 78                     472 	.db #0x78	; 120	'x'
      0001A2 57                     473 	.db #0x57	; 87	'W'
      0001A3 78                     474 	.db #0x78	; 120	'x'
      0001A4 57                     475 	.db #0x57	; 87	'W'
      0001A5 78                     476 	.db #0x78	; 120	'x'
      0001A6 37                     477 	.db #0x37	; 55	'7'
      0001A7 38                     478 	.db #0x38	; 56	'8'
      0001A8 FF                     479 	.db #0xff	; 255
      0001A9 60                     480 	.db #0x60	; 96
      0001AA FF                     481 	.db #0xff	; 255
      0001AB 60                     482 	.db #0x60	; 96
      0001AC FF                     483 	.db #0xff	; 255
      0001AD F8                     484 	.db #0xf8	; 248
      0001AE FF                     485 	.db #0xff	; 255
      0001AF F8                     486 	.db #0xf8	; 248
      0001B0 FF                     487 	.db #0xff	; 255
      0001B1 60                     488 	.db #0x60	; 96
      0001B2 FF                     489 	.db #0xff	; 255
      0001B3 60                     490 	.db #0x60	; 96
      0001B4 FF                     491 	.db #0xff	; 255
      0001B5 00                     492 	.db #0x00	; 0
      0001B6 FF                     493 	.db #0xff	; 255
      0001B7 00                     494 	.db #0x00	; 0
      0001B8 FF                     495 	.db #0xff	; 255
      0001B9 03                     496 	.db #0x03	; 3
      0001BA FF                     497 	.db #0xff	; 255
      0001BB 03                     498 	.db #0x03	; 3
      0001BC FF                     499 	.db #0xff	; 255
      0001BD 03                     500 	.db #0x03	; 3
      0001BE FF                     501 	.db #0xff	; 255
      0001BF 1C                     502 	.db #0x1c	; 28
      0001C0 FF                     503 	.db #0xff	; 255
      0001C1 1C                     504 	.db #0x1c	; 28
      0001C2 FF                     505 	.db #0xff	; 255
      0001C3 1C                     506 	.db #0x1c	; 28
      0001C4 FF                     507 	.db #0xff	; 255
      0001C5 00                     508 	.db #0x00	; 0
      0001C6 FF                     509 	.db #0xff	; 255
      0001C7 00                     510 	.db #0x00	; 0
      0001C8 E9                     511 	.db #0xe9	; 233
      0001C9 9F                     512 	.db #0x9f	; 159
      0001CA E9                     513 	.db #0xe9	; 233
      0001CB 9F                     514 	.db #0x9f	; 159
      0001CC E9                     515 	.db #0xe9	; 233
      0001CD 9F                     516 	.db #0x9f	; 159
      0001CE E9                     517 	.db #0xe9	; 233
      0001CF 1F                     518 	.db #0x1f	; 31
      0001D0 EA                     519 	.db #0xea	; 234
      0001D1 1E                     520 	.db #0x1e	; 30
      0001D2 EA                     521 	.db #0xea	; 234
      0001D3 1E                     522 	.db #0x1e	; 30
      0001D4 EA                     523 	.db #0xea	; 234
      0001D5 1E                     524 	.db #0x1e	; 30
      0001D6 EC                     525 	.db #0xec	; 236
      0001D7 1C                     526 	.db #0x1c	; 28
      0001D8 37                     527 	.db #0x37	; 55	'7'
      0001D9 38                     528 	.db #0x38	; 56	'8'
      0001DA 17                     529 	.db #0x17	; 23
      0001DB 18                     530 	.db #0x18	; 24
      0001DC 0F                     531 	.db #0x0f	; 15
      0001DD 08                     532 	.db #0x08	; 8
      0001DE 07                     533 	.db #0x07	; 7
      0001DF 04                     534 	.db #0x04	; 4
      0001E0 03                     535 	.db #0x03	; 3
      0001E1 02                     536 	.db #0x02	; 2
      0001E2 01                     537 	.db #0x01	; 1
      0001E3 01                     538 	.db #0x01	; 1
      0001E4 00                     539 	.db #0x00	; 0
      0001E5 00                     540 	.db #0x00	; 0
      0001E6 00                     541 	.db #0x00	; 0
      0001E7 00                     542 	.db #0x00	; 0
      0001E8 FF                     543 	.db #0xff	; 255
      0001E9 00                     544 	.db #0x00	; 0
      0001EA FF                     545 	.db #0xff	; 255
      0001EB 00                     546 	.db #0x00	; 0
      0001EC FD                     547 	.db #0xfd	; 253
      0001ED 02                     548 	.db #0x02	; 2
      0001EE FB                     549 	.db #0xfb	; 251
      0001EF 04                     550 	.db #0x04	; 4
      0001F0 FF                     551 	.db #0xff	; 255
      0001F1 00                     552 	.db #0x00	; 0
      0001F2 FF                     553 	.db #0xff	; 255
      0001F3 80                     554 	.db #0x80	; 128
      0001F4 7F                     555 	.db #0x7f	; 127
      0001F5 70                     556 	.db #0x70	; 112	'p'
      0001F6 0F                     557 	.db #0x0f	; 15
      0001F7 0F                     558 	.db #0x0f	; 15
      0001F8 FF                     559 	.db #0xff	; 255
      0001F9 00                     560 	.db #0x00	; 0
      0001FA FF                     561 	.db #0xff	; 255
      0001FB 00                     562 	.db #0x00	; 0
      0001FC DF                     563 	.db #0xdf	; 223
      0001FD 20                     564 	.db #0x20	; 32
      0001FE BE                     565 	.db #0xbe	; 190
      0001FF 41                     566 	.db #0x41	; 65	'A'
      000200 FB                     567 	.db #0xfb	; 251
      000201 04                     568 	.db #0x04	; 4
      000202 ED                     569 	.db #0xed	; 237
      000203 13                     570 	.db #0x13	; 19
      000204 FE                     571 	.db #0xfe	; 254
      000205 0E                     572 	.db #0x0e	; 14
      000206 F0                     573 	.db #0xf0	; 240
      000207 F0                     574 	.db #0xf0	; 240
      000208 EC                     575 	.db #0xec	; 236
      000209 1C                     576 	.db #0x1c	; 28
      00020A E8                     577 	.db #0xe8	; 232
      00020B 18                     578 	.db #0x18	; 24
      00020C B0                     579 	.db #0xb0	; 176
      00020D 50                     580 	.db #0x50	; 80	'P'
      00020E E0                     581 	.db #0xe0	; 224
      00020F 20                     582 	.db #0x20	; 32
      000210 40                     583 	.db #0x40	; 64
      000211 C0                     584 	.db #0xc0	; 192
      000212 80                     585 	.db #0x80	; 128
      000213 80                     586 	.db #0x80	; 128
      000214 00                     587 	.db #0x00	; 0
      000215 00                     588 	.db #0x00	; 0
      000216 00                     589 	.db #0x00	; 0
      000217 00                     590 	.db #0x00	; 0
      000218 00                     591 	.db #0x00	; 0
      000219 00                     592 	.db #0x00	; 0
      00021A 00                     593 	.db #0x00	; 0
      00021B 1F                     594 	.db #0x1f	; 31
      00021C 00                     595 	.db #0x00	; 0
      00021D 3F                     596 	.db #0x3f	; 63
      00021E 00                     597 	.db #0x00	; 0
      00021F 7F                     598 	.db #0x7f	; 127
      000220 8F                     599 	.db #0x8f	; 143
      000221 FF                     600 	.db #0xff	; 255
      000222 80                     601 	.db #0x80	; 128
      000223 E3                     602 	.db #0xe3	; 227
      000224 C0                     603 	.db #0xc0	; 192
      000225 CF                     604 	.db #0xcf	; 207
      000226 00                     605 	.db #0x00	; 0
      000227 1F                     606 	.db #0x1f	; 31
      000228 00                     607 	.db #0x00	; 0
      000229 00                     608 	.db #0x00	; 0
      00022A 00                     609 	.db #0x00	; 0
      00022B 81                     610 	.db #0x81	; 129
      00022C 00                     611 	.db #0x00	; 0
      00022D C3                     612 	.db #0xc3	; 195
      00022E 00                     613 	.db #0x00	; 0
      00022F E7                     614 	.db #0xe7	; 231
      000230 08                     615 	.db #0x08	; 8
      000231 EF                     616 	.db #0xef	; 239
      000232 08                     617 	.db #0x08	; 8
      000233 EF                     618 	.db #0xef	; 239
      000234 08                     619 	.db #0x08	; 8
      000235 EF                     620 	.db #0xef	; 239
      000236 08                     621 	.db #0x08	; 8
      000237 CF                     622 	.db #0xcf	; 207
      000238 00                     623 	.db #0x00	; 0
      000239 00                     624 	.db #0x00	; 0
      00023A 00                     625 	.db #0x00	; 0
      00023B F8                     626 	.db #0xf8	; 248
      00023C 00                     627 	.db #0x00	; 0
      00023D FC                     628 	.db #0xfc	; 252
      00023E 60                     629 	.db #0x60	; 96
      00023F FE                     630 	.db #0xfe	; 254
      000240 20                     631 	.db #0x20	; 32
      000241 BE                     632 	.db #0xbe	; 190
      000242 20                     633 	.db #0x20	; 32
      000243 BE                     634 	.db #0xbe	; 190
      000244 20                     635 	.db #0x20	; 32
      000245 BE                     636 	.db #0xbe	; 190
      000246 20                     637 	.db #0x20	; 32
      000247 BE                     638 	.db #0xbe	; 190
      000248 00                     639 	.db #0x00	; 0
      000249 3F                     640 	.db #0x3f	; 63
      00024A 01                     641 	.db #0x01	; 1
      00024B 7F                     642 	.db #0x7f	; 127
      00024C 84                     643 	.db #0x84	; 132
      00024D FC                     644 	.db #0xfc	; 252
      00024E 80                     645 	.db #0x80	; 128
      00024F FF                     646 	.db #0xff	; 255
      000250 80                     647 	.db #0x80	; 128
      000251 FF                     648 	.db #0xff	; 255
      000252 C0                     649 	.db #0xc0	; 192
      000253 FF                     650 	.db #0xff	; 255
      000254 7F                     651 	.db #0x7f	; 127
      000255 7F                     652 	.db #0x7f	; 127
      000256 00                     653 	.db #0x00	; 0
      000257 00                     654 	.db #0x00	; 0
      000258 08                     655 	.db #0x08	; 8
      000259 8F                     656 	.db #0x8f	; 143
      00025A 08                     657 	.db #0x08	; 8
      00025B 0F                     658 	.db #0x0f	; 15
      00025C 08                     659 	.db #0x08	; 8
      00025D 0F                     660 	.db #0x0f	; 15
      00025E 08                     661 	.db #0x08	; 8
      00025F CF                     662 	.db #0xcf	; 207
      000260 0C                     663 	.db #0x0c	; 12
      000261 EF                     664 	.db #0xef	; 239
      000262 06                     665 	.db #0x06	; 6
      000263 E7                     666 	.db #0xe7	; 231
      000264 C3                     667 	.db #0xc3	; 195
      000265 C3                     668 	.db #0xc3	; 195
      000266 00                     669 	.db #0x00	; 0
      000267 00                     670 	.db #0x00	; 0
      000268 20                     671 	.db #0x20	; 32
      000269 BE                     672 	.db #0xbe	; 190
      00026A 20                     673 	.db #0x20	; 32
      00026B BE                     674 	.db #0xbe	; 190
      00026C 20                     675 	.db #0x20	; 32
      00026D BE                     676 	.db #0xbe	; 190
      00026E 20                     677 	.db #0x20	; 32
      00026F BE                     678 	.db #0xbe	; 190
      000270 00                     679 	.db #0x00	; 0
      000271 FC                     680 	.db #0xfc	; 252
      000272 00                     681 	.db #0x00	; 0
      000273 F8                     682 	.db #0xf8	; 248
      000274 F0                     683 	.db #0xf0	; 240
      000275 F0                     684 	.db #0xf0	; 240
      000276 00                     685 	.db #0x00	; 0
      000277 00                     686 	.db #0x00	; 0
      000278                        687 _GBDK_2020_logo_map:
      000278 00                     688 	.db #0x00	; 0
      000279 00                     689 	.db #0x00	; 0
      00027A 00                     690 	.db #0x00	; 0
      00027B 00                     691 	.db #0x00	; 0
      00027C 00                     692 	.db #0x00	; 0
      00027D 00                     693 	.db #0x00	; 0
      00027E 00                     694 	.db #0x00	; 0
      00027F 00                     695 	.db #0x00	; 0
      000280 00                     696 	.db #0x00	; 0
      000281 00                     697 	.db #0x00	; 0
      000282 00                     698 	.db #0x00	; 0
      000283 00                     699 	.db #0x00	; 0
      000284 00                     700 	.db #0x00	; 0
      000285 00                     701 	.db #0x00	; 0
      000286 00                     702 	.db #0x00	; 0
      000287 00                     703 	.db #0x00	; 0
      000288 00                     704 	.db #0x00	; 0
      000289 00                     705 	.db #0x00	; 0
      00028A 00                     706 	.db #0x00	; 0
      00028B 00                     707 	.db #0x00	; 0
      00028C 00                     708 	.db #0x00	; 0
      00028D 00                     709 	.db #0x00	; 0
      00028E 00                     710 	.db #0x00	; 0
      00028F 00                     711 	.db #0x00	; 0
      000290 00                     712 	.db #0x00	; 0
      000291 00                     713 	.db #0x00	; 0
      000292 00                     714 	.db #0x00	; 0
      000293 00                     715 	.db #0x00	; 0
      000294 00                     716 	.db #0x00	; 0
      000295 00                     717 	.db #0x00	; 0
      000296 00                     718 	.db #0x00	; 0
      000297 00                     719 	.db #0x00	; 0
      000298 00                     720 	.db #0x00	; 0
      000299 00                     721 	.db #0x00	; 0
      00029A 00                     722 	.db #0x00	; 0
      00029B 00                     723 	.db #0x00	; 0
      00029C 00                     724 	.db #0x00	; 0
      00029D 00                     725 	.db #0x00	; 0
      00029E 00                     726 	.db #0x00	; 0
      00029F 00                     727 	.db #0x00	; 0
      0002A0 00                     728 	.db #0x00	; 0
      0002A1 00                     729 	.db #0x00	; 0
      0002A2 00                     730 	.db #0x00	; 0
      0002A3 00                     731 	.db #0x00	; 0
      0002A4 00                     732 	.db #0x00	; 0
      0002A5 00                     733 	.db #0x00	; 0
      0002A6 00                     734 	.db #0x00	; 0
      0002A7 00                     735 	.db #0x00	; 0
      0002A8 00                     736 	.db #0x00	; 0
      0002A9 00                     737 	.db #0x00	; 0
      0002AA 00                     738 	.db #0x00	; 0
      0002AB 00                     739 	.db #0x00	; 0
      0002AC 00                     740 	.db #0x00	; 0
      0002AD 00                     741 	.db #0x00	; 0
      0002AE 00                     742 	.db #0x00	; 0
      0002AF 00                     743 	.db #0x00	; 0
      0002B0 00                     744 	.db #0x00	; 0
      0002B1 00                     745 	.db #0x00	; 0
      0002B2 00                     746 	.db #0x00	; 0
      0002B3 00                     747 	.db #0x00	; 0
      0002B4 00                     748 	.db #0x00	; 0
      0002B5 00                     749 	.db #0x00	; 0
      0002B6 00                     750 	.db #0x00	; 0
      0002B7 00                     751 	.db #0x00	; 0
      0002B8 00                     752 	.db #0x00	; 0
      0002B9 00                     753 	.db #0x00	; 0
      0002BA 00                     754 	.db #0x00	; 0
      0002BB 00                     755 	.db #0x00	; 0
      0002BC 01                     756 	.db #0x01	; 1
      0002BD 02                     757 	.db #0x02	; 2
      0002BE 03                     758 	.db #0x03	; 3
      0002BF 04                     759 	.db #0x04	; 4
      0002C0 00                     760 	.db #0x00	; 0
      0002C1 00                     761 	.db #0x00	; 0
      0002C2 00                     762 	.db #0x00	; 0
      0002C3 00                     763 	.db #0x00	; 0
      0002C4 00                     764 	.db #0x00	; 0
      0002C5 00                     765 	.db #0x00	; 0
      0002C6 00                     766 	.db #0x00	; 0
      0002C7 00                     767 	.db #0x00	; 0
      0002C8 00                     768 	.db #0x00	; 0
      0002C9 00                     769 	.db #0x00	; 0
      0002CA 00                     770 	.db #0x00	; 0
      0002CB 00                     771 	.db #0x00	; 0
      0002CC 00                     772 	.db #0x00	; 0
      0002CD 00                     773 	.db #0x00	; 0
      0002CE 00                     774 	.db #0x00	; 0
      0002CF 05                     775 	.db #0x05	; 5
      0002D0 06                     776 	.db #0x06	; 6
      0002D1 07                     777 	.db #0x07	; 7
      0002D2 08                     778 	.db #0x08	; 8
      0002D3 09                     779 	.db #0x09	; 9
      0002D4 0A                     780 	.db #0x0a	; 10
      0002D5 00                     781 	.db #0x00	; 0
      0002D6 00                     782 	.db #0x00	; 0
      0002D7 00                     783 	.db #0x00	; 0
      0002D8 00                     784 	.db #0x00	; 0
      0002D9 00                     785 	.db #0x00	; 0
      0002DA 00                     786 	.db #0x00	; 0
      0002DB 00                     787 	.db #0x00	; 0
      0002DC 00                     788 	.db #0x00	; 0
      0002DD 00                     789 	.db #0x00	; 0
      0002DE 00                     790 	.db #0x00	; 0
      0002DF 00                     791 	.db #0x00	; 0
      0002E0 00                     792 	.db #0x00	; 0
      0002E1 00                     793 	.db #0x00	; 0
      0002E2 00                     794 	.db #0x00	; 0
      0002E3 0B                     795 	.db #0x0b	; 11
      0002E4 0C                     796 	.db #0x0c	; 12
      0002E5 0D                     797 	.db #0x0d	; 13
      0002E6 0E                     798 	.db #0x0e	; 14
      0002E7 0F                     799 	.db #0x0f	; 15
      0002E8 10                     800 	.db #0x10	; 16
      0002E9 00                     801 	.db #0x00	; 0
      0002EA 00                     802 	.db #0x00	; 0
      0002EB 00                     803 	.db #0x00	; 0
      0002EC 00                     804 	.db #0x00	; 0
      0002ED 00                     805 	.db #0x00	; 0
      0002EE 00                     806 	.db #0x00	; 0
      0002EF 00                     807 	.db #0x00	; 0
      0002F0 00                     808 	.db #0x00	; 0
      0002F1 00                     809 	.db #0x00	; 0
      0002F2 00                     810 	.db #0x00	; 0
      0002F3 00                     811 	.db #0x00	; 0
      0002F4 00                     812 	.db #0x00	; 0
      0002F5 00                     813 	.db #0x00	; 0
      0002F6 00                     814 	.db #0x00	; 0
      0002F7 00                     815 	.db #0x00	; 0
      0002F8 00                     816 	.db #0x00	; 0
      0002F9 00                     817 	.db #0x00	; 0
      0002FA 00                     818 	.db #0x00	; 0
      0002FB 00                     819 	.db #0x00	; 0
      0002FC 00                     820 	.db #0x00	; 0
      0002FD 00                     821 	.db #0x00	; 0
      0002FE 00                     822 	.db #0x00	; 0
      0002FF 00                     823 	.db #0x00	; 0
      000300 00                     824 	.db #0x00	; 0
      000301 00                     825 	.db #0x00	; 0
      000302 00                     826 	.db #0x00	; 0
      000303 00                     827 	.db #0x00	; 0
      000304 00                     828 	.db #0x00	; 0
      000305 00                     829 	.db #0x00	; 0
      000306 00                     830 	.db #0x00	; 0
      000307 00                     831 	.db #0x00	; 0
      000308 00                     832 	.db #0x00	; 0
      000309 00                     833 	.db #0x00	; 0
      00030A 00                     834 	.db #0x00	; 0
      00030B 00                     835 	.db #0x00	; 0
      00030C 11                     836 	.db #0x11	; 17
      00030D 12                     837 	.db #0x12	; 18
      00030E 13                     838 	.db #0x13	; 19
      00030F 14                     839 	.db #0x14	; 20
      000310 00                     840 	.db #0x00	; 0
      000311 00                     841 	.db #0x00	; 0
      000312 00                     842 	.db #0x00	; 0
      000313 00                     843 	.db #0x00	; 0
      000314 00                     844 	.db #0x00	; 0
      000315 00                     845 	.db #0x00	; 0
      000316 00                     846 	.db #0x00	; 0
      000317 00                     847 	.db #0x00	; 0
      000318 00                     848 	.db #0x00	; 0
      000319 00                     849 	.db #0x00	; 0
      00031A 00                     850 	.db #0x00	; 0
      00031B 00                     851 	.db #0x00	; 0
      00031C 00                     852 	.db #0x00	; 0
      00031D 00                     853 	.db #0x00	; 0
      00031E 00                     854 	.db #0x00	; 0
      00031F 00                     855 	.db #0x00	; 0
      000320 15                     856 	.db #0x15	; 21
      000321 16                     857 	.db #0x16	; 22
      000322 17                     858 	.db #0x17	; 23
      000323 18                     859 	.db #0x18	; 24
      000324 00                     860 	.db #0x00	; 0
      000325 00                     861 	.db #0x00	; 0
      000326 00                     862 	.db #0x00	; 0
      000327 00                     863 	.db #0x00	; 0
      000328 00                     864 	.db #0x00	; 0
      000329 00                     865 	.db #0x00	; 0
      00032A 00                     866 	.db #0x00	; 0
      00032B 00                     867 	.db #0x00	; 0
      00032C 00                     868 	.db #0x00	; 0
      00032D 00                     869 	.db #0x00	; 0
      00032E 00                     870 	.db #0x00	; 0
      00032F 00                     871 	.db #0x00	; 0
      000330 00                     872 	.db #0x00	; 0
      000331 00                     873 	.db #0x00	; 0
      000332 00                     874 	.db #0x00	; 0
      000333 00                     875 	.db #0x00	; 0
      000334 19                     876 	.db #0x19	; 25
      000335 1A                     877 	.db #0x1a	; 26
      000336 1B                     878 	.db #0x1b	; 27
      000337 1C                     879 	.db #0x1c	; 28
      000338 00                     880 	.db #0x00	; 0
      000339 00                     881 	.db #0x00	; 0
      00033A 00                     882 	.db #0x00	; 0
      00033B 00                     883 	.db #0x00	; 0
      00033C 00                     884 	.db #0x00	; 0
      00033D 00                     885 	.db #0x00	; 0
      00033E 00                     886 	.db #0x00	; 0
      00033F 00                     887 	.db #0x00	; 0
      000340 00                     888 	.db #0x00	; 0
      000341 00                     889 	.db #0x00	; 0
      000342 00                     890 	.db #0x00	; 0
      000343 00                     891 	.db #0x00	; 0
      000344 00                     892 	.db #0x00	; 0
      000345 00                     893 	.db #0x00	; 0
      000346 00                     894 	.db #0x00	; 0
      000347 00                     895 	.db #0x00	; 0
      000348 1D                     896 	.db #0x1d	; 29
      000349 1E                     897 	.db #0x1e	; 30
      00034A 1F                     898 	.db #0x1f	; 31
      00034B 20                     899 	.db #0x20	; 32
      00034C 00                     900 	.db #0x00	; 0
      00034D 00                     901 	.db #0x00	; 0
      00034E 00                     902 	.db #0x00	; 0
      00034F 00                     903 	.db #0x00	; 0
      000350 00                     904 	.db #0x00	; 0
      000351 00                     905 	.db #0x00	; 0
      000352 00                     906 	.db #0x00	; 0
      000353 00                     907 	.db #0x00	; 0
      000354 00                     908 	.db #0x00	; 0
      000355 00                     909 	.db #0x00	; 0
      000356 00                     910 	.db #0x00	; 0
      000357 00                     911 	.db #0x00	; 0
      000358 00                     912 	.db #0x00	; 0
      000359 00                     913 	.db #0x00	; 0
      00035A 00                     914 	.db #0x00	; 0
      00035B 00                     915 	.db #0x00	; 0
      00035C 00                     916 	.db #0x00	; 0
      00035D 00                     917 	.db #0x00	; 0
      00035E 00                     918 	.db #0x00	; 0
      00035F 00                     919 	.db #0x00	; 0
      000360 00                     920 	.db #0x00	; 0
      000361 00                     921 	.db #0x00	; 0
      000362 00                     922 	.db #0x00	; 0
      000363 00                     923 	.db #0x00	; 0
      000364 00                     924 	.db #0x00	; 0
      000365 00                     925 	.db #0x00	; 0
      000366 00                     926 	.db #0x00	; 0
      000367 00                     927 	.db #0x00	; 0
      000368 00                     928 	.db #0x00	; 0
      000369 00                     929 	.db #0x00	; 0
      00036A 00                     930 	.db #0x00	; 0
      00036B 00                     931 	.db #0x00	; 0
      00036C 00                     932 	.db #0x00	; 0
      00036D 00                     933 	.db #0x00	; 0
      00036E 00                     934 	.db #0x00	; 0
      00036F 21                     935 	.db #0x21	; 33
      000370 22                     936 	.db #0x22	; 34
      000371 23                     937 	.db #0x23	; 35
      000372 21                     938 	.db #0x21	; 33
      000373 22                     939 	.db #0x22	; 34
      000374 23                     940 	.db #0x23	; 35
      000375 00                     941 	.db #0x00	; 0
      000376 00                     942 	.db #0x00	; 0
      000377 00                     943 	.db #0x00	; 0
      000378 00                     944 	.db #0x00	; 0
      000379 00                     945 	.db #0x00	; 0
      00037A 00                     946 	.db #0x00	; 0
      00037B 00                     947 	.db #0x00	; 0
      00037C 00                     948 	.db #0x00	; 0
      00037D 00                     949 	.db #0x00	; 0
      00037E 00                     950 	.db #0x00	; 0
      00037F 00                     951 	.db #0x00	; 0
      000380 00                     952 	.db #0x00	; 0
      000381 00                     953 	.db #0x00	; 0
      000382 00                     954 	.db #0x00	; 0
      000383 24                     955 	.db #0x24	; 36
      000384 25                     956 	.db #0x25	; 37
      000385 26                     957 	.db #0x26	; 38
      000386 24                     958 	.db #0x24	; 36
      000387 25                     959 	.db #0x25	; 37
      000388 26                     960 	.db #0x26	; 38
      000389 00                     961 	.db #0x00	; 0
      00038A 00                     962 	.db #0x00	; 0
      00038B 00                     963 	.db #0x00	; 0
      00038C 00                     964 	.db #0x00	; 0
      00038D 00                     965 	.db #0x00	; 0
      00038E 00                     966 	.db #0x00	; 0
      00038F 00                     967 	.db #0x00	; 0
      000390 00                     968 	.db #0x00	; 0
      000391 00                     969 	.db #0x00	; 0
      000392 00                     970 	.db #0x00	; 0
      000393 00                     971 	.db #0x00	; 0
      000394 00                     972 	.db #0x00	; 0
      000395 00                     973 	.db #0x00	; 0
      000396 00                     974 	.db #0x00	; 0
      000397 00                     975 	.db #0x00	; 0
      000398 00                     976 	.db #0x00	; 0
      000399 00                     977 	.db #0x00	; 0
      00039A 00                     978 	.db #0x00	; 0
      00039B 00                     979 	.db #0x00	; 0
      00039C 00                     980 	.db #0x00	; 0
      00039D 00                     981 	.db #0x00	; 0
      00039E 00                     982 	.db #0x00	; 0
      00039F 00                     983 	.db #0x00	; 0
      0003A0 00                     984 	.db #0x00	; 0
      0003A1 00                     985 	.db #0x00	; 0
      0003A2 00                     986 	.db #0x00	; 0
      0003A3 00                     987 	.db #0x00	; 0
      0003A4 00                     988 	.db #0x00	; 0
      0003A5 00                     989 	.db #0x00	; 0
      0003A6 00                     990 	.db #0x00	; 0
      0003A7 00                     991 	.db #0x00	; 0
      0003A8 00                     992 	.db #0x00	; 0
      0003A9 00                     993 	.db #0x00	; 0
      0003AA 00                     994 	.db #0x00	; 0
      0003AB 00                     995 	.db #0x00	; 0
      0003AC 00                     996 	.db #0x00	; 0
      0003AD 00                     997 	.db #0x00	; 0
      0003AE 00                     998 	.db #0x00	; 0
      0003AF 00                     999 	.db #0x00	; 0
      0003B0 00                    1000 	.db #0x00	; 0
      0003B1 00                    1001 	.db #0x00	; 0
      0003B2 00                    1002 	.db #0x00	; 0
      0003B3 00                    1003 	.db #0x00	; 0
      0003B4 00                    1004 	.db #0x00	; 0
      0003B5 00                    1005 	.db #0x00	; 0
      0003B6 00                    1006 	.db #0x00	; 0
      0003B7 00                    1007 	.db #0x00	; 0
      0003B8 00                    1008 	.db #0x00	; 0
      0003B9 00                    1009 	.db #0x00	; 0
      0003BA 00                    1010 	.db #0x00	; 0
      0003BB 00                    1011 	.db #0x00	; 0
      0003BC 00                    1012 	.db #0x00	; 0
      0003BD 00                    1013 	.db #0x00	; 0
      0003BE 00                    1014 	.db #0x00	; 0
      0003BF 00                    1015 	.db #0x00	; 0
      0003C0 00                    1016 	.db #0x00	; 0
      0003C1 00                    1017 	.db #0x00	; 0
      0003C2 00                    1018 	.db #0x00	; 0
      0003C3 00                    1019 	.db #0x00	; 0
      0003C4 00                    1020 	.db #0x00	; 0
      0003C5 00                    1021 	.db #0x00	; 0
      0003C6 00                    1022 	.db #0x00	; 0
      0003C7 00                    1023 	.db #0x00	; 0
      0003C8 00                    1024 	.db #0x00	; 0
      0003C9 00                    1025 	.db #0x00	; 0
      0003CA 00                    1026 	.db #0x00	; 0
      0003CB 00                    1027 	.db #0x00	; 0
      0003CC 00                    1028 	.db #0x00	; 0
      0003CD 00                    1029 	.db #0x00	; 0
      0003CE 00                    1030 	.db #0x00	; 0
      0003CF 00                    1031 	.db #0x00	; 0
      0003D0 00                    1032 	.db #0x00	; 0
      0003D1 00                    1033 	.db #0x00	; 0
      0003D2 00                    1034 	.db #0x00	; 0
      0003D3 00                    1035 	.db #0x00	; 0
      0003D4 00                    1036 	.db #0x00	; 0
      0003D5 00                    1037 	.db #0x00	; 0
      0003D6 00                    1038 	.db #0x00	; 0
      0003D7 00                    1039 	.db #0x00	; 0
      0003D8 00                    1040 	.db #0x00	; 0
      0003D9 00                    1041 	.db #0x00	; 0
      0003DA 00                    1042 	.db #0x00	; 0
      0003DB 00                    1043 	.db #0x00	; 0
      0003DC 00                    1044 	.db #0x00	; 0
      0003DD 00                    1045 	.db #0x00	; 0
      0003DE 00                    1046 	.db #0x00	; 0
      0003DF 00                    1047 	.db #0x00	; 0
                                   1048 	.area _INITIALIZER
                                   1049 	.area _CABS (ABS)
