                                      1 ;--------------------------------------------------------
                                      2 ; File Created by SDCC : free open source ISO C Compiler 
                                      3 ; Version 4.2.2 #13350 (Mac OS X x86_64)
                                      4 ;--------------------------------------------------------
                                      5 	.module sprite
                                      6 	.optsdcc -mz80
                                      7 	
                                      8 ;--------------------------------------------------------
                                      9 ; Public variables in this module
                                     10 ;--------------------------------------------------------
                                     11 	.globl _sprite_metasprites
                                     12 	.globl _sprite_metasprite4
                                     13 	.globl _sprite_metasprite3
                                     14 	.globl _sprite_metasprite2
                                     15 	.globl _sprite_metasprite1
                                     16 	.globl _sprite_metasprite0
                                     17 	.globl _sprite_tiles
                                     18 	.globl _sprite_palettes
                                     19 	.globl b___func_sprite
                                     20 	.globl ___func_sprite
                                     21 ;--------------------------------------------------------
                                     22 ; special function registers
                                     23 ;--------------------------------------------------------
                           00003E    24 _MEMORY_CTL	=	0x003e
                           00003F    25 _JOY_CTL	=	0x003f
                           00007E    26 _VCOUNTER	=	0x007e
                           00007F    27 _PSG	=	0x007f
                           00007F    28 _HCOUNTER	=	0x007f
                           0000BE    29 _VDP_DATA	=	0x00be
                           0000BF    30 _VDP_CMD	=	0x00bf
                           0000BF    31 _VDP_STATUS	=	0x00bf
                           0000DC    32 _JOY_PORT1	=	0x00dc
                           0000DD    33 _JOY_PORT2	=	0x00dd
                           0000F0    34 _FMADDRESS	=	0x00f0
                           0000F1    35 _FMDATA	=	0x00f1
                           0000F2    36 _AUDIOCTRL	=	0x00f2
                                     37 ;--------------------------------------------------------
                                     38 ; ram data
                                     39 ;--------------------------------------------------------
                                     40 	.area _DATA
                           00FFFC    41 _RAM_CONTROL	=	0xfffc
                           00FFF8    42 _GLASSES_3D	=	0xfff8
                           00FFFD    43 _MAP_FRAME0	=	0xfffd
                           00FFFE    44 _MAP_FRAME1	=	0xfffe
                           00FFFF    45 _MAP_FRAME2	=	0xffff
                                     46 ;--------------------------------------------------------
                                     47 ; ram data
                                     48 ;--------------------------------------------------------
                                     49 	.area _INITIALIZED
                                     50 ;--------------------------------------------------------
                                     51 ; absolute external ram data
                                     52 ;--------------------------------------------------------
                                     53 	.area _DABS (ABS)
                                     54 ;--------------------------------------------------------
                                     55 ; global & static initialisations
                                     56 ;--------------------------------------------------------
                                     57 	.area _HOME
                                     58 	.area _GSINIT
                                     59 	.area _GSFINAL
                                     60 	.area _GSINIT
                                     61 ;--------------------------------------------------------
                                     62 ; Home
                                     63 ;--------------------------------------------------------
                                     64 	.area _HOME
                                     65 	.area _HOME
                                     66 ;--------------------------------------------------------
                                     67 ; code
                                     68 ;--------------------------------------------------------
                                     69 	.area _CODE
                                     70 ;obj/sms/res/sprite.c:7: BANKREF(sprite)
                                     71 ;	---------------------------------
                                     72 ; Function __func_sprite
                                     73 ; ---------------------------------
                           000000    74 	b___func_sprite	= 0
      000000                         75 ___func_sprite::
                                     76 	.local b___func_sprite 
                           000000    77 	___bank_sprite = b___func_sprite 
                                     78 	.globl ___bank_sprite 
                                     79 	.area _CODE
      000000                         80 _sprite_palettes:
      000000 3F                      81 	.db #0x3f	; 63
      000001 3F                      82 	.db #0x3f	; 63
      000002 1E                      83 	.db #0x1e	; 30
      000003 00                      84 	.db #0x00	; 0
      000004                         85 _sprite_tiles:
      000004 00                      86 	.db #0x00	; 0
      000005 00                      87 	.db #0x00	; 0
      000006 00                      88 	.db #0x00	; 0
      000007 00                      89 	.db #0x00	; 0
      000008 00                      90 	.db #0x00	; 0
      000009 00                      91 	.db #0x00	; 0
      00000A 00                      92 	.db #0x00	; 0
      00000B 00                      93 	.db #0x00	; 0
      00000C 00                      94 	.db #0x00	; 0
      00000D 00                      95 	.db #0x00	; 0
      00000E 00                      96 	.db #0x00	; 0
      00000F 00                      97 	.db #0x00	; 0
      000010 00                      98 	.db #0x00	; 0
      000011 00                      99 	.db #0x00	; 0
      000012 00                     100 	.db #0x00	; 0
      000013 00                     101 	.db #0x00	; 0
      000014 00                     102 	.db #0x00	; 0
      000015 00                     103 	.db #0x00	; 0
      000016 00                     104 	.db #0x00	; 0
      000017 00                     105 	.db #0x00	; 0
      000018 00                     106 	.db #0x00	; 0
      000019 00                     107 	.db #0x00	; 0
      00001A 03                     108 	.db #0x03	; 3
      00001B 03                     109 	.db #0x03	; 3
      00001C 0D                     110 	.db #0x0d	; 13
      00001D 0E                     111 	.db #0x0e	; 14
      00001E 1F                     112 	.db #0x1f	; 31
      00001F 10                     113 	.db #0x10	; 16
      000020 3F                     114 	.db #0x3f	; 63
      000021 20                     115 	.db #0x20	; 32
      000022 3F                     116 	.db #0x3f	; 63
      000023 20                     117 	.db #0x20	; 32
      000024 00                     118 	.db #0x00	; 0
      000025 00                     119 	.db #0x00	; 0
      000026 00                     120 	.db #0x00	; 0
      000027 00                     121 	.db #0x00	; 0
      000028 00                     122 	.db #0x00	; 0
      000029 00                     123 	.db #0x00	; 0
      00002A 00                     124 	.db #0x00	; 0
      00002B 00                     125 	.db #0x00	; 0
      00002C 00                     126 	.db #0x00	; 0
      00002D 00                     127 	.db #0x00	; 0
      00002E 00                     128 	.db #0x00	; 0
      00002F 00                     129 	.db #0x00	; 0
      000030 00                     130 	.db #0x00	; 0
      000031 00                     131 	.db #0x00	; 0
      000032 00                     132 	.db #0x00	; 0
      000033 00                     133 	.db #0x00	; 0
      000034 00                     134 	.db #0x00	; 0
      000035 00                     135 	.db #0x00	; 0
      000036 03                     136 	.db #0x03	; 3
      000037 03                     137 	.db #0x03	; 3
      000038 FD                     138 	.db #0xfd	; 253
      000039 FE                     139 	.db #0xfe	; 254
      00003A 3F                     140 	.db #0x3f	; 63
      00003B C0                     141 	.db #0xc0	; 192
      00003C FF                     142 	.db #0xff	; 255
      00003D 0C                     143 	.db #0x0c	; 12
      00003E FF                     144 	.db #0xff	; 255
      00003F 13                     145 	.db #0x13	; 19
      000040 F7                     146 	.db #0xf7	; 247
      000041 08                     147 	.db #0x08	; 8
      000042 C1                     148 	.db #0xc1	; 193
      000043 3E                     149 	.db #0x3e	; 62
      000044 00                     150 	.db #0x00	; 0
      000045 00                     151 	.db #0x00	; 0
      000046 00                     152 	.db #0x00	; 0
      000047 00                     153 	.db #0x00	; 0
      000048 00                     154 	.db #0x00	; 0
      000049 00                     155 	.db #0x00	; 0
      00004A 00                     156 	.db #0x00	; 0
      00004B 00                     157 	.db #0x00	; 0
      00004C 00                     158 	.db #0x00	; 0
      00004D 00                     159 	.db #0x00	; 0
      00004E 00                     160 	.db #0x00	; 0
      00004F 00                     161 	.db #0x00	; 0
      000050 00                     162 	.db #0x00	; 0
      000051 00                     163 	.db #0x00	; 0
      000052 00                     164 	.db #0x00	; 0
      000053 00                     165 	.db #0x00	; 0
      000054 7F                     166 	.db #0x7f	; 127
      000055 7F                     167 	.db #0x7f	; 127
      000056 9F                     168 	.db #0x9f	; 159
      000057 E0                     169 	.db #0xe0	; 224
      000058 FF                     170 	.db #0xff	; 255
      000059 00                     171 	.db #0x00	; 0
      00005A FF                     172 	.db #0xff	; 255
      00005B 00                     173 	.db #0x00	; 0
      00005C FF                     174 	.db #0xff	; 255
      00005D 00                     175 	.db #0x00	; 0
      00005E FF                     176 	.db #0xff	; 255
      00005F 00                     177 	.db #0x00	; 0
      000060 FF                     178 	.db #0xff	; 255
      000061 80                     179 	.db #0x80	; 128
      000062 FF                     180 	.db #0xff	; 255
      000063 40                     181 	.db #0x40	; 64
      000064 00                     182 	.db #0x00	; 0
      000065 00                     183 	.db #0x00	; 0
      000066 00                     184 	.db #0x00	; 0
      000067 00                     185 	.db #0x00	; 0
      000068 00                     186 	.db #0x00	; 0
      000069 00                     187 	.db #0x00	; 0
      00006A 00                     188 	.db #0x00	; 0
      00006B 00                     189 	.db #0x00	; 0
      00006C 00                     190 	.db #0x00	; 0
      00006D 00                     191 	.db #0x00	; 0
      00006E 00                     192 	.db #0x00	; 0
      00006F 00                     193 	.db #0x00	; 0
      000070 00                     194 	.db #0x00	; 0
      000071 00                     195 	.db #0x00	; 0
      000072 00                     196 	.db #0x00	; 0
      000073 00                     197 	.db #0x00	; 0
      000074 F0                     198 	.db #0xf0	; 240
      000075 F0                     199 	.db #0xf0	; 240
      000076 CF                     200 	.db #0xcf	; 207
      000077 3F                     201 	.db #0x3f	; 63
      000078 FF                     202 	.db #0xff	; 255
      000079 00                     203 	.db #0x00	; 0
      00007A FF                     204 	.db #0xff	; 255
      00007B 00                     205 	.db #0x00	; 0
      00007C FF                     206 	.db #0xff	; 255
      00007D 00                     207 	.db #0x00	; 0
      00007E FF                     208 	.db #0xff	; 255
      00007F 00                     209 	.db #0x00	; 0
      000080 FF                     210 	.db #0xff	; 255
      000081 00                     211 	.db #0x00	; 0
      000082 FF                     212 	.db #0xff	; 255
      000083 00                     213 	.db #0x00	; 0
      000084 00                     214 	.db #0x00	; 0
      000085 00                     215 	.db #0x00	; 0
      000086 00                     216 	.db #0x00	; 0
      000087 00                     217 	.db #0x00	; 0
      000088 00                     218 	.db #0x00	; 0
      000089 00                     219 	.db #0x00	; 0
      00008A 00                     220 	.db #0x00	; 0
      00008B 00                     221 	.db #0x00	; 0
      00008C 00                     222 	.db #0x00	; 0
      00008D 00                     223 	.db #0x00	; 0
      00008E 00                     224 	.db #0x00	; 0
      00008F 00                     225 	.db #0x00	; 0
      000090 00                     226 	.db #0x00	; 0
      000091 00                     227 	.db #0x00	; 0
      000092 00                     228 	.db #0x00	; 0
      000093 00                     229 	.db #0x00	; 0
      000094 00                     230 	.db #0x00	; 0
      000095 00                     231 	.db #0x00	; 0
      000096 C0                     232 	.db #0xc0	; 192
      000097 C0                     233 	.db #0xc0	; 192
      000098 3C                     234 	.db #0x3c	; 60
      000099 FC                     235 	.db #0xfc	; 252
      00009A F3                     236 	.db #0xf3	; 243
      00009B 0F                     237 	.db #0x0f	; 15
      00009C FF                     238 	.db #0xff	; 255
      00009D 00                     239 	.db #0x00	; 0
      00009E FF                     240 	.db #0xff	; 255
      00009F 00                     241 	.db #0x00	; 0
      0000A0 FF                     242 	.db #0xff	; 255
      0000A1 00                     243 	.db #0x00	; 0
      0000A2 FF                     244 	.db #0xff	; 255
      0000A3 00                     245 	.db #0x00	; 0
      0000A4 00                     246 	.db #0x00	; 0
      0000A5 00                     247 	.db #0x00	; 0
      0000A6 00                     248 	.db #0x00	; 0
      0000A7 00                     249 	.db #0x00	; 0
      0000A8 00                     250 	.db #0x00	; 0
      0000A9 00                     251 	.db #0x00	; 0
      0000AA 00                     252 	.db #0x00	; 0
      0000AB 00                     253 	.db #0x00	; 0
      0000AC 00                     254 	.db #0x00	; 0
      0000AD 00                     255 	.db #0x00	; 0
      0000AE 00                     256 	.db #0x00	; 0
      0000AF 00                     257 	.db #0x00	; 0
      0000B0 00                     258 	.db #0x00	; 0
      0000B1 00                     259 	.db #0x00	; 0
      0000B2 00                     260 	.db #0x00	; 0
      0000B3 00                     261 	.db #0x00	; 0
      0000B4 00                     262 	.db #0x00	; 0
      0000B5 00                     263 	.db #0x00	; 0
      0000B6 00                     264 	.db #0x00	; 0
      0000B7 00                     265 	.db #0x00	; 0
      0000B8 00                     266 	.db #0x00	; 0
      0000B9 00                     267 	.db #0x00	; 0
      0000BA C0                     268 	.db #0xc0	; 192
      0000BB C0                     269 	.db #0xc0	; 192
      0000BC B0                     270 	.db #0xb0	; 176
      0000BD 70                     271 	.db #0x70	; 112	'p'
      0000BE F8                     272 	.db #0xf8	; 248
      0000BF 08                     273 	.db #0x08	; 8
      0000C0 FC                     274 	.db #0xfc	; 252
      0000C1 04                     275 	.db #0x04	; 4
      0000C2 FC                     276 	.db #0xfc	; 252
      0000C3 04                     277 	.db #0x04	; 4
      0000C4 3F                     278 	.db #0x3f	; 63
      0000C5 20                     279 	.db #0x20	; 32
      0000C6 3F                     280 	.db #0x3f	; 63
      0000C7 20                     281 	.db #0x20	; 32
      0000C8 3F                     282 	.db #0x3f	; 63
      0000C9 20                     283 	.db #0x20	; 32
      0000CA 3F                     284 	.db #0x3f	; 63
      0000CB 20                     285 	.db #0x20	; 32
      0000CC 3F                     286 	.db #0x3f	; 63
      0000CD 20                     287 	.db #0x20	; 32
      0000CE 3F                     288 	.db #0x3f	; 63
      0000CF 23                     289 	.db #0x23	; 35
      0000D0 3D                     290 	.db #0x3d	; 61
      0000D1 23                     291 	.db #0x23	; 35
      0000D2 5E                     292 	.db #0x5e	; 94
      0000D3 61                     293 	.db #0x61	; 97	'a'
      0000D4 5E                     294 	.db #0x5e	; 94
      0000D5 61                     295 	.db #0x61	; 97	'a'
      0000D6 7C                     296 	.db #0x7c	; 124
      0000D7 43                     297 	.db #0x43	; 67	'C'
      0000D8 78                     298 	.db #0x78	; 120	'x'
      0000D9 47                     299 	.db #0x47	; 71	'G'
      0000DA 79                     300 	.db #0x79	; 121	'y'
      0000DB 47                     301 	.db #0x47	; 71	'G'
      0000DC BB                     302 	.db #0xbb	; 187
      0000DD C7                     303 	.db #0xc7	; 199
      0000DE B3                     304 	.db #0xb3	; 179
      0000DF CF                     305 	.db #0xcf	; 207
      0000E0 F2                     306 	.db #0xf2	; 242
      0000E1 8E                     307 	.db #0x8e	; 142
      0000E2 F4                     308 	.db #0xf4	; 244
      0000E3 8C                     309 	.db #0x8c	; 140
      0000E4 C0                     310 	.db #0xc0	; 192
      0000E5 3F                     311 	.db #0x3f	; 63
      0000E6 C0                     312 	.db #0xc0	; 192
      0000E7 3F                     313 	.db #0x3f	; 63
      0000E8 C0                     314 	.db #0xc0	; 192
      0000E9 3F                     315 	.db #0x3f	; 63
      0000EA CF                     316 	.db #0xcf	; 207
      0000EB 30                     317 	.db #0x30	; 48	'0'
      0000EC FF                     318 	.db #0xff	; 255
      0000ED 08                     319 	.db #0x08	; 8
      0000EE BF                     320 	.db #0xbf	; 191
      0000EF C4                     321 	.db #0xc4	; 196
      0000F0 E7                     322 	.db #0xe7	; 231
      0000F1 DC                     323 	.db #0xdc	; 220
      0000F2 07                     324 	.db #0x07	; 7
      0000F3 FC                     325 	.db #0xfc	; 252
      0000F4 02                     326 	.db #0x02	; 2
      0000F5 FF                     327 	.db #0xff	; 255
      0000F6 03                     328 	.db #0x03	; 3
      0000F7 FF                     329 	.db #0xff	; 255
      0000F8 00                     330 	.db #0x00	; 0
      0000F9 FF                     331 	.db #0xff	; 255
      0000FA 87                     332 	.db #0x87	; 135
      0000FB FF                     333 	.db #0xff	; 255
      0000FC FF                     334 	.db #0xff	; 255
      0000FD FF                     335 	.db #0xff	; 255
      0000FE C1                     336 	.db #0xc1	; 193
      0000FF C1                     337 	.db #0xc1	; 193
      000100 01                     338 	.db #0x01	; 1
      000101 01                     339 	.db #0x01	; 1
      000102 00                     340 	.db #0x00	; 0
      000103 00                     341 	.db #0x00	; 0
      000104 FF                     342 	.db #0xff	; 255
      000105 20                     343 	.db #0x20	; 32
      000106 7F                     344 	.db #0x7f	; 127
      000107 A0                     345 	.db #0xa0	; 160
      000108 7F                     346 	.db #0x7f	; 127
      000109 90                     347 	.db #0x90	; 144
      00010A FF                     348 	.db #0xff	; 255
      00010B 10                     349 	.db #0x10	; 16
      00010C FF                     350 	.db #0xff	; 255
      00010D 10                     351 	.db #0x10	; 16
      00010E DF                     352 	.db #0xdf	; 223
      00010F 30                     353 	.db #0x30	; 48	'0'
      000110 FF                     354 	.db #0xff	; 255
      000111 60                     355 	.db #0x60	; 96
      000112 BF                     356 	.db #0xbf	; 191
      000113 C0                     357 	.db #0xc0	; 192
      000114 BD                     358 	.db #0xbd	; 189
      000115 C2                     359 	.db #0xc2	; 194
      000116 3C                     360 	.db #0x3c	; 60
      000117 C3                     361 	.db #0xc3	; 195
      000118 7E                     362 	.db #0x7e	; 126
      000119 81                     363 	.db #0x81	; 129
      00011A FF                     364 	.db #0xff	; 255
      00011B 80                     365 	.db #0x80	; 128
      00011C FF                     366 	.db #0xff	; 255
      00011D 80                     367 	.db #0x80	; 128
      00011E BF                     368 	.db #0xbf	; 191
      00011F C0                     369 	.db #0xc0	; 192
      000120 FF                     370 	.db #0xff	; 255
      000121 C0                     371 	.db #0xc0	; 192
      000122 FF                     372 	.db #0xff	; 255
      000123 C0                     373 	.db #0xc0	; 192
      000124 FF                     374 	.db #0xff	; 255
      000125 00                     375 	.db #0x00	; 0
      000126 FF                     376 	.db #0xff	; 255
      000127 00                     377 	.db #0x00	; 0
      000128 FF                     378 	.db #0xff	; 255
      000129 00                     379 	.db #0x00	; 0
      00012A FF                     380 	.db #0xff	; 255
      00012B 00                     381 	.db #0x00	; 0
      00012C FF                     382 	.db #0xff	; 255
      00012D 00                     383 	.db #0x00	; 0
      00012E FF                     384 	.db #0xff	; 255
      00012F 00                     385 	.db #0x00	; 0
      000130 FF                     386 	.db #0xff	; 255
      000131 00                     387 	.db #0x00	; 0
      000132 3F                     388 	.db #0x3f	; 63
      000133 C0                     389 	.db #0xc0	; 192
      000134 07                     390 	.db #0x07	; 7
      000135 F8                     391 	.db #0xf8	; 248
      000136 00                     392 	.db #0x00	; 0
      000137 FF                     393 	.db #0xff	; 255
      000138 00                     394 	.db #0x00	; 0
      000139 FF                     395 	.db #0xff	; 255
      00013A 00                     396 	.db #0x00	; 0
      00013B FF                     397 	.db #0xff	; 255
      00013C 00                     398 	.db #0x00	; 0
      00013D FF                     399 	.db #0xff	; 255
      00013E 00                     400 	.db #0x00	; 0
      00013F FF                     401 	.db #0xff	; 255
      000140 40                     402 	.db #0x40	; 64
      000141 FF                     403 	.db #0xff	; 255
      000142 40                     404 	.db #0x40	; 64
      000143 FF                     405 	.db #0xff	; 255
      000144 FF                     406 	.db #0xff	; 255
      000145 00                     407 	.db #0x00	; 0
      000146 FF                     408 	.db #0xff	; 255
      000147 00                     409 	.db #0x00	; 0
      000148 FF                     410 	.db #0xff	; 255
      000149 00                     411 	.db #0x00	; 0
      00014A FF                     412 	.db #0xff	; 255
      00014B 00                     413 	.db #0x00	; 0
      00014C FF                     414 	.db #0xff	; 255
      00014D 00                     415 	.db #0x00	; 0
      00014E FF                     416 	.db #0xff	; 255
      00014F 00                     417 	.db #0x00	; 0
      000150 FF                     418 	.db #0xff	; 255
      000151 00                     419 	.db #0x00	; 0
      000152 FC                     420 	.db #0xfc	; 252
      000153 03                     421 	.db #0x03	; 3
      000154 E0                     422 	.db #0xe0	; 224
      000155 1F                     423 	.db #0x1f	; 31
      000156 00                     424 	.db #0x00	; 0
      000157 FF                     425 	.db #0xff	; 255
      000158 00                     426 	.db #0x00	; 0
      000159 FF                     427 	.db #0xff	; 255
      00015A 00                     428 	.db #0x00	; 0
      00015B FF                     429 	.db #0xff	; 255
      00015C 00                     430 	.db #0x00	; 0
      00015D FF                     431 	.db #0xff	; 255
      00015E 00                     432 	.db #0x00	; 0
      00015F FF                     433 	.db #0xff	; 255
      000160 02                     434 	.db #0x02	; 2
      000161 FF                     435 	.db #0xff	; 255
      000162 02                     436 	.db #0x02	; 2
      000163 FF                     437 	.db #0xff	; 255
      000164 FE                     438 	.db #0xfe	; 254
      000165 02                     439 	.db #0x02	; 2
      000166 FE                     440 	.db #0xfe	; 254
      000167 02                     441 	.db #0x02	; 2
      000168 FD                     442 	.db #0xfd	; 253
      000169 03                     443 	.db #0x03	; 3
      00016A FF                     444 	.db #0xff	; 255
      00016B 01                     445 	.db #0x01	; 1
      00016C FF                     446 	.db #0xff	; 255
      00016D 01                     447 	.db #0x01	; 1
      00016E FF                     448 	.db #0xff	; 255
      00016F 01                     449 	.db #0x01	; 1
      000170 FF                     450 	.db #0xff	; 255
      000171 00                     451 	.db #0x00	; 0
      000172 7F                     452 	.db #0x7f	; 127
      000173 80                     453 	.db #0x80	; 128
      000174 7F                     454 	.db #0x7f	; 127
      000175 80                     455 	.db #0x80	; 128
      000176 FF                     456 	.db #0xff	; 255
      000177 00                     457 	.db #0x00	; 0
      000178 FE                     458 	.db #0xfe	; 254
      000179 01                     459 	.db #0x01	; 1
      00017A FF                     460 	.db #0xff	; 255
      00017B 01                     461 	.db #0x01	; 1
      00017C FD                     462 	.db #0xfd	; 253
      00017D 03                     463 	.db #0x03	; 3
      00017E FD                     464 	.db #0xfd	; 253
      00017F 03                     465 	.db #0x03	; 3
      000180 79                     466 	.db #0x79	; 121	'y'
      000181 87                     467 	.db #0x87	; 135
      000182 71                     468 	.db #0x71	; 113	'q'
      000183 8F                     469 	.db #0x8f	; 143
      000184 00                     470 	.db #0x00	; 0
      000185 00                     471 	.db #0x00	; 0
      000186 00                     472 	.db #0x00	; 0
      000187 00                     473 	.db #0x00	; 0
      000188 00                     474 	.db #0x00	; 0
      000189 00                     475 	.db #0x00	; 0
      00018A 00                     476 	.db #0x00	; 0
      00018B 00                     477 	.db #0x00	; 0
      00018C 00                     478 	.db #0x00	; 0
      00018D 00                     479 	.db #0x00	; 0
      00018E 00                     480 	.db #0x00	; 0
      00018F 00                     481 	.db #0x00	; 0
      000190 80                     482 	.db #0x80	; 128
      000191 80                     483 	.db #0x80	; 128
      000192 80                     484 	.db #0x80	; 128
      000193 80                     485 	.db #0x80	; 128
      000194 40                     486 	.db #0x40	; 64
      000195 C0                     487 	.db #0xc0	; 192
      000196 C0                     488 	.db #0xc0	; 192
      000197 40                     489 	.db #0x40	; 64
      000198 C0                     490 	.db #0xc0	; 192
      000199 40                     491 	.db #0x40	; 64
      00019A C0                     492 	.db #0xc0	; 192
      00019B 40                     493 	.db #0x40	; 64
      00019C E0                     494 	.db #0xe0	; 224
      00019D 20                     495 	.db #0x20	; 32
      00019E 60                     496 	.db #0x60	; 96
      00019F A0                     497 	.db #0xa0	; 160
      0001A0 60                     498 	.db #0x60	; 96
      0001A1 A0                     499 	.db #0xa0	; 160
      0001A2 A0                     500 	.db #0xa0	; 160
      0001A3 E0                     501 	.db #0xe0	; 224
      0001A4 F4                     502 	.db #0xf4	; 244
      0001A5 8C                     503 	.db #0x8c	; 140
      0001A6 F4                     504 	.db #0xf4	; 244
      0001A7 8C                     505 	.db #0x8c	; 140
      0001A8 B4                     506 	.db #0xb4	; 180
      0001A9 CC                     507 	.db #0xcc	; 204
      0001AA B8                     508 	.db #0xb8	; 184
      0001AB C8                     509 	.db #0xc8	; 200
      0001AC B8                     510 	.db #0xb8	; 184
      0001AD C8                     511 	.db #0xc8	; 200
      0001AE 78                     512 	.db #0x78	; 120	'x'
      0001AF 48                     513 	.db #0x48	; 72	'H'
      0001B0 78                     514 	.db #0x78	; 120	'x'
      0001B1 48                     515 	.db #0x48	; 72	'H'
      0001B2 78                     516 	.db #0x78	; 120	'x'
      0001B3 48                     517 	.db #0x48	; 72	'H'
      0001B4 74                     518 	.db #0x74	; 116	't'
      0001B5 4C                     519 	.db #0x4c	; 76	'L'
      0001B6 5C                     520 	.db #0x5c	; 92
      0001B7 64                     521 	.db #0x64	; 100	'd'
      0001B8 3C                     522 	.db #0x3c	; 60
      0001B9 24                     523 	.db #0x24	; 36
      0001BA 3E                     524 	.db #0x3e	; 62
      0001BB 22                     525 	.db #0x22	; 34
      0001BC 19                     526 	.db #0x19	; 25
      0001BD 17                     527 	.db #0x17	; 23
      0001BE 0B                     528 	.db #0x0b	; 11
      0001BF 0F                     529 	.db #0x0f	; 15
      0001C0 06                     530 	.db #0x06	; 6
      0001C1 06                     531 	.db #0x06	; 6
      0001C2 00                     532 	.db #0x00	; 0
      0001C3 00                     533 	.db #0x00	; 0
      0001C4 DF                     534 	.db #0xdf	; 223
      0001C5 E0                     535 	.db #0xe0	; 224
      0001C6 7F                     536 	.db #0x7f	; 127
      0001C7 60                     537 	.db #0x60	; 96
      0001C8 7E                     538 	.db #0x7e	; 126
      0001C9 61                     539 	.db #0x61	; 97	'a'
      0001CA 6E                     540 	.db #0x6e	; 110	'n'
      0001CB 71                     541 	.db #0x71	; 113	'q'
      0001CC 7E                     542 	.db #0x7e	; 126
      0001CD 71                     543 	.db #0x71	; 113	'q'
      0001CE 7C                     544 	.db #0x7c	; 124
      0001CF 73                     545 	.db #0x73	; 115	's'
      0001D0 70                     546 	.db #0x70	; 112	'p'
      0001D1 7F                     547 	.db #0x7f	; 127
      0001D2 78                     548 	.db #0x78	; 120	'x'
      0001D3 7F                     549 	.db #0x7f	; 127
      0001D4 78                     550 	.db #0x78	; 120	'x'
      0001D5 7F                     551 	.db #0x7f	; 127
      0001D6 78                     552 	.db #0x78	; 120	'x'
      0001D7 7F                     553 	.db #0x7f	; 127
      0001D8 7C                     554 	.db #0x7c	; 124
      0001D9 7F                     555 	.db #0x7f	; 127
      0001DA 7C                     556 	.db #0x7c	; 124
      0001DB 7F                     557 	.db #0x7f	; 127
      0001DC 7C                     558 	.db #0x7c	; 124
      0001DD 7F                     559 	.db #0x7f	; 127
      0001DE FB                     560 	.db #0xfb	; 251
      0001DF FC                     561 	.db #0xfc	; 252
      0001E0 FB                     562 	.db #0xfb	; 251
      0001E1 FC                     563 	.db #0xfc	; 252
      0001E2 0F                     564 	.db #0x0f	; 15
      0001E3 0F                     565 	.db #0x0f	; 15
      0001E4 70                     566 	.db #0x70	; 112	'p'
      0001E5 FF                     567 	.db #0xff	; 255
      0001E6 4F                     568 	.db #0x4f	; 79	'O'
      0001E7 CF                     569 	.db #0xcf	; 207
      0001E8 41                     570 	.db #0x41	; 65	'A'
      0001E9 C1                     571 	.db #0xc1	; 193
      0001EA 40                     572 	.db #0x40	; 64
      0001EB C0                     573 	.db #0xc0	; 192
      0001EC 40                     574 	.db #0x40	; 64
      0001ED C0                     575 	.db #0xc0	; 192
      0001EE 40                     576 	.db #0x40	; 64
      0001EF C0                     577 	.db #0xc0	; 192
      0001F0 20                     578 	.db #0x20	; 32
      0001F1 E0                     579 	.db #0xe0	; 224
      0001F2 20                     580 	.db #0x20	; 32
      0001F3 E0                     581 	.db #0xe0	; 224
      0001F4 20                     582 	.db #0x20	; 32
      0001F5 E0                     583 	.db #0xe0	; 224
      0001F6 20                     584 	.db #0x20	; 32
      0001F7 E0                     585 	.db #0xe0	; 224
      0001F8 20                     586 	.db #0x20	; 32
      0001F9 E0                     587 	.db #0xe0	; 224
      0001FA 10                     588 	.db #0x10	; 16
      0001FB F0                     589 	.db #0xf0	; 240
      0001FC 10                     590 	.db #0x10	; 16
      0001FD F0                     591 	.db #0xf0	; 240
      0001FE 90                     592 	.db #0x90	; 144
      0001FF 70                     593 	.db #0x70	; 112	'p'
      000200 D0                     594 	.db #0xd0	; 208
      000201 30                     595 	.db #0x30	; 48	'0'
      000202 E0                     596 	.db #0xe0	; 224
      000203 E0                     597 	.db #0xe0	; 224
      000204 02                     598 	.db #0x02	; 2
      000205 FF                     599 	.db #0xff	; 255
      000206 FE                     600 	.db #0xfe	; 254
      000207 FF                     601 	.db #0xff	; 255
      000208 FE                     602 	.db #0xfe	; 254
      000209 FF                     603 	.db #0xff	; 255
      00020A 3F                     604 	.db #0x3f	; 63
      00020B 3F                     605 	.db #0x3f	; 63
      00020C 3F                     606 	.db #0x3f	; 63
      00020D 3F                     607 	.db #0x3f	; 63
      00020E 3F                     608 	.db #0x3f	; 63
      00020F 3F                     609 	.db #0x3f	; 63
      000210 3F                     610 	.db #0x3f	; 63
      000211 3F                     611 	.db #0x3f	; 63
      000212 1F                     612 	.db #0x1f	; 31
      000213 1F                     613 	.db #0x1f	; 31
      000214 1F                     614 	.db #0x1f	; 31
      000215 1F                     615 	.db #0x1f	; 31
      000216 1F                     616 	.db #0x1f	; 31
      000217 1F                     617 	.db #0x1f	; 31
      000218 1F                     618 	.db #0x1f	; 31
      000219 1F                     619 	.db #0x1f	; 31
      00021A 1F                     620 	.db #0x1f	; 31
      00021B 1F                     621 	.db #0x1f	; 31
      00021C 3F                     622 	.db #0x3f	; 63
      00021D 3F                     623 	.db #0x3f	; 63
      00021E 3F                     624 	.db #0x3f	; 63
      00021F 3F                     625 	.db #0x3f	; 63
      000220 3F                     626 	.db #0x3f	; 63
      000221 3F                     627 	.db #0x3f	; 63
      000222 00                     628 	.db #0x00	; 0
      000223 00                     629 	.db #0x00	; 0
      000224 01                     630 	.db #0x01	; 1
      000225 FF                     631 	.db #0xff	; 255
      000226 01                     632 	.db #0x01	; 1
      000227 FF                     633 	.db #0xff	; 255
      000228 01                     634 	.db #0x01	; 1
      000229 FF                     635 	.db #0xff	; 255
      00022A 01                     636 	.db #0x01	; 1
      00022B FF                     637 	.db #0xff	; 255
      00022C 01                     638 	.db #0x01	; 1
      00022D FF                     639 	.db #0xff	; 255
      00022E 82                     640 	.db #0x82	; 130
      00022F FE                     641 	.db #0xfe	; 254
      000230 82                     642 	.db #0x82	; 130
      000231 FE                     643 	.db #0xfe	; 254
      000232 C2                     644 	.db #0xc2	; 194
      000233 FE                     645 	.db #0xfe	; 254
      000234 C2                     646 	.db #0xc2	; 194
      000235 FE                     647 	.db #0xfe	; 254
      000236 42                     648 	.db #0x42	; 66	'B'
      000237 7E                     649 	.db #0x7e	; 126
      000238 42                     650 	.db #0x42	; 66	'B'
      000239 7E                     651 	.db #0x7e	; 126
      00023A 42                     652 	.db #0x42	; 66	'B'
      00023B 7E                     653 	.db #0x7e	; 126
      00023C 81                     654 	.db #0x81	; 129
      00023D FF                     655 	.db #0xff	; 255
      00023E B9                     656 	.db #0xb9	; 185
      00023F C7                     657 	.db #0xc7	; 199
      000240 FD                     658 	.db #0xfd	; 253
      000241 83                     659 	.db #0x83	; 131
      000242 FE                     660 	.db #0xfe	; 254
      000243 FE                     661 	.db #0xfe	; 254
      000244 50                     662 	.db #0x50	; 80	'P'
      000245 70                     663 	.db #0x70	; 112	'p'
      000246 50                     664 	.db #0x50	; 80	'P'
      000247 70                     665 	.db #0x70	; 112	'p'
      000248 50                     666 	.db #0x50	; 80	'P'
      000249 70                     667 	.db #0x70	; 112	'p'
      00024A 50                     668 	.db #0x50	; 80	'P'
      00024B 70                     669 	.db #0x70	; 112	'p'
      00024C 30                     670 	.db #0x30	; 48	'0'
      00024D 30                     671 	.db #0x30	; 48	'0'
      00024E 20                     672 	.db #0x20	; 32
      00024F 20                     673 	.db #0x20	; 32
      000250 00                     674 	.db #0x00	; 0
      000251 00                     675 	.db #0x00	; 0
      000252 00                     676 	.db #0x00	; 0
      000253 00                     677 	.db #0x00	; 0
      000254 00                     678 	.db #0x00	; 0
      000255 00                     679 	.db #0x00	; 0
      000256 00                     680 	.db #0x00	; 0
      000257 00                     681 	.db #0x00	; 0
      000258 00                     682 	.db #0x00	; 0
      000259 00                     683 	.db #0x00	; 0
      00025A 00                     684 	.db #0x00	; 0
      00025B 00                     685 	.db #0x00	; 0
      00025C 00                     686 	.db #0x00	; 0
      00025D 00                     687 	.db #0x00	; 0
      00025E 00                     688 	.db #0x00	; 0
      00025F 00                     689 	.db #0x00	; 0
      000260 00                     690 	.db #0x00	; 0
      000261 00                     691 	.db #0x00	; 0
      000262 00                     692 	.db #0x00	; 0
      000263 00                     693 	.db #0x00	; 0
      000264 00                     694 	.db #0x00	; 0
      000265 00                     695 	.db #0x00	; 0
      000266 00                     696 	.db #0x00	; 0
      000267 00                     697 	.db #0x00	; 0
      000268 00                     698 	.db #0x00	; 0
      000269 00                     699 	.db #0x00	; 0
      00026A 00                     700 	.db #0x00	; 0
      00026B 00                     701 	.db #0x00	; 0
      00026C 00                     702 	.db #0x00	; 0
      00026D 00                     703 	.db #0x00	; 0
      00026E 00                     704 	.db #0x00	; 0
      00026F 00                     705 	.db #0x00	; 0
      000270 80                     706 	.db #0x80	; 128
      000271 80                     707 	.db #0x80	; 128
      000272 80                     708 	.db #0x80	; 128
      000273 80                     709 	.db #0x80	; 128
      000274 40                     710 	.db #0x40	; 64
      000275 C0                     711 	.db #0xc0	; 192
      000276 C0                     712 	.db #0xc0	; 192
      000277 40                     713 	.db #0x40	; 64
      000278 C0                     714 	.db #0xc0	; 192
      000279 40                     715 	.db #0x40	; 64
      00027A E0                     716 	.db #0xe0	; 224
      00027B 20                     717 	.db #0x20	; 32
      00027C 60                     718 	.db #0x60	; 96
      00027D A0                     719 	.db #0xa0	; 160
      00027E B0                     720 	.db #0xb0	; 176
      00027F D0                     721 	.db #0xd0	; 208
      000280 70                     722 	.db #0x70	; 112	'p'
      000281 50                     723 	.db #0x50	; 80	'P'
      000282 50                     724 	.db #0x50	; 80	'P'
      000283 70                     725 	.db #0x70	; 112	'p'
      000284 00                     726 	.db #0x00	; 0
      000285 00                     727 	.db #0x00	; 0
      000286 00                     728 	.db #0x00	; 0
      000287 00                     729 	.db #0x00	; 0
      000288 00                     730 	.db #0x00	; 0
      000289 00                     731 	.db #0x00	; 0
      00028A 01                     732 	.db #0x01	; 1
      00028B 01                     733 	.db #0x01	; 1
      00028C 01                     734 	.db #0x01	; 1
      00028D 01                     735 	.db #0x01	; 1
      00028E 01                     736 	.db #0x01	; 1
      00028F 01                     737 	.db #0x01	; 1
      000290 01                     738 	.db #0x01	; 1
      000291 01                     739 	.db #0x01	; 1
      000292 01                     740 	.db #0x01	; 1
      000293 01                     741 	.db #0x01	; 1
      000294 01                     742 	.db #0x01	; 1
      000295 01                     743 	.db #0x01	; 1
      000296 00                     744 	.db #0x00	; 0
      000297 00                     745 	.db #0x00	; 0
      000298 00                     746 	.db #0x00	; 0
      000299 00                     747 	.db #0x00	; 0
      00029A 00                     748 	.db #0x00	; 0
      00029B 00                     749 	.db #0x00	; 0
      00029C 00                     750 	.db #0x00	; 0
      00029D 00                     751 	.db #0x00	; 0
      00029E 00                     752 	.db #0x00	; 0
      00029F 00                     753 	.db #0x00	; 0
      0002A0 00                     754 	.db #0x00	; 0
      0002A1 00                     755 	.db #0x00	; 0
      0002A2 00                     756 	.db #0x00	; 0
      0002A3 00                     757 	.db #0x00	; 0
      0002A4 F4                     758 	.db #0xf4	; 244
      0002A5 8C                     759 	.db #0x8c	; 140
      0002A6 F4                     760 	.db #0xf4	; 244
      0002A7 8C                     761 	.db #0x8c	; 140
      0002A8 F4                     762 	.db #0xf4	; 244
      0002A9 8C                     763 	.db #0x8c	; 140
      0002AA 78                     764 	.db #0x78	; 120	'x'
      0002AB 88                     765 	.db #0x88	; 136
      0002AC E8                     766 	.db #0xe8	; 232
      0002AD 18                     767 	.db #0x18	; 24
      0002AE F0                     768 	.db #0xf0	; 240
      0002AF 10                     769 	.db #0x10	; 16
      0002B0 F0                     770 	.db #0xf0	; 240
      0002B1 10                     771 	.db #0x10	; 16
      0002B2 F0                     772 	.db #0xf0	; 240
      0002B3 10                     773 	.db #0x10	; 16
      0002B4 70                     774 	.db #0x70	; 112	'p'
      0002B5 90                     775 	.db #0x90	; 144
      0002B6 F0                     776 	.db #0xf0	; 240
      0002B7 90                     777 	.db #0x90	; 144
      0002B8 E8                     778 	.db #0xe8	; 232
      0002B9 98                     779 	.db #0x98	; 152
      0002BA 78                     780 	.db #0x78	; 120	'x'
      0002BB 48                     781 	.db #0x48	; 72	'H'
      0002BC 64                     782 	.db #0x64	; 100	'd'
      0002BD 5C                     783 	.db #0x5c	; 92
      0002BE 2C                     784 	.db #0x2c	; 44
      0002BF 3C                     785 	.db #0x3c	; 60
      0002C0 18                     786 	.db #0x18	; 24
      0002C1 18                     787 	.db #0x18	; 24
      0002C2 00                     788 	.db #0x00	; 0
      0002C3 00                     789 	.db #0x00	; 0
      0002C4 38                     790 	.db #0x38	; 56	'8'
      0002C5 28                     791 	.db #0x28	; 40
      0002C6 38                     792 	.db #0x38	; 56	'8'
      0002C7 28                     793 	.db #0x28	; 40
      0002C8 28                     794 	.db #0x28	; 40
      0002C9 38                     795 	.db #0x38	; 56	'8'
      0002CA 18                     796 	.db #0x18	; 24
      0002CB 18                     797 	.db #0x18	; 24
      0002CC 18                     798 	.db #0x18	; 24
      0002CD 18                     799 	.db #0x18	; 24
      0002CE 08                     800 	.db #0x08	; 8
      0002CF 08                     801 	.db #0x08	; 8
      0002D0 00                     802 	.db #0x00	; 0
      0002D1 00                     803 	.db #0x00	; 0
      0002D2 00                     804 	.db #0x00	; 0
      0002D3 00                     805 	.db #0x00	; 0
      0002D4 00                     806 	.db #0x00	; 0
      0002D5 00                     807 	.db #0x00	; 0
      0002D6 00                     808 	.db #0x00	; 0
      0002D7 00                     809 	.db #0x00	; 0
      0002D8 00                     810 	.db #0x00	; 0
      0002D9 00                     811 	.db #0x00	; 0
      0002DA 00                     812 	.db #0x00	; 0
      0002DB 00                     813 	.db #0x00	; 0
      0002DC 00                     814 	.db #0x00	; 0
      0002DD 00                     815 	.db #0x00	; 0
      0002DE 00                     816 	.db #0x00	; 0
      0002DF 00                     817 	.db #0x00	; 0
      0002E0 00                     818 	.db #0x00	; 0
      0002E1 00                     819 	.db #0x00	; 0
      0002E2 00                     820 	.db #0x00	; 0
      0002E3 00                     821 	.db #0x00	; 0
      0002E4 00                     822 	.db #0x00	; 0
      0002E5 00                     823 	.db #0x00	; 0
      0002E6 00                     824 	.db #0x00	; 0
      0002E7 00                     825 	.db #0x00	; 0
      0002E8 00                     826 	.db #0x00	; 0
      0002E9 00                     827 	.db #0x00	; 0
      0002EA 00                     828 	.db #0x00	; 0
      0002EB 00                     829 	.db #0x00	; 0
      0002EC 00                     830 	.db #0x00	; 0
      0002ED 00                     831 	.db #0x00	; 0
      0002EE 00                     832 	.db #0x00	; 0
      0002EF 00                     833 	.db #0x00	; 0
      0002F0 80                     834 	.db #0x80	; 128
      0002F1 80                     835 	.db #0x80	; 128
      0002F2 80                     836 	.db #0x80	; 128
      0002F3 80                     837 	.db #0x80	; 128
      0002F4 40                     838 	.db #0x40	; 64
      0002F5 C0                     839 	.db #0xc0	; 192
      0002F6 C0                     840 	.db #0xc0	; 192
      0002F7 40                     841 	.db #0x40	; 64
      0002F8 E0                     842 	.db #0xe0	; 224
      0002F9 20                     843 	.db #0x20	; 32
      0002FA E0                     844 	.db #0xe0	; 224
      0002FB 20                     845 	.db #0x20	; 32
      0002FC F0                     846 	.db #0xf0	; 240
      0002FD 90                     847 	.db #0x90	; 144
      0002FE B0                     848 	.db #0xb0	; 176
      0002FF D0                     849 	.db #0xd0	; 208
      000300 78                     850 	.db #0x78	; 120	'x'
      000301 48                     851 	.db #0x48	; 72	'H'
      000302 34                     852 	.db #0x34	; 52	'4'
      000303 2C                     853 	.db #0x2c	; 44
      000304 01                     854 	.db #0x01	; 1
      000305 01                     855 	.db #0x01	; 1
      000306 01                     856 	.db #0x01	; 1
      000307 01                     857 	.db #0x01	; 1
      000308 01                     858 	.db #0x01	; 1
      000309 01                     859 	.db #0x01	; 1
      00030A 02                     860 	.db #0x02	; 2
      00030B 03                     861 	.db #0x03	; 3
      00030C 03                     862 	.db #0x03	; 3
      00030D 02                     863 	.db #0x02	; 2
      00030E 03                     864 	.db #0x03	; 3
      00030F 02                     865 	.db #0x02	; 2
      000310 05                     866 	.db #0x05	; 5
      000311 06                     867 	.db #0x06	; 6
      000312 07                     868 	.db #0x07	; 7
      000313 04                     869 	.db #0x04	; 4
      000314 07                     870 	.db #0x07	; 7
      000315 04                     871 	.db #0x04	; 4
      000316 07                     872 	.db #0x07	; 7
      000317 04                     873 	.db #0x04	; 4
      000318 07                     874 	.db #0x07	; 7
      000319 04                     875 	.db #0x04	; 4
      00031A 05                     876 	.db #0x05	; 5
      00031B 06                     877 	.db #0x06	; 6
      00031C 03                     878 	.db #0x03	; 3
      00031D 02                     879 	.db #0x02	; 2
      00031E 02                     880 	.db #0x02	; 2
      00031F 03                     881 	.db #0x03	; 3
      000320 01                     882 	.db #0x01	; 1
      000321 01                     883 	.db #0x01	; 1
      000322 00                     884 	.db #0x00	; 0
      000323 00                     885 	.db #0x00	; 0
      000324 74                     886 	.db #0x74	; 116	't'
      000325 8C                     887 	.db #0x8c	; 140
      000326 F4                     888 	.db #0xf4	; 244
      000327 0C                     889 	.db #0x0c	; 12
      000328 E8                     890 	.db #0xe8	; 232
      000329 18                     891 	.db #0x18	; 24
      00032A F8                     892 	.db #0xf8	; 248
      00032B 18                     893 	.db #0x18	; 24
      00032C D0                     894 	.db #0xd0	; 208
      00032D 30                     895 	.db #0x30	; 48	'0'
      00032E E0                     896 	.db #0xe0	; 224
      00032F 20                     897 	.db #0x20	; 32
      000330 C0                     898 	.db #0xc0	; 192
      000331 40                     899 	.db #0x40	; 64
      000332 40                     900 	.db #0x40	; 64
      000333 C0                     901 	.db #0xc0	; 192
      000334 80                     902 	.db #0x80	; 128
      000335 80                     903 	.db #0x80	; 128
      000336 80                     904 	.db #0x80	; 128
      000337 80                     905 	.db #0x80	; 128
      000338 80                     906 	.db #0x80	; 128
      000339 80                     907 	.db #0x80	; 128
      00033A 40                     908 	.db #0x40	; 64
      00033B C0                     909 	.db #0xc0	; 192
      00033C 40                     910 	.db #0x40	; 64
      00033D C0                     911 	.db #0xc0	; 192
      00033E 40                     912 	.db #0x40	; 64
      00033F C0                     913 	.db #0xc0	; 192
      000340 C0                     914 	.db #0xc0	; 192
      000341 C0                     915 	.db #0xc0	; 192
      000342 00                     916 	.db #0x00	; 0
      000343 00                     917 	.db #0x00	; 0
      000344 1C                     918 	.db #0x1c	; 28
      000345 14                     919 	.db #0x14	; 20
      000346 0E                     920 	.db #0x0e	; 14
      000347 0A                     921 	.db #0x0a	; 10
      000348 07                     922 	.db #0x07	; 7
      000349 05                     923 	.db #0x05	; 5
      00034A 03                     924 	.db #0x03	; 3
      00034B 03                     925 	.db #0x03	; 3
      00034C 00                     926 	.db #0x00	; 0
      00034D 00                     927 	.db #0x00	; 0
      00034E 00                     928 	.db #0x00	; 0
      00034F 00                     929 	.db #0x00	; 0
      000350 00                     930 	.db #0x00	; 0
      000351 00                     931 	.db #0x00	; 0
      000352 00                     932 	.db #0x00	; 0
      000353 00                     933 	.db #0x00	; 0
      000354 00                     934 	.db #0x00	; 0
      000355 00                     935 	.db #0x00	; 0
      000356 00                     936 	.db #0x00	; 0
      000357 00                     937 	.db #0x00	; 0
      000358 00                     938 	.db #0x00	; 0
      000359 00                     939 	.db #0x00	; 0
      00035A 00                     940 	.db #0x00	; 0
      00035B 00                     941 	.db #0x00	; 0
      00035C 00                     942 	.db #0x00	; 0
      00035D 00                     943 	.db #0x00	; 0
      00035E 00                     944 	.db #0x00	; 0
      00035F 00                     945 	.db #0x00	; 0
      000360 00                     946 	.db #0x00	; 0
      000361 00                     947 	.db #0x00	; 0
      000362 00                     948 	.db #0x00	; 0
      000363 00                     949 	.db #0x00	; 0
      000364 01                     950 	.db #0x01	; 1
      000365 01                     951 	.db #0x01	; 1
      000366 01                     952 	.db #0x01	; 1
      000367 01                     953 	.db #0x01	; 1
      000368 01                     954 	.db #0x01	; 1
      000369 01                     955 	.db #0x01	; 1
      00036A 02                     956 	.db #0x02	; 2
      00036B 03                     957 	.db #0x03	; 3
      00036C 03                     958 	.db #0x03	; 3
      00036D 02                     959 	.db #0x02	; 2
      00036E 07                     960 	.db #0x07	; 7
      00036F 04                     961 	.db #0x04	; 4
      000370 07                     962 	.db #0x07	; 7
      000371 04                     963 	.db #0x04	; 4
      000372 0F                     964 	.db #0x0f	; 15
      000373 08                     965 	.db #0x08	; 8
      000374 0F                     966 	.db #0x0f	; 15
      000375 09                     967 	.db #0x09	; 9
      000376 15                     968 	.db #0x15	; 21
      000377 1B                     969 	.db #0x1b	; 27
      000378 1E                     970 	.db #0x1e	; 30
      000379 12                     971 	.db #0x12	; 18
      00037A 1E                     972 	.db #0x1e	; 30
      00037B 12                     973 	.db #0x12	; 18
      00037C 1A                     974 	.db #0x1a	; 26
      00037D 16                     975 	.db #0x16	; 22
      00037E 12                     976 	.db #0x12	; 18
      00037F 1E                     977 	.db #0x1e	; 30
      000380 1E                     978 	.db #0x1e	; 30
      000381 1E                     979 	.db #0x1e	; 30
      000382 00                     980 	.db #0x00	; 0
      000383 00                     981 	.db #0x00	; 0
      000384 74                     982 	.db #0x74	; 116	't'
      000385 8C                     983 	.db #0x8c	; 140
      000386 F4                     984 	.db #0xf4	; 244
      000387 0C                     985 	.db #0x0c	; 12
      000388 E8                     986 	.db #0xe8	; 232
      000389 18                     987 	.db #0x18	; 24
      00038A F8                     988 	.db #0xf8	; 248
      00038B 18                     989 	.db #0x18	; 24
      00038C D0                     990 	.db #0xd0	; 208
      00038D 30                     991 	.db #0x30	; 48	'0'
      00038E E0                     992 	.db #0xe0	; 224
      00038F 20                     993 	.db #0x20	; 32
      000390 C0                     994 	.db #0xc0	; 192
      000391 40                     995 	.db #0x40	; 64
      000392 80                     996 	.db #0x80	; 128
      000393 80                     997 	.db #0x80	; 128
      000394 00                     998 	.db #0x00	; 0
      000395 00                     999 	.db #0x00	; 0
      000396 00                    1000 	.db #0x00	; 0
      000397 00                    1001 	.db #0x00	; 0
      000398 00                    1002 	.db #0x00	; 0
      000399 00                    1003 	.db #0x00	; 0
      00039A 00                    1004 	.db #0x00	; 0
      00039B 00                    1005 	.db #0x00	; 0
      00039C 00                    1006 	.db #0x00	; 0
      00039D 00                    1007 	.db #0x00	; 0
      00039E 00                    1008 	.db #0x00	; 0
      00039F 00                    1009 	.db #0x00	; 0
      0003A0 00                    1010 	.db #0x00	; 0
      0003A1 00                    1011 	.db #0x00	; 0
      0003A2 00                    1012 	.db #0x00	; 0
      0003A3 00                    1013 	.db #0x00	; 0
      0003A4 01                    1014 	.db #0x01	; 1
      0003A5 01                    1015 	.db #0x01	; 1
      0003A6 01                    1016 	.db #0x01	; 1
      0003A7 01                    1017 	.db #0x01	; 1
      0003A8 01                    1018 	.db #0x01	; 1
      0003A9 01                    1019 	.db #0x01	; 1
      0003AA 02                    1020 	.db #0x02	; 2
      0003AB 03                    1021 	.db #0x03	; 3
      0003AC 03                    1022 	.db #0x03	; 3
      0003AD 02                    1023 	.db #0x02	; 2
      0003AE 07                    1024 	.db #0x07	; 7
      0003AF 04                    1025 	.db #0x04	; 4
      0003B0 0B                    1026 	.db #0x0b	; 11
      0003B1 0C                    1027 	.db #0x0c	; 12
      0003B2 0F                    1028 	.db #0x0f	; 15
      0003B3 08                    1029 	.db #0x08	; 8
      0003B4 1F                    1030 	.db #0x1f	; 31
      0003B5 11                    1031 	.db #0x11	; 17
      0003B6 1E                    1032 	.db #0x1e	; 30
      0003B7 12                    1033 	.db #0x12	; 18
      0003B8 2A                    1034 	.db #0x2a	; 42
      0003B9 36                    1035 	.db #0x36	; 54	'6'
      0003BA 3C                    1036 	.db #0x3c	; 60
      0003BB 24                    1037 	.db #0x24	; 36
      0003BC 24                    1038 	.db #0x24	; 36
      0003BD 3C                    1039 	.db #0x3c	; 60
      0003BE 28                    1040 	.db #0x28	; 40
      0003BF 38                    1041 	.db #0x38	; 56	'8'
      0003C0 38                    1042 	.db #0x38	; 56	'8'
      0003C1 38                    1043 	.db #0x38	; 56	'8'
      0003C2 00                    1044 	.db #0x00	; 0
      0003C3 00                    1045 	.db #0x00	; 0
      0003C4                       1046 _sprite_metasprite0:
      0003C4 E8                    1047 	.db #0xe8	; -24
      0003C5 E8                    1048 	.db #0xe8	; -24
      0003C6 00                    1049 	.db #0x00	; 0
      0003C7 00                    1050 	.db #0x00	;  0
      0003C8 08                    1051 	.db #0x08	;  8
      0003C9 02                    1052 	.db #0x02	; 2
      0003CA 00                    1053 	.db #0x00	;  0
      0003CB 08                    1054 	.db #0x08	;  8
      0003CC 04                    1055 	.db #0x04	; 4
      0003CD 00                    1056 	.db #0x00	;  0
      0003CE 08                    1057 	.db #0x08	;  8
      0003CF 06                    1058 	.db #0x06	; 6
      0003D0 00                    1059 	.db #0x00	;  0
      0003D1 08                    1060 	.db #0x08	;  8
      0003D2 08                    1061 	.db #0x08	; 8
      0003D3 00                    1062 	.db #0x00	;  0
      0003D4 08                    1063 	.db #0x08	;  8
      0003D5 0A                    1064 	.db #0x0a	; 10
      0003D6 10                    1065 	.db #0x10	;  16
      0003D7 D8                    1066 	.db #0xd8	; -40
      0003D8 0C                    1067 	.db #0x0c	; 12
      0003D9 00                    1068 	.db #0x00	;  0
      0003DA 08                    1069 	.db #0x08	;  8
      0003DB 0E                    1070 	.db #0x0e	; 14
      0003DC 00                    1071 	.db #0x00	;  0
      0003DD 08                    1072 	.db #0x08	;  8
      0003DE 10                    1073 	.db #0x10	; 16
      0003DF 00                    1074 	.db #0x00	;  0
      0003E0 08                    1075 	.db #0x08	;  8
      0003E1 12                    1076 	.db #0x12	; 18
      0003E2 00                    1077 	.db #0x00	;  0
      0003E3 08                    1078 	.db #0x08	;  8
      0003E4 14                    1079 	.db #0x14	; 20
      0003E5 00                    1080 	.db #0x00	;  0
      0003E6 08                    1081 	.db #0x08	;  8
      0003E7 16                    1082 	.db #0x16	; 22
      0003E8 00                    1083 	.db #0x00	;  0
      0003E9 08                    1084 	.db #0x08	;  8
      0003EA 18                    1085 	.db #0x18	; 24
      0003EB 10                    1086 	.db #0x10	;  16
      0003EC D0                    1087 	.db #0xd0	; -48
      0003ED 1A                    1088 	.db #0x1a	; 26
      0003EE 00                    1089 	.db #0x00	;  0
      0003EF 10                    1090 	.db #0x10	;  16
      0003F0 1C                    1091 	.db #0x1c	; 28
      0003F1 00                    1092 	.db #0x00	;  0
      0003F2 08                    1093 	.db #0x08	;  8
      0003F3 1E                    1094 	.db #0x1e	; 30
      0003F4 00                    1095 	.db #0x00	;  0
      0003F5 08                    1096 	.db #0x08	;  8
      0003F6 20                    1097 	.db #0x20	; 32
      0003F7 00                    1098 	.db #0x00	;  0
      0003F8 08                    1099 	.db #0x08	;  8
      0003F9 22                    1100 	.db #0x22	; 34
      0003FA 00                    1101 	.db #0x00	;  0
      0003FB 08                    1102 	.db #0x08	;  8
      0003FC 24                    1103 	.db #0x24	; 36
      0003FD 80                    1104 	.db #0x80	; -128
      0003FE 00                    1105 	.db #0x00	;  0
      0003FF 00                    1106 	.db #0x00	; 0
      000400                       1107 _sprite_metasprite1:
      000400 E8                    1108 	.db #0xe8	; -24
      000401 E8                    1109 	.db #0xe8	; -24
      000402 00                    1110 	.db #0x00	; 0
      000403 00                    1111 	.db #0x00	;  0
      000404 08                    1112 	.db #0x08	;  8
      000405 02                    1113 	.db #0x02	; 2
      000406 00                    1114 	.db #0x00	;  0
      000407 08                    1115 	.db #0x08	;  8
      000408 04                    1116 	.db #0x04	; 4
      000409 00                    1117 	.db #0x00	;  0
      00040A 08                    1118 	.db #0x08	;  8
      00040B 06                    1119 	.db #0x06	; 6
      00040C 00                    1120 	.db #0x00	;  0
      00040D 08                    1121 	.db #0x08	;  8
      00040E 08                    1122 	.db #0x08	; 8
      00040F 00                    1123 	.db #0x00	;  0
      000410 08                    1124 	.db #0x08	;  8
      000411 0A                    1125 	.db #0x0a	; 10
      000412 10                    1126 	.db #0x10	;  16
      000413 D8                    1127 	.db #0xd8	; -40
      000414 0C                    1128 	.db #0x0c	; 12
      000415 00                    1129 	.db #0x00	;  0
      000416 08                    1130 	.db #0x08	;  8
      000417 0E                    1131 	.db #0x0e	; 14
      000418 00                    1132 	.db #0x00	;  0
      000419 08                    1133 	.db #0x08	;  8
      00041A 10                    1134 	.db #0x10	; 16
      00041B 00                    1135 	.db #0x00	;  0
      00041C 08                    1136 	.db #0x08	;  8
      00041D 12                    1137 	.db #0x12	; 18
      00041E 00                    1138 	.db #0x00	;  0
      00041F 08                    1139 	.db #0x08	;  8
      000420 14                    1140 	.db #0x14	; 20
      000421 00                    1141 	.db #0x00	;  0
      000422 08                    1142 	.db #0x08	;  8
      000423 16                    1143 	.db #0x16	; 22
      000424 00                    1144 	.db #0x00	;  0
      000425 08                    1145 	.db #0x08	;  8
      000426 26                    1146 	.db #0x26	; 38
      000427 10                    1147 	.db #0x10	;  16
      000428 C8                    1148 	.db #0xc8	; -56
      000429 28                    1149 	.db #0x28	; 40
      00042A 00                    1150 	.db #0x00	;  0
      00042B 08                    1151 	.db #0x08	;  8
      00042C 2A                    1152 	.db #0x2a	; 42
      00042D 00                    1153 	.db #0x00	;  0
      00042E 10                    1154 	.db #0x10	;  16
      00042F 1C                    1155 	.db #0x1c	; 28
      000430 00                    1156 	.db #0x00	;  0
      000431 08                    1157 	.db #0x08	;  8
      000432 1E                    1158 	.db #0x1e	; 30
      000433 00                    1159 	.db #0x00	;  0
      000434 08                    1160 	.db #0x08	;  8
      000435 20                    1161 	.db #0x20	; 32
      000436 00                    1162 	.db #0x00	;  0
      000437 08                    1163 	.db #0x08	;  8
      000438 22                    1164 	.db #0x22	; 34
      000439 00                    1165 	.db #0x00	;  0
      00043A 08                    1166 	.db #0x08	;  8
      00043B 2C                    1167 	.db #0x2c	; 44
      00043C 80                    1168 	.db #0x80	; -128
      00043D 00                    1169 	.db #0x00	;  0
      00043E 00                    1170 	.db #0x00	; 0
      00043F                       1171 _sprite_metasprite2:
      00043F E8                    1172 	.db #0xe8	; -24
      000440 E8                    1173 	.db #0xe8	; -24
      000441 00                    1174 	.db #0x00	; 0
      000442 00                    1175 	.db #0x00	;  0
      000443 08                    1176 	.db #0x08	;  8
      000444 02                    1177 	.db #0x02	; 2
      000445 00                    1178 	.db #0x00	;  0
      000446 08                    1179 	.db #0x08	;  8
      000447 04                    1180 	.db #0x04	; 4
      000448 00                    1181 	.db #0x00	;  0
      000449 08                    1182 	.db #0x08	;  8
      00044A 06                    1183 	.db #0x06	; 6
      00044B 00                    1184 	.db #0x00	;  0
      00044C 08                    1185 	.db #0x08	;  8
      00044D 08                    1186 	.db #0x08	; 8
      00044E 00                    1187 	.db #0x00	;  0
      00044F 08                    1188 	.db #0x08	;  8
      000450 0A                    1189 	.db #0x0a	; 10
      000451 10                    1190 	.db #0x10	;  16
      000452 D8                    1191 	.db #0xd8	; -40
      000453 0C                    1192 	.db #0x0c	; 12
      000454 00                    1193 	.db #0x00	;  0
      000455 08                    1194 	.db #0x08	;  8
      000456 0E                    1195 	.db #0x0e	; 14
      000457 00                    1196 	.db #0x00	;  0
      000458 08                    1197 	.db #0x08	;  8
      000459 10                    1198 	.db #0x10	; 16
      00045A 00                    1199 	.db #0x00	;  0
      00045B 08                    1200 	.db #0x08	;  8
      00045C 12                    1201 	.db #0x12	; 18
      00045D 00                    1202 	.db #0x00	;  0
      00045E 08                    1203 	.db #0x08	;  8
      00045F 14                    1204 	.db #0x14	; 20
      000460 00                    1205 	.db #0x00	;  0
      000461 08                    1206 	.db #0x08	;  8
      000462 16                    1207 	.db #0x16	; 22
      000463 00                    1208 	.db #0x00	;  0
      000464 08                    1209 	.db #0x08	;  8
      000465 2E                    1210 	.db #0x2e	; 46
      000466 10                    1211 	.db #0x10	;  16
      000467 C8                    1212 	.db #0xc8	; -56
      000468 30                    1213 	.db #0x30	; 48	'0'
      000469 00                    1214 	.db #0x00	;  0
      00046A 08                    1215 	.db #0x08	;  8
      00046B 32                    1216 	.db #0x32	; 50	'2'
      00046C 00                    1217 	.db #0x00	;  0
      00046D 10                    1218 	.db #0x10	;  16
      00046E 1C                    1219 	.db #0x1c	; 28
      00046F 00                    1220 	.db #0x00	;  0
      000470 08                    1221 	.db #0x08	;  8
      000471 1E                    1222 	.db #0x1e	; 30
      000472 00                    1223 	.db #0x00	;  0
      000473 08                    1224 	.db #0x08	;  8
      000474 20                    1225 	.db #0x20	; 32
      000475 00                    1226 	.db #0x00	;  0
      000476 08                    1227 	.db #0x08	;  8
      000477 22                    1228 	.db #0x22	; 34
      000478 00                    1229 	.db #0x00	;  0
      000479 08                    1230 	.db #0x08	;  8
      00047A 34                    1231 	.db #0x34	; 52	'4'
      00047B 80                    1232 	.db #0x80	; -128
      00047C 00                    1233 	.db #0x00	;  0
      00047D 00                    1234 	.db #0x00	; 0
      00047E                       1235 _sprite_metasprite3:
      00047E E8                    1236 	.db #0xe8	; -24
      00047F E8                    1237 	.db #0xe8	; -24
      000480 00                    1238 	.db #0x00	; 0
      000481 00                    1239 	.db #0x00	;  0
      000482 08                    1240 	.db #0x08	;  8
      000483 02                    1241 	.db #0x02	; 2
      000484 00                    1242 	.db #0x00	;  0
      000485 08                    1243 	.db #0x08	;  8
      000486 04                    1244 	.db #0x04	; 4
      000487 00                    1245 	.db #0x00	;  0
      000488 08                    1246 	.db #0x08	;  8
      000489 06                    1247 	.db #0x06	; 6
      00048A 00                    1248 	.db #0x00	;  0
      00048B 08                    1249 	.db #0x08	;  8
      00048C 08                    1250 	.db #0x08	; 8
      00048D 00                    1251 	.db #0x00	;  0
      00048E 08                    1252 	.db #0x08	;  8
      00048F 0A                    1253 	.db #0x0a	; 10
      000490 10                    1254 	.db #0x10	;  16
      000491 D8                    1255 	.db #0xd8	; -40
      000492 0C                    1256 	.db #0x0c	; 12
      000493 00                    1257 	.db #0x00	;  0
      000494 08                    1258 	.db #0x08	;  8
      000495 0E                    1259 	.db #0x0e	; 14
      000496 00                    1260 	.db #0x00	;  0
      000497 08                    1261 	.db #0x08	;  8
      000498 10                    1262 	.db #0x10	; 16
      000499 00                    1263 	.db #0x00	;  0
      00049A 08                    1264 	.db #0x08	;  8
      00049B 12                    1265 	.db #0x12	; 18
      00049C 00                    1266 	.db #0x00	;  0
      00049D 08                    1267 	.db #0x08	;  8
      00049E 14                    1268 	.db #0x14	; 20
      00049F 00                    1269 	.db #0x00	;  0
      0004A0 08                    1270 	.db #0x08	;  8
      0004A1 16                    1271 	.db #0x16	; 22
      0004A2 00                    1272 	.db #0x00	;  0
      0004A3 08                    1273 	.db #0x08	;  8
      0004A4 26                    1274 	.db #0x26	; 38
      0004A5 10                    1275 	.db #0x10	;  16
      0004A6 C8                    1276 	.db #0xc8	; -56
      0004A7 36                    1277 	.db #0x36	; 54	'6'
      0004A8 00                    1278 	.db #0x00	;  0
      0004A9 08                    1279 	.db #0x08	;  8
      0004AA 38                    1280 	.db #0x38	; 56	'8'
      0004AB 00                    1281 	.db #0x00	;  0
      0004AC 10                    1282 	.db #0x10	;  16
      0004AD 1C                    1283 	.db #0x1c	; 28
      0004AE 00                    1284 	.db #0x00	;  0
      0004AF 08                    1285 	.db #0x08	;  8
      0004B0 1E                    1286 	.db #0x1e	; 30
      0004B1 00                    1287 	.db #0x00	;  0
      0004B2 08                    1288 	.db #0x08	;  8
      0004B3 20                    1289 	.db #0x20	; 32
      0004B4 00                    1290 	.db #0x00	;  0
      0004B5 08                    1291 	.db #0x08	;  8
      0004B6 22                    1292 	.db #0x22	; 34
      0004B7 00                    1293 	.db #0x00	;  0
      0004B8 08                    1294 	.db #0x08	;  8
      0004B9 2C                    1295 	.db #0x2c	; 44
      0004BA 80                    1296 	.db #0x80	; -128
      0004BB 00                    1297 	.db #0x00	;  0
      0004BC 00                    1298 	.db #0x00	; 0
      0004BD                       1299 _sprite_metasprite4:
      0004BD E8                    1300 	.db #0xe8	; -24
      0004BE E8                    1301 	.db #0xe8	; -24
      0004BF 00                    1302 	.db #0x00	; 0
      0004C0 00                    1303 	.db #0x00	;  0
      0004C1 08                    1304 	.db #0x08	;  8
      0004C2 02                    1305 	.db #0x02	; 2
      0004C3 00                    1306 	.db #0x00	;  0
      0004C4 08                    1307 	.db #0x08	;  8
      0004C5 04                    1308 	.db #0x04	; 4
      0004C6 00                    1309 	.db #0x00	;  0
      0004C7 08                    1310 	.db #0x08	;  8
      0004C8 06                    1311 	.db #0x06	; 6
      0004C9 00                    1312 	.db #0x00	;  0
      0004CA 08                    1313 	.db #0x08	;  8
      0004CB 08                    1314 	.db #0x08	; 8
      0004CC 00                    1315 	.db #0x00	;  0
      0004CD 08                    1316 	.db #0x08	;  8
      0004CE 0A                    1317 	.db #0x0a	; 10
      0004CF 10                    1318 	.db #0x10	;  16
      0004D0 D8                    1319 	.db #0xd8	; -40
      0004D1 0C                    1320 	.db #0x0c	; 12
      0004D2 00                    1321 	.db #0x00	;  0
      0004D3 08                    1322 	.db #0x08	;  8
      0004D4 0E                    1323 	.db #0x0e	; 14
      0004D5 00                    1324 	.db #0x00	;  0
      0004D6 08                    1325 	.db #0x08	;  8
      0004D7 10                    1326 	.db #0x10	; 16
      0004D8 00                    1327 	.db #0x00	;  0
      0004D9 08                    1328 	.db #0x08	;  8
      0004DA 12                    1329 	.db #0x12	; 18
      0004DB 00                    1330 	.db #0x00	;  0
      0004DC 08                    1331 	.db #0x08	;  8
      0004DD 14                    1332 	.db #0x14	; 20
      0004DE 00                    1333 	.db #0x00	;  0
      0004DF 08                    1334 	.db #0x08	;  8
      0004E0 16                    1335 	.db #0x16	; 22
      0004E1 00                    1336 	.db #0x00	;  0
      0004E2 08                    1337 	.db #0x08	;  8
      0004E3 18                    1338 	.db #0x18	; 24
      0004E4 10                    1339 	.db #0x10	;  16
      0004E5 C8                    1340 	.db #0xc8	; -56
      0004E6 3A                    1341 	.db #0x3a	; 58
      0004E7 00                    1342 	.db #0x00	;  0
      0004E8 08                    1343 	.db #0x08	;  8
      0004E9 38                    1344 	.db #0x38	; 56	'8'
      0004EA 00                    1345 	.db #0x00	;  0
      0004EB 10                    1346 	.db #0x10	;  16
      0004EC 1C                    1347 	.db #0x1c	; 28
      0004ED 00                    1348 	.db #0x00	;  0
      0004EE 08                    1349 	.db #0x08	;  8
      0004EF 1E                    1350 	.db #0x1e	; 30
      0004F0 00                    1351 	.db #0x00	;  0
      0004F1 08                    1352 	.db #0x08	;  8
      0004F2 20                    1353 	.db #0x20	; 32
      0004F3 00                    1354 	.db #0x00	;  0
      0004F4 08                    1355 	.db #0x08	;  8
      0004F5 22                    1356 	.db #0x22	; 34
      0004F6 00                    1357 	.db #0x00	;  0
      0004F7 08                    1358 	.db #0x08	;  8
      0004F8 24                    1359 	.db #0x24	; 36
      0004F9 80                    1360 	.db #0x80	; -128
      0004FA 00                    1361 	.db #0x00	;  0
      0004FB 00                    1362 	.db #0x00	; 0
      0004FC                       1363 _sprite_metasprites:
      0004FCrC4r03                 1364 	.dw _sprite_metasprite0
      0004FEr00r04                 1365 	.dw _sprite_metasprite1
      000500r3Fr04                 1366 	.dw _sprite_metasprite2
      000502r7Er04                 1367 	.dw _sprite_metasprite3
      000504rBDr04                 1368 	.dw _sprite_metasprite4
                                   1369 	.area _INITIALIZER
                                   1370 	.area _CABS (ABS)
