                                      1 ;--------------------------------------------------------
                                      2 ; File Created by SDCC : free open source ISO C Compiler 
                                      3 ; Version 4.2.2 #13350 (Mac OS X x86_64)
                                      4 ;--------------------------------------------------------
                                      5 	.module bank_ba0_bo0
                                      6 	.optsdcc -mz80
                                      7 	
                                      8 ;--------------------------------------------------------
                                      9 ; Public variables in this module
                                     10 ;--------------------------------------------------------
                                     11 	.globl _var_0
                                     12 ;--------------------------------------------------------
                                     13 ; special function registers
                                     14 ;--------------------------------------------------------
                           00003E    15 _MEMORY_CTL	=	0x003e
                           00003F    16 _JOY_CTL	=	0x003f
                           00007E    17 _VCOUNTER	=	0x007e
                           00007F    18 _PSG	=	0x007f
                           00007F    19 _HCOUNTER	=	0x007f
                           0000BE    20 _VDP_DATA	=	0x00be
                           0000BF    21 _VDP_CMD	=	0x00bf
                           0000BF    22 _VDP_STATUS	=	0x00bf
                           0000DC    23 _JOY_PORT1	=	0x00dc
                           0000DD    24 _JOY_PORT2	=	0x00dd
                           0000F0    25 _FMADDRESS	=	0x00f0
                           0000F1    26 _FMDATA	=	0x00f1
                           0000F2    27 _AUDIOCTRL	=	0x00f2
                                     28 ;--------------------------------------------------------
                                     29 ; ram data
                                     30 ;--------------------------------------------------------
                                     31 	.area _DATA
                           00FFFC    32 _RAM_CONTROL	=	0xfffc
                           00FFF8    33 _GLASSES_3D	=	0xfff8
                           00FFFD    34 _MAP_FRAME0	=	0xfffd
                           00FFFE    35 _MAP_FRAME1	=	0xfffe
                           00FFFF    36 _MAP_FRAME2	=	0xffff
      000000                         37 _var_0::
      000000                         38 	.ds 2
                                     39 ;--------------------------------------------------------
                                     40 ; ram data
                                     41 ;--------------------------------------------------------
                                     42 	.area _INITIALIZED
                                     43 ;--------------------------------------------------------
                                     44 ; absolute external ram data
                                     45 ;--------------------------------------------------------
                                     46 	.area _DABS (ABS)
                                     47 ;--------------------------------------------------------
                                     48 ; global & static initialisations
                                     49 ;--------------------------------------------------------
                                     50 	.area _HOME
                                     51 	.area _GSINIT
                                     52 	.area _GSFINAL
                                     53 	.area _GSINIT
                                     54 ;--------------------------------------------------------
                                     55 ; Home
                                     56 ;--------------------------------------------------------
                                     57 	.area _HOME
                                     58 	.area _HOME
                                     59 ;--------------------------------------------------------
                                     60 ; code
                                     61 ;--------------------------------------------------------
                                     62 	.area _CODE
                                     63 	.area _CODE
                                     64 	.area _INITIALIZER
                                     65 	.area _CABS (ABS)
