                                      1 ;--------------------------------------------------------
                                      2 ; File Created by SDCC : free open source ISO C Compiler 
                                      3 ; Version 4.2.2 #13350 (Mac OS X x86_64)
                                      4 ;--------------------------------------------------------
                                      5 	.module GBDK_2020_logo
                                      6 	.optsdcc -msm83
                                      7 	
                                      8 ;--------------------------------------------------------
                                      9 ; Public variables in this module
                                     10 ;--------------------------------------------------------
                                     11 	.globl _GBDK_2020_logo_map_attributes
                                     12 	.globl _GBDK_2020_logo_map
                                     13 	.globl _GBDK_2020_logo_tiles
                                     14 	.globl _GBDK_2020_logo_palettes
                                     15 	.globl b___func_GBDK_2020_logo
                                     16 	.globl ___func_GBDK_2020_logo
                                     17 ;--------------------------------------------------------
                                     18 ; special function registers
                                     19 ;--------------------------------------------------------
                                     20 ;--------------------------------------------------------
                                     21 ; ram data
                                     22 ;--------------------------------------------------------
                                     23 	.area _DATA
                                     24 ;--------------------------------------------------------
                                     25 ; ram data
                                     26 ;--------------------------------------------------------
                                     27 	.area _INITIALIZED
                                     28 ;--------------------------------------------------------
                                     29 ; absolute external ram data
                                     30 ;--------------------------------------------------------
                                     31 	.area _DABS (ABS)
                                     32 ;--------------------------------------------------------
                                     33 ; global & static initialisations
                                     34 ;--------------------------------------------------------
                                     35 	.area _HOME
                                     36 	.area _GSINIT
                                     37 	.area _GSFINAL
                                     38 	.area _GSINIT
                                     39 ;--------------------------------------------------------
                                     40 ; Home
                                     41 ;--------------------------------------------------------
                                     42 	.area _HOME
                                     43 	.area _HOME
                                     44 ;--------------------------------------------------------
                                     45 ; code
                                     46 ;--------------------------------------------------------
                                     47 	.area _CODE
                                     48 ;obj/gbc/GBDK_2020_logo.c:7: BANKREF(GBDK_2020_logo)
                                     49 ;	---------------------------------
                                     50 ; Function __func_GBDK_2020_logo
                                     51 ; ---------------------------------
                           000000    52 	b___func_GBDK_2020_logo	= 0
      000000                         53 ___func_GBDK_2020_logo::
                                     54 	.local b___func_GBDK_2020_logo 
                           000000    55 	___bank_GBDK_2020_logo = b___func_GBDK_2020_logo 
                                     56 	.globl ___bank_GBDK_2020_logo 
                                     57 	.area _CODE
      000000                         58 _GBDK_2020_logo_palettes:
      000000 FF 7F                   59 	.dw #0x7fff
      000002 DB 18                   60 	.dw #0x18db
      000004 08 5D                   61 	.dw #0x5d08
      000006 42 38                   62 	.dw #0x3842
      000008 FF 7F                   63 	.dw #0x7fff
      00000A B5 66                   64 	.dw #0x66b5
      00000C 08 5D                   65 	.dw #0x5d08
      00000E 42 38                   66 	.dw #0x3842
      000010 FF 7F                   67 	.dw #0x7fff
      000012 CE 39                   68 	.dw #0x39ce
      000014 97 28                   69 	.dw #0x2897
      000016 82 10                   70 	.dw #0x1082
      000018 FF 7F                   71 	.dw #0x7fff
      00001A FB 67                   72 	.dw #0x67fb
      00001C CE 39                   73 	.dw #0x39ce
      00001E 82 10                   74 	.dw #0x1082
      000020                         75 _GBDK_2020_logo_tiles:
      000020 00                      76 	.db #0x00	; 0
      000021 00                      77 	.db #0x00	; 0
      000022 00                      78 	.db #0x00	; 0
      000023 00                      79 	.db #0x00	; 0
      000024 00                      80 	.db #0x00	; 0
      000025 00                      81 	.db #0x00	; 0
      000026 00                      82 	.db #0x00	; 0
      000027 00                      83 	.db #0x00	; 0
      000028 00                      84 	.db #0x00	; 0
      000029 00                      85 	.db #0x00	; 0
      00002A 00                      86 	.db #0x00	; 0
      00002B 00                      87 	.db #0x00	; 0
      00002C 00                      88 	.db #0x00	; 0
      00002D 00                      89 	.db #0x00	; 0
      00002E 00                      90 	.db #0x00	; 0
      00002F 00                      91 	.db #0x00	; 0
      000030 00                      92 	.db #0x00	; 0
      000031 00                      93 	.db #0x00	; 0
      000032 50                      94 	.db #0x50	; 80	'P'
      000033 00                      95 	.db #0x00	; 0
      000034 A8                      96 	.db #0xa8	; 168
      000035 00                      97 	.db #0x00	; 0
      000036 A9                      98 	.db #0xa9	; 169
      000037 00                      99 	.db #0x00	; 0
      000038 8A                     100 	.db #0x8a	; 138
      000039 00                     101 	.db #0x00	; 0
      00003A 8B                     102 	.db #0x8b	; 139
      00003B 00                     103 	.db #0x00	; 0
      00003C 00                     104 	.db #0x00	; 0
      00003D 00                     105 	.db #0x00	; 0
      00003E 00                     106 	.db #0x00	; 0
      00003F 00                     107 	.db #0x00	; 0
      000040 00                     108 	.db #0x00	; 0
      000041 00                     109 	.db #0x00	; 0
      000042 08                     110 	.db #0x08	; 8
      000043 00                     111 	.db #0x00	; 0
      000044 08                     112 	.db #0x08	; 8
      000045 00                     113 	.db #0x00	; 0
      000046 9B                     114 	.db #0x9b	; 155
      000047 00                     115 	.db #0x00	; 0
      000048 AA                     116 	.db #0xaa	; 170
      000049 00                     117 	.db #0x00	; 0
      00004A BB                     118 	.db #0xbb	; 187
      00004B 00                     119 	.db #0x00	; 0
      00004C 00                     120 	.db #0x00	; 0
      00004D 00                     121 	.db #0x00	; 0
      00004E 00                     122 	.db #0x00	; 0
      00004F 00                     123 	.db #0x00	; 0
      000050 00                     124 	.db #0x00	; 0
      000051 00                     125 	.db #0x00	; 0
      000052 00                     126 	.db #0x00	; 0
      000053 00                     127 	.db #0x00	; 0
      000054 00                     128 	.db #0x00	; 0
      000055 00                     129 	.db #0x00	; 0
      000056 92                     130 	.db #0x92	; 146
      000057 00                     131 	.db #0x00	; 0
      000058 96                     132 	.db #0x96	; 150
      000059 00                     133 	.db #0x00	; 0
      00005A 0C                     134 	.db #0x0c	; 12
      00005B 00                     135 	.db #0x00	; 0
      00005C 00                     136 	.db #0x00	; 0
      00005D 00                     137 	.db #0x00	; 0
      00005E 00                     138 	.db #0x00	; 0
      00005F 00                     139 	.db #0x00	; 0
      000060 00                     140 	.db #0x00	; 0
      000061 00                     141 	.db #0x00	; 0
      000062 A4                     142 	.db #0xa4	; 164
      000063 00                     143 	.db #0x00	; 0
      000064 24                     144 	.db #0x24	; 36
      000065 00                     145 	.db #0x00	; 0
      000066 B7                     146 	.db #0xb7	; 183
      000067 00                     147 	.db #0x00	; 0
      000068 A5                     148 	.db #0xa5	; 165
      000069 00                     149 	.db #0x00	; 0
      00006A B5                     150 	.db #0xb5	; 181
      00006B 00                     151 	.db #0x00	; 0
      00006C 00                     152 	.db #0x00	; 0
      00006D 00                     153 	.db #0x00	; 0
      00006E 00                     154 	.db #0x00	; 0
      00006F 00                     155 	.db #0x00	; 0
      000070 00                     156 	.db #0x00	; 0
      000071 00                     157 	.db #0x00	; 0
      000072 1F                     158 	.db #0x1f	; 31
      000073 1F                     159 	.db #0x1f	; 31
      000074 23                     160 	.db #0x23	; 35
      000075 3F                     161 	.db #0x3f	; 63
      000076 5F                     162 	.db #0x5f	; 95
      000077 7F                     163 	.db #0x7f	; 127
      000078 FF                     164 	.db #0xff	; 255
      000079 7F                     165 	.db #0x7f	; 127
      00007A FF                     166 	.db #0xff	; 255
      00007B 78                     167 	.db #0x78	; 120	'x'
      00007C FB                     168 	.db #0xfb	; 251
      00007D 7B                     169 	.db #0x7b	; 123
      00007E FE                     170 	.db #0xfe	; 254
      00007F 7B                     171 	.db #0x7b	; 123
      000080 00                     172 	.db #0x00	; 0
      000081 00                     173 	.db #0x00	; 0
      000082 E1                     174 	.db #0xe1	; 225
      000083 E1                     175 	.db #0xe1	; 225
      000084 F3                     176 	.db #0xf3	; 243
      000085 F3                     177 	.db #0xf3	; 243
      000086 F6                     178 	.db #0xf6	; 246
      000087 F3                     179 	.db #0xf3	; 243
      000088 F7                     180 	.db #0xf7	; 247
      000089 F3                     181 	.db #0xf3	; 243
      00008A E7                     182 	.db #0xe7	; 231
      00008B 03                     183 	.db #0x03	; 3
      00008C F7                     184 	.db #0xf7	; 247
      00008D F3                     185 	.db #0xf3	; 243
      00008E 77                     186 	.db #0x77	; 119	'w'
      00008F F3                     187 	.db #0xf3	; 243
      000090 00                     188 	.db #0x00	; 0
      000091 00                     189 	.db #0x00	; 0
      000092 FE                     190 	.db #0xfe	; 254
      000093 FE                     191 	.db #0xfe	; 254
      000094 3F                     192 	.db #0x3f	; 63
      000095 FF                     193 	.db #0xff	; 255
      000096 FF                     194 	.db #0xff	; 255
      000097 FF                     195 	.db #0xff	; 255
      000098 FF                     196 	.db #0xff	; 255
      000099 87                     197 	.db #0x87	; 135
      00009A 8F                     198 	.db #0x8f	; 143
      00009B 8F                     199 	.db #0x8f	; 143
      00009C FA                     200 	.db #0xfa	; 250
      00009D FE                     201 	.db #0xfe	; 254
      00009E E4                     202 	.db #0xe4	; 228
      00009F FC                     203 	.db #0xfc	; 252
      0000A0 00                     204 	.db #0x00	; 0
      0000A1 00                     205 	.db #0x00	; 0
      0000A2 3F                     206 	.db #0x3f	; 63
      0000A3 3F                     207 	.db #0x3f	; 63
      0000A4 63                     208 	.db #0x63	; 99	'c'
      0000A5 3F                     209 	.db #0x3f	; 63
      0000A6 7F                     210 	.db #0x7f	; 127
      0000A7 3F                     211 	.db #0x3f	; 63
      0000A8 7F                     212 	.db #0x7f	; 127
      0000A9 38                     213 	.db #0x38	; 56	'8'
      0000AA 79                     214 	.db #0x79	; 121	'y'
      0000AB 38                     215 	.db #0x38	; 56	'8'
      0000AC 78                     216 	.db #0x78	; 120	'x'
      0000AD 38                     217 	.db #0x38	; 56	'8'
      0000AE 78                     218 	.db #0x78	; 120	'x'
      0000AF 38                     219 	.db #0x38	; 56	'8'
      0000B0 00                     220 	.db #0x00	; 0
      0000B1 00                     221 	.db #0x00	; 0
      0000B2 C1                     222 	.db #0xc1	; 193
      0000B3 C1                     223 	.db #0xc1	; 193
      0000B4 E2                     224 	.db #0xe2	; 226
      0000B5 E3                     225 	.db #0xe3	; 227
      0000B6 E6                     226 	.db #0xe6	; 230
      0000B7 E3                     227 	.db #0xe3	; 227
      0000B8 F7                     228 	.db #0xf7	; 247
      0000B9 F3                     229 	.db #0xf3	; 243
      0000BA F7                     230 	.db #0xf7	; 247
      0000BB 73                     231 	.db #0x73	; 115	's'
      0000BC F7                     232 	.db #0xf7	; 247
      0000BD 73                     233 	.db #0x73	; 115	's'
      0000BE F7                     234 	.db #0xf7	; 247
      0000BF 73                     235 	.db #0x73	; 115	's'
      0000C0 00                     236 	.db #0x00	; 0
      0000C1 00                     237 	.db #0x00	; 0
      0000C2 82                     238 	.db #0x82	; 130
      0000C3 82                     239 	.db #0x82	; 130
      0000C4 C5                     240 	.db #0xc5	; 197
      0000C5 C7                     241 	.db #0xc7	; 199
      0000C6 CB                     242 	.db #0xcb	; 203
      0000C7 CF                     243 	.db #0xcf	; 207
      0000C8 D6                     244 	.db #0xd6	; 214
      0000C9 DE                     245 	.db #0xde	; 222
      0000CA EC                     246 	.db #0xec	; 236
      0000CB FC                     247 	.db #0xfc	; 252
      0000CC D8                     248 	.db #0xd8	; 216
      0000CD F8                     249 	.db #0xf8	; 248
      0000CE F0                     250 	.db #0xf0	; 240
      0000CF F0                     251 	.db #0xf0	; 240
      0000D0 FF                     252 	.db #0xff	; 255
      0000D1 7B                     253 	.db #0x7b	; 123
      0000D2 FF                     254 	.db #0xff	; 255
      0000D3 78                     255 	.db #0x78	; 120	'x'
      0000D4 FF                     256 	.db #0xff	; 255
      0000D5 7F                     257 	.db #0x7f	; 127
      0000D6 FE                     258 	.db #0xfe	; 254
      0000D7 7F                     259 	.db #0x7f	; 127
      0000D8 FF                     260 	.db #0xff	; 255
      0000D9 3F                     261 	.db #0x3f	; 63
      0000DA 7F                     262 	.db #0x7f	; 127
      0000DB 1F                     263 	.db #0x1f	; 31
      0000DC 3F                     264 	.db #0x3f	; 63
      0000DD 00                     265 	.db #0x00	; 0
      0000DE 00                     266 	.db #0x00	; 0
      0000DF 00                     267 	.db #0x00	; 0
      0000E0 F7                     268 	.db #0xf7	; 247
      0000E1 F3                     269 	.db #0xf3	; 243
      0000E2 F7                     270 	.db #0xf7	; 247
      0000E3 73                     271 	.db #0x73	; 115	's'
      0000E4 D7                     272 	.db #0xd7	; 215
      0000E5 F3                     273 	.db #0xf3	; 243
      0000E6 37                     274 	.db #0x37	; 55	'7'
      0000E7 F3                     275 	.db #0xf3	; 243
      0000E8 F7                     276 	.db #0xf7	; 247
      0000E9 F3                     277 	.db #0xf3	; 243
      0000EA E7                     278 	.db #0xe7	; 231
      0000EB E1                     279 	.db #0xe1	; 225
      0000EC C3                     280 	.db #0xc3	; 195
      0000ED 00                     281 	.db #0x00	; 0
      0000EE 00                     282 	.db #0x00	; 0
      0000EF 00                     283 	.db #0x00	; 0
      0000F0 FE                     284 	.db #0xfe	; 254
      0000F1 FE                     285 	.db #0xfe	; 254
      0000F2 FF                     286 	.db #0xff	; 255
      0000F3 8F                     287 	.db #0x8f	; 143
      0000F4 9F                     288 	.db #0x9f	; 159
      0000F5 87                     289 	.db #0x87	; 135
      0000F6 FD                     290 	.db #0xfd	; 253
      0000F7 FF                     291 	.db #0xff	; 255
      0000F8 F3                     292 	.db #0xf3	; 243
      0000F9 FF                     293 	.db #0xff	; 255
      0000FA FE                     294 	.db #0xfe	; 254
      0000FB FE                     295 	.db #0xfe	; 254
      0000FC FC                     296 	.db #0xfc	; 252
      0000FD 00                     297 	.db #0x00	; 0
      0000FE 00                     298 	.db #0x00	; 0
      0000FF 00                     299 	.db #0x00	; 0
      000100 78                     300 	.db #0x78	; 120	'x'
      000101 38                     301 	.db #0x38	; 56	'8'
      000102 78                     302 	.db #0x78	; 120	'x'
      000103 38                     303 	.db #0x38	; 56	'8'
      000104 78                     304 	.db #0x78	; 120	'x'
      000105 38                     305 	.db #0x38	; 56	'8'
      000106 7F                     306 	.db #0x7f	; 127
      000107 3F                     307 	.db #0x3f	; 63
      000108 7E                     308 	.db #0x7e	; 126
      000109 3F                     309 	.db #0x3f	; 63
      00010A 7F                     310 	.db #0x7f	; 127
      00010B 3F                     311 	.db #0x3f	; 63
      00010C 7F                     312 	.db #0x7f	; 127
      00010D 00                     313 	.db #0x00	; 0
      00010E 00                     314 	.db #0x00	; 0
      00010F 00                     315 	.db #0x00	; 0
      000110 F7                     316 	.db #0xf7	; 247
      000111 73                     317 	.db #0x73	; 115	's'
      000112 F7                     318 	.db #0xf7	; 247
      000113 73                     319 	.db #0x73	; 115	's'
      000114 F6                     320 	.db #0xf6	; 246
      000115 F3                     321 	.db #0xf3	; 243
      000116 A6                     322 	.db #0xa6	; 166
      000117 E3                     323 	.db #0xe3	; 227
      000118 67                     324 	.db #0x67	; 103	'g'
      000119 E3                     325 	.db #0xe3	; 227
      00011A C7                     326 	.db #0xc7	; 199
      00011B C1                     327 	.db #0xc1	; 193
      00011C 83                     328 	.db #0x83	; 131
      00011D 00                     329 	.db #0x00	; 0
      00011E 00                     330 	.db #0x00	; 0
      00011F 00                     331 	.db #0x00	; 0
      000120 F8                     332 	.db #0xf8	; 248
      000121 F8                     333 	.db #0xf8	; 248
      000122 FC                     334 	.db #0xfc	; 252
      000123 FC                     335 	.db #0xfc	; 252
      000124 FE                     336 	.db #0xfe	; 254
      000125 DE                     337 	.db #0xde	; 222
      000126 FF                     338 	.db #0xff	; 255
      000127 CF                     339 	.db #0xcf	; 207
      000128 DF                     340 	.db #0xdf	; 223
      000129 C7                     341 	.db #0xc7	; 199
      00012A 8E                     342 	.db #0x8e	; 142
      00012B 82                     343 	.db #0x82	; 130
      00012C 04                     344 	.db #0x04	; 4
      00012D 00                     345 	.db #0x00	; 0
      00012E 00                     346 	.db #0x00	; 0
      00012F 00                     347 	.db #0x00	; 0
      000130 00                     348 	.db #0x00	; 0
      000131 00                     349 	.db #0x00	; 0
      000132 00                     350 	.db #0x00	; 0
      000133 00                     351 	.db #0x00	; 0
      000134 01                     352 	.db #0x01	; 1
      000135 01                     353 	.db #0x01	; 1
      000136 03                     354 	.db #0x03	; 3
      000137 02                     355 	.db #0x02	; 2
      000138 07                     356 	.db #0x07	; 7
      000139 04                     357 	.db #0x04	; 4
      00013A 09                     358 	.db #0x09	; 9
      00013B 0A                     359 	.db #0x0a	; 10
      00013C 1B                     360 	.db #0x1b	; 27
      00013D 10                     361 	.db #0x10	; 16
      00013E 3B                     362 	.db #0x3b	; 59
      00013F 30                     363 	.db #0x30	; 48	'0'
      000140 0F                     364 	.db #0x0f	; 15
      000141 0F                     365 	.db #0x0f	; 15
      000142 7F                     366 	.db #0x7f	; 127
      000143 70                     367 	.db #0x70	; 112	'p'
      000144 FF                     368 	.db #0xff	; 255
      000145 83                     369 	.db #0x83	; 131
      000146 FF                     370 	.db #0xff	; 255
      000147 07                     371 	.db #0x07	; 7
      000148 FF                     372 	.db #0xff	; 255
      000149 0E                     373 	.db #0x0e	; 14
      00014A FF                     374 	.db #0xff	; 255
      00014B 0C                     375 	.db #0x0c	; 12
      00014C FF                     376 	.db #0xff	; 255
      00014D 0C                     377 	.db #0x0c	; 12
      00014E FF                     378 	.db #0xff	; 255
      00014F 0C                     379 	.db #0x0c	; 12
      000150 F0                     380 	.db #0xf0	; 240
      000151 F0                     381 	.db #0xf0	; 240
      000152 FE                     382 	.db #0xfe	; 254
      000153 0E                     383 	.db #0x0e	; 14
      000154 FF                     384 	.db #0xff	; 255
      000155 C1                     385 	.db #0xc1	; 193
      000156 FF                     386 	.db #0xff	; 255
      000157 E0                     387 	.db #0xe0	; 224
      000158 FF                     388 	.db #0xff	; 255
      000159 60                     389 	.db #0x60	; 96
      00015A FF                     390 	.db #0xff	; 255
      00015B 00                     391 	.db #0x00	; 0
      00015C FF                     392 	.db #0xff	; 255
      00015D 00                     393 	.db #0x00	; 0
      00015E FF                     394 	.db #0xff	; 255
      00015F 00                     395 	.db #0x00	; 0
      000160 00                     396 	.db #0x00	; 0
      000161 00                     397 	.db #0x00	; 0
      000162 00                     398 	.db #0x00	; 0
      000163 00                     399 	.db #0x00	; 0
      000164 80                     400 	.db #0x80	; 128
      000165 80                     401 	.db #0x80	; 128
      000166 C0                     402 	.db #0xc0	; 192
      000167 40                     403 	.db #0x40	; 64
      000168 E0                     404 	.db #0xe0	; 224
      000169 20                     405 	.db #0x20	; 32
      00016A D0                     406 	.db #0xd0	; 208
      00016B 10                     407 	.db #0x10	; 16
      00016C D8                     408 	.db #0xd8	; 216
      00016D 08                     409 	.db #0x08	; 8
      00016E DC                     410 	.db #0xdc	; 220
      00016F 0C                     411 	.db #0x0c	; 12
      000170 3B                     412 	.db #0x3b	; 59
      000171 30                     413 	.db #0x30	; 48	'0'
      000172 5B                     414 	.db #0x5b	; 91
      000173 70                     415 	.db #0x70	; 112	'p'
      000174 5B                     416 	.db #0x5b	; 91
      000175 70                     417 	.db #0x70	; 112	'p'
      000176 5B                     418 	.db #0x5b	; 91
      000177 70                     419 	.db #0x70	; 112	'p'
      000178 9B                     420 	.db #0x9b	; 155
      000179 F0                     421 	.db #0xf0	; 240
      00017A 9B                     422 	.db #0x9b	; 155
      00017B F0                     423 	.db #0xf0	; 240
      00017C 9B                     424 	.db #0x9b	; 155
      00017D F0                     425 	.db #0xf0	; 240
      00017E 98                     426 	.db #0x98	; 152
      00017F F0                     427 	.db #0xf0	; 240
      000180 FF                     428 	.db #0xff	; 255
      000181 0E                     429 	.db #0x0e	; 14
      000182 FF                     430 	.db #0xff	; 255
      000183 07                     431 	.db #0x07	; 7
      000184 FF                     432 	.db #0xff	; 255
      000185 03                     433 	.db #0x03	; 3
      000186 FF                     434 	.db #0xff	; 255
      000187 00                     435 	.db #0x00	; 0
      000188 FF                     436 	.db #0xff	; 255
      000189 00                     437 	.db #0x00	; 0
      00018A 00                     438 	.db #0x00	; 0
      00018B FF                     439 	.db #0xff	; 255
      00018C 00                     440 	.db #0x00	; 0
      00018D FF                     441 	.db #0xff	; 255
      00018E 00                     442 	.db #0x00	; 0
      00018F 00                     443 	.db #0x00	; 0
      000190 FF                     444 	.db #0xff	; 255
      000191 60                     445 	.db #0x60	; 96
      000192 FF                     446 	.db #0xff	; 255
      000193 E0                     447 	.db #0xe0	; 224
      000194 FF                     448 	.db #0xff	; 255
      000195 C0                     449 	.db #0xc0	; 192
      000196 FF                     450 	.db #0xff	; 255
      000197 00                     451 	.db #0x00	; 0
      000198 FF                     452 	.db #0xff	; 255
      000199 00                     453 	.db #0x00	; 0
      00019A 00                     454 	.db #0x00	; 0
      00019B FF                     455 	.db #0xff	; 255
      00019C 00                     456 	.db #0x00	; 0
      00019D FF                     457 	.db #0xff	; 255
      00019E 00                     458 	.db #0x00	; 0
      00019F 00                     459 	.db #0x00	; 0
      0001A0 DC                     460 	.db #0xdc	; 220
      0001A1 0C                     461 	.db #0x0c	; 12
      0001A2 DA                     462 	.db #0xda	; 218
      0001A3 0E                     463 	.db #0x0e	; 14
      0001A4 DA                     464 	.db #0xda	; 218
      0001A5 0E                     465 	.db #0x0e	; 14
      0001A6 DA                     466 	.db #0xda	; 218
      0001A7 0E                     467 	.db #0x0e	; 14
      0001A8 D9                     468 	.db #0xd9	; 217
      0001A9 0F                     469 	.db #0x0f	; 15
      0001AA D9                     470 	.db #0xd9	; 217
      0001AB 0F                     471 	.db #0x0f	; 15
      0001AC 99                     472 	.db #0x99	; 153
      0001AD 0F                     473 	.db #0x0f	; 15
      0001AE 19                     474 	.db #0x19	; 25
      0001AF 0F                     475 	.db #0x0f	; 15
      0001B0 98                     476 	.db #0x98	; 152
      0001B1 F0                     477 	.db #0xf0	; 240
      0001B2 98                     478 	.db #0x98	; 152
      0001B3 F0                     479 	.db #0xf0	; 240
      0001B4 98                     480 	.db #0x98	; 152
      0001B5 F0                     481 	.db #0xf0	; 240
      0001B6 99                     482 	.db #0x99	; 153
      0001B7 F1                     483 	.db #0xf1	; 241
      0001B8 59                     484 	.db #0x59	; 89	'Y'
      0001B9 71                     485 	.db #0x71	; 113	'q'
      0001BA 58                     486 	.db #0x58	; 88	'X'
      0001BB 70                     487 	.db #0x70	; 112	'p'
      0001BC 58                     488 	.db #0x58	; 88	'X'
      0001BD 70                     489 	.db #0x70	; 112	'p'
      0001BE 38                     490 	.db #0x38	; 56	'8'
      0001BF 30                     491 	.db #0x30	; 48	'0'
      0001C0 00                     492 	.db #0x00	; 0
      0001C1 00                     493 	.db #0x00	; 0
      0001C2 60                     494 	.db #0x60	; 96
      0001C3 60                     495 	.db #0x60	; 96
      0001C4 60                     496 	.db #0x60	; 96
      0001C5 60                     497 	.db #0x60	; 96
      0001C6 F8                     498 	.db #0xf8	; 248
      0001C7 F8                     499 	.db #0xf8	; 248
      0001C8 F8                     500 	.db #0xf8	; 248
      0001C9 F8                     501 	.db #0xf8	; 248
      0001CA 60                     502 	.db #0x60	; 96
      0001CB 60                     503 	.db #0x60	; 96
      0001CC 60                     504 	.db #0x60	; 96
      0001CD 60                     505 	.db #0x60	; 96
      0001CE 00                     506 	.db #0x00	; 0
      0001CF 00                     507 	.db #0x00	; 0
      0001D0 00                     508 	.db #0x00	; 0
      0001D1 00                     509 	.db #0x00	; 0
      0001D2 00                     510 	.db #0x00	; 0
      0001D3 03                     511 	.db #0x03	; 3
      0001D4 00                     512 	.db #0x00	; 0
      0001D5 03                     513 	.db #0x03	; 3
      0001D6 00                     514 	.db #0x00	; 0
      0001D7 03                     515 	.db #0x03	; 3
      0001D8 00                     516 	.db #0x00	; 0
      0001D9 1C                     517 	.db #0x1c	; 28
      0001DA 00                     518 	.db #0x00	; 0
      0001DB 1C                     519 	.db #0x1c	; 28
      0001DC 00                     520 	.db #0x00	; 0
      0001DD 1C                     521 	.db #0x1c	; 28
      0001DE 00                     522 	.db #0x00	; 0
      0001DF 00                     523 	.db #0x00	; 0
      0001E0 19                     524 	.db #0x19	; 25
      0001E1 0F                     525 	.db #0x0f	; 15
      0001E2 19                     526 	.db #0x19	; 25
      0001E3 8F                     527 	.db #0x8f	; 143
      0001E4 19                     528 	.db #0x19	; 25
      0001E5 8F                     529 	.db #0x8f	; 143
      0001E6 19                     530 	.db #0x19	; 25
      0001E7 8F                     531 	.db #0x8f	; 143
      0001E8 1A                     532 	.db #0x1a	; 26
      0001E9 0E                     533 	.db #0x0e	; 14
      0001EA 1A                     534 	.db #0x1a	; 26
      0001EB 0E                     535 	.db #0x0e	; 14
      0001EC 1A                     536 	.db #0x1a	; 26
      0001ED 0E                     537 	.db #0x0e	; 14
      0001EE 1C                     538 	.db #0x1c	; 28
      0001EF 0C                     539 	.db #0x0c	; 12
      0001F0 38                     540 	.db #0x38	; 56	'8'
      0001F1 30                     541 	.db #0x30	; 48	'0'
      0001F2 18                     542 	.db #0x18	; 24
      0001F3 10                     543 	.db #0x10	; 16
      0001F4 08                     544 	.db #0x08	; 8
      0001F5 08                     545 	.db #0x08	; 8
      0001F6 04                     546 	.db #0x04	; 4
      0001F7 04                     547 	.db #0x04	; 4
      0001F8 02                     548 	.db #0x02	; 2
      0001F9 02                     549 	.db #0x02	; 2
      0001FA 01                     550 	.db #0x01	; 1
      0001FB 01                     551 	.db #0x01	; 1
      0001FC 00                     552 	.db #0x00	; 0
      0001FD 00                     553 	.db #0x00	; 0
      0001FE 00                     554 	.db #0x00	; 0
      0001FF 00                     555 	.db #0x00	; 0
      000200 00                     556 	.db #0x00	; 0
      000201 00                     557 	.db #0x00	; 0
      000202 00                     558 	.db #0x00	; 0
      000203 00                     559 	.db #0x00	; 0
      000204 02                     560 	.db #0x02	; 2
      000205 00                     561 	.db #0x00	; 0
      000206 04                     562 	.db #0x04	; 4
      000207 00                     563 	.db #0x00	; 0
      000208 00                     564 	.db #0x00	; 0
      000209 00                     565 	.db #0x00	; 0
      00020A 80                     566 	.db #0x80	; 128
      00020B 80                     567 	.db #0x80	; 128
      00020C 70                     568 	.db #0x70	; 112	'p'
      00020D 70                     569 	.db #0x70	; 112	'p'
      00020E 0F                     570 	.db #0x0f	; 15
      00020F 0F                     571 	.db #0x0f	; 15
      000210 00                     572 	.db #0x00	; 0
      000211 00                     573 	.db #0x00	; 0
      000212 00                     574 	.db #0x00	; 0
      000213 00                     575 	.db #0x00	; 0
      000214 20                     576 	.db #0x20	; 32
      000215 00                     577 	.db #0x00	; 0
      000216 41                     578 	.db #0x41	; 65	'A'
      000217 01                     579 	.db #0x01	; 1
      000218 04                     580 	.db #0x04	; 4
      000219 04                     581 	.db #0x04	; 4
      00021A 13                     582 	.db #0x13	; 19
      00021B 13                     583 	.db #0x13	; 19
      00021C 0E                     584 	.db #0x0e	; 14
      00021D 0E                     585 	.db #0x0e	; 14
      00021E F0                     586 	.db #0xf0	; 240
      00021F F0                     587 	.db #0xf0	; 240
      000220 1C                     588 	.db #0x1c	; 28
      000221 0C                     589 	.db #0x0c	; 12
      000222 18                     590 	.db #0x18	; 24
      000223 08                     591 	.db #0x08	; 8
      000224 50                     592 	.db #0x50	; 80	'P'
      000225 50                     593 	.db #0x50	; 80	'P'
      000226 20                     594 	.db #0x20	; 32
      000227 20                     595 	.db #0x20	; 32
      000228 C0                     596 	.db #0xc0	; 192
      000229 C0                     597 	.db #0xc0	; 192
      00022A 80                     598 	.db #0x80	; 128
      00022B 80                     599 	.db #0x80	; 128
      00022C 00                     600 	.db #0x00	; 0
      00022D 00                     601 	.db #0x00	; 0
      00022E 00                     602 	.db #0x00	; 0
      00022F 00                     603 	.db #0x00	; 0
      000230 00                     604 	.db #0x00	; 0
      000231 00                     605 	.db #0x00	; 0
      000232 1F                     606 	.db #0x1f	; 31
      000233 1F                     607 	.db #0x1f	; 31
      000234 23                     608 	.db #0x23	; 35
      000235 3F                     609 	.db #0x3f	; 63
      000236 5F                     610 	.db #0x5f	; 95
      000237 7F                     611 	.db #0x7f	; 127
      000238 FF                     612 	.db #0xff	; 255
      000239 70                     613 	.db #0x70	; 112	'p'
      00023A E3                     614 	.db #0xe3	; 227
      00023B 63                     615 	.db #0x63	; 99	'c'
      00023C CF                     616 	.db #0xcf	; 207
      00023D 0F                     617 	.db #0x0f	; 15
      00023E 1D                     618 	.db #0x1d	; 29
      00023F 1F                     619 	.db #0x1f	; 31
      000240 00                     620 	.db #0x00	; 0
      000241 00                     621 	.db #0x00	; 0
      000242 81                     622 	.db #0x81	; 129
      000243 81                     623 	.db #0x81	; 129
      000244 C2                     624 	.db #0xc2	; 194
      000245 C3                     625 	.db #0xc3	; 195
      000246 E5                     626 	.db #0xe5	; 229
      000247 E7                     627 	.db #0xe7	; 231
      000248 EF                     628 	.db #0xef	; 239
      000249 E7                     629 	.db #0xe7	; 231
      00024A EF                     630 	.db #0xef	; 239
      00024B E7                     631 	.db #0xe7	; 231
      00024C EF                     632 	.db #0xef	; 239
      00024D E7                     633 	.db #0xe7	; 231
      00024E CF                     634 	.db #0xcf	; 207
      00024F C7                     635 	.db #0xc7	; 199
      000250 00                     636 	.db #0x00	; 0
      000251 00                     637 	.db #0x00	; 0
      000252 F8                     638 	.db #0xf8	; 248
      000253 F8                     639 	.db #0xf8	; 248
      000254 7C                     640 	.db #0x7c	; 124
      000255 FC                     641 	.db #0xfc	; 252
      000256 FE                     642 	.db #0xfe	; 254
      000257 9E                     643 	.db #0x9e	; 158
      000258 BE                     644 	.db #0xbe	; 190
      000259 9E                     645 	.db #0x9e	; 158
      00025A BE                     646 	.db #0xbe	; 190
      00025B 9E                     647 	.db #0x9e	; 158
      00025C BE                     648 	.db #0xbe	; 190
      00025D 9E                     649 	.db #0x9e	; 158
      00025E BE                     650 	.db #0xbe	; 190
      00025F 9E                     651 	.db #0x9e	; 158
      000260 00                     652 	.db #0x00	; 0
      000261 00                     653 	.db #0x00	; 0
      000262 FC                     654 	.db #0xfc	; 252
      000263 FC                     655 	.db #0xfc	; 252
      000264 7E                     656 	.db #0x7e	; 126
      000265 FE                     657 	.db #0xfe	; 254
      000266 FF                     658 	.db #0xff	; 255
      000267 8F                     659 	.db #0x8f	; 143
      000268 9F                     660 	.db #0x9f	; 159
      000269 8F                     661 	.db #0x8f	; 143
      00026A 9F                     662 	.db #0x9f	; 159
      00026B 8F                     663 	.db #0x8f	; 143
      00026C 9F                     664 	.db #0x9f	; 159
      00026D 8F                     665 	.db #0x8f	; 143
      00026E 9F                     666 	.db #0x9f	; 159
      00026F 8F                     667 	.db #0x8f	; 143
      000270 3B                     668 	.db #0x3b	; 59
      000271 3F                     669 	.db #0x3f	; 63
      000272 7F                     670 	.db #0x7f	; 127
      000273 7E                     671 	.db #0x7e	; 126
      000274 FC                     672 	.db #0xfc	; 252
      000275 78                     673 	.db #0x78	; 120	'x'
      000276 FF                     674 	.db #0xff	; 255
      000277 7F                     675 	.db #0x7f	; 127
      000278 FE                     676 	.db #0xfe	; 254
      000279 7F                     677 	.db #0x7f	; 127
      00027A FF                     678 	.db #0xff	; 255
      00027B 3F                     679 	.db #0x3f	; 63
      00027C 7F                     680 	.db #0x7f	; 127
      00027D 00                     681 	.db #0x00	; 0
      00027E 00                     682 	.db #0x00	; 0
      00027F 00                     683 	.db #0x00	; 0
      000280 8F                     684 	.db #0x8f	; 143
      000281 87                     685 	.db #0x87	; 135
      000282 0F                     686 	.db #0x0f	; 15
      000283 07                     687 	.db #0x07	; 7
      000284 0F                     688 	.db #0x0f	; 15
      000285 07                     689 	.db #0x07	; 7
      000286 CF                     690 	.db #0xcf	; 207
      000287 C7                     691 	.db #0xc7	; 199
      000288 6F                     692 	.db #0x6f	; 111	'o'
      000289 E3                     693 	.db #0xe3	; 227
      00028A E7                     694 	.db #0xe7	; 231
      00028B E1                     695 	.db #0xe1	; 225
      00028C C3                     696 	.db #0xc3	; 195
      00028D 00                     697 	.db #0x00	; 0
      00028E 00                     698 	.db #0x00	; 0
      00028F 00                     699 	.db #0x00	; 0
      000290 BE                     700 	.db #0xbe	; 190
      000291 9E                     701 	.db #0x9e	; 158
      000292 BE                     702 	.db #0xbe	; 190
      000293 9E                     703 	.db #0x9e	; 158
      000294 B6                     704 	.db #0xb6	; 182
      000295 9E                     705 	.db #0x9e	; 158
      000296 B6                     706 	.db #0xb6	; 182
      000297 9E                     707 	.db #0x9e	; 158
      000298 FC                     708 	.db #0xfc	; 252
      000299 FC                     709 	.db #0xfc	; 252
      00029A F8                     710 	.db #0xf8	; 248
      00029B F8                     711 	.db #0xf8	; 248
      00029C F0                     712 	.db #0xf0	; 240
      00029D 00                     713 	.db #0x00	; 0
      00029E 00                     714 	.db #0x00	; 0
      00029F 00                     715 	.db #0x00	; 0
      0002A0 9F                     716 	.db #0x9f	; 159
      0002A1 8F                     717 	.db #0x8f	; 143
      0002A2 9F                     718 	.db #0x9f	; 159
      0002A3 8F                     719 	.db #0x8f	; 143
      0002A4 9B                     720 	.db #0x9b	; 155
      0002A5 8F                     721 	.db #0x8f	; 143
      0002A6 9B                     722 	.db #0x9b	; 155
      0002A7 8F                     723 	.db #0x8f	; 143
      0002A8 FE                     724 	.db #0xfe	; 254
      0002A9 FE                     725 	.db #0xfe	; 254
      0002AA FC                     726 	.db #0xfc	; 252
      0002AB FC                     727 	.db #0xfc	; 252
      0002AC F8                     728 	.db #0xf8	; 248
      0002AD 00                     729 	.db #0x00	; 0
      0002AE 00                     730 	.db #0x00	; 0
      0002AF 00                     731 	.db #0x00	; 0
      0002B0                        732 _GBDK_2020_logo_map:
      0002B0 00                     733 	.db #0x00	; 0
      0002B1 00                     734 	.db #0x00	; 0
      0002B2 00                     735 	.db #0x00	; 0
      0002B3 00                     736 	.db #0x00	; 0
      0002B4 00                     737 	.db #0x00	; 0
      0002B5 00                     738 	.db #0x00	; 0
      0002B6 00                     739 	.db #0x00	; 0
      0002B7 00                     740 	.db #0x00	; 0
      0002B8 00                     741 	.db #0x00	; 0
      0002B9 00                     742 	.db #0x00	; 0
      0002BA 00                     743 	.db #0x00	; 0
      0002BB 00                     744 	.db #0x00	; 0
      0002BC 00                     745 	.db #0x00	; 0
      0002BD 00                     746 	.db #0x00	; 0
      0002BE 00                     747 	.db #0x00	; 0
      0002BF 00                     748 	.db #0x00	; 0
      0002C0 00                     749 	.db #0x00	; 0
      0002C1 00                     750 	.db #0x00	; 0
      0002C2 00                     751 	.db #0x00	; 0
      0002C3 00                     752 	.db #0x00	; 0
      0002C4 00                     753 	.db #0x00	; 0
      0002C5 00                     754 	.db #0x00	; 0
      0002C6 00                     755 	.db #0x00	; 0
      0002C7 00                     756 	.db #0x00	; 0
      0002C8 00                     757 	.db #0x00	; 0
      0002C9 00                     758 	.db #0x00	; 0
      0002CA 00                     759 	.db #0x00	; 0
      0002CB 00                     760 	.db #0x00	; 0
      0002CC 00                     761 	.db #0x00	; 0
      0002CD 00                     762 	.db #0x00	; 0
      0002CE 00                     763 	.db #0x00	; 0
      0002CF 00                     764 	.db #0x00	; 0
      0002D0 00                     765 	.db #0x00	; 0
      0002D1 00                     766 	.db #0x00	; 0
      0002D2 00                     767 	.db #0x00	; 0
      0002D3 00                     768 	.db #0x00	; 0
      0002D4 00                     769 	.db #0x00	; 0
      0002D5 00                     770 	.db #0x00	; 0
      0002D6 00                     771 	.db #0x00	; 0
      0002D7 00                     772 	.db #0x00	; 0
      0002D8 00                     773 	.db #0x00	; 0
      0002D9 00                     774 	.db #0x00	; 0
      0002DA 00                     775 	.db #0x00	; 0
      0002DB 00                     776 	.db #0x00	; 0
      0002DC 00                     777 	.db #0x00	; 0
      0002DD 00                     778 	.db #0x00	; 0
      0002DE 00                     779 	.db #0x00	; 0
      0002DF 00                     780 	.db #0x00	; 0
      0002E0 00                     781 	.db #0x00	; 0
      0002E1 00                     782 	.db #0x00	; 0
      0002E2 00                     783 	.db #0x00	; 0
      0002E3 00                     784 	.db #0x00	; 0
      0002E4 00                     785 	.db #0x00	; 0
      0002E5 00                     786 	.db #0x00	; 0
      0002E6 00                     787 	.db #0x00	; 0
      0002E7 00                     788 	.db #0x00	; 0
      0002E8 00                     789 	.db #0x00	; 0
      0002E9 00                     790 	.db #0x00	; 0
      0002EA 00                     791 	.db #0x00	; 0
      0002EB 00                     792 	.db #0x00	; 0
      0002EC 00                     793 	.db #0x00	; 0
      0002ED 00                     794 	.db #0x00	; 0
      0002EE 00                     795 	.db #0x00	; 0
      0002EF 00                     796 	.db #0x00	; 0
      0002F0 00                     797 	.db #0x00	; 0
      0002F1 00                     798 	.db #0x00	; 0
      0002F2 00                     799 	.db #0x00	; 0
      0002F3 00                     800 	.db #0x00	; 0
      0002F4 01                     801 	.db #0x01	; 1
      0002F5 02                     802 	.db #0x02	; 2
      0002F6 03                     803 	.db #0x03	; 3
      0002F7 04                     804 	.db #0x04	; 4
      0002F8 00                     805 	.db #0x00	; 0
      0002F9 00                     806 	.db #0x00	; 0
      0002FA 00                     807 	.db #0x00	; 0
      0002FB 00                     808 	.db #0x00	; 0
      0002FC 00                     809 	.db #0x00	; 0
      0002FD 00                     810 	.db #0x00	; 0
      0002FE 00                     811 	.db #0x00	; 0
      0002FF 00                     812 	.db #0x00	; 0
      000300 00                     813 	.db #0x00	; 0
      000301 00                     814 	.db #0x00	; 0
      000302 00                     815 	.db #0x00	; 0
      000303 00                     816 	.db #0x00	; 0
      000304 00                     817 	.db #0x00	; 0
      000305 00                     818 	.db #0x00	; 0
      000306 00                     819 	.db #0x00	; 0
      000307 05                     820 	.db #0x05	; 5
      000308 06                     821 	.db #0x06	; 6
      000309 07                     822 	.db #0x07	; 7
      00030A 08                     823 	.db #0x08	; 8
      00030B 09                     824 	.db #0x09	; 9
      00030C 0A                     825 	.db #0x0a	; 10
      00030D 00                     826 	.db #0x00	; 0
      00030E 00                     827 	.db #0x00	; 0
      00030F 00                     828 	.db #0x00	; 0
      000310 00                     829 	.db #0x00	; 0
      000311 00                     830 	.db #0x00	; 0
      000312 00                     831 	.db #0x00	; 0
      000313 00                     832 	.db #0x00	; 0
      000314 00                     833 	.db #0x00	; 0
      000315 00                     834 	.db #0x00	; 0
      000316 00                     835 	.db #0x00	; 0
      000317 00                     836 	.db #0x00	; 0
      000318 00                     837 	.db #0x00	; 0
      000319 00                     838 	.db #0x00	; 0
      00031A 00                     839 	.db #0x00	; 0
      00031B 0B                     840 	.db #0x0b	; 11
      00031C 0C                     841 	.db #0x0c	; 12
      00031D 0D                     842 	.db #0x0d	; 13
      00031E 0E                     843 	.db #0x0e	; 14
      00031F 0F                     844 	.db #0x0f	; 15
      000320 10                     845 	.db #0x10	; 16
      000321 00                     846 	.db #0x00	; 0
      000322 00                     847 	.db #0x00	; 0
      000323 00                     848 	.db #0x00	; 0
      000324 00                     849 	.db #0x00	; 0
      000325 00                     850 	.db #0x00	; 0
      000326 00                     851 	.db #0x00	; 0
      000327 00                     852 	.db #0x00	; 0
      000328 00                     853 	.db #0x00	; 0
      000329 00                     854 	.db #0x00	; 0
      00032A 00                     855 	.db #0x00	; 0
      00032B 00                     856 	.db #0x00	; 0
      00032C 00                     857 	.db #0x00	; 0
      00032D 00                     858 	.db #0x00	; 0
      00032E 00                     859 	.db #0x00	; 0
      00032F 00                     860 	.db #0x00	; 0
      000330 00                     861 	.db #0x00	; 0
      000331 00                     862 	.db #0x00	; 0
      000332 00                     863 	.db #0x00	; 0
      000333 00                     864 	.db #0x00	; 0
      000334 00                     865 	.db #0x00	; 0
      000335 00                     866 	.db #0x00	; 0
      000336 00                     867 	.db #0x00	; 0
      000337 00                     868 	.db #0x00	; 0
      000338 00                     869 	.db #0x00	; 0
      000339 00                     870 	.db #0x00	; 0
      00033A 00                     871 	.db #0x00	; 0
      00033B 00                     872 	.db #0x00	; 0
      00033C 00                     873 	.db #0x00	; 0
      00033D 00                     874 	.db #0x00	; 0
      00033E 00                     875 	.db #0x00	; 0
      00033F 00                     876 	.db #0x00	; 0
      000340 00                     877 	.db #0x00	; 0
      000341 00                     878 	.db #0x00	; 0
      000342 00                     879 	.db #0x00	; 0
      000343 00                     880 	.db #0x00	; 0
      000344 11                     881 	.db #0x11	; 17
      000345 12                     882 	.db #0x12	; 18
      000346 13                     883 	.db #0x13	; 19
      000347 14                     884 	.db #0x14	; 20
      000348 00                     885 	.db #0x00	; 0
      000349 00                     886 	.db #0x00	; 0
      00034A 00                     887 	.db #0x00	; 0
      00034B 00                     888 	.db #0x00	; 0
      00034C 00                     889 	.db #0x00	; 0
      00034D 00                     890 	.db #0x00	; 0
      00034E 00                     891 	.db #0x00	; 0
      00034F 00                     892 	.db #0x00	; 0
      000350 00                     893 	.db #0x00	; 0
      000351 00                     894 	.db #0x00	; 0
      000352 00                     895 	.db #0x00	; 0
      000353 00                     896 	.db #0x00	; 0
      000354 00                     897 	.db #0x00	; 0
      000355 00                     898 	.db #0x00	; 0
      000356 00                     899 	.db #0x00	; 0
      000357 00                     900 	.db #0x00	; 0
      000358 15                     901 	.db #0x15	; 21
      000359 16                     902 	.db #0x16	; 22
      00035A 17                     903 	.db #0x17	; 23
      00035B 18                     904 	.db #0x18	; 24
      00035C 00                     905 	.db #0x00	; 0
      00035D 00                     906 	.db #0x00	; 0
      00035E 00                     907 	.db #0x00	; 0
      00035F 00                     908 	.db #0x00	; 0
      000360 00                     909 	.db #0x00	; 0
      000361 00                     910 	.db #0x00	; 0
      000362 00                     911 	.db #0x00	; 0
      000363 00                     912 	.db #0x00	; 0
      000364 00                     913 	.db #0x00	; 0
      000365 00                     914 	.db #0x00	; 0
      000366 00                     915 	.db #0x00	; 0
      000367 00                     916 	.db #0x00	; 0
      000368 00                     917 	.db #0x00	; 0
      000369 00                     918 	.db #0x00	; 0
      00036A 00                     919 	.db #0x00	; 0
      00036B 00                     920 	.db #0x00	; 0
      00036C 19                     921 	.db #0x19	; 25
      00036D 1A                     922 	.db #0x1a	; 26
      00036E 1B                     923 	.db #0x1b	; 27
      00036F 1C                     924 	.db #0x1c	; 28
      000370 00                     925 	.db #0x00	; 0
      000371 00                     926 	.db #0x00	; 0
      000372 00                     927 	.db #0x00	; 0
      000373 00                     928 	.db #0x00	; 0
      000374 00                     929 	.db #0x00	; 0
      000375 00                     930 	.db #0x00	; 0
      000376 00                     931 	.db #0x00	; 0
      000377 00                     932 	.db #0x00	; 0
      000378 00                     933 	.db #0x00	; 0
      000379 00                     934 	.db #0x00	; 0
      00037A 00                     935 	.db #0x00	; 0
      00037B 00                     936 	.db #0x00	; 0
      00037C 00                     937 	.db #0x00	; 0
      00037D 00                     938 	.db #0x00	; 0
      00037E 00                     939 	.db #0x00	; 0
      00037F 00                     940 	.db #0x00	; 0
      000380 1D                     941 	.db #0x1d	; 29
      000381 1E                     942 	.db #0x1e	; 30
      000382 1F                     943 	.db #0x1f	; 31
      000383 20                     944 	.db #0x20	; 32
      000384 00                     945 	.db #0x00	; 0
      000385 00                     946 	.db #0x00	; 0
      000386 00                     947 	.db #0x00	; 0
      000387 00                     948 	.db #0x00	; 0
      000388 00                     949 	.db #0x00	; 0
      000389 00                     950 	.db #0x00	; 0
      00038A 00                     951 	.db #0x00	; 0
      00038B 00                     952 	.db #0x00	; 0
      00038C 00                     953 	.db #0x00	; 0
      00038D 00                     954 	.db #0x00	; 0
      00038E 00                     955 	.db #0x00	; 0
      00038F 00                     956 	.db #0x00	; 0
      000390 00                     957 	.db #0x00	; 0
      000391 00                     958 	.db #0x00	; 0
      000392 00                     959 	.db #0x00	; 0
      000393 00                     960 	.db #0x00	; 0
      000394 00                     961 	.db #0x00	; 0
      000395 00                     962 	.db #0x00	; 0
      000396 00                     963 	.db #0x00	; 0
      000397 00                     964 	.db #0x00	; 0
      000398 00                     965 	.db #0x00	; 0
      000399 00                     966 	.db #0x00	; 0
      00039A 00                     967 	.db #0x00	; 0
      00039B 00                     968 	.db #0x00	; 0
      00039C 00                     969 	.db #0x00	; 0
      00039D 00                     970 	.db #0x00	; 0
      00039E 00                     971 	.db #0x00	; 0
      00039F 00                     972 	.db #0x00	; 0
      0003A0 00                     973 	.db #0x00	; 0
      0003A1 00                     974 	.db #0x00	; 0
      0003A2 00                     975 	.db #0x00	; 0
      0003A3 00                     976 	.db #0x00	; 0
      0003A4 00                     977 	.db #0x00	; 0
      0003A5 00                     978 	.db #0x00	; 0
      0003A6 00                     979 	.db #0x00	; 0
      0003A7 21                     980 	.db #0x21	; 33
      0003A8 22                     981 	.db #0x22	; 34
      0003A9 23                     982 	.db #0x23	; 35
      0003AA 21                     983 	.db #0x21	; 33
      0003AB 22                     984 	.db #0x22	; 34
      0003AC 24                     985 	.db #0x24	; 36
      0003AD 00                     986 	.db #0x00	; 0
      0003AE 00                     987 	.db #0x00	; 0
      0003AF 00                     988 	.db #0x00	; 0
      0003B0 00                     989 	.db #0x00	; 0
      0003B1 00                     990 	.db #0x00	; 0
      0003B2 00                     991 	.db #0x00	; 0
      0003B3 00                     992 	.db #0x00	; 0
      0003B4 00                     993 	.db #0x00	; 0
      0003B5 00                     994 	.db #0x00	; 0
      0003B6 00                     995 	.db #0x00	; 0
      0003B7 00                     996 	.db #0x00	; 0
      0003B8 00                     997 	.db #0x00	; 0
      0003B9 00                     998 	.db #0x00	; 0
      0003BA 00                     999 	.db #0x00	; 0
      0003BB 25                    1000 	.db #0x25	; 37
      0003BC 26                    1001 	.db #0x26	; 38
      0003BD 27                    1002 	.db #0x27	; 39
      0003BE 25                    1003 	.db #0x25	; 37
      0003BF 26                    1004 	.db #0x26	; 38
      0003C0 28                    1005 	.db #0x28	; 40
      0003C1 00                    1006 	.db #0x00	; 0
      0003C2 00                    1007 	.db #0x00	; 0
      0003C3 00                    1008 	.db #0x00	; 0
      0003C4 00                    1009 	.db #0x00	; 0
      0003C5 00                    1010 	.db #0x00	; 0
      0003C6 00                    1011 	.db #0x00	; 0
      0003C7 00                    1012 	.db #0x00	; 0
      0003C8 00                    1013 	.db #0x00	; 0
      0003C9 00                    1014 	.db #0x00	; 0
      0003CA 00                    1015 	.db #0x00	; 0
      0003CB 00                    1016 	.db #0x00	; 0
      0003CC 00                    1017 	.db #0x00	; 0
      0003CD 00                    1018 	.db #0x00	; 0
      0003CE 00                    1019 	.db #0x00	; 0
      0003CF 00                    1020 	.db #0x00	; 0
      0003D0 00                    1021 	.db #0x00	; 0
      0003D1 00                    1022 	.db #0x00	; 0
      0003D2 00                    1023 	.db #0x00	; 0
      0003D3 00                    1024 	.db #0x00	; 0
      0003D4 00                    1025 	.db #0x00	; 0
      0003D5 00                    1026 	.db #0x00	; 0
      0003D6 00                    1027 	.db #0x00	; 0
      0003D7 00                    1028 	.db #0x00	; 0
      0003D8 00                    1029 	.db #0x00	; 0
      0003D9 00                    1030 	.db #0x00	; 0
      0003DA 00                    1031 	.db #0x00	; 0
      0003DB 00                    1032 	.db #0x00	; 0
      0003DC 00                    1033 	.db #0x00	; 0
      0003DD 00                    1034 	.db #0x00	; 0
      0003DE 00                    1035 	.db #0x00	; 0
      0003DF 00                    1036 	.db #0x00	; 0
      0003E0 00                    1037 	.db #0x00	; 0
      0003E1 00                    1038 	.db #0x00	; 0
      0003E2 00                    1039 	.db #0x00	; 0
      0003E3 00                    1040 	.db #0x00	; 0
      0003E4 00                    1041 	.db #0x00	; 0
      0003E5 00                    1042 	.db #0x00	; 0
      0003E6 00                    1043 	.db #0x00	; 0
      0003E7 00                    1044 	.db #0x00	; 0
      0003E8 00                    1045 	.db #0x00	; 0
      0003E9 00                    1046 	.db #0x00	; 0
      0003EA 00                    1047 	.db #0x00	; 0
      0003EB 00                    1048 	.db #0x00	; 0
      0003EC 00                    1049 	.db #0x00	; 0
      0003ED 00                    1050 	.db #0x00	; 0
      0003EE 00                    1051 	.db #0x00	; 0
      0003EF 00                    1052 	.db #0x00	; 0
      0003F0 00                    1053 	.db #0x00	; 0
      0003F1 00                    1054 	.db #0x00	; 0
      0003F2 00                    1055 	.db #0x00	; 0
      0003F3 00                    1056 	.db #0x00	; 0
      0003F4 00                    1057 	.db #0x00	; 0
      0003F5 00                    1058 	.db #0x00	; 0
      0003F6 00                    1059 	.db #0x00	; 0
      0003F7 00                    1060 	.db #0x00	; 0
      0003F8 00                    1061 	.db #0x00	; 0
      0003F9 00                    1062 	.db #0x00	; 0
      0003FA 00                    1063 	.db #0x00	; 0
      0003FB 00                    1064 	.db #0x00	; 0
      0003FC 00                    1065 	.db #0x00	; 0
      0003FD 00                    1066 	.db #0x00	; 0
      0003FE 00                    1067 	.db #0x00	; 0
      0003FF 00                    1068 	.db #0x00	; 0
      000400 00                    1069 	.db #0x00	; 0
      000401 00                    1070 	.db #0x00	; 0
      000402 00                    1071 	.db #0x00	; 0
      000403 00                    1072 	.db #0x00	; 0
      000404 00                    1073 	.db #0x00	; 0
      000405 00                    1074 	.db #0x00	; 0
      000406 00                    1075 	.db #0x00	; 0
      000407 00                    1076 	.db #0x00	; 0
      000408 00                    1077 	.db #0x00	; 0
      000409 00                    1078 	.db #0x00	; 0
      00040A 00                    1079 	.db #0x00	; 0
      00040B 00                    1080 	.db #0x00	; 0
      00040C 00                    1081 	.db #0x00	; 0
      00040D 00                    1082 	.db #0x00	; 0
      00040E 00                    1083 	.db #0x00	; 0
      00040F 00                    1084 	.db #0x00	; 0
      000410 00                    1085 	.db #0x00	; 0
      000411 00                    1086 	.db #0x00	; 0
      000412 00                    1087 	.db #0x00	; 0
      000413 00                    1088 	.db #0x00	; 0
      000414 00                    1089 	.db #0x00	; 0
      000415 00                    1090 	.db #0x00	; 0
      000416 00                    1091 	.db #0x00	; 0
      000417 00                    1092 	.db #0x00	; 0
      000418                       1093 _GBDK_2020_logo_map_attributes:
      000418 00                    1094 	.db #0x00	; 0
      000419 00                    1095 	.db #0x00	; 0
      00041A 00                    1096 	.db #0x00	; 0
      00041B 00                    1097 	.db #0x00	; 0
      00041C 00                    1098 	.db #0x00	; 0
      00041D 00                    1099 	.db #0x00	; 0
      00041E 00                    1100 	.db #0x00	; 0
      00041F 00                    1101 	.db #0x00	; 0
      000420 00                    1102 	.db #0x00	; 0
      000421 00                    1103 	.db #0x00	; 0
      000422 00                    1104 	.db #0x00	; 0
      000423 00                    1105 	.db #0x00	; 0
      000424 00                    1106 	.db #0x00	; 0
      000425 00                    1107 	.db #0x00	; 0
      000426 00                    1108 	.db #0x00	; 0
      000427 00                    1109 	.db #0x00	; 0
      000428 00                    1110 	.db #0x00	; 0
      000429 00                    1111 	.db #0x00	; 0
      00042A 00                    1112 	.db #0x00	; 0
      00042B 00                    1113 	.db #0x00	; 0
      00042C 00                    1114 	.db #0x00	; 0
      00042D 00                    1115 	.db #0x00	; 0
      00042E 00                    1116 	.db #0x00	; 0
      00042F 00                    1117 	.db #0x00	; 0
      000430 00                    1118 	.db #0x00	; 0
      000431 00                    1119 	.db #0x00	; 0
      000432 00                    1120 	.db #0x00	; 0
      000433 00                    1121 	.db #0x00	; 0
      000434 00                    1122 	.db #0x00	; 0
      000435 00                    1123 	.db #0x00	; 0
      000436 00                    1124 	.db #0x00	; 0
      000437 00                    1125 	.db #0x00	; 0
      000438 00                    1126 	.db #0x00	; 0
      000439 00                    1127 	.db #0x00	; 0
      00043A 00                    1128 	.db #0x00	; 0
      00043B 00                    1129 	.db #0x00	; 0
      00043C 00                    1130 	.db #0x00	; 0
      00043D 00                    1131 	.db #0x00	; 0
      00043E 00                    1132 	.db #0x00	; 0
      00043F 00                    1133 	.db #0x00	; 0
      000440 00                    1134 	.db #0x00	; 0
      000441 00                    1135 	.db #0x00	; 0
      000442 00                    1136 	.db #0x00	; 0
      000443 00                    1137 	.db #0x00	; 0
      000444 00                    1138 	.db #0x00	; 0
      000445 00                    1139 	.db #0x00	; 0
      000446 00                    1140 	.db #0x00	; 0
      000447 00                    1141 	.db #0x00	; 0
      000448 00                    1142 	.db #0x00	; 0
      000449 00                    1143 	.db #0x00	; 0
      00044A 00                    1144 	.db #0x00	; 0
      00044B 00                    1145 	.db #0x00	; 0
      00044C 00                    1146 	.db #0x00	; 0
      00044D 00                    1147 	.db #0x00	; 0
      00044E 00                    1148 	.db #0x00	; 0
      00044F 00                    1149 	.db #0x00	; 0
      000450 00                    1150 	.db #0x00	; 0
      000451 00                    1151 	.db #0x00	; 0
      000452 00                    1152 	.db #0x00	; 0
      000453 00                    1153 	.db #0x00	; 0
      000454 00                    1154 	.db #0x00	; 0
      000455 00                    1155 	.db #0x00	; 0
      000456 00                    1156 	.db #0x00	; 0
      000457 00                    1157 	.db #0x00	; 0
      000458 00                    1158 	.db #0x00	; 0
      000459 00                    1159 	.db #0x00	; 0
      00045A 00                    1160 	.db #0x00	; 0
      00045B 00                    1161 	.db #0x00	; 0
      00045C 00                    1162 	.db #0x00	; 0
      00045D 00                    1163 	.db #0x00	; 0
      00045E 00                    1164 	.db #0x00	; 0
      00045F 00                    1165 	.db #0x00	; 0
      000460 00                    1166 	.db #0x00	; 0
      000461 00                    1167 	.db #0x00	; 0
      000462 00                    1168 	.db #0x00	; 0
      000463 00                    1169 	.db #0x00	; 0
      000464 00                    1170 	.db #0x00	; 0
      000465 00                    1171 	.db #0x00	; 0
      000466 00                    1172 	.db #0x00	; 0
      000467 00                    1173 	.db #0x00	; 0
      000468 00                    1174 	.db #0x00	; 0
      000469 00                    1175 	.db #0x00	; 0
      00046A 00                    1176 	.db #0x00	; 0
      00046B 00                    1177 	.db #0x00	; 0
      00046C 00                    1178 	.db #0x00	; 0
      00046D 00                    1179 	.db #0x00	; 0
      00046E 00                    1180 	.db #0x00	; 0
      00046F 01                    1181 	.db #0x01	; 1
      000470 01                    1182 	.db #0x01	; 1
      000471 01                    1183 	.db #0x01	; 1
      000472 01                    1184 	.db #0x01	; 1
      000473 01                    1185 	.db #0x01	; 1
      000474 00                    1186 	.db #0x00	; 0
      000475 00                    1187 	.db #0x00	; 0
      000476 00                    1188 	.db #0x00	; 0
      000477 00                    1189 	.db #0x00	; 0
      000478 00                    1190 	.db #0x00	; 0
      000479 00                    1191 	.db #0x00	; 0
      00047A 00                    1192 	.db #0x00	; 0
      00047B 00                    1193 	.db #0x00	; 0
      00047C 00                    1194 	.db #0x00	; 0
      00047D 00                    1195 	.db #0x00	; 0
      00047E 00                    1196 	.db #0x00	; 0
      00047F 00                    1197 	.db #0x00	; 0
      000480 00                    1198 	.db #0x00	; 0
      000481 00                    1199 	.db #0x00	; 0
      000482 00                    1200 	.db #0x00	; 0
      000483 01                    1201 	.db #0x01	; 1
      000484 01                    1202 	.db #0x01	; 1
      000485 01                    1203 	.db #0x01	; 1
      000486 01                    1204 	.db #0x01	; 1
      000487 01                    1205 	.db #0x01	; 1
      000488 01                    1206 	.db #0x01	; 1
      000489 00                    1207 	.db #0x00	; 0
      00048A 00                    1208 	.db #0x00	; 0
      00048B 00                    1209 	.db #0x00	; 0
      00048C 00                    1210 	.db #0x00	; 0
      00048D 00                    1211 	.db #0x00	; 0
      00048E 00                    1212 	.db #0x00	; 0
      00048F 00                    1213 	.db #0x00	; 0
      000490 00                    1214 	.db #0x00	; 0
      000491 00                    1215 	.db #0x00	; 0
      000492 00                    1216 	.db #0x00	; 0
      000493 00                    1217 	.db #0x00	; 0
      000494 00                    1218 	.db #0x00	; 0
      000495 00                    1219 	.db #0x00	; 0
      000496 00                    1220 	.db #0x00	; 0
      000497 00                    1221 	.db #0x00	; 0
      000498 00                    1222 	.db #0x00	; 0
      000499 00                    1223 	.db #0x00	; 0
      00049A 00                    1224 	.db #0x00	; 0
      00049B 00                    1225 	.db #0x00	; 0
      00049C 00                    1226 	.db #0x00	; 0
      00049D 00                    1227 	.db #0x00	; 0
      00049E 00                    1228 	.db #0x00	; 0
      00049F 00                    1229 	.db #0x00	; 0
      0004A0 00                    1230 	.db #0x00	; 0
      0004A1 00                    1231 	.db #0x00	; 0
      0004A2 00                    1232 	.db #0x00	; 0
      0004A3 00                    1233 	.db #0x00	; 0
      0004A4 00                    1234 	.db #0x00	; 0
      0004A5 00                    1235 	.db #0x00	; 0
      0004A6 00                    1236 	.db #0x00	; 0
      0004A7 00                    1237 	.db #0x00	; 0
      0004A8 00                    1238 	.db #0x00	; 0
      0004A9 00                    1239 	.db #0x00	; 0
      0004AA 00                    1240 	.db #0x00	; 0
      0004AB 00                    1241 	.db #0x00	; 0
      0004AC 02                    1242 	.db #0x02	; 2
      0004AD 03                    1243 	.db #0x03	; 3
      0004AE 03                    1244 	.db #0x03	; 3
      0004AF 02                    1245 	.db #0x02	; 2
      0004B0 00                    1246 	.db #0x00	; 0
      0004B1 00                    1247 	.db #0x00	; 0
      0004B2 00                    1248 	.db #0x00	; 0
      0004B3 00                    1249 	.db #0x00	; 0
      0004B4 00                    1250 	.db #0x00	; 0
      0004B5 00                    1251 	.db #0x00	; 0
      0004B6 00                    1252 	.db #0x00	; 0
      0004B7 00                    1253 	.db #0x00	; 0
      0004B8 00                    1254 	.db #0x00	; 0
      0004B9 00                    1255 	.db #0x00	; 0
      0004BA 00                    1256 	.db #0x00	; 0
      0004BB 00                    1257 	.db #0x00	; 0
      0004BC 00                    1258 	.db #0x00	; 0
      0004BD 00                    1259 	.db #0x00	; 0
      0004BE 00                    1260 	.db #0x00	; 0
      0004BF 00                    1261 	.db #0x00	; 0
      0004C0 02                    1262 	.db #0x02	; 2
      0004C1 03                    1263 	.db #0x03	; 3
      0004C2 03                    1264 	.db #0x03	; 3
      0004C3 02                    1265 	.db #0x02	; 2
      0004C4 00                    1266 	.db #0x00	; 0
      0004C5 00                    1267 	.db #0x00	; 0
      0004C6 00                    1268 	.db #0x00	; 0
      0004C7 00                    1269 	.db #0x00	; 0
      0004C8 00                    1270 	.db #0x00	; 0
      0004C9 00                    1271 	.db #0x00	; 0
      0004CA 00                    1272 	.db #0x00	; 0
      0004CB 00                    1273 	.db #0x00	; 0
      0004CC 00                    1274 	.db #0x00	; 0
      0004CD 00                    1275 	.db #0x00	; 0
      0004CE 00                    1276 	.db #0x00	; 0
      0004CF 00                    1277 	.db #0x00	; 0
      0004D0 00                    1278 	.db #0x00	; 0
      0004D1 00                    1279 	.db #0x00	; 0
      0004D2 00                    1280 	.db #0x00	; 0
      0004D3 00                    1281 	.db #0x00	; 0
      0004D4 02                    1282 	.db #0x02	; 2
      0004D5 00                    1283 	.db #0x00	; 0
      0004D6 02                    1284 	.db #0x02	; 2
      0004D7 02                    1285 	.db #0x02	; 2
      0004D8 00                    1286 	.db #0x00	; 0
      0004D9 00                    1287 	.db #0x00	; 0
      0004DA 00                    1288 	.db #0x00	; 0
      0004DB 00                    1289 	.db #0x00	; 0
      0004DC 00                    1290 	.db #0x00	; 0
      0004DD 00                    1291 	.db #0x00	; 0
      0004DE 00                    1292 	.db #0x00	; 0
      0004DF 00                    1293 	.db #0x00	; 0
      0004E0 00                    1294 	.db #0x00	; 0
      0004E1 00                    1295 	.db #0x00	; 0
      0004E2 00                    1296 	.db #0x00	; 0
      0004E3 00                    1297 	.db #0x00	; 0
      0004E4 00                    1298 	.db #0x00	; 0
      0004E5 00                    1299 	.db #0x00	; 0
      0004E6 00                    1300 	.db #0x00	; 0
      0004E7 00                    1301 	.db #0x00	; 0
      0004E8 02                    1302 	.db #0x02	; 2
      0004E9 02                    1303 	.db #0x02	; 2
      0004EA 02                    1304 	.db #0x02	; 2
      0004EB 02                    1305 	.db #0x02	; 2
      0004EC 00                    1306 	.db #0x00	; 0
      0004ED 00                    1307 	.db #0x00	; 0
      0004EE 00                    1308 	.db #0x00	; 0
      0004EF 00                    1309 	.db #0x00	; 0
      0004F0 00                    1310 	.db #0x00	; 0
      0004F1 00                    1311 	.db #0x00	; 0
      0004F2 00                    1312 	.db #0x00	; 0
      0004F3 00                    1313 	.db #0x00	; 0
      0004F4 00                    1314 	.db #0x00	; 0
      0004F5 00                    1315 	.db #0x00	; 0
      0004F6 00                    1316 	.db #0x00	; 0
      0004F7 00                    1317 	.db #0x00	; 0
      0004F8 00                    1318 	.db #0x00	; 0
      0004F9 00                    1319 	.db #0x00	; 0
      0004FA 00                    1320 	.db #0x00	; 0
      0004FB 00                    1321 	.db #0x00	; 0
      0004FC 00                    1322 	.db #0x00	; 0
      0004FD 00                    1323 	.db #0x00	; 0
      0004FE 00                    1324 	.db #0x00	; 0
      0004FF 00                    1325 	.db #0x00	; 0
      000500 00                    1326 	.db #0x00	; 0
      000501 00                    1327 	.db #0x00	; 0
      000502 00                    1328 	.db #0x00	; 0
      000503 00                    1329 	.db #0x00	; 0
      000504 00                    1330 	.db #0x00	; 0
      000505 00                    1331 	.db #0x00	; 0
      000506 00                    1332 	.db #0x00	; 0
      000507 00                    1333 	.db #0x00	; 0
      000508 00                    1334 	.db #0x00	; 0
      000509 00                    1335 	.db #0x00	; 0
      00050A 00                    1336 	.db #0x00	; 0
      00050B 00                    1337 	.db #0x00	; 0
      00050C 00                    1338 	.db #0x00	; 0
      00050D 00                    1339 	.db #0x00	; 0
      00050E 00                    1340 	.db #0x00	; 0
      00050F 01                    1341 	.db #0x01	; 1
      000510 01                    1342 	.db #0x01	; 1
      000511 01                    1343 	.db #0x01	; 1
      000512 01                    1344 	.db #0x01	; 1
      000513 01                    1345 	.db #0x01	; 1
      000514 01                    1346 	.db #0x01	; 1
      000515 00                    1347 	.db #0x00	; 0
      000516 00                    1348 	.db #0x00	; 0
      000517 00                    1349 	.db #0x00	; 0
      000518 00                    1350 	.db #0x00	; 0
      000519 00                    1351 	.db #0x00	; 0
      00051A 00                    1352 	.db #0x00	; 0
      00051B 00                    1353 	.db #0x00	; 0
      00051C 00                    1354 	.db #0x00	; 0
      00051D 00                    1355 	.db #0x00	; 0
      00051E 00                    1356 	.db #0x00	; 0
      00051F 00                    1357 	.db #0x00	; 0
      000520 00                    1358 	.db #0x00	; 0
      000521 00                    1359 	.db #0x00	; 0
      000522 00                    1360 	.db #0x00	; 0
      000523 01                    1361 	.db #0x01	; 1
      000524 01                    1362 	.db #0x01	; 1
      000525 01                    1363 	.db #0x01	; 1
      000526 01                    1364 	.db #0x01	; 1
      000527 01                    1365 	.db #0x01	; 1
      000528 01                    1366 	.db #0x01	; 1
      000529 00                    1367 	.db #0x00	; 0
      00052A 00                    1368 	.db #0x00	; 0
      00052B 00                    1369 	.db #0x00	; 0
      00052C 00                    1370 	.db #0x00	; 0
      00052D 00                    1371 	.db #0x00	; 0
      00052E 00                    1372 	.db #0x00	; 0
      00052F 00                    1373 	.db #0x00	; 0
      000530 00                    1374 	.db #0x00	; 0
      000531 00                    1375 	.db #0x00	; 0
      000532 00                    1376 	.db #0x00	; 0
      000533 00                    1377 	.db #0x00	; 0
      000534 00                    1378 	.db #0x00	; 0
      000535 00                    1379 	.db #0x00	; 0
      000536 00                    1380 	.db #0x00	; 0
      000537 00                    1381 	.db #0x00	; 0
      000538 00                    1382 	.db #0x00	; 0
      000539 00                    1383 	.db #0x00	; 0
      00053A 00                    1384 	.db #0x00	; 0
      00053B 00                    1385 	.db #0x00	; 0
      00053C 00                    1386 	.db #0x00	; 0
      00053D 00                    1387 	.db #0x00	; 0
      00053E 00                    1388 	.db #0x00	; 0
      00053F 00                    1389 	.db #0x00	; 0
      000540 00                    1390 	.db #0x00	; 0
      000541 00                    1391 	.db #0x00	; 0
      000542 00                    1392 	.db #0x00	; 0
      000543 00                    1393 	.db #0x00	; 0
      000544 00                    1394 	.db #0x00	; 0
      000545 00                    1395 	.db #0x00	; 0
      000546 00                    1396 	.db #0x00	; 0
      000547 00                    1397 	.db #0x00	; 0
      000548 00                    1398 	.db #0x00	; 0
      000549 00                    1399 	.db #0x00	; 0
      00054A 00                    1400 	.db #0x00	; 0
      00054B 00                    1401 	.db #0x00	; 0
      00054C 00                    1402 	.db #0x00	; 0
      00054D 00                    1403 	.db #0x00	; 0
      00054E 00                    1404 	.db #0x00	; 0
      00054F 00                    1405 	.db #0x00	; 0
      000550 00                    1406 	.db #0x00	; 0
      000551 00                    1407 	.db #0x00	; 0
      000552 00                    1408 	.db #0x00	; 0
      000553 00                    1409 	.db #0x00	; 0
      000554 00                    1410 	.db #0x00	; 0
      000555 00                    1411 	.db #0x00	; 0
      000556 00                    1412 	.db #0x00	; 0
      000557 00                    1413 	.db #0x00	; 0
      000558 00                    1414 	.db #0x00	; 0
      000559 00                    1415 	.db #0x00	; 0
      00055A 00                    1416 	.db #0x00	; 0
      00055B 00                    1417 	.db #0x00	; 0
      00055C 00                    1418 	.db #0x00	; 0
      00055D 00                    1419 	.db #0x00	; 0
      00055E 00                    1420 	.db #0x00	; 0
      00055F 00                    1421 	.db #0x00	; 0
      000560 00                    1422 	.db #0x00	; 0
      000561 00                    1423 	.db #0x00	; 0
      000562 00                    1424 	.db #0x00	; 0
      000563 00                    1425 	.db #0x00	; 0
      000564 00                    1426 	.db #0x00	; 0
      000565 00                    1427 	.db #0x00	; 0
      000566 00                    1428 	.db #0x00	; 0
      000567 00                    1429 	.db #0x00	; 0
      000568 00                    1430 	.db #0x00	; 0
      000569 00                    1431 	.db #0x00	; 0
      00056A 00                    1432 	.db #0x00	; 0
      00056B 00                    1433 	.db #0x00	; 0
      00056C 00                    1434 	.db #0x00	; 0
      00056D 00                    1435 	.db #0x00	; 0
      00056E 00                    1436 	.db #0x00	; 0
      00056F 00                    1437 	.db #0x00	; 0
      000570 00                    1438 	.db #0x00	; 0
      000571 00                    1439 	.db #0x00	; 0
      000572 00                    1440 	.db #0x00	; 0
      000573 00                    1441 	.db #0x00	; 0
      000574 00                    1442 	.db #0x00	; 0
      000575 00                    1443 	.db #0x00	; 0
      000576 00                    1444 	.db #0x00	; 0
      000577 00                    1445 	.db #0x00	; 0
      000578 00                    1446 	.db #0x00	; 0
      000579 00                    1447 	.db #0x00	; 0
      00057A 00                    1448 	.db #0x00	; 0
      00057B 00                    1449 	.db #0x00	; 0
      00057C 00                    1450 	.db #0x00	; 0
      00057D 00                    1451 	.db #0x00	; 0
      00057E 00                    1452 	.db #0x00	; 0
      00057F 00                    1453 	.db #0x00	; 0
                                   1454 	.area _INITIALIZER
                                   1455 	.area _CABS (ABS)
